... read data
Train      shapes: x:  (54000, 96, 96, 1)  y:  (54000, 5)
Validation shapes: x:  (6000, 96, 96, 1)  y:  (6000, 5)
Original   Training Action Distribution:  [(26503, 0), (10503, 1), (5658, 2), (11057, 3), (279, 4)]
Original Validation Action Distribution:  [(2808, 0), (1338, 1), (603, 2), (1241, 3), (10, 4)]
Data resampled to  80.0 %
New      Train shapes: x:  (43200, 96, 96, 1)  y:  (43200, 5)
New Validation shapes: x:  (4800, 96, 96, 1)  y:  (4800, 5)
Original   Training Action Distribution:  [(17350, 0), (9788, 1), (5613, 2), (10170, 3), (279, 4)]
Original Validation Action Distribution:  [(1852, 0), (1211, 1), (596, 2), (1131, 3), (10, 4)]
... train model
Minibatch:  0  Train accuracy:  27.7523%  Train Loss:  262.211456   |   Test accuracy:  27.4583%  Test Loss:  269.373995
Minibatch:  1000  Train accuracy:  40.1597%  Train Loss:  2.575135   |   Test accuracy:  38.5833%  Test Loss:  2.574223
Minibatch:  2000  Train accuracy:  40.1620%  Train Loss:  2.417695   |   Test accuracy:  38.5833%  Test Loss:  2.415326
Minibatch:  3000  Train accuracy:  40.1620%  Train Loss:  2.315500   |   Test accuracy:  38.5833%  Test Loss:  2.313148
Minibatch:  4000  Train accuracy:  40.1620%  Train Loss:  2.234214   |   Test accuracy:  38.5833%  Test Loss:  2.231639
Minibatch:  5000  Train accuracy:  40.1620%  Train Loss:  2.161316   |   Test accuracy:  38.5833%  Test Loss:  2.158262
Minibatch:  6000  Train accuracy:  40.1620%  Train Loss:  2.090168   |   Test accuracy:  38.5833%  Test Loss:  2.087049
Minibatch:  7000  Train accuracy:  40.1620%  Train Loss:  2.017277   |   Test accuracy:  38.5833%  Test Loss:  2.012943
Minibatch:  8000  Train accuracy:  40.1620%  Train Loss:  1.938508   |   Test accuracy:  38.5833%  Test Loss:  1.935266
Minibatch:  9000  Train accuracy:  40.1620%  Train Loss:  1.855028   |   Test accuracy:  38.5833%  Test Loss:  1.850049
Minibatch:  10000  Train accuracy:  40.1620%  Train Loss:  1.765996   |   Test accuracy:  38.5833%  Test Loss:  1.758250
Minibatch:  11000  Train accuracy:  40.1620%  Train Loss:  1.678221   |   Test accuracy:  38.5833%  Test Loss:  1.672094
Minibatch:  12000  Train accuracy:  40.1620%  Train Loss:  1.593434   |   Test accuracy:  38.5833%  Test Loss:  1.584754
Minibatch:  13000  Train accuracy:  40.1620%  Train Loss:  1.529349   |   Test accuracy:  38.5833%  Test Loss:  1.522447
Minibatch:  14000  Train accuracy:  40.1620%  Train Loss:  1.485841   |   Test accuracy:  38.5833%  Test Loss:  1.477849
Minibatch:  15000  Train accuracy:  40.1620%  Train Loss:  1.462325   |   Test accuracy:  38.5833%  Test Loss:  1.454205
Minibatch:  16000  Train accuracy:  51.7269%  Train Loss:  1.188329   |   Test accuracy:  51.5208%  Test Loss:  1.173003
Minibatch:  17000  Train accuracy:  63.1898%  Train Loss:  0.923436   |   Test accuracy:  61.5000%  Test Loss:  0.949645
Minibatch:  18000  Train accuracy:  67.1204%  Train Loss:  0.878849   |   Test accuracy:  64.7292%  Test Loss:  0.915161
Minibatch:  19000  Train accuracy:  67.7407%  Train Loss:  0.848211   |   Test accuracy:  65.4375%  Test Loss:  0.893277
Minibatch:  20000  Train accuracy:  67.2731%  Train Loss:  0.837545   |   Test accuracy:  65.8542%  Test Loss:  0.869399
Minibatch:  21000  Train accuracy:  67.7639%  Train Loss:  0.824698   |   Test accuracy:  65.6875%  Test Loss:  0.894654
Minibatch:  22000  Train accuracy:  68.1898%  Train Loss:  0.814429   |   Test accuracy:  66.5625%  Test Loss:  0.882490
Minibatch:  23000  Train accuracy:  68.2801%  Train Loss:  0.805834   |   Test accuracy:  65.3125%  Test Loss:  0.874380
Minibatch:  24000  Train accuracy:  68.6458%  Train Loss:  0.797224   |   Test accuracy:  66.5208%  Test Loss:  0.879345
Minibatch:  25000  Train accuracy:  68.8819%  Train Loss:  0.790650   |   Test accuracy:  65.8125%  Test Loss:  0.859967
Minibatch:  26000  Train accuracy:  69.6134%  Train Loss:  0.787524   |   Test accuracy:  66.2500%  Test Loss:  0.880169
Minibatch:  27000  Train accuracy:  69.9676%  Train Loss:  0.777965   |   Test accuracy:  66.6042%  Test Loss:  0.881327
Minibatch:  28000  Train accuracy:  69.8495%  Train Loss:  0.783882   |   Test accuracy:  66.4167%  Test Loss:  0.883617
Minibatch:  29000  Train accuracy:  71.5301%  Train Loss:  0.787621   |   Test accuracy:  68.0208%  Test Loss:  0.890953
Minibatch:  30000  Train accuracy:  71.9630%  Train Loss:  0.770523   |   Test accuracy:  67.4167%  Test Loss:  0.854201
Minibatch:  31000  Train accuracy:  72.4815%  Train Loss:  0.764730   |   Test accuracy:  69.2708%  Test Loss:  0.891623
Minibatch:  32000  Train accuracy:  72.6620%  Train Loss:  0.760670   |   Test accuracy:  68.7917%  Test Loss:  0.886321
Minibatch:  33000  Train accuracy:  71.6620%  Train Loss:  0.774558   |   Test accuracy:  68.2500%  Test Loss:  0.882080
Minibatch:  34000  Train accuracy:  72.8310%  Train Loss:  0.752115   |   Test accuracy:  69.1875%  Test Loss:  0.887872
Minibatch:  35000  Train accuracy:  71.8125%  Train Loss:  0.769919   |   Test accuracy:  67.6667%  Test Loss:  0.916016
Minibatch:  36000  Train accuracy:  72.7361%  Train Loss:  0.752872   |   Test accuracy:  68.3542%  Test Loss:  0.902603
Minibatch:  37000  Train accuracy:  73.8843%  Train Loss:  0.742885   |   Test accuracy:  68.9583%  Test Loss:  0.903214
Minibatch:  38000  Train accuracy:  73.8310%  Train Loss:  0.740806   |   Test accuracy:  68.2083%  Test Loss:  0.879906
Minibatch:  39000  Train accuracy:  73.3634%  Train Loss:  0.747628   |   Test accuracy:  67.9792%  Test Loss:  0.886930
Minibatch:  40000  Train accuracy:  73.5208%  Train Loss:  0.738795   |   Test accuracy:  69.0208%  Test Loss:  0.892152
Minibatch:  41000  Train accuracy:  73.8310%  Train Loss:  0.734206   |   Test accuracy:  68.0000%  Test Loss:  0.886176
Minibatch:  42000  Train accuracy:  74.1505%  Train Loss:  0.726380   |   Test accuracy:  68.1458%  Test Loss:  0.893897
Minibatch:  43000  Train accuracy:  74.2546%  Train Loss:  0.726907   |   Test accuracy:  67.8333%  Test Loss:  0.919808
Minibatch:  44000  Train accuracy:  74.5625%  Train Loss:  0.726961   |   Test accuracy:  68.2917%  Test Loss:  0.881841
Minibatch:  45000  Train accuracy:  74.7106%  Train Loss:  0.723898   |   Test accuracy:  68.2917%  Test Loss:  0.894352
Minibatch:  46000  Train accuracy:  74.5833%  Train Loss:  0.731499   |   Test accuracy:  68.6250%  Test Loss:  0.906179
Minibatch:  47000  Train accuracy:  74.4468%  Train Loss:  0.720207   |   Test accuracy:  67.8125%  Test Loss:  0.931493
Minibatch:  48000  Train accuracy:  74.5093%  Train Loss:  0.714814   |   Test accuracy:  68.0417%  Test Loss:  0.930057
Minibatch:  49000  Train accuracy:  73.3912%  Train Loss:  0.738304   |   Test accuracy:  68.6250%  Test Loss:  0.957207
Minibatch:  50000  Train accuracy:  74.1921%  Train Loss:  0.727368   |   Test accuracy:  68.4583%  Test Loss:  0.942362
Minibatch:  51000  Train accuracy:  74.9144%  Train Loss:  0.713831   |   Test accuracy:  68.3542%  Test Loss:  0.924127
Minibatch:  52000  Train accuracy:  74.4583%  Train Loss:  0.721959   |   Test accuracy:  68.4375%  Test Loss:  0.915483
Minibatch:  53000  Train accuracy:  74.8148%  Train Loss:  0.711673   |   Test accuracy:  67.5625%  Test Loss:  0.932877
Minibatch:  54000  Train accuracy:  75.1435%  Train Loss:  0.712375   |   Test accuracy:  67.4167%  Test Loss:  0.929684
Minibatch:  55000  Train accuracy:  74.4236%  Train Loss:  0.725303   |   Test accuracy:  67.3750%  Test Loss:  0.970683
Minibatch:  56000  Train accuracy:  75.1921%  Train Loss:  0.709342   |   Test accuracy:  67.1042%  Test Loss:  0.941351
Minibatch:  57000  Train accuracy:  74.8056%  Train Loss:  0.709308   |   Test accuracy:  68.5417%  Test Loss:  0.929754
Minibatch:  58000  Train accuracy:  75.2106%  Train Loss:  0.701562   |   Test accuracy:  67.3958%  Test Loss:  0.963179
Minibatch:  59000  Train accuracy:  75.1620%  Train Loss:  0.705478   |   Test accuracy:  68.5833%  Test Loss:  0.975433
Minibatch:  60000  Train accuracy:  75.8565%  Train Loss:  0.696985   |   Test accuracy:  68.5833%  Test Loss:  0.936368
Minibatch:  61000  Train accuracy:  75.5972%  Train Loss:  0.697541   |   Test accuracy:  68.4583%  Test Loss:  0.941026
Minibatch:  62000  Train accuracy:  75.5417%  Train Loss:  0.693774   |   Test accuracy:  66.8542%  Test Loss:  0.978346
Minibatch:  63000  Train accuracy:  75.1667%  Train Loss:  0.703896   |   Test accuracy:  66.7083%  Test Loss:  0.964816
Minibatch:  64000  Train accuracy:  75.7199%  Train Loss:  0.693992   |   Test accuracy:  68.1250%  Test Loss:  0.945393
Minibatch:  65000  Train accuracy:  75.9583%  Train Loss:  0.689091   |   Test accuracy:  68.5000%  Test Loss:  0.966735
Minibatch:  66000  Train accuracy:  73.3310%  Train Loss:  0.721547   |   Test accuracy:  66.6458%  Test Loss:  1.000587
Minibatch:  67000  Train accuracy:  74.9954%  Train Loss:  0.708027   |   Test accuracy:  68.5625%  Test Loss:  0.963920
Minibatch:  68000  Train accuracy:  75.4028%  Train Loss:  0.692567   |   Test accuracy:  69.0833%  Test Loss:  0.991754
Minibatch:  69000  Train accuracy:  74.6181%  Train Loss:  0.705875   |   Test accuracy:  67.8542%  Test Loss:  1.006747
Minibatch:  70000  Train accuracy:  75.3681%  Train Loss:  0.694021   |   Test accuracy:  67.2708%  Test Loss:  0.953980
Minibatch:  71000  Train accuracy:  75.8634%  Train Loss:  0.686445   |   Test accuracy:  67.7708%  Test Loss:  0.954465
Minibatch:  72000  Train accuracy:  75.7801%  Train Loss:  0.694574   |   Test accuracy:  67.8542%  Test Loss:  0.979871
Minibatch:  73000  Train accuracy:  75.9537%  Train Loss:  0.684397   |   Test accuracy:  67.6667%  Test Loss:  0.993306
Minibatch:  74000  Train accuracy:  76.1759%  Train Loss:  0.686893   |   Test accuracy:  67.8958%  Test Loss:  0.979974
Minibatch:  75000  Train accuracy:  76.0926%  Train Loss:  0.696937   |   Test accuracy:  67.1667%  Test Loss:  1.007047
Minibatch:  76000  Train accuracy:  76.0324%  Train Loss:  0.684914   |   Test accuracy:  67.6875%  Test Loss:  0.971350
Minibatch:  77000  Train accuracy:  75.7130%  Train Loss:  0.692400   |   Test accuracy:  67.0625%  Test Loss:  1.003623
Minibatch:  78000  Train accuracy:  76.1019%  Train Loss:  0.684763   |   Test accuracy:  68.0417%  Test Loss:  1.024448
Minibatch:  79000  Train accuracy:  75.1458%  Train Loss:  0.700744   |   Test accuracy:  67.3125%  Test Loss:  0.980282
Minibatch:  80000  Train accuracy:  76.1458%  Train Loss:  0.687978   |   Test accuracy:  67.5208%  Test Loss:  0.995065
Minibatch:  81000  Train accuracy:  75.6782%  Train Loss:  0.690678   |   Test accuracy:  66.9167%  Test Loss:  0.996304
Minibatch:  82000  Train accuracy:  75.9051%  Train Loss:  0.695131   |   Test accuracy:  67.0000%  Test Loss:  0.962534
Minibatch:  83000  Train accuracy:  76.0394%  Train Loss:  0.694471   |   Test accuracy:  66.8750%  Test Loss:  0.949920
Minibatch:  84000  Train accuracy:  76.1204%  Train Loss:  0.677598   |   Test accuracy:  67.0625%  Test Loss:  1.013450
Minibatch:  85000  Train accuracy:  75.4560%  Train Loss:  0.695689   |   Test accuracy:  67.0000%  Test Loss:  1.023552
Minibatch:  86000  Train accuracy:  76.4398%  Train Loss:  0.678184   |   Test accuracy:  66.9583%  Test Loss:  1.030337
Minibatch:  87000  Train accuracy:  76.8333%  Train Loss:  0.669995   |   Test accuracy:  67.8333%  Test Loss:  1.009660
Minibatch:  88000  Train accuracy:  75.6898%  Train Loss:  0.685771   |   Test accuracy:  66.9375%  Test Loss:  1.011801
Minibatch:  89000  Train accuracy:  76.6690%  Train Loss:  0.674059   |   Test accuracy:  67.8750%  Test Loss:  1.026145
Minibatch:  90000  Train accuracy:  76.3634%  Train Loss:  0.674709   |   Test accuracy:  68.3750%  Test Loss:  1.018581
Minibatch:  91000  Train accuracy:  76.7431%  Train Loss:  0.664855   |   Test accuracy:  66.4167%  Test Loss:  1.025530
Minibatch:  92000  Train accuracy:  76.5463%  Train Loss:  0.671686   |   Test accuracy:  66.9167%  Test Loss:  1.043754
Minibatch:  93000  Train accuracy:  76.8495%  Train Loss:  0.665408   |   Test accuracy:  66.2917%  Test Loss:  1.020718
Minibatch:  94000  Train accuracy:  76.7639%  Train Loss:  0.671894   |   Test accuracy:  67.1250%  Test Loss:  1.016925
Minibatch:  95000  Train accuracy:  76.1435%  Train Loss:  0.674084   |   Test accuracy:  66.7083%  Test Loss:  1.034181
Minibatch:  96000  Train accuracy:  76.8704%  Train Loss:  0.664523   |   Test accuracy:  67.7917%  Test Loss:  1.008819
Minibatch:  97000  Train accuracy:  76.5694%  Train Loss:  0.672945   |   Test accuracy:  66.9583%  Test Loss:  1.053858
Minibatch:  98000  Train accuracy:  76.1435%  Train Loss:  0.675265   |   Test accuracy:  67.2292%  Test Loss:  1.084969
Minibatch:  99000  Train accuracy:  77.4074%  Train Loss:  0.664666   |   Test accuracy:  66.6875%  Test Loss:  1.026806
Minibatch:  100000  Train accuracy:  76.9329%  Train Loss:  0.674977   |   Test accuracy:  67.3750%  Test Loss:  0.999624
Minibatch:  101000  Train accuracy:  76.9792%  Train Loss:  0.663727   |   Test accuracy:  66.4583%  Test Loss:  1.040664
Minibatch:  102000  Train accuracy:  77.1412%  Train Loss:  0.658258   |   Test accuracy:  67.5833%  Test Loss:  1.020286
Minibatch:  103000  Train accuracy:  76.6505%  Train Loss:  0.678727   |   Test accuracy:  67.5000%  Test Loss:  1.073108
Minibatch:  104000  Train accuracy:  77.0810%  Train Loss:  0.665271   |   Test accuracy:  67.0417%  Test Loss:  1.030565
Minibatch:  105000  Train accuracy:  77.1412%  Train Loss:  0.661495   |   Test accuracy:  66.2708%  Test Loss:  1.035441
Minibatch:  106000  Train accuracy:  76.6898%  Train Loss:  0.670793   |   Test accuracy:  67.1875%  Test Loss:  1.021171
Minibatch:  107000  Train accuracy:  76.9097%  Train Loss:  0.673402   |   Test accuracy:  66.8125%  Test Loss:  1.021732
Minibatch:  108000  Train accuracy:  77.3310%  Train Loss:  0.668080   |   Test accuracy:  66.7292%  Test Loss:  1.002286
Minibatch:  109000  Train accuracy:  76.5949%  Train Loss:  0.670669   |   Test accuracy:  67.2292%  Test Loss:  1.041610
Minibatch:  110000  Train accuracy:  77.4491%  Train Loss:  0.653321   |   Test accuracy:  66.9375%  Test Loss:  1.089776
Minibatch:  111000  Train accuracy:  77.0023%  Train Loss:  0.659363   |   Test accuracy:  67.5000%  Test Loss:  1.094519
Minibatch:  112000  Train accuracy:  77.2593%  Train Loss:  0.658284   |   Test accuracy:  66.5625%  Test Loss:  1.107822
Minibatch:  113000  Train accuracy:  76.7523%  Train Loss:  0.677448   |   Test accuracy:  67.4375%  Test Loss:  1.122283
Minibatch:  114000  Train accuracy:  76.3727%  Train Loss:  0.670213   |   Test accuracy:  65.5417%  Test Loss:  1.058730
Minibatch:  115000  Train accuracy:  77.2407%  Train Loss:  0.658660   |   Test accuracy:  67.3750%  Test Loss:  1.105852
Minibatch:  116000  Train accuracy:  77.4097%  Train Loss:  0.655724   |   Test accuracy:  67.7083%  Test Loss:  1.099445
Minibatch:  117000  Train accuracy:  77.2639%  Train Loss:  0.654440   |   Test accuracy:  68.1667%  Test Loss:  1.088215
Minibatch:  118000  Train accuracy:  77.2153%  Train Loss:  0.662662   |   Test accuracy:  66.5625%  Test Loss:  1.063273
Minibatch:  119000  Train accuracy:  77.2801%  Train Loss:  0.647103   |   Test accuracy:  67.7500%  Test Loss:  1.079106
Minibatch:  120000  Train accuracy:  77.2037%  Train Loss:  0.660086   |   Test accuracy:  66.3542%  Test Loss:  1.091674
Minibatch:  121000  Train accuracy:  76.6505%  Train Loss:  0.673218   |   Test accuracy:  65.3750%  Test Loss:  1.046279
Minibatch:  122000  Train accuracy:  76.8194%  Train Loss:  0.661209   |   Test accuracy:  67.1875%  Test Loss:  1.118001
Minibatch:  123000  Train accuracy:  76.8681%  Train Loss:  0.656935   |   Test accuracy:  66.3750%  Test Loss:  1.070404
Minibatch:  124000  Train accuracy:  77.6806%  Train Loss:  0.647909   |   Test accuracy:  66.9583%  Test Loss:  1.074288
Minibatch:  125000  Train accuracy:  77.9861%  Train Loss:  0.655189   |   Test accuracy:  67.3125%  Test Loss:  1.072979
Minibatch:  126000  Train accuracy:  76.2130%  Train Loss:  0.661914   |   Test accuracy:  67.4375%  Test Loss:  1.090377
Minibatch:  127000  Train accuracy:  77.3264%  Train Loss:  0.653177   |   Test accuracy:  66.6875%  Test Loss:  1.094684
Minibatch:  128000  Train accuracy:  77.7431%  Train Loss:  0.654823   |   Test accuracy:  67.3333%  Test Loss:  1.089736
Minibatch:  129000  Train accuracy:  77.3148%  Train Loss:  0.654528   |   Test accuracy:  67.2292%  Test Loss:  1.090089
Minibatch:  130000  Train accuracy:  77.4259%  Train Loss:  0.645330   |   Test accuracy:  68.0000%  Test Loss:  1.086494
Minibatch:  131000  Train accuracy:  77.2523%  Train Loss:  0.654144   |   Test accuracy:  66.8333%  Test Loss:  1.154244
Minibatch:  132000  Train accuracy:  78.0255%  Train Loss:  0.646707   |   Test accuracy:  66.2708%  Test Loss:  1.100929
Minibatch:  133000  Train accuracy:  76.8843%  Train Loss:  0.657386   |   Test accuracy:  66.1042%  Test Loss:  1.097554
Minibatch:  134000  Train accuracy:  77.8773%  Train Loss:  0.646554   |   Test accuracy:  67.5833%  Test Loss:  1.107659
Minibatch:  135000  Train accuracy:  77.5810%  Train Loss:  0.650980   |   Test accuracy:  66.6042%  Test Loss:  1.093886
Minibatch:  136000  Train accuracy:  77.4375%  Train Loss:  0.654975   |   Test accuracy:  66.1250%  Test Loss:  1.119643
Minibatch:  137000  Train accuracy:  77.3032%  Train Loss:  0.651712   |   Test accuracy:  67.4792%  Test Loss:  1.128568
Minibatch:  138000  Train accuracy:  77.3611%  Train Loss:  0.647919   |   Test accuracy:  66.0417%  Test Loss:  1.080691
Minibatch:  139000  Train accuracy:  77.4051%  Train Loss:  0.650743   |   Test accuracy:  66.6458%  Test Loss:  1.116963
Minibatch:  140000  Train accuracy:  77.6898%  Train Loss:  0.647147   |   Test accuracy:  66.3542%  Test Loss:  1.111774
Minibatch:  141000  Train accuracy:  78.2153%  Train Loss:  0.644698   |   Test accuracy:  66.9375%  Test Loss:  1.092616
Minibatch:  142000  Train accuracy:  77.3032%  Train Loss:  0.654705   |   Test accuracy:  67.8125%  Test Loss:  1.108012
Minibatch:  143000  Train accuracy:  77.7361%  Train Loss:  0.651691   |   Test accuracy:  66.2083%  Test Loss:  1.071326
Minibatch:  144000  Train accuracy:  77.5787%  Train Loss:  0.654086   |   Test accuracy:  66.6042%  Test Loss:  1.129549
Minibatch:  145000  Train accuracy:  76.7824%  Train Loss:  0.652679   |   Test accuracy:  66.0000%  Test Loss:  1.138040
Minibatch:  146000  Train accuracy:  78.0463%  Train Loss:  0.641883   |   Test accuracy:  67.1042%  Test Loss:  1.152273
Minibatch:  147000  Train accuracy:  77.1111%  Train Loss:  0.661558   |   Test accuracy:  66.1458%  Test Loss:  1.152559
Minibatch:  148000  Train accuracy:  76.9444%  Train Loss:  0.657367   |   Test accuracy:  66.8750%  Test Loss:  1.143980
Minibatch:  149000  Train accuracy:  78.1042%  Train Loss:  0.641213   |   Test accuracy:  66.6250%  Test Loss:  1.104132
Minibatch:  150000  Train accuracy:  76.9769%  Train Loss:  0.665880   |   Test accuracy:  66.2292%  Test Loss:  1.102363
Minibatch:  151000  Train accuracy:  76.6991%  Train Loss:  0.668107   |   Test accuracy:  65.4167%  Test Loss:  1.077017
Minibatch:  152000  Train accuracy:  77.1412%  Train Loss:  0.660311   |   Test accuracy:  66.6667%  Test Loss:  1.169053
Minibatch:  153000  Train accuracy:  77.9028%  Train Loss:  0.643917   |   Test accuracy:  65.8958%  Test Loss:  1.137685
Minibatch:  154000  Train accuracy:  77.7060%  Train Loss:  0.648931   |   Test accuracy:  66.6250%  Test Loss:  1.109610
Minibatch:  155000  Train accuracy:  77.6875%  Train Loss:  0.647091   |   Test accuracy:  66.0833%  Test Loss:  1.168078
Minibatch:  156000  Train accuracy:  78.3796%  Train Loss:  0.634552   |   Test accuracy:  67.2083%  Test Loss:  1.127355
Minibatch:  157000  Train accuracy:  77.9329%  Train Loss:  0.642729   |   Test accuracy:  67.2500%  Test Loss:  1.170061
Minibatch:  158000  Train accuracy:  77.7685%  Train Loss:  0.647762   |   Test accuracy:  66.3542%  Test Loss:  1.097903
Minibatch:  159000  Train accuracy:  77.1134%  Train Loss:  0.656858   |   Test accuracy:  65.3542%  Test Loss:  1.136905
Minibatch:  160000  Train accuracy:  77.1806%  Train Loss:  0.650446   |   Test accuracy:  66.6458%  Test Loss:  1.183850
Minibatch:  161000  Train accuracy:  77.4977%  Train Loss:  0.648142   |   Test accuracy:  66.6042%  Test Loss:  1.145997
Minibatch:  162000  Train accuracy:  77.9630%  Train Loss:  0.636538   |   Test accuracy:  66.6875%  Test Loss:  1.142103
Minibatch:  163000  Train accuracy:  77.7292%  Train Loss:  0.645331   |   Test accuracy:  66.5417%  Test Loss:  1.114793
Minibatch:  164000  Train accuracy:  78.5000%  Train Loss:  0.633274   |   Test accuracy:  66.1042%  Test Loss:  1.088639
Minibatch:  165000  Train accuracy:  78.1528%  Train Loss:  0.638350   |   Test accuracy:  67.4792%  Test Loss:  1.138429
Minibatch:  166000  Train accuracy:  77.6620%  Train Loss:  0.649704   |   Test accuracy:  66.2083%  Test Loss:  1.180595
Minibatch:  167000  Train accuracy:  77.6181%  Train Loss:  0.642340   |   Test accuracy:  66.2500%  Test Loss:  1.188571
Minibatch:  168000  Train accuracy:  78.1898%  Train Loss:  0.634542   |   Test accuracy:  66.4167%  Test Loss:  1.176004
Minibatch:  169000  Train accuracy:  78.3356%  Train Loss:  0.642584   |   Test accuracy:  66.4792%  Test Loss:  1.095615
Minibatch:  170000  Train accuracy:  77.5069%  Train Loss:  0.652017   |   Test accuracy:  65.3958%  Test Loss:  1.111819
Minibatch:  171000  Train accuracy:  78.2894%  Train Loss:  0.631677   |   Test accuracy:  66.5000%  Test Loss:  1.156968
Minibatch:  172000  Train accuracy:  78.2407%  Train Loss:  0.632106   |   Test accuracy:  65.7500%  Test Loss:  1.130474
Minibatch:  173000  Train accuracy:  78.3194%  Train Loss:  0.635777   |   Test accuracy:  67.1458%  Test Loss:  1.148777
Minibatch:  174000  Train accuracy:  77.7106%  Train Loss:  0.639369   |   Test accuracy:  66.9375%  Test Loss:  1.168893
Minibatch:  175000  Train accuracy:  78.0440%  Train Loss:  0.637756   |   Test accuracy:  67.3125%  Test Loss:  1.195005
Minibatch:  176000  Train accuracy:  77.9815%  Train Loss:  0.646981   |   Test accuracy:  66.1458%  Test Loss:  1.127511
Minibatch:  177000  Train accuracy:  78.3218%  Train Loss:  0.630086   |   Test accuracy:  66.0000%  Test Loss:  1.145624
