... read data
Train      shapes: x:  (54000, 96, 96, 1)  y:  (54000, 5)
Validation shapes: x:  (6000, 96, 96, 1)  y:  (6000, 5)
Original   Training Action Distribution:  [(26503, 0), (10503, 1), (5658, 2), (11057, 3), (279, 4)]
Original Validation Action Distribution:  [(2808, 0), (1338, 1), (603, 2), (1241, 3), (10, 4)]
Data resampled to  60.0 %
New      Train shapes: x:  (32400, 96, 96, 1)  y:  (32400, 5)
New Validation shapes: x:  (3600, 96, 96, 1)  y:  (3600, 5)
Original   Training Action Distribution:  [(11065, 0), (7811, 1), (5202, 2), (8043, 3), (279, 4)]
Original Validation Action Distribution:  [(1221, 0), (926, 1), (550, 2), (893, 3), (10, 4)]
... train model
Minibatch:  0  Train accuracy:  34.1481%  Train Loss:  382.657919   |   Test accuracy:  33.9167%  Test Loss:  373.199704
Minibatch:  1000  Train accuracy:  63.9074%  Train Loss:  2.680781   |   Test accuracy:  63.1111%  Test Loss:  2.882758
Minibatch:  2000  Train accuracy:  71.7222%  Train Loss:  1.327921   |   Test accuracy:  68.6667%  Test Loss:  1.609272
Minibatch:  3000  Train accuracy:  71.1883%  Train Loss:  1.166362   |   Test accuracy:  68.5000%  Test Loss:  1.461670
Minibatch:  4000  Train accuracy:  74.2438%  Train Loss:  0.762387   |   Test accuracy:  69.6944%  Test Loss:  1.098208
Minibatch:  5000  Train accuracy:  76.9506%  Train Loss:  0.620034   |   Test accuracy:  70.8056%  Test Loss:  0.986352
Minibatch:  6000  Train accuracy:  77.2562%  Train Loss:  0.598753   |   Test accuracy:  70.3056%  Test Loss:  0.975181
Minibatch:  7000  Train accuracy:  78.5278%  Train Loss:  0.541585   |   Test accuracy:  71.3611%  Test Loss:  0.916639
Minibatch:  8000  Train accuracy:  79.7562%  Train Loss:  0.487159   |   Test accuracy:  71.9722%  Test Loss:  0.851397
Minibatch:  9000  Train accuracy:  80.3920%  Train Loss:  0.479791   |   Test accuracy:  71.6667%  Test Loss:  0.897118
Minibatch:  10000  Train accuracy:  80.2222%  Train Loss:  0.477493   |   Test accuracy:  70.9444%  Test Loss:  0.937923
Minibatch:  11000  Train accuracy:  82.7716%  Train Loss:  0.406622   |   Test accuracy:  71.9167%  Test Loss:  0.897818
Minibatch:  12000  Train accuracy:  82.6883%  Train Loss:  0.408837   |   Test accuracy:  71.7222%  Test Loss:  0.911286
Minibatch:  13000  Train accuracy:  85.9722%  Train Loss:  0.347821   |   Test accuracy:  71.8611%  Test Loss:  0.904543
Minibatch:  14000  Train accuracy:  86.0710%  Train Loss:  0.348107   |   Test accuracy:  70.9722%  Test Loss:  1.001349
Minibatch:  15000  Train accuracy:  87.8457%  Train Loss:  0.300538   |   Test accuracy:  71.1944%  Test Loss:  0.940483
Minibatch:  16000  Train accuracy:  88.0247%  Train Loss:  0.298334   |   Test accuracy:  70.4167%  Test Loss:  1.031908
Minibatch:  17000  Train accuracy:  89.4784%  Train Loss:  0.265790   |   Test accuracy:  71.1389%  Test Loss:  1.078048
Minibatch:  18000  Train accuracy:  90.4228%  Train Loss:  0.243807   |   Test accuracy:  70.2500%  Test Loss:  1.159035
Minibatch:  19000  Train accuracy:  91.2377%  Train Loss:  0.227477   |   Test accuracy:  69.7500%  Test Loss:  1.220293
Minibatch:  20000  Train accuracy:  91.7778%  Train Loss:  0.210902   |   Test accuracy:  70.1111%  Test Loss:  1.260871
Minibatch:  21000  Train accuracy:  92.6111%  Train Loss:  0.192751   |   Test accuracy:  69.2222%  Test Loss:  1.403895
Minibatch:  22000  Train accuracy:  93.9383%  Train Loss:  0.173672   |   Test accuracy:  68.1111%  Test Loss:  1.448783
Minibatch:  23000  Train accuracy:  95.1944%  Train Loss:  0.141919   |   Test accuracy:  69.0278%  Test Loss:  1.464335
Minibatch:  24000  Train accuracy:  94.2593%  Train Loss:  0.150322   |   Test accuracy:  68.6111%  Test Loss:  1.676447
Minibatch:  25000  Train accuracy:  95.9198%  Train Loss:  0.121608   |   Test accuracy:  69.3056%  Test Loss:  1.648286
Minibatch:  26000  Train accuracy:  94.9846%  Train Loss:  0.132589   |   Test accuracy:  68.9167%  Test Loss:  1.781921
Minibatch:  27000  Train accuracy:  96.4198%  Train Loss:  0.104254   |   Test accuracy:  68.8333%  Test Loss:  1.881740
Minibatch:  28000  Train accuracy:  96.7161%  Train Loss:  0.092488   |   Test accuracy:  68.6111%  Test Loss:  2.030634
Minibatch:  29000  Train accuracy:  97.0710%  Train Loss:  0.085324   |   Test accuracy:  68.0833%  Test Loss:  2.142192
Minibatch:  30000  Train accuracy:  97.9907%  Train Loss:  0.066499   |   Test accuracy:  68.9444%  Test Loss:  2.150020
Minibatch:  31000  Train accuracy:  97.5525%  Train Loss:  0.071626   |   Test accuracy:  68.5833%  Test Loss:  2.249585
Minibatch:  32000  Train accuracy:  97.0093%  Train Loss:  0.083945   |   Test accuracy:  68.5000%  Test Loss:  2.488257
Minibatch:  33000  Train accuracy:  97.9444%  Train Loss:  0.060483   |   Test accuracy:  68.7222%  Test Loss:  2.469905
Minibatch:  34000  Train accuracy:  98.8642%  Train Loss:  0.044108   |   Test accuracy:  68.2222%  Test Loss:  2.568338
Minibatch:  35000  Train accuracy:  99.1883%  Train Loss:  0.035042   |   Test accuracy:  69.1111%  Test Loss:  2.629175
Minibatch:  36000  Train accuracy:  99.0216%  Train Loss:  0.038603   |   Test accuracy:  67.9444%  Test Loss:  2.756552
Minibatch:  37000  Train accuracy:  99.1019%  Train Loss:  0.034120   |   Test accuracy:  68.1667%  Test Loss:  2.865124
Minibatch:  38000  Train accuracy:  99.3086%  Train Loss:  0.027711   |   Test accuracy:  68.1944%  Test Loss:  2.832434
Minibatch:  39000  Train accuracy:  98.9444%  Train Loss:  0.038469   |   Test accuracy:  68.2222%  Test Loss:  3.088534
Minibatch:  40000  Train accuracy:  99.5710%  Train Loss:  0.019043   |   Test accuracy:  68.1944%  Test Loss:  3.137338
Minibatch:  41000  Train accuracy:  99.6296%  Train Loss:  0.017398   |   Test accuracy:  68.1944%  Test Loss:  3.147717
Minibatch:  42000  Train accuracy:  99.3210%  Train Loss:  0.025355   |   Test accuracy:  68.3611%  Test Loss:  3.153359
Minibatch:  43000  Train accuracy:  98.9506%  Train Loss:  0.031851   |   Test accuracy:  67.7778%  Test Loss:  3.248829
Minibatch:  44000  Train accuracy:  99.6451%  Train Loss:  0.017816   |   Test accuracy:  68.8611%  Test Loss:  3.419829
Minibatch:  45000  Train accuracy:  99.6605%  Train Loss:  0.016691   |   Test accuracy:  68.4722%  Test Loss:  3.341233
Minibatch:  46000  Train accuracy:  99.6296%  Train Loss:  0.015943   |   Test accuracy:  68.0278%  Test Loss:  3.538554
Minibatch:  47000  Train accuracy:  99.1636%  Train Loss:  0.027742   |   Test accuracy:  68.3333%  Test Loss:  3.490711
Minibatch:  48000  Train accuracy:  99.0679%  Train Loss:  0.028299   |   Test accuracy:  68.6111%  Test Loss:  3.644900
Minibatch:  49000  Train accuracy:  99.0000%  Train Loss:  0.033250   |   Test accuracy:  68.3889%  Test Loss:  3.747649
Minibatch:  50000  Train accuracy:  99.1821%  Train Loss:  0.027175   |   Test accuracy:  66.9722%  Test Loss:  3.693870
Minibatch:  51000  Train accuracy:  99.3272%  Train Loss:  0.026677   |   Test accuracy:  67.6667%  Test Loss:  3.884435
Minibatch:  52000  Train accuracy:  99.6852%  Train Loss:  0.013427   |   Test accuracy:  67.1389%  Test Loss:  3.778023
Minibatch:  53000  Train accuracy:  99.6667%  Train Loss:  0.013223   |   Test accuracy:  68.0556%  Test Loss:  3.782643
Minibatch:  54000  Train accuracy:  98.9568%  Train Loss:  0.031851   |   Test accuracy:  67.9444%  Test Loss:  3.744991
Minibatch:  55000  Train accuracy:  99.6852%  Train Loss:  0.013867   |   Test accuracy:  68.1111%  Test Loss:  3.825022
Minibatch:  56000  Train accuracy:  99.2346%  Train Loss:  0.029300   |   Test accuracy:  67.3056%  Test Loss:  3.793606
Minibatch:  57000  Train accuracy:  99.8087%  Train Loss:  0.009438   |   Test accuracy:  67.7222%  Test Loss:  3.810744
Minibatch:  58000  Train accuracy:  97.8642%  Train Loss:  0.060300   |   Test accuracy:  68.3611%  Test Loss:  4.003896
Minibatch:  59000  Train accuracy:  99.7809%  Train Loss:  0.010153   |   Test accuracy:  67.6944%  Test Loss:  4.067737
Minibatch:  60000  Train accuracy:  99.8210%  Train Loss:  0.008092   |   Test accuracy:  68.2500%  Test Loss:  3.913121
Minibatch:  61000  Train accuracy:  99.8920%  Train Loss:  0.004431   |   Test accuracy:  67.6389%  Test Loss:  4.102004
Minibatch:  62000  Train accuracy:  99.4414%  Train Loss:  0.018920   |   Test accuracy:  67.7500%  Test Loss:  4.152095
Minibatch:  63000  Train accuracy:  99.6790%  Train Loss:  0.013689   |   Test accuracy:  68.6389%  Test Loss:  4.045451
Minibatch:  64000  Train accuracy:  98.5679%  Train Loss:  0.039628   |   Test accuracy:  67.7222%  Test Loss:  4.071903
Minibatch:  65000  Train accuracy:  99.8303%  Train Loss:  0.006136   |   Test accuracy:  68.2778%  Test Loss:  4.134181
Minibatch:  66000  Train accuracy:  99.6420%  Train Loss:  0.015002   |   Test accuracy:  67.0833%  Test Loss:  4.029614
Minibatch:  67000  Train accuracy:  99.8982%  Train Loss:  0.004692   |   Test accuracy:  67.5000%  Test Loss:  4.321580
Minibatch:  68000  Train accuracy:  99.9167%  Train Loss:  0.003451   |   Test accuracy:  68.6111%  Test Loss:  4.312632
Minibatch:  69000  Train accuracy:  99.3735%  Train Loss:  0.020687   |   Test accuracy:  67.0000%  Test Loss:  4.270938
Minibatch:  70000  Train accuracy:  99.8025%  Train Loss:  0.007006   |   Test accuracy:  68.4722%  Test Loss:  4.288412
Minibatch:  71000  Train accuracy:  99.9290%  Train Loss:  0.002858   |   Test accuracy:  68.3611%  Test Loss:  4.452913
Minibatch:  72000  Train accuracy:  98.7438%  Train Loss:  0.037029   |   Test accuracy:  67.5556%  Test Loss:  4.120371
Minibatch:  73000  Train accuracy:  99.5988%  Train Loss:  0.012236   |   Test accuracy:  67.9444%  Test Loss:  4.485394
Minibatch:  74000  Train accuracy:  99.6883%  Train Loss:  0.011388   |   Test accuracy:  68.0556%  Test Loss:  4.258419
Minibatch:  75000  Train accuracy:  99.0772%  Train Loss:  0.027763   |   Test accuracy:  68.0278%  Test Loss:  4.251397
Minibatch:  76000  Train accuracy:  99.8519%  Train Loss:  0.006660   |   Test accuracy:  68.2222%  Test Loss:  4.398066
Minibatch:  77000  Train accuracy:  99.4259%  Train Loss:  0.015371   |   Test accuracy:  68.1389%  Test Loss:  4.286008
Minibatch:  78000  Train accuracy:  99.5463%  Train Loss:  0.017852   |   Test accuracy:  67.8889%  Test Loss:  4.486479
Minibatch:  79000  Train accuracy:  99.7747%  Train Loss:  0.009955   |   Test accuracy:  68.0833%  Test Loss:  4.333680
Minibatch:  80000  Train accuracy:  99.8025%  Train Loss:  0.007891   |   Test accuracy:  67.9167%  Test Loss:  4.430645
Minibatch:  81000  Train accuracy:  99.5401%  Train Loss:  0.013606   |   Test accuracy:  66.9444%  Test Loss:  4.660580
Minibatch:  82000  Train accuracy:  99.8642%  Train Loss:  0.005815   |   Test accuracy:  67.4167%  Test Loss:  4.498765
Minibatch:  83000  Train accuracy:  99.8457%  Train Loss:  0.005057   |   Test accuracy:  67.8056%  Test Loss:  4.598504
Minibatch:  84000  Train accuracy:  99.5617%  Train Loss:  0.012651   |   Test accuracy:  67.9444%  Test Loss:  4.771799
Minibatch:  85000  Train accuracy:  99.5741%  Train Loss:  0.015852   |   Test accuracy:  67.5833%  Test Loss:  4.537236
Minibatch:  86000  Train accuracy:  99.9290%  Train Loss:  0.002658   |   Test accuracy:  68.5556%  Test Loss:  4.659408
Minibatch:  87000  Train accuracy:  99.1142%  Train Loss:  0.025908   |   Test accuracy:  67.6111%  Test Loss:  4.846947
Minibatch:  88000  Train accuracy:  99.6975%  Train Loss:  0.009375   |   Test accuracy:  68.2222%  Test Loss:  4.801629
Minibatch:  89000  Train accuracy:  99.8827%  Train Loss:  0.006159   |   Test accuracy:  68.7778%  Test Loss:  4.705352
Minibatch:  90000  Train accuracy:  99.8735%  Train Loss:  0.005847   |   Test accuracy:  68.0556%  Test Loss:  4.660728
Minibatch:  91000  Train accuracy:  99.7963%  Train Loss:  0.008130   |   Test accuracy:  68.8056%  Test Loss:  4.615864
Minibatch:  92000  Train accuracy:  99.8889%  Train Loss:  0.004242   |   Test accuracy:  68.8333%  Test Loss:  4.887579
Minibatch:  93000  Train accuracy:  99.4506%  Train Loss:  0.016636   |   Test accuracy:  67.8889%  Test Loss:  4.543224
Minibatch:  94000  Train accuracy:  99.9290%  Train Loss:  0.002199   |   Test accuracy:  68.6944%  Test Loss:  4.749837
Minibatch:  95000  Train accuracy:  99.9321%  Train Loss:  0.002197   |   Test accuracy:  68.7222%  Test Loss:  4.784550
Minibatch:  96000  Train accuracy:  99.6914%  Train Loss:  0.012164   |   Test accuracy:  68.5556%  Test Loss:  4.837701
Minibatch:  97000  Train accuracy:  99.8951%  Train Loss:  0.003689   |   Test accuracy:  68.5000%  Test Loss:  4.730234
Minibatch:  98000  Train accuracy:  99.2593%  Train Loss:  0.024155   |   Test accuracy:  68.0278%  Test Loss:  4.625298
Minibatch:  99000  Train accuracy:  99.7377%  Train Loss:  0.007863   |   Test accuracy:  67.6944%  Test Loss:  4.834608
Minibatch:  100000  Train accuracy:  99.8179%  Train Loss:  0.007413   |   Test accuracy:  67.8056%  Test Loss:  4.670697
Minibatch:  101000  Train accuracy:  99.9259%  Train Loss:  0.003291   |   Test accuracy:  68.1667%  Test Loss:  4.998795
Minibatch:  102000  Train accuracy:  99.6235%  Train Loss:  0.012033   |   Test accuracy:  68.2222%  Test Loss:  4.756423
Minibatch:  103000  Train accuracy:  99.8611%  Train Loss:  0.005228   |   Test accuracy:  68.8333%  Test Loss:  4.708522
Minibatch:  104000  Train accuracy:  99.9445%  Train Loss:  0.002087   |   Test accuracy:  68.2778%  Test Loss:  4.795708
Minibatch:  105000  Train accuracy:  99.1821%  Train Loss:  0.024547   |   Test accuracy:  67.6389%  Test Loss:  4.922182
Minibatch:  106000  Train accuracy:  99.8827%  Train Loss:  0.004109   |   Test accuracy:  68.2222%  Test Loss:  4.865238
Minibatch:  107000  Train accuracy:  99.5278%  Train Loss:  0.020642   |   Test accuracy:  67.9722%  Test Loss:  4.989459
Minibatch:  108000  Train accuracy:  99.8889%  Train Loss:  0.007146   |   Test accuracy:  68.5833%  Test Loss:  4.823806
Minibatch:  109000  Train accuracy:  99.7469%  Train Loss:  0.009290   |   Test accuracy:  67.5833%  Test Loss:  4.767028
Minibatch:  110000  Train accuracy:  99.8858%  Train Loss:  0.004441   |   Test accuracy:  68.5833%  Test Loss:  4.973965
Minibatch:  111000  Train accuracy:  99.7037%  Train Loss:  0.009110   |   Test accuracy:  68.3333%  Test Loss:  4.802032
Minibatch:  112000  Train accuracy:  99.7778%  Train Loss:  0.006954   |   Test accuracy:  68.4444%  Test Loss:  4.930342
Minibatch:  113000  Train accuracy:  99.8920%  Train Loss:  0.003753   |   Test accuracy:  67.6111%  Test Loss:  5.078130
Minibatch:  114000  Train accuracy:  99.9167%  Train Loss:  0.003042   |   Test accuracy:  68.4167%  Test Loss:  5.120416
Minibatch:  115000  Train accuracy:  99.9414%  Train Loss:  0.001661   |   Test accuracy:  68.2778%  Test Loss:  4.941246
Minibatch:  116000  Train accuracy:  96.8272%  Train Loss:  0.109762   |   Test accuracy:  68.0278%  Test Loss:  5.074462
Minibatch:  117000  Train accuracy:  99.7747%  Train Loss:  0.007017   |   Test accuracy:  68.6944%  Test Loss:  4.997775
Minibatch:  118000  Train accuracy:  99.9012%  Train Loss:  0.003753   |   Test accuracy:  68.5000%  Test Loss:  4.990552
Minibatch:  119000  Train accuracy:  99.8735%  Train Loss:  0.003697   |   Test accuracy:  68.6667%  Test Loss:  4.916877
Minibatch:  120000  Train accuracy:  99.8087%  Train Loss:  0.006085   |   Test accuracy:  67.9444%  Test Loss:  4.792892
Minibatch:  121000  Train accuracy:  99.9167%  Train Loss:  0.003467   |   Test accuracy:  68.5833%  Test Loss:  4.927443
Minibatch:  122000  Train accuracy:  99.8580%  Train Loss:  0.006307   |   Test accuracy:  68.4444%  Test Loss:  4.780999
Minibatch:  123000  Train accuracy:  99.5062%  Train Loss:  0.015412   |   Test accuracy:  69.0556%  Test Loss:  5.043316
Minibatch:  124000  Train accuracy:  99.8673%  Train Loss:  0.004697   |   Test accuracy:  68.9167%  Test Loss:  5.014220
Minibatch:  125000  Train accuracy:  99.5185%  Train Loss:  0.014511   |   Test accuracy:  68.4167%  Test Loss:  5.075134
Minibatch:  126000  Train accuracy:  99.8704%  Train Loss:  0.004064   |   Test accuracy:  68.0000%  Test Loss:  4.985329
Minibatch:  127000  Train accuracy:  99.8827%  Train Loss:  0.004824   |   Test accuracy:  69.1111%  Test Loss:  4.804352
Minibatch:  128000  Train accuracy:  99.7068%  Train Loss:  0.008526   |   Test accuracy:  68.5556%  Test Loss:  5.228705
Minibatch:  129000  Train accuracy:  99.8642%  Train Loss:  0.004652   |   Test accuracy:  68.1667%  Test Loss:  5.075347
Minibatch:  130000  Train accuracy:  99.7994%  Train Loss:  0.006697   |   Test accuracy:  67.8889%  Test Loss:  5.121059
Minibatch:  131000  Train accuracy:  99.9383%  Train Loss:  0.002720   |   Test accuracy:  68.5000%  Test Loss:  5.019869
Minibatch:  132000  Train accuracy:  99.9229%  Train Loss:  0.002411   |   Test accuracy:  68.1667%  Test Loss:  5.129911
Minibatch:  133000  Train accuracy:  98.7377%  Train Loss:  0.034669   |   Test accuracy:  67.7778%  Test Loss:  4.881057
Minibatch:  134000  Train accuracy:  99.7438%  Train Loss:  0.009395   |   Test accuracy:  67.9722%  Test Loss:  5.357740
Minibatch:  135000  Train accuracy:  99.5556%  Train Loss:  0.015858   |   Test accuracy:  68.6667%  Test Loss:  5.181905
Minibatch:  136000  Train accuracy:  99.7130%  Train Loss:  0.008168   |   Test accuracy:  69.0000%  Test Loss:  5.146151
Minibatch:  137000  Train accuracy:  99.9105%  Train Loss:  0.003067   |   Test accuracy:  68.6111%  Test Loss:  5.150832
Minibatch:  138000  Train accuracy:  99.8519%  Train Loss:  0.006609   |   Test accuracy:  68.4167%  Test Loss:  5.142472
Minibatch:  139000  Train accuracy:  99.9136%  Train Loss:  0.003012   |   Test accuracy:  69.0556%  Test Loss:  5.464731
Minibatch:  140000  Train accuracy:  99.4753%  Train Loss:  0.015243   |   Test accuracy:  69.3056%  Test Loss:  5.346345
Minibatch:  141000  Train accuracy:  99.9229%  Train Loss:  0.002036   |   Test accuracy:  68.1389%  Test Loss:  5.269989
Minibatch:  142000  Train accuracy:  99.6975%  Train Loss:  0.009166   |   Test accuracy:  68.8889%  Test Loss:  5.231856
Minibatch:  143000  Train accuracy:  99.9198%  Train Loss:  0.002393   |   Test accuracy:  68.4722%  Test Loss:  5.213804
Minibatch:  144000  Train accuracy:  99.9414%  Train Loss:  0.001842   |   Test accuracy:  68.5833%  Test Loss:  5.334174
Minibatch:  145000  Train accuracy:  99.8333%  Train Loss:  0.005190   |   Test accuracy:  68.6944%  Test Loss:  5.407234
Minibatch:  146000  Train accuracy:  99.5957%  Train Loss:  0.012153   |   Test accuracy:  68.1111%  Test Loss:  5.299451
Minibatch:  147000  Train accuracy:  99.8673%  Train Loss:  0.003602   |   Test accuracy:  68.7500%  Test Loss:  5.605057
Minibatch:  148000  Train accuracy:  99.7006%  Train Loss:  0.009323   |   Test accuracy:  68.5278%  Test Loss:  5.549720
Minibatch:  149000  Train accuracy:  99.8889%  Train Loss:  0.003551   |   Test accuracy:  67.7222%  Test Loss:  5.546060
Minibatch:  150000  Train accuracy:  99.9229%  Train Loss:  0.002004   |   Test accuracy:  68.1667%  Test Loss:  5.585663
Minibatch:  151000  Train accuracy:  99.7315%  Train Loss:  0.008566   |   Test accuracy:  68.5556%  Test Loss:  5.597742
Minibatch:  152000  Train accuracy:  99.9105%  Train Loss:  0.002824   |   Test accuracy:  68.1389%  Test Loss:  5.530839
Minibatch:  153000  Train accuracy:  99.9105%  Train Loss:  0.003067   |   Test accuracy:  68.5833%  Test Loss:  5.640119
Minibatch:  154000  Train accuracy:  99.9383%  Train Loss:  0.001856   |   Test accuracy:  68.5000%  Test Loss:  5.414063
Minibatch:  155000  Train accuracy:  99.2593%  Train Loss:  0.021778   |   Test accuracy:  67.8056%  Test Loss:  5.296242
Minibatch:  156000  Train accuracy:  99.7654%  Train Loss:  0.008073   |   Test accuracy:  68.1667%  Test Loss:  5.074225
Minibatch:  157000  Train accuracy:  99.7593%  Train Loss:  0.008733   |   Test accuracy:  68.5556%  Test Loss:  5.458149
Minibatch:  158000  Train accuracy:  99.4228%  Train Loss:  0.017839   |   Test accuracy:  68.5556%  Test Loss:  5.867731
Minibatch:  159000  Train accuracy:  99.9290%  Train Loss:  0.001859   |   Test accuracy:  68.3889%  Test Loss:  5.552634
Minibatch:  160000  Train accuracy:  99.8735%  Train Loss:  0.004434   |   Test accuracy:  68.1667%  Test Loss:  5.325060
Minibatch:  161000  Train accuracy:  99.8889%  Train Loss:  0.003648   |   Test accuracy:  68.4444%  Test Loss:  5.429579
Minibatch:  162000  Train accuracy:  99.9259%  Train Loss:  0.002359   |   Test accuracy:  68.3611%  Test Loss:  5.244339
Minibatch:  163000  Train accuracy:  99.6914%  Train Loss:  0.010908   |   Test accuracy:  68.8611%  Test Loss:  5.574163
Minibatch:  164000  Train accuracy:  99.9105%  Train Loss:  0.004609   |   Test accuracy:  68.6111%  Test Loss:  5.434446
Minibatch:  165000  Train accuracy:  99.7191%  Train Loss:  0.007961   |   Test accuracy:  68.7778%  Test Loss:  5.570093
Minibatch:  166000  Train accuracy:  99.8858%  Train Loss:  0.003293   |   Test accuracy:  68.2222%  Test Loss:  5.769880
Minibatch:  167000  Train accuracy:  99.9290%  Train Loss:  0.002227   |   Test accuracy:  68.1111%  Test Loss:  5.665419
Minibatch:  168000  Train accuracy:  99.4475%  Train Loss:  0.024144   |   Test accuracy:  67.4722%  Test Loss:  5.373678
Minibatch:  169000  Train accuracy:  99.8457%  Train Loss:  0.007465   |   Test accuracy:  68.9444%  Test Loss:  5.695397
Minibatch:  170000  Train accuracy:  99.9414%  Train Loss:  0.002087   |   Test accuracy:  69.1667%  Test Loss:  5.407503
Minibatch:  171000  Train accuracy:  99.8303%  Train Loss:  0.006688   |   Test accuracy:  68.2778%  Test Loss:  5.537965
Minibatch:  172000  Train accuracy:  99.8673%  Train Loss:  0.004590   |   Test accuracy:  67.8333%  Test Loss:  5.575393
Minibatch:  173000  Train accuracy:  99.4198%  Train Loss:  0.017142   |   Test accuracy:  67.4444%  Test Loss:  5.662447
Minibatch:  174000  Train accuracy:  99.9414%  Train Loss:  0.001624   |   Test accuracy:  67.8056%  Test Loss:  5.508783
Minibatch:  175000  Train accuracy:  99.9321%  Train Loss:  0.001516   |   Test accuracy:  68.0556%  Test Loss:  5.603946
Minibatch:  176000  Train accuracy:  99.9383%  Train Loss:  0.001916   |   Test accuracy:  67.8889%  Test Loss:  5.465573
Minibatch:  177000  Train accuracy:  99.9198%  Train Loss:  0.001827   |   Test accuracy:  68.0278%  Test Loss:  5.620735
Minibatch:  178000  Train accuracy:  99.9074%  Train Loss:  0.002948   |   Test accuracy:  68.8056%  Test Loss:  5.314025
Minibatch:  179000  Train accuracy:  99.9599%  Train Loss:  0.001632   |   Test accuracy:  68.3889%  Test Loss:  5.525346
Minibatch:  180000  Train accuracy:  99.9445%  Train Loss:  0.001297   |   Test accuracy:  68.3611%  Test Loss:  5.595625
Minibatch:  181000  Train accuracy:  99.8519%  Train Loss:  0.003522   |   Test accuracy:  68.3889%  Test Loss:  5.650280
Minibatch:  182000  Train accuracy:  99.7778%  Train Loss:  0.005873   |   Test accuracy:  67.9444%  Test Loss:  5.709485
Minibatch:  183000  Train accuracy:  99.9167%  Train Loss:  0.003646   |   Test accuracy:  67.8056%  Test Loss:  5.921154
Minibatch:  184000  Train accuracy:  99.5988%  Train Loss:  0.012556   |   Test accuracy:  68.0833%  Test Loss:  5.804184
Minibatch:  185000  Train accuracy:  99.8025%  Train Loss:  0.005664   |   Test accuracy:  68.5833%  Test Loss:  6.014785
Minibatch:  186000  Train accuracy:  99.9290%  Train Loss:  0.002240   |   Test accuracy:  68.1111%  Test Loss:  5.761837
Minibatch:  187000  Train accuracy:  99.9414%  Train Loss:  0.001452   |   Test accuracy:  68.1667%  Test Loss:  5.826829
Minibatch:  188000  Train accuracy:  99.7654%  Train Loss:  0.007437   |   Test accuracy:  67.6111%  Test Loss:  5.561924
Minibatch:  189000  Train accuracy:  99.9537%  Train Loss:  0.001323   |   Test accuracy:  68.0833%  Test Loss:  5.732891
Minibatch:  190000  Train accuracy:  99.9506%  Train Loss:  0.001453   |   Test accuracy:  68.1389%  Test Loss:  5.777793
Minibatch:  191000  Train accuracy:  99.9229%  Train Loss:  0.002040   |   Test accuracy:  68.1111%  Test Loss:  5.793684
Minibatch:  192000  Train accuracy:  99.8920%  Train Loss:  0.003058   |   Test accuracy:  68.6667%  Test Loss:  5.634507
Minibatch:  193000  Train accuracy:  99.6852%  Train Loss:  0.008558   |   Test accuracy:  69.0556%  Test Loss:  5.682598
Minibatch:  194000  Train accuracy:  99.8827%  Train Loss:  0.003593   |   Test accuracy:  68.0833%  Test Loss:  5.843323
Minibatch:  195000  Train accuracy:  99.8580%  Train Loss:  0.004864   |   Test accuracy:  68.3611%  Test Loss:  5.672621
Minibatch:  196000  Train accuracy:  99.9599%  Train Loss:  0.001242   |   Test accuracy:  69.1111%  Test Loss:  5.896110
Minibatch:  197000  Train accuracy:  99.9506%  Train Loss:  0.001312   |   Test accuracy:  68.8056%  Test Loss:  5.750875
Minibatch:  198000  Train accuracy:  99.9229%  Train Loss:  0.001663   |   Test accuracy:  68.7222%  Test Loss:  5.663754
Minibatch:  199000  Train accuracy:  99.4661%  Train Loss:  0.021912   |   Test accuracy:  68.8333%  Test Loss:  5.636176
Minibatch:  200000  Train accuracy:  99.9290%  Train Loss:  0.002549   |   Test accuracy:  68.7500%  Test Loss:  5.820728
Minibatch:  201000  Train accuracy:  99.8920%  Train Loss:  0.003092   |   Test accuracy:  69.1667%  Test Loss:  5.613374
Minibatch:  202000  Train accuracy:  99.9568%  Train Loss:  0.001336   |   Test accuracy:  68.9722%  Test Loss:  5.585807
Minibatch:  203000  Train accuracy:  99.9383%  Train Loss:  0.001678   |   Test accuracy:  68.7500%  Test Loss:  5.720275
Minibatch:  204000  Train accuracy:  99.9136%  Train Loss:  0.002020   |   Test accuracy:  69.1389%  Test Loss:  5.744257
Minibatch:  205000  Train accuracy:  99.9537%  Train Loss:  0.001700   |   Test accuracy:  69.3889%  Test Loss:  5.728306
Minibatch:  206000  Train accuracy:  99.9290%  Train Loss:  0.002474   |   Test accuracy:  69.1389%  Test Loss:  5.599309
Minibatch:  207000  Train accuracy:  99.9475%  Train Loss:  0.001253   |   Test accuracy:  68.9722%  Test Loss:  5.768098
Minibatch:  208000  Train accuracy:  99.8920%  Train Loss:  0.002879   |   Test accuracy:  68.9722%  Test Loss:  5.736517
Minibatch:  209000  Train accuracy:  99.9506%  Train Loss:  0.001361   |   Test accuracy:  69.1667%  Test Loss:  5.695542
Minibatch:  210000  Train accuracy:  99.9259%  Train Loss:  0.001514   |   Test accuracy:  69.1111%  Test Loss:  5.638057
Minibatch:  211000  Train accuracy:  99.9105%  Train Loss:  0.002890   |   Test accuracy:  68.9722%  Test Loss:  5.519006
Minibatch:  212000  Train accuracy:  99.9105%  Train Loss:  0.002969   |   Test accuracy:  68.5278%  Test Loss:  5.921731
Minibatch:  213000  Train accuracy:  99.9414%  Train Loss:  0.001319   |   Test accuracy:  68.8889%  Test Loss:  5.977918
Minibatch:  214000  Train accuracy:  99.9352%  Train Loss:  0.001242   |   Test accuracy:  68.6667%  Test Loss:  5.884366
Minibatch:  215000  Train accuracy:  99.9445%  Train Loss:  0.001321   |   Test accuracy:  68.7222%  Test Loss:  5.871504
Minibatch:  216000  Train accuracy:  99.9475%  Train Loss:  0.001307   |   Test accuracy:  69.1667%  Test Loss:  5.824530
Minibatch:  217000  Train accuracy:  99.8117%  Train Loss:  0.010053   |   Test accuracy:  69.6667%  Test Loss:  5.954852
Minibatch:  218000  Train accuracy:  99.8426%  Train Loss:  0.004276   |   Test accuracy:  67.2778%  Test Loss:  6.020835
Minibatch:  219000  Train accuracy:  99.9568%  Train Loss:  0.001258   |   Test accuracy:  68.6667%  Test Loss:  5.894472
Minibatch:  220000  Train accuracy:  99.9383%  Train Loss:  0.001716   |   Test accuracy:  68.6389%  Test Loss:  5.889694
Minibatch:  221000  Train accuracy:  99.9012%  Train Loss:  0.002515   |   Test accuracy:  68.3333%  Test Loss:  5.690771
Minibatch:  222000  Train accuracy:  99.9568%  Train Loss:  0.001429   |   Test accuracy:  69.1111%  Test Loss:  5.813466
Minibatch:  223000  Train accuracy:  99.9475%  Train Loss:  0.002089   |   Test accuracy:  68.8056%  Test Loss:  5.772023
Minibatch:  224000  Train accuracy:  99.9198%  Train Loss:  0.004783   |   Test accuracy:  68.7222%  Test Loss:  5.998784
Minibatch:  225000  Train accuracy:  99.9352%  Train Loss:  0.001531   |   Test accuracy:  69.0000%  Test Loss:  5.706183
Minibatch:  226000  Train accuracy:  99.9321%  Train Loss:  0.001635   |   Test accuracy:  69.0833%  Test Loss:  5.823889
Minibatch:  227000  Train accuracy:  99.9599%  Train Loss:  0.001393   |   Test accuracy:  68.6111%  Test Loss:  5.942537
Minibatch:  228000  Train accuracy:  99.9414%  Train Loss:  0.001450   |   Test accuracy:  69.0833%  Test Loss:  5.897711
Minibatch:  229000  Train accuracy:  99.9259%  Train Loss:  0.002019   |   Test accuracy:  69.5833%  Test Loss:  5.570853
Minibatch:  230000  Train accuracy:  99.6080%  Train Loss:  0.012542   |   Test accuracy:  68.2778%  Test Loss:  5.166118
Minibatch:  231000  Train accuracy:  99.9352%  Train Loss:  0.001811   |   Test accuracy:  68.5000%  Test Loss:  5.657533
Minibatch:  232000  Train accuracy:  99.6389%  Train Loss:  0.011110   |   Test accuracy:  68.3333%  Test Loss:  5.699264
Minibatch:  233000  Train accuracy:  99.9167%  Train Loss:  0.002159   |   Test accuracy:  68.3889%  Test Loss:  5.898082
Minibatch:  234000  Train accuracy:  99.6265%  Train Loss:  0.012280   |   Test accuracy:  68.2500%  Test Loss:  6.108405
Minibatch:  235000  Train accuracy:  99.9012%  Train Loss:  0.003079   |   Test accuracy:  68.8056%  Test Loss:  5.994698
Minibatch:  236000  Train accuracy:  99.9537%  Train Loss:  0.001566   |   Test accuracy:  68.9722%  Test Loss:  5.986978
Minibatch:  237000  Train accuracy:  99.9475%  Train Loss:  0.001325   |   Test accuracy:  68.6389%  Test Loss:  5.844644
Minibatch:  238000  Train accuracy:  99.9352%  Train Loss:  0.001665   |   Test accuracy:  69.0833%  Test Loss:  5.813229
Minibatch:  239000  Train accuracy:  99.8272%  Train Loss:  0.005056   |   Test accuracy:  68.8333%  Test Loss:  5.754386
Minibatch:  240000  Train accuracy:  99.9599%  Train Loss:  0.001172   |   Test accuracy:  68.3056%  Test Loss:  5.962133
Minibatch:  241000  Train accuracy:  99.9691%  Train Loss:  0.001054   |   Test accuracy:  68.2500%  Test Loss:  5.893691
Minibatch:  242000  Train accuracy:  99.9599%  Train Loss:  0.001188   |   Test accuracy:  68.5556%  Test Loss:  5.755506
Minibatch:  243000  Train accuracy:  99.9506%  Train Loss:  0.001584   |   Test accuracy:  68.3333%  Test Loss:  5.970699
Minibatch:  244000  Train accuracy:  99.8766%  Train Loss:  0.003627   |   Test accuracy:  69.4167%  Test Loss:  6.072566
Minibatch:  245000  Train accuracy:  99.9568%  Train Loss:  0.001294   |   Test accuracy:  69.2500%  Test Loss:  6.093147
Minibatch:  246000  Train accuracy:  99.9383%  Train Loss:  0.001257   |   Test accuracy:  68.6389%  Test Loss:  6.109029
Minibatch:  247000  Train accuracy:  99.9630%  Train Loss:  0.001048   |   Test accuracy:  68.8333%  Test Loss:  6.087649
Minibatch:  248000  Train accuracy:  99.9383%  Train Loss:  0.001885   |   Test accuracy:  68.4167%  Test Loss:  5.886802
Minibatch:  249000  Train accuracy:  99.9537%  Train Loss:  0.001720   |   Test accuracy:  68.9444%  Test Loss:  6.242103
Minibatch:  250000  Train accuracy:  99.9506%  Train Loss:  0.001285   |   Test accuracy:  68.8611%  Test Loss:  6.155819
Minibatch:  251000  Train accuracy:  99.9568%  Train Loss:  0.001113   |   Test accuracy:  68.5556%  Test Loss:  6.191108
Minibatch:  252000  Train accuracy:  99.9506%  Train Loss:  0.001379   |   Test accuracy:  68.7500%  Test Loss:  6.074171
Minibatch:  253000  Train accuracy:  99.7747%  Train Loss:  0.007834   |   Test accuracy:  67.7778%  Test Loss:  6.373445
Minibatch:  254000  Train accuracy:  99.8920%  Train Loss:  0.002697   |   Test accuracy:  69.0556%  Test Loss:  6.217943
Minibatch:  255000  Train accuracy:  99.9506%  Train Loss:  0.001336   |   Test accuracy:  68.7500%  Test Loss:  6.168513
Minibatch:  256000  Train accuracy:  98.8982%  Train Loss:  0.037146   |   Test accuracy:  68.8056%  Test Loss:  5.716825
Minibatch:  257000  Train accuracy:  99.9506%  Train Loss:  0.001392   |   Test accuracy:  69.1389%  Test Loss:  6.051333
Minibatch:  258000  Train accuracy:  99.9506%  Train Loss:  0.001220   |   Test accuracy:  69.1111%  Test Loss:  6.144603
Minibatch:  259000  Train accuracy:  99.9568%  Train Loss:  0.001052   |   Test accuracy:  69.0000%  Test Loss:  6.070307
Minibatch:  260000  Train accuracy:  98.8951%  Train Loss:  0.040518   |   Test accuracy:  67.3333%  Test Loss:  6.366427
Minibatch:  261000  Train accuracy:  99.5031%  Train Loss:  0.015143   |   Test accuracy:  67.9444%  Test Loss:  6.151633
Minibatch:  262000  Train accuracy:  99.9229%  Train Loss:  0.001880   |   Test accuracy:  68.8889%  Test Loss:  5.928034
Minibatch:  263000  Train accuracy:  99.9414%  Train Loss:  0.001840   |   Test accuracy:  68.9722%  Test Loss:  6.246623
Minibatch:  264000  Train accuracy:  99.7407%  Train Loss:  0.010170   |   Test accuracy:  68.1667%  Test Loss:  6.143485
Minibatch:  265000  Train accuracy:  99.9599%  Train Loss:  0.001081   |   Test accuracy:  68.4722%  Test Loss:  6.141748
Minibatch:  266000  Train accuracy:  99.9414%  Train Loss:  0.001260   |   Test accuracy:  68.9444%  Test Loss:  6.191062
Minibatch:  267000  Train accuracy:  99.9506%  Train Loss:  0.001156   |   Test accuracy:  69.1389%  Test Loss:  6.238330
Minibatch:  268000  Train accuracy:  99.9290%  Train Loss:  0.001787   |   Test accuracy:  69.0833%  Test Loss:  6.247762
Minibatch:  269000  Train accuracy:  99.6883%  Train Loss:  0.010607   |   Test accuracy:  68.6389%  Test Loss:  6.210089
Minibatch:  270000  Train accuracy:  99.8395%  Train Loss:  0.005566   |   Test accuracy:  69.2500%  Test Loss:  6.550991
Minibatch:  271000  Train accuracy:  99.9506%  Train Loss:  0.001511   |   Test accuracy:  69.3333%  Test Loss:  6.370504
Minibatch:  272000  Train accuracy:  99.3920%  Train Loss:  0.019085   |   Test accuracy:  68.9167%  Test Loss:  5.982104
Minibatch:  273000  Train accuracy:  99.9198%  Train Loss:  0.002421   |   Test accuracy:  69.1667%  Test Loss:  5.978007
Minibatch:  274000  Train accuracy:  99.9630%  Train Loss:  0.001169   |   Test accuracy:  69.0278%  Test Loss:  6.181206
Minibatch:  275000  Train accuracy:  99.9229%  Train Loss:  0.001586   |   Test accuracy:  68.9722%  Test Loss:  6.173880
Minibatch:  276000  Train accuracy:  99.9475%  Train Loss:  0.001398   |   Test accuracy:  69.2222%  Test Loss:  6.192393
Minibatch:  277000  Train accuracy:  99.9506%  Train Loss:  0.001575   |   Test accuracy:  69.5000%  Test Loss:  6.314441
Minibatch:  278000  Train accuracy:  99.9383%  Train Loss:  0.002540   |   Test accuracy:  68.4444%  Test Loss:  5.977114
Minibatch:  279000  Train accuracy:  99.9167%  Train Loss:  0.002654   |   Test accuracy:  69.0556%  Test Loss:  6.514627
Minibatch:  280000  Train accuracy:  99.9074%  Train Loss:  0.003595   |   Test accuracy:  68.3611%  Test Loss:  6.417430
Minibatch:  281000  Train accuracy:  99.9414%  Train Loss:  0.001554   |   Test accuracy:  68.6944%  Test Loss:  6.275947
Minibatch:  282000  Train accuracy:  99.9599%  Train Loss:  0.001029   |   Test accuracy:  68.8056%  Test Loss:  6.318025
Minibatch:  283000  Train accuracy:  99.6389%  Train Loss:  0.010137   |   Test accuracy:  67.8333%  Test Loss:  6.059427
Minibatch:  284000  Train accuracy:  99.7222%  Train Loss:  0.007906   |   Test accuracy:  67.8889%  Test Loss:  5.906684
Minibatch:  285000  Train accuracy:  99.9568%  Train Loss:  0.001242   |   Test accuracy:  68.9722%  Test Loss:  6.139684
Minibatch:  286000  Train accuracy:  99.9414%  Train Loss:  0.001185   |   Test accuracy:  69.2222%  Test Loss:  6.348707
Minibatch:  287000  Train accuracy:  99.9630%  Train Loss:  0.001153   |   Test accuracy:  69.1111%  Test Loss:  6.447895
Minibatch:  288000  Train accuracy:  99.8549%  Train Loss:  0.005339   |   Test accuracy:  69.4167%  Test Loss:  5.830341
Minibatch:  289000  Train accuracy:  99.9167%  Train Loss:  0.002644   |   Test accuracy:  69.2222%  Test Loss:  6.325026
Minibatch:  290000  Train accuracy:  99.6790%  Train Loss:  0.010484   |   Test accuracy:  68.6944%  Test Loss:  6.230992
Minibatch:  291000  Train accuracy:  99.9352%  Train Loss:  0.001963   |   Test accuracy:  68.8889%  Test Loss:  6.339368
Minibatch:  292000  Train accuracy:  99.8827%  Train Loss:  0.003605   |   Test accuracy:  69.3889%  Test Loss:  6.393824
Minibatch:  293000  Train accuracy:  99.8272%  Train Loss:  0.004994   |   Test accuracy:  68.4167%  Test Loss:  6.698082
Minibatch:  294000  Train accuracy:  99.9568%  Train Loss:  0.001163   |   Test accuracy:  68.6944%  Test Loss:  6.341922
Minibatch:  295000  Train accuracy:  99.6728%  Train Loss:  0.009711   |   Test accuracy:  68.8333%  Test Loss:  6.806883
Minibatch:  296000  Train accuracy:  99.9352%  Train Loss:  0.001934   |   Test accuracy:  68.5278%  Test Loss:  6.310486
Minibatch:  297000  Train accuracy:  99.9506%  Train Loss:  0.001116   |   Test accuracy:  69.4444%  Test Loss:  6.360368
Minibatch:  298000  Train accuracy:  99.8426%  Train Loss:  0.004943   |   Test accuracy:  69.0556%  Test Loss:  6.421918
Minibatch:  299000  Train accuracy:  99.8179%  Train Loss:  0.007029   |   Test accuracy:  68.7222%  Test Loss:  6.435315
