... read data
Train      shapes: x:  (54000, 96, 96, 1)  y:  (54000, 5)
Validation shapes: x:  (6000, 96, 96, 1)  y:  (6000, 5)
Original   Training Action Distribution:  [(26503, 0), (10503, 1), (5658, 2), (11057, 3), (279, 4)]
Original Validation Action Distribution:  [(2808, 0), (1338, 1), (603, 2), (1241, 3), (10, 4)]
Data resampled to  75.0 %
New      Train shapes: x:  (40500, 96, 96, 1)  y:  (40500, 5)
New Validation shapes: x:  (4500, 96, 96, 1)  y:  (4500, 5)
Original   Training Action Distribution:  [(15606, 0), (9345, 1), (5577, 2), (9693, 3), (279, 4)]
Original Validation Action Distribution:  [(1678, 0), (1140, 1), (593, 2), (1079, 3), (10, 4)]
... train model
Minibatch:  0  Train accuracy:  32.2914%  Train Loss:  126.676477   |   Test accuracy:  32.5333%  Test Loss:  127.860953
Minibatch:  1000  Train accuracy:  50.4864%  Train Loss:  1.861092   |   Test accuracy:  47.3333%  Test Loss:  1.981324
Minibatch:  2000  Train accuracy:  54.4000%  Train Loss:  1.173260   |   Test accuracy:  50.9111%  Test Loss:  1.249893
Minibatch:  3000  Train accuracy:  58.3457%  Train Loss:  1.031026   |   Test accuracy:  56.1111%  Test Loss:  1.077912
Minibatch:  4000  Train accuracy:  58.4469%  Train Loss:  0.979994   |   Test accuracy:  56.3556%  Test Loss:  1.009385
Minibatch:  5000  Train accuracy:  56.5580%  Train Loss:  0.967275   |   Test accuracy:  54.2000%  Test Loss:  1.003795
Minibatch:  6000  Train accuracy:  58.8173%  Train Loss:  0.935967   |   Test accuracy:  56.2000%  Test Loss:  0.977625
Minibatch:  7000  Train accuracy:  59.3481%  Train Loss:  0.943482   |   Test accuracy:  56.8889%  Test Loss:  0.981298
Minibatch:  8000  Train accuracy:  62.4148%  Train Loss:  0.910648   |   Test accuracy:  58.9111%  Test Loss:  0.992712
Minibatch:  9000  Train accuracy:  62.6914%  Train Loss:  0.887866   |   Test accuracy:  59.2000%  Test Loss:  0.959111
Minibatch:  10000  Train accuracy:  63.0765%  Train Loss:  0.877706   |   Test accuracy:  58.4889%  Test Loss:  0.968317
Minibatch:  11000  Train accuracy:  63.3457%  Train Loss:  0.872015   |   Test accuracy:  59.5556%  Test Loss:  0.963908
Minibatch:  12000  Train accuracy:  62.9235%  Train Loss:  0.862022   |   Test accuracy:  59.3778%  Test Loss:  0.958290
Minibatch:  13000  Train accuracy:  63.5531%  Train Loss:  0.855285   |   Test accuracy:  59.5333%  Test Loss:  0.956399
Minibatch:  14000  Train accuracy:  63.4568%  Train Loss:  0.862585   |   Test accuracy:  59.6222%  Test Loss:  0.966218
Minibatch:  15000  Train accuracy:  63.6296%  Train Loss:  0.837814   |   Test accuracy:  59.8444%  Test Loss:  0.947214
Minibatch:  16000  Train accuracy:  63.7111%  Train Loss:  0.847066   |   Test accuracy:  59.3111%  Test Loss:  0.960745
Minibatch:  17000  Train accuracy:  64.3630%  Train Loss:  0.829096   |   Test accuracy:  59.8000%  Test Loss:  0.940624
Minibatch:  18000  Train accuracy:  64.2642%  Train Loss:  0.827415   |   Test accuracy:  59.6000%  Test Loss:  0.947165
Minibatch:  19000  Train accuracy:  62.2716%  Train Loss:  0.842585   |   Test accuracy:  57.1556%  Test Loss:  0.965241
Minibatch:  20000  Train accuracy:  64.2444%  Train Loss:  0.820001   |   Test accuracy:  59.4222%  Test Loss:  0.942359
Minibatch:  21000  Train accuracy:  64.4099%  Train Loss:  0.816120   |   Test accuracy:  59.4444%  Test Loss:  0.944300
Minibatch:  22000  Train accuracy:  65.2444%  Train Loss:  0.810320   |   Test accuracy:  60.2222%  Test Loss:  0.957662
Minibatch:  23000  Train accuracy:  65.2840%  Train Loss:  0.806371   |   Test accuracy:  59.5778%  Test Loss:  0.955545
Minibatch:  24000  Train accuracy:  65.4642%  Train Loss:  0.798573   |   Test accuracy:  60.3556%  Test Loss:  0.947557
Minibatch:  25000  Train accuracy:  65.1580%  Train Loss:  0.797142   |   Test accuracy:  59.4889%  Test Loss:  0.949134
Minibatch:  26000  Train accuracy:  62.4444%  Train Loss:  0.814604   |   Test accuracy:  56.6000%  Test Loss:  0.962088
Minibatch:  27000  Train accuracy:  65.4395%  Train Loss:  0.798627   |   Test accuracy:  60.3778%  Test Loss:  0.963585
Minibatch:  28000  Train accuracy:  65.8963%  Train Loss:  0.785463   |   Test accuracy:  60.1778%  Test Loss:  0.964138
Minibatch:  29000  Train accuracy:  65.8395%  Train Loss:  0.786993   |   Test accuracy:  60.1556%  Test Loss:  0.974865
Minibatch:  30000  Train accuracy:  65.9802%  Train Loss:  0.783093   |   Test accuracy:  59.4889%  Test Loss:  0.967939
Minibatch:  31000  Train accuracy:  65.6864%  Train Loss:  0.789805   |   Test accuracy:  59.2222%  Test Loss:  0.984289
Minibatch:  32000  Train accuracy:  65.9235%  Train Loss:  0.776710   |   Test accuracy:  59.6000%  Test Loss:  0.966183
Minibatch:  33000  Train accuracy:  66.3383%  Train Loss:  0.772245   |   Test accuracy:  58.6889%  Test Loss:  0.971724
Minibatch:  34000  Train accuracy:  66.3975%  Train Loss:  0.772144   |   Test accuracy:  59.6667%  Test Loss:  0.985133
Minibatch:  35000  Train accuracy:  66.3432%  Train Loss:  0.770967   |   Test accuracy:  59.7111%  Test Loss:  0.972503
Minibatch:  36000  Train accuracy:  66.7259%  Train Loss:  0.763332   |   Test accuracy:  60.1111%  Test Loss:  0.987435
Minibatch:  37000  Train accuracy:  66.4593%  Train Loss:  0.764503   |   Test accuracy:  59.2000%  Test Loss:  0.988784
Minibatch:  38000  Train accuracy:  65.5605%  Train Loss:  0.770273   |   Test accuracy:  57.7333%  Test Loss:  0.998627
Minibatch:  39000  Train accuracy:  66.9951%  Train Loss:  0.757646   |   Test accuracy:  59.9111%  Test Loss:  1.005204
Minibatch:  40000  Train accuracy:  66.8444%  Train Loss:  0.761903   |   Test accuracy:  59.7778%  Test Loss:  1.015388
Minibatch:  41000  Train accuracy:  66.4049%  Train Loss:  0.772717   |   Test accuracy:  59.7333%  Test Loss:  1.027203
Minibatch:  42000  Train accuracy:  66.3975%  Train Loss:  0.755698   |   Test accuracy:  59.3333%  Test Loss:  0.993194
Minibatch:  43000  Train accuracy:  67.3778%  Train Loss:  0.743778   |   Test accuracy:  59.8667%  Test Loss:  0.991167
Minibatch:  44000  Train accuracy:  66.6790%  Train Loss:  0.747804   |   Test accuracy:  58.0222%  Test Loss:  1.011096
Minibatch:  45000  Train accuracy:  67.3506%  Train Loss:  0.741428   |   Test accuracy:  59.0000%  Test Loss:  1.006365
Minibatch:  46000  Train accuracy:  67.4346%  Train Loss:  0.739711   |   Test accuracy:  60.0000%  Test Loss:  0.997845
Minibatch:  47000  Train accuracy:  67.5037%  Train Loss:  0.736744   |   Test accuracy:  59.9111%  Test Loss:  1.010382
Minibatch:  48000  Train accuracy:  67.5556%  Train Loss:  0.743753   |   Test accuracy:  59.4444%  Test Loss:  1.013416
Minibatch:  49000  Train accuracy:  67.5679%  Train Loss:  0.735700   |   Test accuracy:  59.8889%  Test Loss:  1.012081
Minibatch:  50000  Train accuracy:  67.4148%  Train Loss:  0.731199   |   Test accuracy:  59.5111%  Test Loss:  1.011906
Minibatch:  51000  Train accuracy:  67.5778%  Train Loss:  0.739523   |   Test accuracy:  60.0444%  Test Loss:  1.042837
Minibatch:  52000  Train accuracy:  65.5704%  Train Loss:  0.747892   |   Test accuracy:  56.5333%  Test Loss:  1.022683
Minibatch:  53000  Train accuracy:  68.0321%  Train Loss:  0.728286   |   Test accuracy:  60.6444%  Test Loss:  1.039970
Minibatch:  54000  Train accuracy:  68.0938%  Train Loss:  0.727218   |   Test accuracy:  59.9111%  Test Loss:  1.038089
Minibatch:  55000  Train accuracy:  68.1778%  Train Loss:  0.720274   |   Test accuracy:  58.1778%  Test Loss:  1.033556
Minibatch:  56000  Train accuracy:  68.1062%  Train Loss:  0.720090   |   Test accuracy:  58.0000%  Test Loss:  1.014698
Minibatch:  57000  Train accuracy:  68.1457%  Train Loss:  0.722955   |   Test accuracy:  58.7333%  Test Loss:  1.018358
Minibatch:  58000  Train accuracy:  68.1679%  Train Loss:  0.726163   |   Test accuracy:  59.8000%  Test Loss:  1.031470
Minibatch:  59000  Train accuracy:  68.7383%  Train Loss:  0.711261   |   Test accuracy:  59.6000%  Test Loss:  1.037774
Minibatch:  60000  Train accuracy:  68.6741%  Train Loss:  0.715178   |   Test accuracy:  59.8667%  Test Loss:  1.064257
Minibatch:  61000  Train accuracy:  68.5111%  Train Loss:  0.719135   |   Test accuracy:  60.1333%  Test Loss:  1.086078
Minibatch:  62000  Train accuracy:  69.0617%  Train Loss:  0.707386   |   Test accuracy:  59.3778%  Test Loss:  1.058497
Minibatch:  63000  Train accuracy:  68.6543%  Train Loss:  0.711408   |   Test accuracy:  59.0444%  Test Loss:  1.083072
Minibatch:  64000  Train accuracy:  68.8049%  Train Loss:  0.710471   |   Test accuracy:  59.1333%  Test Loss:  1.057002
Minibatch:  65000  Train accuracy:  68.8519%  Train Loss:  0.707128   |   Test accuracy:  58.5556%  Test Loss:  1.064628
Minibatch:  66000  Train accuracy:  69.0469%  Train Loss:  0.701511   |   Test accuracy:  59.7556%  Test Loss:  1.086739
Minibatch:  67000  Train accuracy:  68.7654%  Train Loss:  0.709674   |   Test accuracy:  59.9556%  Test Loss:  1.086230
Minibatch:  68000  Train accuracy:  69.0000%  Train Loss:  0.703646   |   Test accuracy:  60.4444%  Test Loss:  1.099637
Minibatch:  69000  Train accuracy:  69.0049%  Train Loss:  0.703432   |   Test accuracy:  59.1778%  Test Loss:  1.101226
Minibatch:  70000  Train accuracy:  69.5926%  Train Loss:  0.691467   |   Test accuracy:  58.9556%  Test Loss:  1.083806
Minibatch:  71000  Train accuracy:  69.6963%  Train Loss:  0.689328   |   Test accuracy:  58.7556%  Test Loss:  1.095278
Minibatch:  72000  Train accuracy:  69.6395%  Train Loss:  0.688470   |   Test accuracy:  58.7111%  Test Loss:  1.097839
Minibatch:  73000  Train accuracy:  69.6321%  Train Loss:  0.692721   |   Test accuracy:  58.4444%  Test Loss:  1.075729
Minibatch:  74000  Train accuracy:  69.5259%  Train Loss:  0.692176   |   Test accuracy:  59.4889%  Test Loss:  1.116439
Minibatch:  75000  Train accuracy:  69.1012%  Train Loss:  0.693877   |   Test accuracy:  56.8667%  Test Loss:  1.095064
Minibatch:  76000  Train accuracy:  69.6420%  Train Loss:  0.690124   |   Test accuracy:  59.4444%  Test Loss:  1.128123
Minibatch:  77000  Train accuracy:  69.8074%  Train Loss:  0.686869   |   Test accuracy:  59.6000%  Test Loss:  1.116634
Minibatch:  78000  Train accuracy:  70.1284%  Train Loss:  0.680556   |   Test accuracy:  59.1556%  Test Loss:  1.114665
Minibatch:  79000  Train accuracy:  69.1975%  Train Loss:  0.713852   |   Test accuracy:  59.4889%  Test Loss:  1.194828
Minibatch:  80000  Train accuracy:  70.2025%  Train Loss:  0.677932   |   Test accuracy:  59.6444%  Test Loss:  1.144926
Minibatch:  81000  Train accuracy:  70.2494%  Train Loss:  0.678298   |   Test accuracy:  59.1778%  Test Loss:  1.128896
Minibatch:  82000  Train accuracy:  69.6099%  Train Loss:  0.684227   |   Test accuracy:  56.1333%  Test Loss:  1.121807
Minibatch:  83000  Train accuracy:  70.2889%  Train Loss:  0.675115   |   Test accuracy:  57.6444%  Test Loss:  1.162278
Minibatch:  84000  Train accuracy:  70.0642%  Train Loss:  0.675026   |   Test accuracy:  57.4222%  Test Loss:  1.141765
Minibatch:  85000  Train accuracy:  70.4815%  Train Loss:  0.672140   |   Test accuracy:  58.3556%  Test Loss:  1.133949
Minibatch:  86000  Train accuracy:  70.3951%  Train Loss:  0.673086   |   Test accuracy:  57.2222%  Test Loss:  1.143113
Minibatch:  87000  Train accuracy:  70.3802%  Train Loss:  0.670804   |   Test accuracy:  57.4667%  Test Loss:  1.141698
Minibatch:  88000  Train accuracy:  70.9037%  Train Loss:  0.665774   |   Test accuracy:  58.0222%  Test Loss:  1.176045
Minibatch:  89000  Train accuracy:  69.7827%  Train Loss:  0.684425   |   Test accuracy:  58.7778%  Test Loss:  1.236031
Minibatch:  90000  Train accuracy:  70.7432%  Train Loss:  0.666750   |   Test accuracy:  58.1556%  Test Loss:  1.172642
Minibatch:  91000  Train accuracy:  70.5383%  Train Loss:  0.667762   |   Test accuracy:  56.8222%  Test Loss:  1.175497
Minibatch:  92000  Train accuracy:  70.7926%  Train Loss:  0.663932   |   Test accuracy:  58.0444%  Test Loss:  1.182740
Minibatch:  93000  Train accuracy:  70.8593%  Train Loss:  0.662493   |   Test accuracy:  58.9333%  Test Loss:  1.205243
Minibatch:  94000  Train accuracy:  70.9235%  Train Loss:  0.661737   |   Test accuracy:  57.4000%  Test Loss:  1.201860
Minibatch:  95000  Train accuracy:  70.8617%  Train Loss:  0.662261   |   Test accuracy:  57.4000%  Test Loss:  1.208766
Minibatch:  96000  Train accuracy:  70.9457%  Train Loss:  0.659892   |   Test accuracy:  57.0222%  Test Loss:  1.201403
Minibatch:  97000  Train accuracy:  69.2198%  Train Loss:  0.677241   |   Test accuracy:  53.5556%  Test Loss:  1.250323
Minibatch:  98000  Train accuracy:  70.6222%  Train Loss:  0.660002   |   Test accuracy:  55.9556%  Test Loss:  1.249764
Minibatch:  99000  Train accuracy:  71.4173%  Train Loss:  0.654055   |   Test accuracy:  57.8667%  Test Loss:  1.228960
Minibatch:  100000  Train accuracy:  70.4148%  Train Loss:  0.662449   |   Test accuracy:  55.1333%  Test Loss:  1.217539
Minibatch:  101000  Train accuracy:  71.5383%  Train Loss:  0.650428   |   Test accuracy:  57.8000%  Test Loss:  1.204626
Minibatch:  102000  Train accuracy:  71.3259%  Train Loss:  0.653493   |   Test accuracy:  57.7111%  Test Loss:  1.255659
Minibatch:  103000  Train accuracy:  71.6272%  Train Loss:  0.651024   |   Test accuracy:  58.1556%  Test Loss:  1.246962
Minibatch:  104000  Train accuracy:  71.4667%  Train Loss:  0.648114   |   Test accuracy:  56.6667%  Test Loss:  1.241803
Minibatch:  105000  Train accuracy:  71.8321%  Train Loss:  0.644275   |   Test accuracy:  57.9333%  Test Loss:  1.222969
Minibatch:  106000  Train accuracy:  71.7506%  Train Loss:  0.646991   |   Test accuracy:  57.3333%  Test Loss:  1.278031
Minibatch:  107000  Train accuracy:  71.0938%  Train Loss:  0.655662   |   Test accuracy:  58.3778%  Test Loss:  1.259759
Minibatch:  108000  Train accuracy:  71.5457%  Train Loss:  0.645618   |   Test accuracy:  58.1333%  Test Loss:  1.241854
Minibatch:  109000  Train accuracy:  71.8469%  Train Loss:  0.640686   |   Test accuracy:  58.2444%  Test Loss:  1.265265
Minibatch:  110000  Train accuracy:  71.6864%  Train Loss:  0.647204   |   Test accuracy:  58.8222%  Test Loss:  1.295423
Minibatch:  111000  Train accuracy:  71.6444%  Train Loss:  0.644796   |   Test accuracy:  56.4889%  Test Loss:  1.304760
Minibatch:  112000  Train accuracy:  71.2519%  Train Loss:  0.656989   |   Test accuracy:  58.3111%  Test Loss:  1.319164
Minibatch:  113000  Train accuracy:  72.0025%  Train Loss:  0.639205   |   Test accuracy:  58.1556%  Test Loss:  1.293915
Minibatch:  114000  Train accuracy:  71.8543%  Train Loss:  0.644658   |   Test accuracy:  58.2889%  Test Loss:  1.304548
Minibatch:  115000  Train accuracy:  72.2914%  Train Loss:  0.635794   |   Test accuracy:  58.0667%  Test Loss:  1.277845
Minibatch:  116000  Train accuracy:  72.2889%  Train Loss:  0.632745   |   Test accuracy:  57.9778%  Test Loss:  1.295857
Minibatch:  117000  Train accuracy:  72.3951%  Train Loss:  0.633536   |   Test accuracy:  56.8667%  Test Loss:  1.309116
Minibatch:  118000  Train accuracy:  72.2272%  Train Loss:  0.635552   |   Test accuracy:  58.1333%  Test Loss:  1.312180
Minibatch:  119000  Train accuracy:  72.6395%  Train Loss:  0.628944   |   Test accuracy:  57.8444%  Test Loss:  1.318230
Minibatch:  120000  Train accuracy:  72.1901%  Train Loss:  0.633466   |   Test accuracy:  58.3111%  Test Loss:  1.346927
Minibatch:  121000  Train accuracy:  72.5309%  Train Loss:  0.628467   |   Test accuracy:  57.6444%  Test Loss:  1.342354
Minibatch:  122000  Train accuracy:  72.4444%  Train Loss:  0.630468   |   Test accuracy:  57.0444%  Test Loss:  1.352831
Minibatch:  123000  Train accuracy:  71.9333%  Train Loss:  0.634940   |   Test accuracy:  55.6000%  Test Loss:  1.357572
Minibatch:  124000  Train accuracy:  72.0568%  Train Loss:  0.641158   |   Test accuracy:  58.8000%  Test Loss:  1.368349
Minibatch:  125000  Train accuracy:  72.6988%  Train Loss:  0.625122   |   Test accuracy:  57.2222%  Test Loss:  1.339026
Minibatch:  126000  Train accuracy:  72.5605%  Train Loss:  0.627289   |   Test accuracy:  57.4000%  Test Loss:  1.373639
Minibatch:  127000  Train accuracy:  72.6198%  Train Loss:  0.625009   |   Test accuracy:  57.5111%  Test Loss:  1.362519
Minibatch:  128000  Train accuracy:  71.9704%  Train Loss:  0.630600   |   Test accuracy:  55.1111%  Test Loss:  1.380816
Minibatch:  129000  Train accuracy:  72.4123%  Train Loss:  0.631550   |   Test accuracy:  57.6222%  Test Loss:  1.343875
Minibatch:  130000  Train accuracy:  72.0494%  Train Loss:  0.632505   |   Test accuracy:  55.0000%  Test Loss:  1.402912
Minibatch:  131000  Train accuracy:  72.5383%  Train Loss:  0.625325   |   Test accuracy:  56.4000%  Test Loss:  1.370391
Minibatch:  132000  Train accuracy:  72.9037%  Train Loss:  0.620887   |   Test accuracy:  56.6444%  Test Loss:  1.417146
Minibatch:  133000  Train accuracy:  72.9877%  Train Loss:  0.620582   |   Test accuracy:  55.8889%  Test Loss:  1.409292
Minibatch:  134000  Train accuracy:  72.5778%  Train Loss:  0.625334   |   Test accuracy:  55.4667%  Test Loss:  1.462468
Minibatch:  135000  Train accuracy:  72.9481%  Train Loss:  0.617986   |   Test accuracy:  56.6889%  Test Loss:  1.392280
Minibatch:  136000  Train accuracy:  72.8420%  Train Loss:  0.620210   |   Test accuracy:  58.0222%  Test Loss:  1.445493
Minibatch:  137000  Train accuracy:  72.4321%  Train Loss:  0.628308   |   Test accuracy:  58.2000%  Test Loss:  1.450191
Minibatch:  138000  Train accuracy:  73.0691%  Train Loss:  0.616948   |   Test accuracy:  57.5778%  Test Loss:  1.393449
Minibatch:  139000  Train accuracy:  72.8593%  Train Loss:  0.618138   |   Test accuracy:  58.0667%  Test Loss:  1.473226
Minibatch:  140000  Train accuracy:  72.8741%  Train Loss:  0.620958   |   Test accuracy:  56.7778%  Test Loss:  1.434405
Minibatch:  141000  Train accuracy:  73.0000%  Train Loss:  0.616976   |   Test accuracy:  56.5556%  Test Loss:  1.464825
Minibatch:  142000  Train accuracy:  73.3506%  Train Loss:  0.610471   |   Test accuracy:  57.0444%  Test Loss:  1.460093
Minibatch:  143000  Train accuracy:  73.1383%  Train Loss:  0.612976   |   Test accuracy:  55.9333%  Test Loss:  1.459801
Minibatch:  144000  Train accuracy:  72.6123%  Train Loss:  0.628265   |   Test accuracy:  55.6667%  Test Loss:  1.445540
Minibatch:  145000  Train accuracy:  73.1704%  Train Loss:  0.615654   |   Test accuracy:  57.2000%  Test Loss:  1.437931
Minibatch:  146000  Train accuracy:  73.3358%  Train Loss:  0.611615   |   Test accuracy:  57.0889%  Test Loss:  1.428626
Minibatch:  147000  Train accuracy:  72.9901%  Train Loss:  0.620654   |   Test accuracy:  56.9556%  Test Loss:  1.489286
Minibatch:  148000  Train accuracy:  73.4642%  Train Loss:  0.606226   |   Test accuracy:  56.0444%  Test Loss:  1.492614
Minibatch:  149000  Train accuracy:  73.5506%  Train Loss:  0.605315   |   Test accuracy:  56.3333%  Test Loss:  1.488885
Minibatch:  150000  Train accuracy:  73.6642%  Train Loss:  0.604867   |   Test accuracy:  56.9333%  Test Loss:  1.499867
Minibatch:  151000  Train accuracy:  73.3235%  Train Loss:  0.608786   |   Test accuracy:  56.1778%  Test Loss:  1.480609
Minibatch:  152000  Train accuracy:  73.4321%  Train Loss:  0.608323   |   Test accuracy:  57.3778%  Test Loss:  1.473945
Minibatch:  153000  Train accuracy:  73.7728%  Train Loss:  0.601607   |   Test accuracy:  55.7111%  Test Loss:  1.505282
Minibatch:  154000  Train accuracy:  73.7531%  Train Loss:  0.600436   |   Test accuracy:  55.6667%  Test Loss:  1.534226
Minibatch:  155000  Train accuracy:  72.8444%  Train Loss:  0.614440   |   Test accuracy:  54.9556%  Test Loss:  1.515657
Minibatch:  156000  Train accuracy:  73.6593%  Train Loss:  0.603579   |   Test accuracy:  56.2444%  Test Loss:  1.520950
Minibatch:  157000  Train accuracy:  73.7901%  Train Loss:  0.599783   |   Test accuracy:  57.4667%  Test Loss:  1.528675
Minibatch:  158000  Train accuracy:  73.5037%  Train Loss:  0.602141   |   Test accuracy:  56.0000%  Test Loss:  1.552859
Minibatch:  159000  Train accuracy:  73.7704%  Train Loss:  0.600466   |   Test accuracy:  57.1778%  Test Loss:  1.525899
Minibatch:  160000  Train accuracy:  73.8691%  Train Loss:  0.600185   |   Test accuracy:  56.2444%  Test Loss:  1.512763
Minibatch:  161000  Train accuracy:  73.4025%  Train Loss:  0.603222   |   Test accuracy:  56.5111%  Test Loss:  1.578608
Minibatch:  162000  Train accuracy:  73.8815%  Train Loss:  0.597001   |   Test accuracy:  56.3333%  Test Loss:  1.553988
Minibatch:  163000  Train accuracy:  73.9975%  Train Loss:  0.597026   |   Test accuracy:  57.4000%  Test Loss:  1.538190
Minibatch:  164000  Train accuracy:  74.0198%  Train Loss:  0.594624   |   Test accuracy:  56.2000%  Test Loss:  1.594195
Minibatch:  165000  Train accuracy:  73.7926%  Train Loss:  0.599465   |   Test accuracy:  57.0000%  Test Loss:  1.575818
Minibatch:  166000  Train accuracy:  73.7309%  Train Loss:  0.598790   |   Test accuracy:  56.9333%  Test Loss:  1.510009
Minibatch:  167000  Train accuracy:  73.5951%  Train Loss:  0.601642   |   Test accuracy:  57.0667%  Test Loss:  1.627407
Minibatch:  168000  Train accuracy:  74.1679%  Train Loss:  0.590357   |   Test accuracy:  56.2222%  Test Loss:  1.591180
Minibatch:  169000  Train accuracy:  73.3284%  Train Loss:  0.605863   |   Test accuracy:  56.6889%  Test Loss:  1.561226
Minibatch:  170000  Train accuracy:  73.7630%  Train Loss:  0.594363   |   Test accuracy:  55.0889%  Test Loss:  1.582088
Minibatch:  171000  Train accuracy:  73.9160%  Train Loss:  0.592823   |   Test accuracy:  57.5556%  Test Loss:  1.602087
Minibatch:  172000  Train accuracy:  74.0963%  Train Loss:  0.591379   |   Test accuracy:  56.1333%  Test Loss:  1.583231
Minibatch:  173000  Train accuracy:  74.3407%  Train Loss:  0.588235   |   Test accuracy:  57.2444%  Test Loss:  1.558863
Minibatch:  174000  Train accuracy:  74.0444%  Train Loss:  0.593354   |   Test accuracy:  56.6667%  Test Loss:  1.639758
Minibatch:  175000  Train accuracy:  74.2617%  Train Loss:  0.593053   |   Test accuracy:  56.4889%  Test Loss:  1.638606
Minibatch:  176000  Train accuracy:  74.2889%  Train Loss:  0.587740   |   Test accuracy:  55.6667%  Test Loss:  1.628748
Minibatch:  177000  Train accuracy:  74.4815%  Train Loss:  0.582561   |   Test accuracy:  56.9778%  Test Loss:  1.613372
Minibatch:  178000  Train accuracy:  74.0667%  Train Loss:  0.589962   |   Test accuracy:  55.2000%  Test Loss:  1.615990
Minibatch:  179000  Train accuracy:  74.5605%  Train Loss:  0.581732   |   Test accuracy:  56.2222%  Test Loss:  1.612390
Minibatch:  180000  Train accuracy:  73.9086%  Train Loss:  0.596679   |   Test accuracy:  55.5111%  Test Loss:  1.553919
Minibatch:  181000  Train accuracy:  74.2593%  Train Loss:  0.584980   |   Test accuracy:  55.7111%  Test Loss:  1.677729
Minibatch:  182000  Train accuracy:  74.3407%  Train Loss:  0.586851   |   Test accuracy:  56.6667%  Test Loss:  1.696230
Minibatch:  183000  Train accuracy:  73.9901%  Train Loss:  0.591896   |   Test accuracy:  56.5333%  Test Loss:  1.660275
Minibatch:  184000  Train accuracy:  74.6198%  Train Loss:  0.579403   |   Test accuracy:  55.9556%  Test Loss:  1.682927
Minibatch:  185000  Train accuracy:  74.1877%  Train Loss:  0.588631   |   Test accuracy:  56.1556%  Test Loss:  1.691291
Minibatch:  186000  Train accuracy:  74.0741%  Train Loss:  0.593983   |   Test accuracy:  56.0222%  Test Loss:  1.688798
Minibatch:  187000  Train accuracy:  74.5012%  Train Loss:  0.582509   |   Test accuracy:  56.8000%  Test Loss:  1.674043
Minibatch:  188000  Train accuracy:  74.3877%  Train Loss:  0.586454   |   Test accuracy:  56.8222%  Test Loss:  1.687745
Minibatch:  189000  Train accuracy:  74.6173%  Train Loss:  0.580484   |   Test accuracy:  56.4444%  Test Loss:  1.678671
Minibatch:  190000  Train accuracy:  74.6889%  Train Loss:  0.579798   |   Test accuracy:  56.4889%  Test Loss:  1.667325
Minibatch:  191000  Train accuracy:  74.6494%  Train Loss:  0.581874   |   Test accuracy:  56.3333%  Test Loss:  1.650891
Minibatch:  192000  Train accuracy:  74.4272%  Train Loss:  0.580710   |   Test accuracy:  54.3333%  Test Loss:  1.691771
Minibatch:  193000  Train accuracy:  75.1062%  Train Loss:  0.573975   |   Test accuracy:  56.4222%  Test Loss:  1.699989
Minibatch:  194000  Train accuracy:  74.5235%  Train Loss:  0.583186   |   Test accuracy:  55.1556%  Test Loss:  1.705483
Minibatch:  195000  Train accuracy:  75.1111%  Train Loss:  0.570993   |   Test accuracy:  56.3556%  Test Loss:  1.707960
Minibatch:  196000  Train accuracy:  75.1556%  Train Loss:  0.570688   |   Test accuracy:  55.5556%  Test Loss:  1.732561
Minibatch:  197000  Train accuracy:  74.1407%  Train Loss:  0.589045   |   Test accuracy:  56.2000%  Test Loss:  1.804708
Minibatch:  198000  Train accuracy:  73.8938%  Train Loss:  0.585392   |   Test accuracy:  54.1556%  Test Loss:  1.763854
Minibatch:  199000  Train accuracy:  74.7728%  Train Loss:  0.575770   |   Test accuracy:  56.5111%  Test Loss:  1.778630
Minibatch:  200000  Train accuracy:  75.2790%  Train Loss:  0.572033   |   Test accuracy:  56.4889%  Test Loss:  1.775659
Minibatch:  201000  Train accuracy:  74.4864%  Train Loss:  0.581291   |   Test accuracy:  55.2667%  Test Loss:  1.759099
Minibatch:  202000  Train accuracy:  74.8000%  Train Loss:  0.576644   |   Test accuracy:  56.0667%  Test Loss:  1.779082
Minibatch:  203000  Train accuracy:  74.7679%  Train Loss:  0.575770   |   Test accuracy:  56.6000%  Test Loss:  1.783820
Minibatch:  204000  Train accuracy:  75.0420%  Train Loss:  0.571752   |   Test accuracy:  54.3333%  Test Loss:  1.823907
Minibatch:  205000  Train accuracy:  74.7951%  Train Loss:  0.575889   |   Test accuracy:  55.9778%  Test Loss:  1.823678
Minibatch:  206000  Train accuracy:  74.4938%  Train Loss:  0.577945   |   Test accuracy:  54.1778%  Test Loss:  1.851120
Minibatch:  207000  Train accuracy:  74.4519%  Train Loss:  0.582779   |   Test accuracy:  56.2444%  Test Loss:  1.883188
Minibatch:  208000  Train accuracy:  75.3531%  Train Loss:  0.565122   |   Test accuracy:  56.4222%  Test Loss:  1.788063
Minibatch:  209000  Train accuracy:  74.3333%  Train Loss:  0.579461   |   Test accuracy:  53.6444%  Test Loss:  1.794010
Minibatch:  210000  Train accuracy:  75.2025%  Train Loss:  0.567209   |   Test accuracy:  55.8889%  Test Loss:  1.822388
Minibatch:  211000  Train accuracy:  74.9975%  Train Loss:  0.570976   |   Test accuracy:  54.9111%  Test Loss:  1.853918
Minibatch:  212000  Train accuracy:  74.2691%  Train Loss:  0.579871   |   Test accuracy:  53.6889%  Test Loss:  1.921420
Minibatch:  213000  Train accuracy:  75.3111%  Train Loss:  0.565913   |   Test accuracy:  55.5333%  Test Loss:  1.820768
Minibatch:  214000  Train accuracy:  75.2691%  Train Loss:  0.564456   |   Test accuracy:  55.6222%  Test Loss:  1.857685
Minibatch:  215000  Train accuracy:  75.3654%  Train Loss:  0.566964   |   Test accuracy:  55.9111%  Test Loss:  1.827939
Minibatch:  216000  Train accuracy:  75.2346%  Train Loss:  0.567172   |   Test accuracy:  55.8444%  Test Loss:  1.877925
Minibatch:  217000  Train accuracy:  75.6914%  Train Loss:  0.561198   |   Test accuracy:  55.4444%  Test Loss:  1.835038
Minibatch:  218000  Train accuracy:  75.5062%  Train Loss:  0.561530   |   Test accuracy:  56.3556%  Test Loss:  1.850387
Minibatch:  219000  Train accuracy:  75.5284%  Train Loss:  0.563851   |   Test accuracy:  56.6222%  Test Loss:  1.880199
Minibatch:  220000  Train accuracy:  75.5951%  Train Loss:  0.559363   |   Test accuracy:  55.8889%  Test Loss:  1.873056
Minibatch:  221000  Train accuracy:  75.3457%  Train Loss:  0.565599   |   Test accuracy:  54.7778%  Test Loss:  1.813921
Minibatch:  222000  Train accuracy:  75.6049%  Train Loss:  0.563465   |   Test accuracy:  55.9111%  Test Loss:  1.885656
Minibatch:  223000  Train accuracy:  75.2346%  Train Loss:  0.568124   |   Test accuracy:  55.5556%  Test Loss:  1.842000
Minibatch:  224000  Train accuracy:  75.7679%  Train Loss:  0.556207   |   Test accuracy:  55.8889%  Test Loss:  1.925779
Minibatch:  225000  Train accuracy:  75.3235%  Train Loss:  0.562127   |   Test accuracy:  55.0222%  Test Loss:  1.917254
Minibatch:  226000  Train accuracy:  75.2099%  Train Loss:  0.570750   |   Test accuracy:  54.8000%  Test Loss:  1.851858
Minibatch:  227000  Train accuracy:  75.3679%  Train Loss:  0.561974   |   Test accuracy:  55.2000%  Test Loss:  1.899054
Minibatch:  228000  Train accuracy:  75.4198%  Train Loss:  0.559299   |   Test accuracy:  55.7111%  Test Loss:  1.917114
Minibatch:  229000  Train accuracy:  75.8840%  Train Loss:  0.557440   |   Test accuracy:  54.8889%  Test Loss:  1.952646
Minibatch:  230000  Train accuracy:  75.9630%  Train Loss:  0.554047   |   Test accuracy:  54.6000%  Test Loss:  1.916470
Minibatch:  231000  Train accuracy:  75.2074%  Train Loss:  0.564517   |   Test accuracy:  54.5556%  Test Loss:  1.868003
Minibatch:  232000  Train accuracy:  75.5136%  Train Loss:  0.560423   |   Test accuracy:  55.1778%  Test Loss:  1.908695
Minibatch:  233000  Train accuracy:  74.7901%  Train Loss:  0.576242   |   Test accuracy:  57.5778%  Test Loss:  1.917463
Minibatch:  234000  Train accuracy:  75.8691%  Train Loss:  0.556123   |   Test accuracy:  55.8667%  Test Loss:  1.913061
Minibatch:  235000  Train accuracy:  74.5481%  Train Loss:  0.573469   |   Test accuracy:  53.6000%  Test Loss:  1.912136
Minibatch:  236000  Train accuracy:  75.9506%  Train Loss:  0.553711   |   Test accuracy:  55.2667%  Test Loss:  1.926638
Minibatch:  237000  Train accuracy:  75.4395%  Train Loss:  0.558214   |   Test accuracy:  54.3111%  Test Loss:  1.886903
Minibatch:  238000  Train accuracy:  75.6568%  Train Loss:  0.557417   |   Test accuracy:  54.6222%  Test Loss:  1.979760
Minibatch:  239000  Train accuracy:  75.1481%  Train Loss:  0.564434   |   Test accuracy:  54.0222%  Test Loss:  1.954522
Minibatch:  240000  Train accuracy:  75.7605%  Train Loss:  0.556371   |   Test accuracy:  55.9333%  Test Loss:  2.010324
Minibatch:  241000  Train accuracy:  75.5531%  Train Loss:  0.559708   |   Test accuracy:  55.3778%  Test Loss:  1.888505
Minibatch:  242000  Train accuracy:  75.7358%  Train Loss:  0.558408   |   Test accuracy:  56.9333%  Test Loss:  1.967430
Minibatch:  243000  Train accuracy:  75.4074%  Train Loss:  0.562290   |   Test accuracy:  56.2222%  Test Loss:  2.018561
Minibatch:  244000  Train accuracy:  76.0420%  Train Loss:  0.550988   |   Test accuracy:  56.5778%  Test Loss:  1.990980
Minibatch:  245000  Train accuracy:  76.1062%  Train Loss:  0.552752   |   Test accuracy:  56.6444%  Test Loss:  1.956070
Minibatch:  246000  Train accuracy:  75.9383%  Train Loss:  0.553434   |   Test accuracy:  56.0667%  Test Loss:  1.970361
Minibatch:  247000  Train accuracy:  75.8840%  Train Loss:  0.557599   |   Test accuracy:  55.7778%  Test Loss:  1.975561
Minibatch:  248000  Train accuracy:  76.3926%  Train Loss:  0.545359   |   Test accuracy:  55.6667%  Test Loss:  2.007357
Minibatch:  249000  Train accuracy:  75.6667%  Train Loss:  0.560313   |   Test accuracy:  55.9778%  Test Loss:  2.117845
Minibatch:  250000  Train accuracy:  76.4889%  Train Loss:  0.542462   |   Test accuracy:  55.8889%  Test Loss:  1.996807
Minibatch:  251000  Train accuracy:  76.1654%  Train Loss:  0.547697   |   Test accuracy:  56.0667%  Test Loss:  2.030570
Minibatch:  252000  Train accuracy:  75.9506%  Train Loss:  0.552775   |   Test accuracy:  54.6222%  Test Loss:  2.006600
Minibatch:  253000  Train accuracy:  75.7161%  Train Loss:  0.554535   |   Test accuracy:  55.0000%  Test Loss:  1.996515
Minibatch:  254000  Train accuracy:  76.0148%  Train Loss:  0.551986   |   Test accuracy:  55.8667%  Test Loss:  2.039155
Minibatch:  255000  Train accuracy:  76.2494%  Train Loss:  0.548421   |   Test accuracy:  56.5111%  Test Loss:  2.034080
Minibatch:  256000  Train accuracy:  75.5383%  Train Loss:  0.560980   |   Test accuracy:  53.6444%  Test Loss:  2.074394
Minibatch:  257000  Train accuracy:  75.9185%  Train Loss:  0.548815   |   Test accuracy:  54.4222%  Test Loss:  2.079005
Minibatch:  258000  Train accuracy:  76.3333%  Train Loss:  0.544934   |   Test accuracy:  55.4222%  Test Loss:  2.054369
Minibatch:  259000  Train accuracy:  76.3161%  Train Loss:  0.545157   |   Test accuracy:  55.3111%  Test Loss:  2.072881
Minibatch:  260000  Train accuracy:  76.5086%  Train Loss:  0.540430   |   Test accuracy:  55.4444%  Test Loss:  2.079284
Minibatch:  261000  Train accuracy:  76.2198%  Train Loss:  0.549405   |   Test accuracy:  56.6222%  Test Loss:  2.112689
Minibatch:  262000  Train accuracy:  76.4296%  Train Loss:  0.542419   |   Test accuracy:  55.7111%  Test Loss:  2.111734
Minibatch:  263000  Train accuracy:  75.2469%  Train Loss:  0.559801   |   Test accuracy:  54.4222%  Test Loss:  2.135393
Minibatch:  264000  Train accuracy:  76.0617%  Train Loss:  0.547925   |   Test accuracy:  56.3333%  Test Loss:  2.128793
Minibatch:  265000  Train accuracy:  75.9012%  Train Loss:  0.551398   |   Test accuracy:  55.9778%  Test Loss:  2.194475
Minibatch:  266000  Train accuracy:  76.3407%  Train Loss:  0.544994   |   Test accuracy:  55.8444%  Test Loss:  2.240572
Minibatch:  267000  Train accuracy:  75.8494%  Train Loss:  0.551132   |   Test accuracy:  55.7778%  Test Loss:  2.163109
Minibatch:  268000  Train accuracy:  76.5951%  Train Loss:  0.540140   |   Test accuracy:  55.5778%  Test Loss:  2.077507
Minibatch:  269000  Train accuracy:  76.4469%  Train Loss:  0.541051   |   Test accuracy:  56.2444%  Test Loss:  2.129782
Minibatch:  270000  Train accuracy:  76.0667%  Train Loss:  0.544362   |   Test accuracy:  55.3778%  Test Loss:  2.172362
Minibatch:  271000  Train accuracy:  76.8444%  Train Loss:  0.537196   |   Test accuracy:  56.0889%  Test Loss:  2.122016
Minibatch:  272000  Train accuracy:  76.4840%  Train Loss:  0.541881   |   Test accuracy:  55.5778%  Test Loss:  2.133319
Minibatch:  273000  Train accuracy:  76.1951%  Train Loss:  0.544872   |   Test accuracy:  55.2222%  Test Loss:  2.219020
Minibatch:  274000  Train accuracy:  76.3086%  Train Loss:  0.547311   |   Test accuracy:  56.2444%  Test Loss:  2.176579
Minibatch:  275000  Train accuracy:  76.2963%  Train Loss:  0.542468   |   Test accuracy:  54.2667%  Test Loss:  2.243363
Minibatch:  276000  Train accuracy:  76.4074%  Train Loss:  0.541380   |   Test accuracy:  56.5556%  Test Loss:  2.226441
Minibatch:  277000  Train accuracy:  76.0444%  Train Loss:  0.543916   |   Test accuracy:  55.0667%  Test Loss:  2.291918
Minibatch:  278000  Train accuracy:  76.6741%  Train Loss:  0.536489   |   Test accuracy:  55.0889%  Test Loss:  2.229676
Minibatch:  279000  Train accuracy:  75.8494%  Train Loss:  0.544650   |   Test accuracy:  53.6444%  Test Loss:  2.201897
Minibatch:  280000  Train accuracy:  76.2321%  Train Loss:  0.544336   |   Test accuracy:  56.3556%  Test Loss:  2.231648
Minibatch:  281000  Train accuracy:  76.2889%  Train Loss:  0.543905   |   Test accuracy:  54.9333%  Test Loss:  2.288915
Minibatch:  282000  Train accuracy:  77.0864%  Train Loss:  0.531706   |   Test accuracy:  55.8444%  Test Loss:  2.192588
Minibatch:  283000  Train accuracy:  76.4963%  Train Loss:  0.539263   |   Test accuracy:  56.3111%  Test Loss:  2.315054
Minibatch:  284000  Train accuracy:  77.2198%  Train Loss:  0.529172   |   Test accuracy:  55.4222%  Test Loss:  2.261835
Minibatch:  285000  Train accuracy:  76.1630%  Train Loss:  0.548100   |   Test accuracy:  55.9556%  Test Loss:  2.205107
Minibatch:  286000  Train accuracy:  76.8049%  Train Loss:  0.534054   |   Test accuracy:  55.5111%  Test Loss:  2.268994
Minibatch:  287000  Train accuracy:  75.6914%  Train Loss:  0.547787   |   Test accuracy:  53.9333%  Test Loss:  2.363168
Minibatch:  288000  Train accuracy:  76.3580%  Train Loss:  0.542184   |   Test accuracy:  55.6000%  Test Loss:  2.322860
Minibatch:  289000  Train accuracy:  76.7407%  Train Loss:  0.533387   |   Test accuracy:  55.3111%  Test Loss:  2.297075
Minibatch:  290000  Train accuracy:  76.6765%  Train Loss:  0.534158   |   Test accuracy:  55.4667%  Test Loss:  2.331754
Minibatch:  291000  Train accuracy:  76.6988%  Train Loss:  0.535698   |   Test accuracy:  56.0667%  Test Loss:  2.212986
Minibatch:  292000  Train accuracy:  76.9556%  Train Loss:  0.531608   |   Test accuracy:  55.6222%  Test Loss:  2.323378
Minibatch:  293000  Train accuracy:  76.8864%  Train Loss:  0.534522   |   Test accuracy:  55.5778%  Test Loss:  2.333496
Minibatch:  294000  Train accuracy:  77.0395%  Train Loss:  0.534103   |   Test accuracy:  55.4667%  Test Loss:  2.330191
Minibatch:  295000  Train accuracy:  77.0568%  Train Loss:  0.529556   |   Test accuracy:  55.4667%  Test Loss:  2.316542
Minibatch:  296000  Train accuracy:  76.6519%  Train Loss:  0.537741   |   Test accuracy:  56.0000%  Test Loss:  2.434621
Minibatch:  297000  Train accuracy:  76.4296%  Train Loss:  0.540458   |   Test accuracy:  56.4000%  Test Loss:  2.443327
Minibatch:  298000  Train accuracy:  77.2963%  Train Loss:  0.526897   |   Test accuracy:  56.2667%  Test Loss:  2.324033
Minibatch:  299000  Train accuracy:  77.2321%  Train Loss:  0.526494   |   Test accuracy:  55.7333%  Test Loss:  2.380666
