... read data
Train      shapes: x:  (54000, 96, 96, 1)  y:  (54000, 5)
Validation shapes: x:  (6000, 96, 96, 1)  y:  (6000, 5)
Original   Training Action Distribution:  [(26503, 0), (10503, 1), (5658, 2), (11057, 3), (279, 4)]
Original Validation Action Distribution:  [(2808, 0), (1338, 1), (603, 2), (1241, 3), (10, 4)]
Data resampled to  75.0 %
New      Train shapes: x:  (40500, 96, 96, 1)  y:  (40500, 5)
New Validation shapes: x:  (4500, 96, 96, 1)  y:  (4500, 5)
Original   Training Action Distribution:  [(15553, 0), (9354, 1), (5576, 2), (9738, 3), (279, 4)]
Original Validation Action Distribution:  [(1660, 0), (1142, 1), (593, 2), (1095, 3), (10, 4)]
... train model
Minibatch:  0  Train accuracy:  25.0840%  Train Loss:  421.441759   |   Test accuracy:  25.4000%  Test Loss:  413.771773
Minibatch:  1000  Train accuracy:  56.3951%  Train Loss:  6.806466   |   Test accuracy:  56.5556%  Test Loss:  7.899054
Minibatch:  2000  Train accuracy:  63.0469%  Train Loss:  4.756548   |   Test accuracy:  62.6667%  Test Loss:  5.503142
Minibatch:  3000  Train accuracy:  66.0321%  Train Loss:  4.394778   |   Test accuracy:  63.3556%  Test Loss:  5.489250
Minibatch:  4000  Train accuracy:  60.6444%  Train Loss:  4.510677   |   Test accuracy:  59.9778%  Test Loss:  5.238529
Minibatch:  5000  Train accuracy:  65.0593%  Train Loss:  3.038446   |   Test accuracy:  62.6444%  Test Loss:  4.137868
Minibatch:  6000  Train accuracy:  66.5580%  Train Loss:  2.853556   |   Test accuracy:  62.8000%  Test Loss:  3.877924
Minibatch:  7000  Train accuracy:  68.4568%  Train Loss:  2.426563   |   Test accuracy:  65.7111%  Test Loss:  3.313152
Minibatch:  8000  Train accuracy:  68.9951%  Train Loss:  2.089005   |   Test accuracy:  65.3778%  Test Loss:  3.204591
Minibatch:  9000  Train accuracy:  71.7778%  Train Loss:  1.999323   |   Test accuracy:  66.7556%  Test Loss:  3.070598
Minibatch:  10000  Train accuracy:  72.3654%  Train Loss:  2.041065   |   Test accuracy:  67.2667%  Test Loss:  3.093698
Minibatch:  11000  Train accuracy:  63.0420%  Train Loss:  2.702787   |   Test accuracy:  60.5778%  Test Loss:  3.741559
Minibatch:  12000  Train accuracy:  73.2173%  Train Loss:  2.068601   |   Test accuracy:  68.9111%  Test Loss:  3.126733
Minibatch:  13000  Train accuracy:  74.0963%  Train Loss:  1.582115   |   Test accuracy:  68.8889%  Test Loss:  2.595203
Minibatch:  14000  Train accuracy:  68.8938%  Train Loss:  2.020066   |   Test accuracy:  65.1111%  Test Loss:  3.124139
Minibatch:  15000  Train accuracy:  66.2593%  Train Loss:  2.322844   |   Test accuracy:  62.6889%  Test Loss:  3.290208
Minibatch:  16000  Train accuracy:  75.8642%  Train Loss:  1.432222   |   Test accuracy:  69.1333%  Test Loss:  2.616331
Minibatch:  17000  Train accuracy:  72.7654%  Train Loss:  1.445261   |   Test accuracy:  66.1778%  Test Loss:  2.602195
Minibatch:  18000  Train accuracy:  74.4444%  Train Loss:  1.478530   |   Test accuracy:  68.0222%  Test Loss:  2.644000
Minibatch:  19000  Train accuracy:  66.9580%  Train Loss:  2.115272   |   Test accuracy:  62.2444%  Test Loss:  3.142018
Minibatch:  20000  Train accuracy:  75.7161%  Train Loss:  1.127154   |   Test accuracy:  69.1778%  Test Loss:  2.277176
Minibatch:  21000  Train accuracy:  75.5185%  Train Loss:  1.333233   |   Test accuracy:  69.3333%  Test Loss:  2.418837
Minibatch:  22000  Train accuracy:  74.3481%  Train Loss:  1.555378   |   Test accuracy:  67.7778%  Test Loss:  2.778288
Minibatch:  23000  Train accuracy:  77.1210%  Train Loss:  1.045542   |   Test accuracy:  68.7333%  Test Loss:  2.243861
Minibatch:  24000  Train accuracy:  76.9259%  Train Loss:  0.990519   |   Test accuracy:  68.6889%  Test Loss:  2.158363
Minibatch:  25000  Train accuracy:  70.5062%  Train Loss:  1.356667   |   Test accuracy:  64.4667%  Test Loss:  2.445269
Minibatch:  26000  Train accuracy:  78.1333%  Train Loss:  0.945191   |   Test accuracy:  69.3556%  Test Loss:  2.139565
Minibatch:  27000  Train accuracy:  76.7926%  Train Loss:  1.294327   |   Test accuracy:  69.6000%  Test Loss:  2.488021
Minibatch:  28000  Train accuracy:  75.8395%  Train Loss:  1.323034   |   Test accuracy:  69.0000%  Test Loss:  2.523871
Minibatch:  29000  Train accuracy:  75.3086%  Train Loss:  1.446697   |   Test accuracy:  67.2222%  Test Loss:  2.696987
Minibatch:  30000  Train accuracy:  78.7062%  Train Loss:  0.877432   |   Test accuracy:  69.1111%  Test Loss:  2.070405
Minibatch:  31000  Train accuracy:  75.9877%  Train Loss:  0.939165   |   Test accuracy:  67.7111%  Test Loss:  2.078584
Minibatch:  32000  Train accuracy:  78.9926%  Train Loss:  0.847399   |   Test accuracy:  69.3111%  Test Loss:  2.048435
Minibatch:  33000  Train accuracy:  74.4617%  Train Loss:  1.026072   |   Test accuracy:  65.7333%  Test Loss:  2.154697
Minibatch:  34000  Train accuracy:  78.6272%  Train Loss:  0.874010   |   Test accuracy:  68.6667%  Test Loss:  2.106278
Minibatch:  35000  Train accuracy:  76.1630%  Train Loss:  1.296577   |   Test accuracy:  67.6000%  Test Loss:  2.574305
Minibatch:  36000  Train accuracy:  69.4074%  Train Loss:  1.509339   |   Test accuracy:  64.1778%  Test Loss:  2.456292
Minibatch:  37000  Train accuracy:  73.4247%  Train Loss:  1.029474   |   Test accuracy:  65.8667%  Test Loss:  2.139441
Minibatch:  38000  Train accuracy:  78.9481%  Train Loss:  0.801577   |   Test accuracy:  68.4889%  Test Loss:  2.026719
Minibatch:  39000  Train accuracy:  80.0988%  Train Loss:  0.763284   |   Test accuracy:  68.9556%  Test Loss:  1.976367
Minibatch:  40000  Train accuracy:  79.1556%  Train Loss:  0.882845   |   Test accuracy:  69.5778%  Test Loss:  2.126744
Minibatch:  41000  Train accuracy:  76.1136%  Train Loss:  0.859052   |   Test accuracy:  66.2444%  Test Loss:  1.964619
Minibatch:  42000  Train accuracy:  81.1556%  Train Loss:  0.630831   |   Test accuracy:  68.6667%  Test Loss:  1.857530
Minibatch:  43000  Train accuracy:  80.1506%  Train Loss:  0.716136   |   Test accuracy:  68.9111%  Test Loss:  1.954087
Minibatch:  44000  Train accuracy:  81.6864%  Train Loss:  0.653042   |   Test accuracy:  69.3111%  Test Loss:  1.889148
Minibatch:  45000  Train accuracy:  80.3457%  Train Loss:  0.626800   |   Test accuracy:  68.3111%  Test Loss:  1.818287
Minibatch:  46000  Train accuracy:  77.7704%  Train Loss:  0.697588   |   Test accuracy:  66.3333%  Test Loss:  1.930690
Minibatch:  47000  Train accuracy:  76.8889%  Train Loss:  0.776562   |   Test accuracy:  66.0222%  Test Loss:  1.923641
Minibatch:  48000  Train accuracy:  78.2938%  Train Loss:  0.877025   |   Test accuracy:  68.2000%  Test Loss:  2.157586
Minibatch:  49000  Train accuracy:  82.1333%  Train Loss:  0.556175   |   Test accuracy:  68.6222%  Test Loss:  1.815781
Minibatch:  50000  Train accuracy:  82.2074%  Train Loss:  0.568150   |   Test accuracy:  69.0444%  Test Loss:  1.835967
Minibatch:  51000  Train accuracy:  83.2963%  Train Loss:  0.511315   |   Test accuracy:  69.5111%  Test Loss:  1.750688
Minibatch:  52000  Train accuracy:  80.0469%  Train Loss:  0.596611   |   Test accuracy:  67.0444%  Test Loss:  1.788150
Minibatch:  53000  Train accuracy:  83.3580%  Train Loss:  0.505185   |   Test accuracy:  69.0667%  Test Loss:  1.757250
Minibatch:  54000  Train accuracy:  78.6593%  Train Loss:  0.635190   |   Test accuracy:  65.8667%  Test Loss:  1.850871
Minibatch:  55000  Train accuracy:  83.9284%  Train Loss:  0.468709   |   Test accuracy:  69.2889%  Test Loss:  1.732461
Minibatch:  56000  Train accuracy:  84.0494%  Train Loss:  0.450488   |   Test accuracy:  68.4444%  Test Loss:  1.717685
Minibatch:  57000  Train accuracy:  81.4173%  Train Loss:  0.514787   |   Test accuracy:  67.0000%  Test Loss:  1.798667
Minibatch:  58000  Train accuracy:  80.0889%  Train Loss:  0.591262   |   Test accuracy:  66.5333%  Test Loss:  1.790709
Minibatch:  59000  Train accuracy:  81.7506%  Train Loss:  0.504664   |   Test accuracy:  67.5778%  Test Loss:  1.747514
Minibatch:  60000  Train accuracy:  83.4099%  Train Loss:  0.461944   |   Test accuracy:  68.3111%  Test Loss:  1.731804
Minibatch:  61000  Train accuracy:  83.8790%  Train Loss:  0.437673   |   Test accuracy:  68.1111%  Test Loss:  1.734878
Minibatch:  62000  Train accuracy:  85.1062%  Train Loss:  0.404084   |   Test accuracy:  69.1111%  Test Loss:  1.689282
Minibatch:  63000  Train accuracy:  85.4395%  Train Loss:  0.406355   |   Test accuracy:  68.4889%  Test Loss:  1.704067
Minibatch:  64000  Train accuracy:  84.7556%  Train Loss:  0.411612   |   Test accuracy:  68.1778%  Test Loss:  1.729792
Minibatch:  65000  Train accuracy:  86.0099%  Train Loss:  0.383825   |   Test accuracy:  69.0889%  Test Loss:  1.689083
Minibatch:  66000  Train accuracy:  79.2716%  Train Loss:  0.575947   |   Test accuracy:  65.5778%  Test Loss:  1.809133
Minibatch:  67000  Train accuracy:  83.9210%  Train Loss:  0.430981   |   Test accuracy:  68.5778%  Test Loss:  1.748570
Minibatch:  68000  Train accuracy:  86.2667%  Train Loss:  0.364749   |   Test accuracy:  68.8000%  Test Loss:  1.691522
Minibatch:  69000  Train accuracy:  84.7309%  Train Loss:  0.435099   |   Test accuracy:  68.4667%  Test Loss:  1.760028
Minibatch:  70000  Train accuracy:  87.0889%  Train Loss:  0.339929   |   Test accuracy:  68.9333%  Test Loss:  1.683438
Minibatch:  71000  Train accuracy:  77.9580%  Train Loss:  0.646569   |   Test accuracy:  65.3778%  Test Loss:  1.892684
Minibatch:  72000  Train accuracy:  85.4988%  Train Loss:  0.369165   |   Test accuracy:  67.5333%  Test Loss:  1.715808
Minibatch:  73000  Train accuracy:  87.6543%  Train Loss:  0.318086   |   Test accuracy:  68.6889%  Test Loss:  1.672533
Minibatch:  74000  Train accuracy:  87.4988%  Train Loss:  0.329663   |   Test accuracy:  69.4000%  Test Loss:  1.710044
Minibatch:  75000  Train accuracy:  84.3185%  Train Loss:  0.452602   |   Test accuracy:  68.0444%  Test Loss:  1.864081
Minibatch:  76000  Train accuracy:  88.9877%  Train Loss:  0.286402   |   Test accuracy:  68.9556%  Test Loss:  1.661586
Minibatch:  77000  Train accuracy:  88.4198%  Train Loss:  0.299316   |   Test accuracy:  67.8667%  Test Loss:  1.695114
Minibatch:  78000  Train accuracy:  88.9012%  Train Loss:  0.282924   |   Test accuracy:  68.8889%  Test Loss:  1.688940
Minibatch:  79000  Train accuracy:  86.2593%  Train Loss:  0.335328   |   Test accuracy:  66.9778%  Test Loss:  1.704592
Minibatch:  80000  Train accuracy:  88.5086%  Train Loss:  0.291908   |   Test accuracy:  67.8889%  Test Loss:  1.690029
Minibatch:  81000  Train accuracy:  86.6864%  Train Loss:  0.366036   |   Test accuracy:  68.4667%  Test Loss:  1.832035
Minibatch:  82000  Train accuracy:  90.0173%  Train Loss:  0.258931   |   Test accuracy:  68.6667%  Test Loss:  1.689110
Minibatch:  83000  Train accuracy:  87.0198%  Train Loss:  0.310307   |   Test accuracy:  68.2222%  Test Loss:  1.708067
Minibatch:  84000  Train accuracy:  87.4543%  Train Loss:  0.323456   |   Test accuracy:  69.3333%  Test Loss:  1.776174
Minibatch:  85000  Train accuracy:  89.1062%  Train Loss:  0.275380   |   Test accuracy:  67.7333%  Test Loss:  1.727083
Minibatch:  86000  Train accuracy:  90.3728%  Train Loss:  0.246194   |   Test accuracy:  68.6000%  Test Loss:  1.723204
Minibatch:  87000  Train accuracy:  90.6543%  Train Loss:  0.234867   |   Test accuracy:  68.9556%  Test Loss:  1.688011
Minibatch:  88000  Train accuracy:  90.6568%  Train Loss:  0.238260   |   Test accuracy:  68.3778%  Test Loss:  1.672684
Minibatch:  89000  Train accuracy:  90.9506%  Train Loss:  0.230776   |   Test accuracy:  68.2000%  Test Loss:  1.687533
Minibatch:  90000  Train accuracy:  92.0519%  Train Loss:  0.210692   |   Test accuracy:  68.7778%  Test Loss:  1.697692
Minibatch:  91000  Train accuracy:  91.1728%  Train Loss:  0.222654   |   Test accuracy:  68.7111%  Test Loss:  1.723417
Minibatch:  92000  Train accuracy:  88.1407%  Train Loss:  0.303777   |   Test accuracy:  67.6889%  Test Loss:  1.864360
Minibatch:  93000  Train accuracy:  91.7457%  Train Loss:  0.210108   |   Test accuracy:  69.1333%  Test Loss:  1.730442
Minibatch:  94000  Train accuracy:  90.3753%  Train Loss:  0.242694   |   Test accuracy:  68.3556%  Test Loss:  1.824943
Minibatch:  95000  Train accuracy:  92.2346%  Train Loss:  0.202316   |   Test accuracy:  69.1556%  Test Loss:  1.749583
Minibatch:  96000  Train accuracy:  86.2148%  Train Loss:  0.341718   |   Test accuracy:  68.8889%  Test Loss:  1.906444
Minibatch:  97000  Train accuracy:  92.6420%  Train Loss:  0.189187   |   Test accuracy:  68.8222%  Test Loss:  1.725400
Minibatch:  98000  Train accuracy:  86.3926%  Train Loss:  0.328678   |   Test accuracy:  66.4444%  Test Loss:  1.834209
Minibatch:  99000  Train accuracy:  85.5951%  Train Loss:  0.394291   |   Test accuracy:  68.2667%  Test Loss:  2.028676
Minibatch:  100000  Train accuracy:  93.3309%  Train Loss:  0.175344   |   Test accuracy:  68.0222%  Test Loss:  1.744545
Minibatch:  101000  Train accuracy:  92.3111%  Train Loss:  0.195465   |   Test accuracy:  68.3556%  Test Loss:  1.745280
Minibatch:  102000  Train accuracy:  92.5679%  Train Loss:  0.188929   |   Test accuracy:  67.6444%  Test Loss:  1.777662
Minibatch:  103000  Train accuracy:  92.5531%  Train Loss:  0.188281   |   Test accuracy:  68.6444%  Test Loss:  1.840422
Minibatch:  104000  Train accuracy:  93.7333%  Train Loss:  0.167370   |   Test accuracy:  68.9556%  Test Loss:  1.795897
Minibatch:  105000  Train accuracy:  93.3605%  Train Loss:  0.173874   |   Test accuracy:  67.9778%  Test Loss:  1.815909
Minibatch:  106000  Train accuracy:  92.8420%  Train Loss:  0.183551   |   Test accuracy:  67.3111%  Test Loss:  1.815100
Minibatch:  107000  Train accuracy:  91.4617%  Train Loss:  0.207785   |   Test accuracy:  69.1778%  Test Loss:  1.860836
Minibatch:  108000  Train accuracy:  94.3259%  Train Loss:  0.154556   |   Test accuracy:  67.9556%  Test Loss:  1.791268
Minibatch:  109000  Train accuracy:  94.1630%  Train Loss:  0.154583   |   Test accuracy:  68.4000%  Test Loss:  1.842973
Minibatch:  110000  Train accuracy:  94.8148%  Train Loss:  0.145572   |   Test accuracy:  68.1333%  Test Loss:  1.815303
Minibatch:  111000  Train accuracy:  94.7432%  Train Loss:  0.142174   |   Test accuracy:  69.2222%  Test Loss:  1.862267
Minibatch:  112000  Train accuracy:  94.2938%  Train Loss:  0.152299   |   Test accuracy:  68.0000%  Test Loss:  1.858510
Minibatch:  113000  Train accuracy:  95.3531%  Train Loss:  0.132513   |   Test accuracy:  68.6222%  Test Loss:  1.851956
Minibatch:  114000  Train accuracy:  94.5951%  Train Loss:  0.142764   |   Test accuracy:  69.0444%  Test Loss:  1.897621
Minibatch:  115000  Train accuracy:  94.5136%  Train Loss:  0.141116   |   Test accuracy:  68.8222%  Test Loss:  1.895837
Minibatch:  116000  Train accuracy:  95.1877%  Train Loss:  0.135444   |   Test accuracy:  68.9111%  Test Loss:  1.898019
Minibatch:  117000  Train accuracy:  95.9333%  Train Loss:  0.119257   |   Test accuracy:  68.4889%  Test Loss:  1.887018
Minibatch:  118000  Train accuracy:  92.1407%  Train Loss:  0.188753   |   Test accuracy:  68.8222%  Test Loss:  1.993514
Minibatch:  119000  Train accuracy:  94.5062%  Train Loss:  0.137842   |   Test accuracy:  69.2444%  Test Loss:  1.970795
Minibatch:  120000  Train accuracy:  93.8420%  Train Loss:  0.159208   |   Test accuracy:  67.5111%  Test Loss:  1.926316
Minibatch:  121000  Train accuracy:  95.2840%  Train Loss:  0.128908   |   Test accuracy:  67.6667%  Test Loss:  1.909313
Minibatch:  122000  Train accuracy:  96.6346%  Train Loss:  0.107080   |   Test accuracy:  68.3333%  Test Loss:  1.960530
Minibatch:  123000  Train accuracy:  96.5827%  Train Loss:  0.106596   |   Test accuracy:  69.1333%  Test Loss:  1.957377
Minibatch:  124000  Train accuracy:  97.0543%  Train Loss:  0.099134   |   Test accuracy:  68.2222%  Test Loss:  1.974912
Minibatch:  125000  Train accuracy:  96.5407%  Train Loss:  0.104291   |   Test accuracy:  68.4889%  Test Loss:  1.992656
Minibatch:  126000  Train accuracy:  96.6667%  Train Loss:  0.101668   |   Test accuracy:  69.0444%  Test Loss:  2.012919
Minibatch:  127000  Train accuracy:  96.7803%  Train Loss:  0.100140   |   Test accuracy:  68.0000%  Test Loss:  1.978862
Minibatch:  128000  Train accuracy:  97.3185%  Train Loss:  0.091125   |   Test accuracy:  68.1556%  Test Loss:  1.987226
Minibatch:  129000  Train accuracy:  96.0346%  Train Loss:  0.111633   |   Test accuracy:  68.3556%  Test Loss:  2.023380
Minibatch:  130000  Train accuracy:  96.9111%  Train Loss:  0.095037   |   Test accuracy:  67.6889%  Test Loss:  2.040112
Minibatch:  131000  Train accuracy:  97.3457%  Train Loss:  0.087261   |   Test accuracy:  69.3111%  Test Loss:  2.062505
Minibatch:  132000  Train accuracy:  96.8667%  Train Loss:  0.093854   |   Test accuracy:  67.7111%  Test Loss:  2.048811
Minibatch:  133000  Train accuracy:  97.3407%  Train Loss:  0.086269   |   Test accuracy:  67.5778%  Test Loss:  2.023996
Minibatch:  134000  Train accuracy:  96.7457%  Train Loss:  0.093587   |   Test accuracy:  69.0667%  Test Loss:  2.139327
Minibatch:  135000  Train accuracy:  97.1654%  Train Loss:  0.085618   |   Test accuracy:  69.3333%  Test Loss:  2.100094
Minibatch:  136000  Train accuracy:  94.5951%  Train Loss:  0.130785   |   Test accuracy:  68.3556%  Test Loss:  2.187962
Minibatch:  137000  Train accuracy:  95.7580%  Train Loss:  0.104300   |   Test accuracy:  69.4667%  Test Loss:  2.175077
Minibatch:  138000  Train accuracy:  97.2642%  Train Loss:  0.084737   |   Test accuracy:  67.7556%  Test Loss:  2.144379
Minibatch:  139000  Train accuracy:  98.3407%  Train Loss:  0.070365   |   Test accuracy:  67.9111%  Test Loss:  2.139925
Minibatch:  140000  Train accuracy:  98.1235%  Train Loss:  0.069406   |   Test accuracy:  67.7333%  Test Loss:  2.184090
Minibatch:  141000  Train accuracy:  98.2420%  Train Loss:  0.072476   |   Test accuracy:  67.8222%  Test Loss:  2.179506
Minibatch:  142000  Train accuracy:  98.5951%  Train Loss:  0.060123   |   Test accuracy:  68.4444%  Test Loss:  2.176255
Minibatch:  143000  Train accuracy:  96.6938%  Train Loss:  0.087454   |   Test accuracy:  68.2667%  Test Loss:  2.273853
Minibatch:  144000  Train accuracy:  98.1580%  Train Loss:  0.066105   |   Test accuracy:  69.2000%  Test Loss:  2.201681
Minibatch:  145000  Train accuracy:  97.5259%  Train Loss:  0.074680   |   Test accuracy:  68.4222%  Test Loss:  2.247451
Minibatch:  146000  Train accuracy:  98.2370%  Train Loss:  0.066636   |   Test accuracy:  69.0222%  Test Loss:  2.214530
Minibatch:  147000  Train accuracy:  99.0840%  Train Loss:  0.052532   |   Test accuracy:  68.0667%  Test Loss:  2.210396
Minibatch:  148000  Train accuracy:  98.6074%  Train Loss:  0.055803   |   Test accuracy:  68.0667%  Test Loss:  2.233939
Minibatch:  149000  Train accuracy:  99.0370%  Train Loss:  0.049641   |   Test accuracy:  68.5556%  Test Loss:  2.249659
Minibatch:  150000  Train accuracy:  98.6519%  Train Loss:  0.054963   |   Test accuracy:  68.0667%  Test Loss:  2.237852
Minibatch:  151000  Train accuracy:  98.7580%  Train Loss:  0.052824   |   Test accuracy:  68.6222%  Test Loss:  2.294264
Minibatch:  152000  Train accuracy:  98.6938%  Train Loss:  0.051779   |   Test accuracy:  68.9111%  Test Loss:  2.302662
Minibatch:  153000  Train accuracy:  97.6889%  Train Loss:  0.066935   |   Test accuracy:  68.9556%  Test Loss:  2.346643
Minibatch:  154000  Train accuracy:  98.9704%  Train Loss:  0.046783   |   Test accuracy:  69.1556%  Test Loss:  2.335479
Minibatch:  155000  Train accuracy:  99.0667%  Train Loss:  0.045908   |   Test accuracy:  68.2222%  Test Loss:  2.340276
Minibatch:  156000  Train accuracy:  98.6815%  Train Loss:  0.054975   |   Test accuracy:  67.6889%  Test Loss:  2.342529
Minibatch:  157000  Train accuracy:  98.6198%  Train Loss:  0.054094   |   Test accuracy:  67.2667%  Test Loss:  2.325297
Minibatch:  158000  Train accuracy:  99.3506%  Train Loss:  0.039144   |   Test accuracy:  68.0444%  Test Loss:  2.340882
Minibatch:  159000  Train accuracy:  98.7407%  Train Loss:  0.047422   |   Test accuracy:  68.7778%  Test Loss:  2.419436
Minibatch:  160000  Train accuracy:  98.6272%  Train Loss:  0.056158   |   Test accuracy:  68.4222%  Test Loss:  2.401069
Minibatch:  161000  Train accuracy:  99.3728%  Train Loss:  0.037972   |   Test accuracy:  68.1778%  Test Loss:  2.396678
Minibatch:  162000  Train accuracy:  98.9778%  Train Loss:  0.044978   |   Test accuracy:  67.7778%  Test Loss:  2.413595
Minibatch:  163000  Train accuracy:  99.6124%  Train Loss:  0.032943   |   Test accuracy:  68.3111%  Test Loss:  2.418047
Minibatch:  164000  Train accuracy:  99.5432%  Train Loss:  0.032771   |   Test accuracy:  68.3111%  Test Loss:  2.438533
Minibatch:  165000  Train accuracy:  99.4617%  Train Loss:  0.037139   |   Test accuracy:  67.8889%  Test Loss:  2.452385
Minibatch:  166000  Train accuracy:  99.1284%  Train Loss:  0.039755   |   Test accuracy:  68.4667%  Test Loss:  2.527412
Minibatch:  167000  Train accuracy:  99.5407%  Train Loss:  0.033109   |   Test accuracy:  68.1778%  Test Loss:  2.422672
Minibatch:  168000  Train accuracy:  99.6642%  Train Loss:  0.027916   |   Test accuracy:  68.4222%  Test Loss:  2.468279
Minibatch:  169000  Train accuracy:  99.6469%  Train Loss:  0.030225   |   Test accuracy:  68.5333%  Test Loss:  2.512151
Minibatch:  170000  Train accuracy:  99.1951%  Train Loss:  0.038698   |   Test accuracy:  67.5778%  Test Loss:  2.528891
Minibatch:  171000  Train accuracy:  99.5062%  Train Loss:  0.030912   |   Test accuracy:  68.2667%  Test Loss:  2.492873
Minibatch:  172000  Train accuracy:  99.5358%  Train Loss:  0.031192   |   Test accuracy:  68.3333%  Test Loss:  2.514984
Minibatch:  173000  Train accuracy:  99.6963%  Train Loss:  0.026063   |   Test accuracy:  68.5778%  Test Loss:  2.558253
Minibatch:  174000  Train accuracy:  98.9062%  Train Loss:  0.041884   |   Test accuracy:  68.5556%  Test Loss:  2.609550
Minibatch:  175000  Train accuracy:  99.1482%  Train Loss:  0.037867   |   Test accuracy:  68.4889%  Test Loss:  2.578011
Minibatch:  176000  Train accuracy:  99.5901%  Train Loss:  0.027397   |   Test accuracy:  68.0889%  Test Loss:  2.634112
Minibatch:  177000  Train accuracy:  99.7383%  Train Loss:  0.022670   |   Test accuracy:  68.2222%  Test Loss:  2.629739
Minibatch:  178000  Train accuracy:  99.8198%  Train Loss:  0.021918   |   Test accuracy:  68.3556%  Test Loss:  2.623104
Minibatch:  179000  Train accuracy:  99.6494%  Train Loss:  0.025681   |   Test accuracy:  67.8000%  Test Loss:  2.664716
Minibatch:  180000  Train accuracy:  99.8445%  Train Loss:  0.019171   |   Test accuracy:  68.3778%  Test Loss:  2.643650
Minibatch:  181000  Train accuracy:  99.8321%  Train Loss:  0.021226   |   Test accuracy:  67.9778%  Test Loss:  2.653384
Minibatch:  182000  Train accuracy:  99.7852%  Train Loss:  0.021754   |   Test accuracy:  67.9778%  Test Loss:  2.697256
Minibatch:  183000  Train accuracy:  99.8198%  Train Loss:  0.021321   |   Test accuracy:  67.8444%  Test Loss:  2.648458
Minibatch:  184000  Train accuracy:  99.7827%  Train Loss:  0.020021   |   Test accuracy:  67.8889%  Test Loss:  2.690908
Minibatch:  185000  Train accuracy:  99.6321%  Train Loss:  0.026396   |   Test accuracy:  68.0222%  Test Loss:  2.745228
Minibatch:  186000  Train accuracy:  99.7161%  Train Loss:  0.026784   |   Test accuracy:  67.8222%  Test Loss:  2.695857
Minibatch:  187000  Train accuracy:  99.8321%  Train Loss:  0.018696   |   Test accuracy:  68.5333%  Test Loss:  2.743954
Minibatch:  188000  Train accuracy:  99.8691%  Train Loss:  0.017745   |   Test accuracy:  68.4667%  Test Loss:  2.756330
Minibatch:  189000  Train accuracy:  99.6222%  Train Loss:  0.023992   |   Test accuracy:  68.9556%  Test Loss:  2.840450
Minibatch:  190000  Train accuracy:  99.5753%  Train Loss:  0.025457   |   Test accuracy:  67.5111%  Test Loss:  2.779161
Minibatch:  191000  Train accuracy:  99.9111%  Train Loss:  0.014059   |   Test accuracy:  68.2000%  Test Loss:  2.780704
Minibatch:  192000  Train accuracy:  98.7654%  Train Loss:  0.042400   |   Test accuracy:  68.3778%  Test Loss:  2.944238
Minibatch:  193000  Train accuracy:  99.8667%  Train Loss:  0.016946   |   Test accuracy:  67.9333%  Test Loss:  2.806710
Minibatch:  194000  Train accuracy:  99.4963%  Train Loss:  0.028826   |   Test accuracy:  68.4889%  Test Loss:  2.806871
Minibatch:  195000  Train accuracy:  99.8494%  Train Loss:  0.019682   |   Test accuracy:  68.2444%  Test Loss:  2.816773
Minibatch:  196000  Train accuracy:  99.8691%  Train Loss:  0.014507   |   Test accuracy:  68.0444%  Test Loss:  2.853747
Minibatch:  197000  Train accuracy:  99.8222%  Train Loss:  0.017694   |   Test accuracy:  68.5556%  Test Loss:  2.913872
Minibatch:  198000  Train accuracy:  99.6766%  Train Loss:  0.023485   |   Test accuracy:  68.2222%  Test Loss:  2.867249
Minibatch:  199000  Train accuracy:  99.9087%  Train Loss:  0.012900   |   Test accuracy:  68.2889%  Test Loss:  2.868063
Minibatch:  200000  Train accuracy:  99.8988%  Train Loss:  0.012264   |   Test accuracy:  68.1778%  Test Loss:  2.883084
Minibatch:  201000  Train accuracy:  99.9210%  Train Loss:  0.011907   |   Test accuracy:  68.5333%  Test Loss:  2.933081
Minibatch:  202000  Train accuracy:  99.8963%  Train Loss:  0.013973   |   Test accuracy:  68.0222%  Test Loss:  2.920387
Minibatch:  203000  Train accuracy:  99.9062%  Train Loss:  0.012750   |   Test accuracy:  68.1778%  Test Loss:  2.928920
Minibatch:  204000  Train accuracy:  99.7111%  Train Loss:  0.019522   |   Test accuracy:  68.0667%  Test Loss:  2.932628
Minibatch:  205000  Train accuracy:  97.7136%  Train Loss:  0.058274   |   Test accuracy:  68.7111%  Test Loss:  3.162011
Minibatch:  206000  Train accuracy:  99.7926%  Train Loss:  0.020058   |   Test accuracy:  68.1333%  Test Loss:  3.031825
Minibatch:  207000  Train accuracy:  98.9827%  Train Loss:  0.034336   |   Test accuracy:  68.4667%  Test Loss:  3.129299
Minibatch:  208000  Train accuracy:  99.8938%  Train Loss:  0.014664   |   Test accuracy:  67.8667%  Test Loss:  3.001358
Minibatch:  209000  Train accuracy:  99.8988%  Train Loss:  0.013656   |   Test accuracy:  68.4667%  Test Loss:  3.055965
Minibatch:  210000  Train accuracy:  99.8741%  Train Loss:  0.013300   |   Test accuracy:  67.9111%  Test Loss:  2.982887
Minibatch:  211000  Train accuracy:  99.9087%  Train Loss:  0.009781   |   Test accuracy:  68.1556%  Test Loss:  3.023135
Minibatch:  212000  Train accuracy:  99.9062%  Train Loss:  0.011560   |   Test accuracy:  68.2222%  Test Loss:  3.026134
Minibatch:  213000  Train accuracy:  99.8346%  Train Loss:  0.015157   |   Test accuracy:  68.0667%  Test Loss:  3.079230
Minibatch:  214000  Train accuracy:  99.7556%  Train Loss:  0.015990   |   Test accuracy:  67.6889%  Test Loss:  3.059056
Minibatch:  215000  Train accuracy:  99.9037%  Train Loss:  0.012825   |   Test accuracy:  68.3111%  Test Loss:  3.074665
Minibatch:  216000  Train accuracy:  99.9210%  Train Loss:  0.010601   |   Test accuracy:  68.6222%  Test Loss:  3.096219
Minibatch:  217000  Train accuracy:  99.2988%  Train Loss:  0.025345   |   Test accuracy:  67.8889%  Test Loss:  3.134294
Minibatch:  218000  Train accuracy:  99.8840%  Train Loss:  0.011436   |   Test accuracy:  68.8222%  Test Loss:  3.076341
Minibatch:  219000  Train accuracy:  99.9185%  Train Loss:  0.009936   |   Test accuracy:  68.0444%  Test Loss:  3.134298
Minibatch:  220000  Train accuracy:  99.6667%  Train Loss:  0.018891   |   Test accuracy:  68.6000%  Test Loss:  3.234160
Minibatch:  221000  Train accuracy:  99.9259%  Train Loss:  0.008156   |   Test accuracy:  68.7333%  Test Loss:  3.119851
Minibatch:  222000  Train accuracy:  99.9210%  Train Loss:  0.007586   |   Test accuracy:  68.7556%  Test Loss:  3.140140
Minibatch:  223000  Train accuracy:  99.9309%  Train Loss:  0.007824   |   Test accuracy:  68.0667%  Test Loss:  3.128743
Minibatch:  224000  Train accuracy:  99.9161%  Train Loss:  0.008404   |   Test accuracy:  68.0000%  Test Loss:  3.154512
Minibatch:  225000  Train accuracy:  99.8494%  Train Loss:  0.013063   |   Test accuracy:  69.2222%  Test Loss:  3.198411
Minibatch:  226000  Train accuracy:  99.9309%  Train Loss:  0.008262   |   Test accuracy:  68.4444%  Test Loss:  3.173412
Minibatch:  227000  Train accuracy:  99.4617%  Train Loss:  0.021425   |   Test accuracy:  68.3778%  Test Loss:  3.306375
Minibatch:  228000  Train accuracy:  99.9383%  Train Loss:  0.008733   |   Test accuracy:  67.8222%  Test Loss:  3.191138
Minibatch:  229000  Train accuracy:  99.9259%  Train Loss:  0.009568   |   Test accuracy:  68.2889%  Test Loss:  3.194220
Minibatch:  230000  Train accuracy:  99.9333%  Train Loss:  0.009198   |   Test accuracy:  67.8444%  Test Loss:  3.196708
Minibatch:  231000  Train accuracy:  99.9358%  Train Loss:  0.005987   |   Test accuracy:  68.4889%  Test Loss:  3.186934
Minibatch:  232000  Train accuracy:  99.9087%  Train Loss:  0.008723   |   Test accuracy:  68.1778%  Test Loss:  3.197595
Minibatch:  233000  Train accuracy:  99.6296%  Train Loss:  0.021649   |   Test accuracy:  67.5556%  Test Loss:  3.239964
Minibatch:  234000  Train accuracy:  99.8124%  Train Loss:  0.018073   |   Test accuracy:  67.9333%  Test Loss:  3.262761
Minibatch:  235000  Train accuracy:  99.8667%  Train Loss:  0.010907   |   Test accuracy:  67.6889%  Test Loss:  3.311748
Minibatch:  236000  Train accuracy:  99.9432%  Train Loss:  0.007342   |   Test accuracy:  68.8000%  Test Loss:  3.312894
Minibatch:  237000  Train accuracy:  97.0716%  Train Loss:  0.071727   |   Test accuracy:  66.4667%  Test Loss:  3.374709
Minibatch:  238000  Train accuracy:  99.8593%  Train Loss:  0.012287   |   Test accuracy:  69.1111%  Test Loss:  3.360270
Minibatch:  239000  Train accuracy:  99.8938%  Train Loss:  0.009149   |   Test accuracy:  68.3333%  Test Loss:  3.288316
Minibatch:  240000  Train accuracy:  99.9309%  Train Loss:  0.006784   |   Test accuracy:  68.4667%  Test Loss:  3.293354
Minibatch:  241000  Train accuracy:  99.9259%  Train Loss:  0.008837   |   Test accuracy:  68.8000%  Test Loss:  3.304298
Minibatch:  242000  Train accuracy:  99.9383%  Train Loss:  0.006524   |   Test accuracy:  68.7111%  Test Loss:  3.307981
Minibatch:  243000  Train accuracy:  99.9432%  Train Loss:  0.005060   |   Test accuracy:  68.3111%  Test Loss:  3.335699
Minibatch:  244000  Train accuracy:  99.8790%  Train Loss:  0.009675   |   Test accuracy:  68.4000%  Test Loss:  3.340668
Minibatch:  245000  Train accuracy:  99.8840%  Train Loss:  0.009540   |   Test accuracy:  68.6222%  Test Loss:  3.339020
Minibatch:  246000  Train accuracy:  99.9136%  Train Loss:  0.008150   |   Test accuracy:  68.2000%  Test Loss:  3.326745
Minibatch:  247000  Train accuracy:  99.8840%  Train Loss:  0.010581   |   Test accuracy:  68.4444%  Test Loss:  3.348973
Minibatch:  248000  Train accuracy:  99.9482%  Train Loss:  0.004803   |   Test accuracy:  68.7111%  Test Loss:  3.362299
Minibatch:  249000  Train accuracy:  99.9383%  Train Loss:  0.007361   |   Test accuracy:  68.5111%  Test Loss:  3.365082
Minibatch:  250000  Train accuracy:  99.9161%  Train Loss:  0.008281   |   Test accuracy:  68.2222%  Test Loss:  3.377451
Minibatch:  251000  Train accuracy:  99.9284%  Train Loss:  0.005594   |   Test accuracy:  68.7556%  Test Loss:  3.325367
Minibatch:  252000  Train accuracy:  99.9383%  Train Loss:  0.007338   |   Test accuracy:  68.6667%  Test Loss:  3.375950
Minibatch:  253000  Train accuracy:  99.9037%  Train Loss:  0.008093   |   Test accuracy:  68.3333%  Test Loss:  3.354516
Minibatch:  254000  Train accuracy:  99.9161%  Train Loss:  0.009919   |   Test accuracy:  67.9556%  Test Loss:  3.377522
Minibatch:  255000  Train accuracy:  99.9358%  Train Loss:  0.004764   |   Test accuracy:  68.8000%  Test Loss:  3.360377
Minibatch:  256000  Train accuracy:  99.8370%  Train Loss:  0.012495   |   Test accuracy:  68.2667%  Test Loss:  3.407519
Minibatch:  257000  Train accuracy:  99.7407%  Train Loss:  0.014627   |   Test accuracy:  68.6444%  Test Loss:  3.500123
Minibatch:  258000  Train accuracy:  99.8815%  Train Loss:  0.008523   |   Test accuracy:  67.8889%  Test Loss:  3.389216
Minibatch:  259000  Train accuracy:  99.9457%  Train Loss:  0.004736   |   Test accuracy:  68.2444%  Test Loss:  3.392224
Minibatch:  260000  Train accuracy:  99.9383%  Train Loss:  0.005816   |   Test accuracy:  68.6667%  Test Loss:  3.450038
Minibatch:  261000  Train accuracy:  99.9037%  Train Loss:  0.007951   |   Test accuracy:  68.4667%  Test Loss:  3.454072
Minibatch:  262000  Train accuracy:  99.8222%  Train Loss:  0.012450   |   Test accuracy:  68.0222%  Test Loss:  3.458481
Minibatch:  263000  Train accuracy:  99.9432%  Train Loss:  0.005003   |   Test accuracy:  68.1778%  Test Loss:  3.432477
Minibatch:  264000  Train accuracy:  99.9358%  Train Loss:  0.006042   |   Test accuracy:  68.8222%  Test Loss:  3.460087
Minibatch:  265000  Train accuracy:  99.6494%  Train Loss:  0.024974   |   Test accuracy:  68.5333%  Test Loss:  3.474839
Minibatch:  266000  Train accuracy:  99.8049%  Train Loss:  0.012088   |   Test accuracy:  68.6667%  Test Loss:  3.442499
Minibatch:  267000  Train accuracy:  99.9383%  Train Loss:  0.004562   |   Test accuracy:  68.4889%  Test Loss:  3.471476
Minibatch:  268000  Train accuracy:  99.9210%  Train Loss:  0.007493   |   Test accuracy:  68.8667%  Test Loss:  3.488835
Minibatch:  269000  Train accuracy:  99.8889%  Train Loss:  0.009016   |   Test accuracy:  68.1556%  Test Loss:  3.591381
Minibatch:  270000  Train accuracy:  99.8543%  Train Loss:  0.010748   |   Test accuracy:  68.4889%  Test Loss:  3.491613
Minibatch:  271000  Train accuracy:  99.8494%  Train Loss:  0.009362   |   Test accuracy:  67.9333%  Test Loss:  3.493750
Minibatch:  272000  Train accuracy:  99.9185%  Train Loss:  0.007804   |   Test accuracy:  68.8222%  Test Loss:  3.574569
Minibatch:  273000  Train accuracy:  99.8642%  Train Loss:  0.009027   |   Test accuracy:  69.0000%  Test Loss:  3.467569
Minibatch:  274000  Train accuracy:  99.9408%  Train Loss:  0.004998   |   Test accuracy:  68.8444%  Test Loss:  3.485251
Minibatch:  275000  Train accuracy:  99.8691%  Train Loss:  0.009393   |   Test accuracy:  68.7333%  Test Loss:  3.523091
Minibatch:  276000  Train accuracy:  99.9235%  Train Loss:  0.005741   |   Test accuracy:  68.8000%  Test Loss:  3.516359
Minibatch:  277000  Train accuracy:  99.9284%  Train Loss:  0.004898   |   Test accuracy:  68.6444%  Test Loss:  3.511100
Minibatch:  278000  Train accuracy:  99.8691%  Train Loss:  0.008976   |   Test accuracy:  68.4667%  Test Loss:  3.530562
Minibatch:  279000  Train accuracy:  99.8716%  Train Loss:  0.008131   |   Test accuracy:  68.8889%  Test Loss:  3.471570
Minibatch:  280000  Train accuracy:  99.9136%  Train Loss:  0.007165   |   Test accuracy:  68.8222%  Test Loss:  3.521037
Minibatch:  281000  Train accuracy:  99.9432%  Train Loss:  0.005210   |   Test accuracy:  67.9556%  Test Loss:  3.552731
Minibatch:  282000  Train accuracy:  97.3136%  Train Loss:  0.069966   |   Test accuracy:  67.1111%  Test Loss:  3.646743
Minibatch:  283000  Train accuracy:  99.9161%  Train Loss:  0.006478   |   Test accuracy:  68.5556%  Test Loss:  3.549957
Minibatch:  284000  Train accuracy:  99.8198%  Train Loss:  0.011562   |   Test accuracy:  68.6444%  Test Loss:  3.592421
Minibatch:  285000  Train accuracy:  99.9506%  Train Loss:  0.003445   |   Test accuracy:  68.6444%  Test Loss:  3.538495
Minibatch:  286000  Train accuracy:  99.8741%  Train Loss:  0.008303   |   Test accuracy:  68.2000%  Test Loss:  3.566063
Minibatch:  287000  Train accuracy:  99.8840%  Train Loss:  0.011160   |   Test accuracy:  68.4222%  Test Loss:  3.620888
Minibatch:  288000  Train accuracy:  99.8889%  Train Loss:  0.009227   |   Test accuracy:  68.6444%  Test Loss:  3.599509
Minibatch:  289000  Train accuracy:  99.9210%  Train Loss:  0.009507   |   Test accuracy:  68.1778%  Test Loss:  3.573459
Minibatch:  290000  Train accuracy:  99.9482%  Train Loss:  0.004317   |   Test accuracy:  68.6667%  Test Loss:  3.645226
Minibatch:  291000  Train accuracy:  99.9259%  Train Loss:  0.006814   |   Test accuracy:  69.0222%  Test Loss:  3.644388
Minibatch:  292000  Train accuracy:  99.9062%  Train Loss:  0.010209   |   Test accuracy:  68.3778%  Test Loss:  3.609904
Minibatch:  293000  Train accuracy:  99.9284%  Train Loss:  0.006929   |   Test accuracy:  68.4222%  Test Loss:  3.639383
Minibatch:  294000  Train accuracy:  99.9482%  Train Loss:  0.004445   |   Test accuracy:  68.6667%  Test Loss:  3.627414
Minibatch:  295000  Train accuracy:  99.9358%  Train Loss:  0.005480   |   Test accuracy:  68.3778%  Test Loss:  3.634105
Minibatch:  296000  Train accuracy:  99.9185%  Train Loss:  0.006697   |   Test accuracy:  68.6444%  Test Loss:  3.689840
Minibatch:  297000  Train accuracy:  99.9037%  Train Loss:  0.008421   |   Test accuracy:  68.6889%  Test Loss:  3.668172
Minibatch:  298000  Train accuracy:  99.9136%  Train Loss:  0.006709   |   Test accuracy:  68.5556%  Test Loss:  3.718200
Minibatch:  299000  Train accuracy:  99.9111%  Train Loss:  0.007505   |   Test accuracy:  68.6889%  Test Loss:  3.726504
Minibatch:  300000  Train accuracy:  99.9235%  Train Loss:  0.007683   |   Test accuracy:  68.4444%  Test Loss:  3.687558
Minibatch:  301000  Train accuracy:  99.9383%  Train Loss:  0.004959   |   Test accuracy:  68.4222%  Test Loss:  3.671717
Minibatch:  302000  Train accuracy:  99.6716%  Train Loss:  0.015851   |   Test accuracy:  68.1778%  Test Loss:  3.726538
Minibatch:  303000  Train accuracy:  99.9432%  Train Loss:  0.004776   |   Test accuracy:  68.9333%  Test Loss:  3.668725
Minibatch:  304000  Train accuracy:  99.9161%  Train Loss:  0.006389   |   Test accuracy:  68.9111%  Test Loss:  3.703814
Minibatch:  305000  Train accuracy:  99.9284%  Train Loss:  0.004965   |   Test accuracy:  68.7333%  Test Loss:  3.710547
Minibatch:  306000  Train accuracy:  99.9432%  Train Loss:  0.004499   |   Test accuracy:  68.3111%  Test Loss:  3.673795
Minibatch:  307000  Train accuracy:  97.7580%  Train Loss:  0.066907   |   Test accuracy:  68.7111%  Test Loss:  3.963832
Minibatch:  308000  Train accuracy:  99.9210%  Train Loss:  0.005142   |   Test accuracy:  69.1111%  Test Loss:  3.670826
Minibatch:  309000  Train accuracy:  99.9408%  Train Loss:  0.004411   |   Test accuracy:  68.7111%  Test Loss:  3.738520
Minibatch:  310000  Train accuracy:  99.9309%  Train Loss:  0.005863   |   Test accuracy:  69.3778%  Test Loss:  3.752777
Minibatch:  311000  Train accuracy:  99.9087%  Train Loss:  0.006786   |   Test accuracy:  68.3778%  Test Loss:  3.719686
Minibatch:  312000  Train accuracy:  99.9309%  Train Loss:  0.003940   |   Test accuracy:  68.6444%  Test Loss:  3.727392
Minibatch:  313000  Train accuracy:  99.9259%  Train Loss:  0.005173   |   Test accuracy:  68.6889%  Test Loss:  3.721979
Minibatch:  314000  Train accuracy:  99.9408%  Train Loss:  0.004447   |   Test accuracy:  69.1111%  Test Loss:  3.693813
Minibatch:  315000  Train accuracy:  99.9309%  Train Loss:  0.006831   |   Test accuracy:  68.5778%  Test Loss:  3.720272
Minibatch:  316000  Train accuracy:  99.9482%  Train Loss:  0.004284   |   Test accuracy:  68.5556%  Test Loss:  3.695664
Minibatch:  317000  Train accuracy:  99.3580%  Train Loss:  0.020870   |   Test accuracy:  68.9111%  Test Loss:  3.860748
Minibatch:  318000  Train accuracy:  99.9111%  Train Loss:  0.008091   |   Test accuracy:  68.8444%  Test Loss:  3.738859
Minibatch:  319000  Train accuracy:  99.9185%  Train Loss:  0.004450   |   Test accuracy:  68.9333%  Test Loss:  3.758310
Minibatch:  320000  Train accuracy:  99.9383%  Train Loss:  0.005829   |   Test accuracy:  68.8444%  Test Loss:  3.785049
Minibatch:  321000  Train accuracy:  99.9457%  Train Loss:  0.004312   |   Test accuracy:  68.8889%  Test Loss:  3.777981
Minibatch:  322000  Train accuracy:  99.8914%  Train Loss:  0.009282   |   Test accuracy:  68.7111%  Test Loss:  3.782175
Minibatch:  323000  Train accuracy:  99.9210%  Train Loss:  0.006381   |   Test accuracy:  68.7556%  Test Loss:  3.817463
Minibatch:  324000  Train accuracy:  99.9556%  Train Loss:  0.003844   |   Test accuracy:  68.7778%  Test Loss:  3.823203
Minibatch:  325000  Train accuracy:  99.9012%  Train Loss:  0.006085   |   Test accuracy:  68.8000%  Test Loss:  3.828660
Minibatch:  326000  Train accuracy:  99.7951%  Train Loss:  0.010797   |   Test accuracy:  68.9778%  Test Loss:  3.804140
Minibatch:  327000  Train accuracy:  99.9210%  Train Loss:  0.007070   |   Test accuracy:  68.3333%  Test Loss:  3.826128
Minibatch:  328000  Train accuracy:  99.9432%  Train Loss:  0.003964   |   Test accuracy:  69.1333%  Test Loss:  3.781613
Minibatch:  329000  Train accuracy:  99.9111%  Train Loss:  0.005937   |   Test accuracy:  68.6667%  Test Loss:  3.795159
Minibatch:  330000  Train accuracy:  99.9333%  Train Loss:  0.004632   |   Test accuracy:  69.1556%  Test Loss:  3.793046
Minibatch:  331000  Train accuracy:  99.9408%  Train Loss:  0.004644   |   Test accuracy:  69.4667%  Test Loss:  3.802992
Minibatch:  332000  Train accuracy:  99.9556%  Train Loss:  0.003434   |   Test accuracy:  68.6889%  Test Loss:  3.799372
Minibatch:  333000  Train accuracy:  99.9161%  Train Loss:  0.004917   |   Test accuracy:  68.9333%  Test Loss:  3.787923
Minibatch:  334000  Train accuracy:  99.9482%  Train Loss:  0.003477   |   Test accuracy:  69.1333%  Test Loss:  3.814410
Minibatch:  335000  Train accuracy:  99.9333%  Train Loss:  0.003556   |   Test accuracy:  68.8222%  Test Loss:  3.816112
Minibatch:  336000  Train accuracy:  99.9136%  Train Loss:  0.006021   |   Test accuracy:  69.1333%  Test Loss:  3.890072
Minibatch:  337000  Train accuracy:  99.9605%  Train Loss:  0.002812   |   Test accuracy:  68.8889%  Test Loss:  3.873106
Minibatch:  338000  Train accuracy:  99.9408%  Train Loss:  0.004986   |   Test accuracy:  68.8667%  Test Loss:  3.935708
Minibatch:  339000  Train accuracy:  99.9432%  Train Loss:  0.003306   |   Test accuracy:  69.7556%  Test Loss:  3.816334
Minibatch:  340000  Train accuracy:  99.9161%  Train Loss:  0.005301   |   Test accuracy:  68.9333%  Test Loss:  3.841407
Minibatch:  341000  Train accuracy:  99.9111%  Train Loss:  0.005394   |   Test accuracy:  69.0444%  Test Loss:  3.886518
Minibatch:  342000  Train accuracy:  99.9333%  Train Loss:  0.004237   |   Test accuracy:  68.9333%  Test Loss:  3.823191
Minibatch:  343000  Train accuracy:  99.9309%  Train Loss:  0.005292   |   Test accuracy:  69.0222%  Test Loss:  3.883671
Minibatch:  344000  Train accuracy:  99.9408%  Train Loss:  0.003999   |   Test accuracy:  68.9778%  Test Loss:  3.877633
Minibatch:  345000  Train accuracy:  99.9111%  Train Loss:  0.008548   |   Test accuracy:  69.2444%  Test Loss:  4.021456
Minibatch:  346000  Train accuracy:  99.9408%  Train Loss:  0.003445   |   Test accuracy:  69.1556%  Test Loss:  3.881931
Minibatch:  347000  Train accuracy:  99.9333%  Train Loss:  0.004530   |   Test accuracy:  68.8222%  Test Loss:  3.885424
Minibatch:  348000  Train accuracy:  99.9333%  Train Loss:  0.003734   |   Test accuracy:  68.4889%  Test Loss:  3.835996
Minibatch:  349000  Train accuracy:  99.9506%  Train Loss:  0.003751   |   Test accuracy:  68.9333%  Test Loss:  3.897769
Minibatch:  350000  Train accuracy:  99.9531%  Train Loss:  0.003465   |   Test accuracy:  68.6444%  Test Loss:  3.840651
Minibatch:  351000  Train accuracy:  99.8914%  Train Loss:  0.007586   |   Test accuracy:  68.2889%  Test Loss:  3.919680
Minibatch:  352000  Train accuracy:  98.1284%  Train Loss:  0.049881   |   Test accuracy:  69.1111%  Test Loss:  4.037290
Minibatch:  353000  Train accuracy:  99.9062%  Train Loss:  0.007075   |   Test accuracy:  68.2444%  Test Loss:  3.935863
Minibatch:  354000  Train accuracy:  99.7728%  Train Loss:  0.011219   |   Test accuracy:  68.6889%  Test Loss:  3.935398
Minibatch:  355000  Train accuracy:  99.9309%  Train Loss:  0.004138   |   Test accuracy:  69.1778%  Test Loss:  3.846648
Minibatch:  356000  Train accuracy:  99.9383%  Train Loss:  0.004763   |   Test accuracy:  69.1556%  Test Loss:  3.889446
Minibatch:  357000  Train accuracy:  99.9087%  Train Loss:  0.006809   |   Test accuracy:  68.8444%  Test Loss:  3.851260
Minibatch:  358000  Train accuracy:  99.9333%  Train Loss:  0.005341   |   Test accuracy:  68.6222%  Test Loss:  3.960907
Minibatch:  359000  Train accuracy:  99.9185%  Train Loss:  0.008075   |   Test accuracy:  68.4667%  Test Loss:  3.916314
Minibatch:  360000  Train accuracy:  99.8914%  Train Loss:  0.006662   |   Test accuracy:  68.4000%  Test Loss:  3.937634
Minibatch:  361000  Train accuracy:  99.9235%  Train Loss:  0.005742   |   Test accuracy:  68.2000%  Test Loss:  3.950939
Minibatch:  362000  Train accuracy:  99.9185%  Train Loss:  0.004268   |   Test accuracy:  68.4889%  Test Loss:  3.963163
Minibatch:  363000  Train accuracy:  99.8519%  Train Loss:  0.010822   |   Test accuracy:  67.5778%  Test Loss:  3.981087
Minibatch:  364000  Train accuracy:  99.9457%  Train Loss:  0.004520   |   Test accuracy:  69.0222%  Test Loss:  3.931775
Minibatch:  365000  Train accuracy:  99.9284%  Train Loss:  0.003677   |   Test accuracy:  68.3111%  Test Loss:  3.917563
Minibatch:  366000  Train accuracy:  99.9556%  Train Loss:  0.002426   |   Test accuracy:  68.7778%  Test Loss:  3.914720
Minibatch:  367000  Train accuracy:  99.9556%  Train Loss:  0.003285   |   Test accuracy:  68.9556%  Test Loss:  3.943643
Minibatch:  368000  Train accuracy:  99.8519%  Train Loss:  0.010840   |   Test accuracy:  68.8889%  Test Loss:  4.106076
Minibatch:  369000  Train accuracy:  99.9210%  Train Loss:  0.004792   |   Test accuracy:  68.9111%  Test Loss:  3.999562
Minibatch:  370000  Train accuracy:  99.7432%  Train Loss:  0.010919   |   Test accuracy:  68.5778%  Test Loss:  3.959742
Minibatch:  371000  Train accuracy:  99.9284%  Train Loss:  0.003552   |   Test accuracy:  68.2667%  Test Loss:  3.990626
Minibatch:  372000  Train accuracy:  99.4124%  Train Loss:  0.019892   |   Test accuracy:  68.7111%  Test Loss:  4.200689
Minibatch:  373000  Train accuracy:  99.9284%  Train Loss:  0.005160   |   Test accuracy:  69.1333%  Test Loss:  4.041591
Minibatch:  374000  Train accuracy:  99.9309%  Train Loss:  0.005004   |   Test accuracy:  68.1333%  Test Loss:  3.988188
Minibatch:  375000  Train accuracy:  99.9235%  Train Loss:  0.004889   |   Test accuracy:  68.5333%  Test Loss:  3.982255
Minibatch:  376000  Train accuracy:  99.9408%  Train Loss:  0.003243   |   Test accuracy:  68.9111%  Test Loss:  4.033422
Minibatch:  377000  Train accuracy:  99.9432%  Train Loss:  0.003976   |   Test accuracy:  69.1778%  Test Loss:  4.035593
Minibatch:  378000  Train accuracy:  99.9580%  Train Loss:  0.003360   |   Test accuracy:  68.7556%  Test Loss:  4.037175
Minibatch:  379000  Train accuracy:  99.9531%  Train Loss:  0.003341   |   Test accuracy:  68.6444%  Test Loss:  4.058798
Minibatch:  380000  Train accuracy:  99.8840%  Train Loss:  0.007830   |   Test accuracy:  69.0222%  Test Loss:  4.190603
Minibatch:  381000  Train accuracy:  99.9383%  Train Loss:  0.004280   |   Test accuracy:  68.3111%  Test Loss:  4.055080
Minibatch:  382000  Train accuracy:  99.9259%  Train Loss:  0.006930   |   Test accuracy:  68.4000%  Test Loss:  4.001755
Minibatch:  383000  Train accuracy:  97.3309%  Train Loss:  0.068086   |   Test accuracy:  67.0222%  Test Loss:  4.121451
Minibatch:  384000  Train accuracy:  99.9333%  Train Loss:  0.006233   |   Test accuracy:  69.2667%  Test Loss:  4.078519
Minibatch:  385000  Train accuracy:  99.9408%  Train Loss:  0.004268   |   Test accuracy:  68.4667%  Test Loss:  4.068350
Minibatch:  386000  Train accuracy:  99.9457%  Train Loss:  0.003240   |   Test accuracy:  68.7111%  Test Loss:  4.106164
Minibatch:  387000  Train accuracy:  99.9506%  Train Loss:  0.003394   |   Test accuracy:  68.7556%  Test Loss:  4.019603
Minibatch:  388000  Train accuracy:  99.9185%  Train Loss:  0.004846   |   Test accuracy:  69.0667%  Test Loss:  4.026045
Minibatch:  389000  Train accuracy:  99.9556%  Train Loss:  0.002789   |   Test accuracy:  68.6889%  Test Loss:  4.054330
Minibatch:  390000  Train accuracy:  99.9012%  Train Loss:  0.005452   |   Test accuracy:  68.7333%  Test Loss:  4.091808
Minibatch:  391000  Train accuracy:  99.8617%  Train Loss:  0.008194   |   Test accuracy:  69.0889%  Test Loss:  4.110361
Minibatch:  392000  Train accuracy:  99.9432%  Train Loss:  0.003666   |   Test accuracy:  69.1556%  Test Loss:  4.104673
Minibatch:  393000  Train accuracy:  99.9284%  Train Loss:  0.004575   |   Test accuracy:  68.5111%  Test Loss:  4.059035
Minibatch:  394000  Train accuracy:  99.7778%  Train Loss:  0.009943   |   Test accuracy:  69.5333%  Test Loss:  4.125546
Minibatch:  395000  Train accuracy:  99.9185%  Train Loss:  0.007160   |   Test accuracy:  68.6667%  Test Loss:  4.102169
Minibatch:  396000  Train accuracy:  99.9383%  Train Loss:  0.004575   |   Test accuracy:  68.7333%  Test Loss:  4.197064
Minibatch:  397000  Train accuracy:  99.9457%  Train Loss:  0.004016   |   Test accuracy:  69.1556%  Test Loss:  4.034755
Minibatch:  398000  Train accuracy:  99.0395%  Train Loss:  0.025645   |   Test accuracy:  69.5556%  Test Loss:  4.203399
Minibatch:  399000  Train accuracy:  99.9506%  Train Loss:  0.002845   |   Test accuracy:  68.6667%  Test Loss:  4.085703
Minibatch:  400000  Train accuracy:  99.9185%  Train Loss:  0.006317   |   Test accuracy:  68.8444%  Test Loss:  4.092405
Minibatch:  401000  Train accuracy:  99.9531%  Train Loss:  0.004272   |   Test accuracy:  68.3778%  Test Loss:  4.023596
Minibatch:  402000  Train accuracy:  99.9284%  Train Loss:  0.004596   |   Test accuracy:  68.7333%  Test Loss:  4.075041
Minibatch:  403000  Train accuracy:  99.9087%  Train Loss:  0.005894   |   Test accuracy:  68.8000%  Test Loss:  4.127288
Minibatch:  404000  Train accuracy:  99.8840%  Train Loss:  0.005294   |   Test accuracy:  68.7556%  Test Loss:  4.080765
Minibatch:  405000  Train accuracy:  99.9012%  Train Loss:  0.004923   |   Test accuracy:  69.0667%  Test Loss:  4.078684
Minibatch:  406000  Train accuracy:  99.5333%  Train Loss:  0.015019   |   Test accuracy:  70.2444%  Test Loss:  4.187834
Minibatch:  407000  Train accuracy:  99.9284%  Train Loss:  0.005039   |   Test accuracy:  68.8000%  Test Loss:  4.031655
Minibatch:  408000  Train accuracy:  99.9383%  Train Loss:  0.004437   |   Test accuracy:  69.1111%  Test Loss:  4.141044
Minibatch:  409000  Train accuracy:  99.9259%  Train Loss:  0.003826   |   Test accuracy:  69.0889%  Test Loss:  4.109334
Minibatch:  410000  Train accuracy:  99.9309%  Train Loss:  0.004077   |   Test accuracy:  69.2444%  Test Loss:  4.121008
Minibatch:  411000  Train accuracy:  99.9210%  Train Loss:  0.006279   |   Test accuracy:  69.2889%  Test Loss:  4.153574
Minibatch:  412000  Train accuracy:  99.9333%  Train Loss:  0.004933   |   Test accuracy:  69.0000%  Test Loss:  4.136657
Minibatch:  413000  Train accuracy:  99.9333%  Train Loss:  0.003479   |   Test accuracy:  69.2889%  Test Loss:  4.217352
Minibatch:  414000  Train accuracy:  99.9062%  Train Loss:  0.006810   |   Test accuracy:  69.4222%  Test Loss:  4.113636
Minibatch:  415000  Train accuracy:  99.8766%  Train Loss:  0.007837   |   Test accuracy:  69.0000%  Test Loss:  4.186761
Minibatch:  416000  Train accuracy:  99.9605%  Train Loss:  0.002834   |   Test accuracy:  68.8444%  Test Loss:  4.057111
Minibatch:  417000  Train accuracy:  99.9136%  Train Loss:  0.007172   |   Test accuracy:  68.5778%  Test Loss:  4.133517
Minibatch:  418000  Train accuracy:  99.9235%  Train Loss:  0.005216   |   Test accuracy:  68.4889%  Test Loss:  4.152832
Minibatch:  419000  Train accuracy:  99.9408%  Train Loss:  0.005349   |   Test accuracy:  68.8889%  Test Loss:  4.134989
Minibatch:  420000  Train accuracy:  99.9185%  Train Loss:  0.004338   |   Test accuracy:  69.3556%  Test Loss:  4.126596
Minibatch:  421000  Train accuracy:  99.9408%  Train Loss:  0.003099   |   Test accuracy:  68.2889%  Test Loss:  4.059669
Minibatch:  422000  Train accuracy:  99.9284%  Train Loss:  0.004473   |   Test accuracy:  68.8000%  Test Loss:  4.139892
Minibatch:  423000  Train accuracy:  99.9087%  Train Loss:  0.005767   |   Test accuracy:  68.8000%  Test Loss:  4.145665
Minibatch:  424000  Train accuracy:  99.7654%  Train Loss:  0.008792   |   Test accuracy:  69.1111%  Test Loss:  4.186076
Minibatch:  425000  Train accuracy:  99.9482%  Train Loss:  0.003258   |   Test accuracy:  69.0444%  Test Loss:  4.106918
Minibatch:  426000  Train accuracy:  99.9235%  Train Loss:  0.005679   |   Test accuracy:  68.3778%  Test Loss:  4.160738
Minibatch:  427000  Train accuracy:  99.9556%  Train Loss:  0.004051   |   Test accuracy:  68.6889%  Test Loss:  4.221242
Minibatch:  428000  Train accuracy:  99.9482%  Train Loss:  0.002711   |   Test accuracy:  68.9333%  Test Loss:  4.148644
Minibatch:  429000  Train accuracy:  99.9432%  Train Loss:  0.002716   |   Test accuracy:  68.9111%  Test Loss:  4.102040
Minibatch:  430000  Train accuracy:  99.9580%  Train Loss:  0.002365   |   Test accuracy:  68.8222%  Test Loss:  4.133165
Minibatch:  431000  Train accuracy:  99.9432%  Train Loss:  0.003334   |   Test accuracy:  69.2667%  Test Loss:  4.171262
Minibatch:  432000  Train accuracy:  99.9309%  Train Loss:  0.003462   |   Test accuracy:  69.4444%  Test Loss:  4.169736
Minibatch:  433000  Train accuracy:  99.7926%  Train Loss:  0.012643   |   Test accuracy:  68.2222%  Test Loss:  4.123705
Minibatch:  434000  Train accuracy:  99.9358%  Train Loss:  0.004149   |   Test accuracy:  68.2889%  Test Loss:  4.301520
Minibatch:  435000  Train accuracy:  99.9556%  Train Loss:  0.002389   |   Test accuracy:  69.1333%  Test Loss:  4.204798
Minibatch:  436000  Train accuracy:  99.9235%  Train Loss:  0.005008   |   Test accuracy:  68.7778%  Test Loss:  4.243656
Minibatch:  437000  Train accuracy:  99.9309%  Train Loss:  0.004450   |   Test accuracy:  68.5333%  Test Loss:  4.192256
Minibatch:  438000  Train accuracy:  99.9161%  Train Loss:  0.005234   |   Test accuracy:  68.8889%  Test Loss:  4.228156
Minibatch:  439000  Train accuracy:  99.9506%  Train Loss:  0.003231   |   Test accuracy:  68.9333%  Test Loss:  4.208842
Minibatch:  440000  Train accuracy:  99.9383%  Train Loss:  0.004685   |   Test accuracy:  68.6667%  Test Loss:  4.242813
Minibatch:  441000  Train accuracy:  99.6815%  Train Loss:  0.014082   |   Test accuracy:  67.8444%  Test Loss:  4.287063
Minibatch:  442000  Train accuracy:  99.9383%  Train Loss:  0.004159   |   Test accuracy:  68.7778%  Test Loss:  4.276232
Minibatch:  443000  Train accuracy:  99.9556%  Train Loss:  0.002598   |   Test accuracy:  69.0667%  Test Loss:  4.226762
Minibatch:  444000  Train accuracy:  99.9383%  Train Loss:  0.003201   |   Test accuracy:  68.7556%  Test Loss:  4.193508
Minibatch:  445000  Train accuracy:  99.9284%  Train Loss:  0.004644   |   Test accuracy:  68.5333%  Test Loss:  4.246331
Minibatch:  446000  Train accuracy:  99.9136%  Train Loss:  0.005245   |   Test accuracy:  68.2444%  Test Loss:  4.257022
Minibatch:  447000  Train accuracy:  99.7827%  Train Loss:  0.008647   |   Test accuracy:  68.7111%  Test Loss:  4.206665
Minibatch:  448000  Train accuracy:  99.9235%  Train Loss:  0.005106   |   Test accuracy:  68.4000%  Test Loss:  4.369211
Minibatch:  449000  Train accuracy:  99.9506%  Train Loss:  0.002620   |   Test accuracy:  68.5333%  Test Loss:  4.251567
Minibatch:  450000  Train accuracy:  99.8296%  Train Loss:  0.009427   |   Test accuracy:  68.3778%  Test Loss:  4.263143
Minibatch:  451000  Train accuracy:  99.9309%  Train Loss:  0.003096   |   Test accuracy:  68.2222%  Test Loss:  4.258939
Minibatch:  452000  Train accuracy:  99.9408%  Train Loss:  0.003139   |   Test accuracy:  68.7333%  Test Loss:  4.259076
Minibatch:  453000  Train accuracy:  99.9259%  Train Loss:  0.005486   |   Test accuracy:  68.4667%  Test Loss:  4.325513
Minibatch:  454000  Train accuracy:  99.9506%  Train Loss:  0.002557   |   Test accuracy:  68.8000%  Test Loss:  4.273323
Minibatch:  455000  Train accuracy:  99.9531%  Train Loss:  0.003169   |   Test accuracy:  69.0889%  Test Loss:  4.268780
Minibatch:  456000  Train accuracy:  99.8691%  Train Loss:  0.009807   |   Test accuracy:  69.2000%  Test Loss:  4.259864
Minibatch:  457000  Train accuracy:  99.9333%  Train Loss:  0.005066   |   Test accuracy:  68.8889%  Test Loss:  4.237002
Minibatch:  458000  Train accuracy:  99.9383%  Train Loss:  0.003752   |   Test accuracy:  69.1111%  Test Loss:  4.217850
Minibatch:  459000  Train accuracy:  99.9457%  Train Loss:  0.004749   |   Test accuracy:  68.9778%  Test Loss:  4.246130
Minibatch:  460000  Train accuracy:  99.9432%  Train Loss:  0.003333   |   Test accuracy:  68.5778%  Test Loss:  4.250048
Minibatch:  461000  Train accuracy:  99.9062%  Train Loss:  0.005758   |   Test accuracy:  69.0667%  Test Loss:  4.294505
Minibatch:  462000  Train accuracy:  99.9506%  Train Loss:  0.002838   |   Test accuracy:  68.9556%  Test Loss:  4.302587
Minibatch:  463000  Train accuracy:  98.5926%  Train Loss:  0.036596   |   Test accuracy:  68.7333%  Test Loss:  4.443290
Minibatch:  464000  Train accuracy:  99.9333%  Train Loss:  0.002912   |   Test accuracy:  68.7556%  Test Loss:  4.325168
Minibatch:  465000  Train accuracy:  99.9309%  Train Loss:  0.004145   |   Test accuracy:  69.0889%  Test Loss:  4.259783
Minibatch:  466000  Train accuracy:  99.9580%  Train Loss:  0.002578   |   Test accuracy:  69.3111%  Test Loss:  4.294046
Minibatch:  467000  Train accuracy:  99.9432%  Train Loss:  0.002648   |   Test accuracy:  68.5333%  Test Loss:  4.340907
Minibatch:  468000  Train accuracy:  99.9309%  Train Loss:  0.003520   |   Test accuracy:  68.5333%  Test Loss:  4.368901
Minibatch:  469000  Train accuracy:  99.2099%  Train Loss:  0.024434   |   Test accuracy:  67.6667%  Test Loss:  4.368030
Minibatch:  470000  Train accuracy:  99.9383%  Train Loss:  0.003322   |   Test accuracy:  68.7333%  Test Loss:  4.340620
Minibatch:  471000  Train accuracy:  99.9556%  Train Loss:  0.003487   |   Test accuracy:  68.4444%  Test Loss:  4.387810
Minibatch:  472000  Train accuracy:  99.9531%  Train Loss:  0.002586   |   Test accuracy:  68.7778%  Test Loss:  4.298066
Minibatch:  473000  Train accuracy:  99.9580%  Train Loss:  0.003291   |   Test accuracy:  69.0000%  Test Loss:  4.305084
Minibatch:  474000  Train accuracy:  99.9408%  Train Loss:  0.004153   |   Test accuracy:  68.6222%  Test Loss:  4.282337
Minibatch:  475000  Train accuracy:  99.9432%  Train Loss:  0.003235   |   Test accuracy:  68.2000%  Test Loss:  4.327369
Minibatch:  476000  Train accuracy:  99.9531%  Train Loss:  0.002801   |   Test accuracy:  69.1111%  Test Loss:  4.269116
Minibatch:  477000  Train accuracy:  99.9383%  Train Loss:  0.003101   |   Test accuracy:  69.3556%  Test Loss:  4.307546
Minibatch:  478000  Train accuracy:  99.9235%  Train Loss:  0.003245   |   Test accuracy:  68.7778%  Test Loss:  4.320748
Minibatch:  479000  Train accuracy:  99.9556%  Train Loss:  0.003518   |   Test accuracy:  68.6889%  Test Loss:  4.287574
Minibatch:  480000  Train accuracy:  99.9432%  Train Loss:  0.002647   |   Test accuracy:  68.6444%  Test Loss:  4.304136
Minibatch:  481000  Train accuracy:  99.9284%  Train Loss:  0.003788   |   Test accuracy:  68.6889%  Test Loss:  4.323454
Minibatch:  482000  Train accuracy:  99.8543%  Train Loss:  0.009072   |   Test accuracy:  68.0222%  Test Loss:  4.307730
Minibatch:  483000  Train accuracy:  99.9383%  Train Loss:  0.003202   |   Test accuracy:  68.8889%  Test Loss:  4.331382
Minibatch:  484000  Train accuracy:  99.7309%  Train Loss:  0.011518   |   Test accuracy:  69.0889%  Test Loss:  4.634020
Minibatch:  485000  Train accuracy:  99.9679%  Train Loss:  0.003146   |   Test accuracy:  68.6889%  Test Loss:  4.328308
Minibatch:  486000  Train accuracy:  99.9185%  Train Loss:  0.005497   |   Test accuracy:  68.8000%  Test Loss:  4.369951
Minibatch:  487000  Train accuracy:  99.9012%  Train Loss:  0.006048   |   Test accuracy:  68.4889%  Test Loss:  4.429928
Minibatch:  488000  Train accuracy:  99.7482%  Train Loss:  0.011117   |   Test accuracy:  68.4889%  Test Loss:  4.417389
Minibatch:  489000  Train accuracy:  99.9506%  Train Loss:  0.002640   |   Test accuracy:  68.0222%  Test Loss:  4.334560
Minibatch:  490000  Train accuracy:  99.9087%  Train Loss:  0.007773   |   Test accuracy:  68.0444%  Test Loss:  4.329602
Minibatch:  491000  Train accuracy:  99.9482%  Train Loss:  0.003176   |   Test accuracy:  69.0444%  Test Loss:  4.296415
Minibatch:  492000  Train accuracy:  99.9408%  Train Loss:  0.004383   |   Test accuracy:  68.8667%  Test Loss:  4.339740
Minibatch:  493000  Train accuracy:  99.9210%  Train Loss:  0.004886   |   Test accuracy:  69.1778%  Test Loss:  4.345092
Minibatch:  494000  Train accuracy:  96.9753%  Train Loss:  0.079482   |   Test accuracy:  68.2000%  Test Loss:  4.703723
Minibatch:  495000  Train accuracy:  99.9630%  Train Loss:  0.002473   |   Test accuracy:  68.9111%  Test Loss:  4.336593
Minibatch:  496000  Train accuracy:  99.9580%  Train Loss:  0.003589   |   Test accuracy:  69.4444%  Test Loss:  4.327326
Minibatch:  497000  Train accuracy:  99.9284%  Train Loss:  0.003604   |   Test accuracy:  69.2222%  Test Loss:  4.364932
Minibatch:  498000  Train accuracy:  99.9482%  Train Loss:  0.002255   |   Test accuracy:  69.1111%  Test Loss:  4.336199
Minibatch:  499000  Train accuracy:  99.9259%  Train Loss:  0.003776   |   Test accuracy:  68.9111%  Test Loss:  4.338917
Minibatch:  500000  Train accuracy:  99.9482%  Train Loss:  0.003021   |   Test accuracy:  68.6444%  Test Loss:  4.389873
Minibatch:  501000  Train accuracy:  99.9432%  Train Loss:  0.003769   |   Test accuracy:  69.2222%  Test Loss:  4.348429
Minibatch:  502000  Train accuracy:  99.9284%  Train Loss:  0.003837   |   Test accuracy:  68.8444%  Test Loss:  4.374002
Minibatch:  503000  Train accuracy:  99.9506%  Train Loss:  0.003078   |   Test accuracy:  69.1556%  Test Loss:  4.442759
Minibatch:  504000  Train accuracy:  99.9210%  Train Loss:  0.003881   |   Test accuracy:  68.8667%  Test Loss:  4.397587
Minibatch:  505000  Train accuracy:  99.9309%  Train Loss:  0.005119   |   Test accuracy:  69.2667%  Test Loss:  4.360196
Minibatch:  506000  Train accuracy:  99.4543%  Train Loss:  0.016126   |   Test accuracy:  68.0222%  Test Loss:  4.560864
Minibatch:  507000  Train accuracy:  99.9383%  Train Loss:  0.002929   |   Test accuracy:  69.0667%  Test Loss:  4.434404
Minibatch:  508000  Train accuracy:  99.9580%  Train Loss:  0.002145   |   Test accuracy:  68.9556%  Test Loss:  4.388097
Minibatch:  509000  Train accuracy:  99.8667%  Train Loss:  0.005663   |   Test accuracy:  69.1333%  Test Loss:  4.603704
Minibatch:  510000  Train accuracy:  99.9630%  Train Loss:  0.002091   |   Test accuracy:  68.6667%  Test Loss:  4.409324
Minibatch:  511000  Train accuracy:  99.9358%  Train Loss:  0.002817   |   Test accuracy:  68.8667%  Test Loss:  4.452772
Minibatch:  512000  Train accuracy:  99.9309%  Train Loss:  0.004146   |   Test accuracy:  68.7111%  Test Loss:  4.414185
Minibatch:  513000  Train accuracy:  97.7457%  Train Loss:  0.059099   |   Test accuracy:  67.6444%  Test Loss:  4.587059
Minibatch:  514000  Train accuracy:  99.9284%  Train Loss:  0.004236   |   Test accuracy:  69.0222%  Test Loss:  4.468328
Minibatch:  515000  Train accuracy:  99.9531%  Train Loss:  0.002248   |   Test accuracy:  69.2222%  Test Loss:  4.411820
Minibatch:  516000  Train accuracy:  99.9161%  Train Loss:  0.005753   |   Test accuracy:  69.3333%  Test Loss:  4.617877
Minibatch:  517000  Train accuracy:  99.9408%  Train Loss:  0.002904   |   Test accuracy:  68.5111%  Test Loss:  4.430776
Minibatch:  518000  Train accuracy:  99.9062%  Train Loss:  0.006245   |   Test accuracy:  68.8667%  Test Loss:  4.606682
Minibatch:  519000  Train accuracy:  99.9605%  Train Loss:  0.003138   |   Test accuracy:  69.3556%  Test Loss:  4.465481
Minibatch:  520000  Train accuracy:  99.9580%  Train Loss:  0.002166   |   Test accuracy:  69.0667%  Test Loss:  4.377764
Minibatch:  521000  Train accuracy:  99.9408%  Train Loss:  0.002635   |   Test accuracy:  68.4222%  Test Loss:  4.455512
Minibatch:  522000  Train accuracy:  99.9210%  Train Loss:  0.003777   |   Test accuracy:  68.8000%  Test Loss:  4.444588
Minibatch:  523000  Train accuracy:  99.7062%  Train Loss:  0.011560   |   Test accuracy:  68.4444%  Test Loss:  4.544156
Minibatch:  524000  Train accuracy:  99.9531%  Train Loss:  0.002480   |   Test accuracy:  68.7111%  Test Loss:  4.450444
Minibatch:  525000  Train accuracy:  99.9432%  Train Loss:  0.004617   |   Test accuracy:  68.8444%  Test Loss:  4.453181
Minibatch:  526000  Train accuracy:  99.9654%  Train Loss:  0.002336   |   Test accuracy:  68.3333%  Test Loss:  4.454654
Minibatch:  527000  Train accuracy:  99.9235%  Train Loss:  0.005163   |   Test accuracy:  68.6444%  Test Loss:  4.506205
Minibatch:  528000  Train accuracy:  99.9531%  Train Loss:  0.002560   |   Test accuracy:  68.4222%  Test Loss:  4.519219
Minibatch:  529000  Train accuracy:  99.9185%  Train Loss:  0.006146   |   Test accuracy:  68.7778%  Test Loss:  4.495899
Minibatch:  530000  Train accuracy:  99.9556%  Train Loss:  0.003030   |   Test accuracy:  68.9556%  Test Loss:  4.508670
Minibatch:  531000  Train accuracy:  99.9457%  Train Loss:  0.002778   |   Test accuracy:  69.1111%  Test Loss:  4.497574
Minibatch:  532000  Train accuracy:  99.9408%  Train Loss:  0.002188   |   Test accuracy:  68.4889%  Test Loss:  4.541454
Minibatch:  533000  Train accuracy:  99.8938%  Train Loss:  0.007390   |   Test accuracy:  68.1778%  Test Loss:  4.503069
Minibatch:  534000  Train accuracy:  99.9457%  Train Loss:  0.003466   |   Test accuracy:  68.5556%  Test Loss:  4.564347
Minibatch:  535000  Train accuracy:  99.9408%  Train Loss:  0.003104   |   Test accuracy:  69.2889%  Test Loss:  4.510315
Minibatch:  536000  Train accuracy:  99.9580%  Train Loss:  0.002769   |   Test accuracy:  69.5778%  Test Loss:  4.462626
Minibatch:  537000  Train accuracy:  98.8691%  Train Loss:  0.030248   |   Test accuracy:  68.2667%  Test Loss:  4.525597
Minibatch:  538000  Train accuracy:  99.9605%  Train Loss:  0.002072   |   Test accuracy:  68.7778%  Test Loss:  4.469842
Minibatch:  539000  Train accuracy:  99.9605%  Train Loss:  0.002557   |   Test accuracy:  69.1111%  Test Loss:  4.450209
Minibatch:  540000  Train accuracy:  99.9185%  Train Loss:  0.003772   |   Test accuracy:  69.0444%  Test Loss:  4.494585
Minibatch:  541000  Train accuracy:  99.9457%  Train Loss:  0.003882   |   Test accuracy:  68.8222%  Test Loss:  4.480506
Minibatch:  542000  Train accuracy:  99.9580%  Train Loss:  0.002793   |   Test accuracy:  68.9333%  Test Loss:  4.520658
Minibatch:  543000  Train accuracy:  99.9580%  Train Loss:  0.003332   |   Test accuracy:  68.8889%  Test Loss:  4.458176
Minibatch:  544000  Train accuracy:  99.9482%  Train Loss:  0.002675   |   Test accuracy:  68.8444%  Test Loss:  4.447406
Minibatch:  545000  Train accuracy:  99.9284%  Train Loss:  0.003299   |   Test accuracy:  69.0222%  Test Loss:  4.493756
Minibatch:  546000  Train accuracy:  99.9284%  Train Loss:  0.002765   |   Test accuracy:  68.5778%  Test Loss:  4.484843
Minibatch:  547000  Train accuracy:  99.9506%  Train Loss:  0.003141   |   Test accuracy:  68.8000%  Test Loss:  4.531050
Minibatch:  548000  Train accuracy:  99.9012%  Train Loss:  0.005877   |   Test accuracy:  69.0000%  Test Loss:  4.532591
Minibatch:  549000  Train accuracy:  99.7704%  Train Loss:  0.008910   |   Test accuracy:  68.7333%  Test Loss:  4.570562
Minibatch:  550000  Train accuracy:  99.9531%  Train Loss:  0.002647   |   Test accuracy:  69.2667%  Test Loss:  4.514493
Minibatch:  551000  Train accuracy:  99.9630%  Train Loss:  0.002293   |   Test accuracy:  68.7778%  Test Loss:  4.476002
Minibatch:  552000  Train accuracy:  99.8593%  Train Loss:  0.006989   |   Test accuracy:  68.6667%  Test Loss:  4.520376
Minibatch:  553000  Train accuracy:  99.9259%  Train Loss:  0.003831   |   Test accuracy:  69.1111%  Test Loss:  4.598887
Minibatch:  554000  Train accuracy:  99.9284%  Train Loss:  0.003966   |   Test accuracy:  68.6667%  Test Loss:  4.443684
Minibatch:  555000  Train accuracy:  99.9580%  Train Loss:  0.002483   |   Test accuracy:  68.3556%  Test Loss:  4.424349
Minibatch:  556000  Train accuracy:  99.9506%  Train Loss:  0.002863   |   Test accuracy:  68.8000%  Test Loss:  4.499120
Minibatch:  557000  Train accuracy:  99.9358%  Train Loss:  0.004007   |   Test accuracy:  68.6444%  Test Loss:  4.443840
Minibatch:  558000  Train accuracy:  99.9309%  Train Loss:  0.003916   |   Test accuracy:  68.6667%  Test Loss:  4.394606
Minibatch:  559000  Train accuracy:  99.9482%  Train Loss:  0.003266   |   Test accuracy:  69.0000%  Test Loss:  4.449929
Minibatch:  560000  Train accuracy:  99.9432%  Train Loss:  0.003020   |   Test accuracy:  68.8889%  Test Loss:  4.416871
Minibatch:  561000  Train accuracy:  99.9432%  Train Loss:  0.003947   |   Test accuracy:  69.1778%  Test Loss:  4.406480
Minibatch:  562000  Train accuracy:  99.9556%  Train Loss:  0.002937   |   Test accuracy:  68.4444%  Test Loss:  4.511506
Minibatch:  563000  Train accuracy:  99.9408%  Train Loss:  0.003188   |   Test accuracy:  68.8222%  Test Loss:  4.470388
Minibatch:  564000  Train accuracy:  99.9654%  Train Loss:  0.002723   |   Test accuracy:  68.8889%  Test Loss:  4.460089
Minibatch:  565000  Train accuracy:  99.9654%  Train Loss:  0.003372   |   Test accuracy:  68.7111%  Test Loss:  4.455484
Minibatch:  566000  Train accuracy:  99.9654%  Train Loss:  0.002913   |   Test accuracy:  68.2889%  Test Loss:  4.458526
Minibatch:  567000  Train accuracy:  99.9235%  Train Loss:  0.004122   |   Test accuracy:  69.1333%  Test Loss:  4.479228
Minibatch:  568000  Train accuracy:  99.9235%  Train Loss:  0.004201   |   Test accuracy:  69.0667%  Test Loss:  4.480411
Minibatch:  569000  Train accuracy:  99.9037%  Train Loss:  0.005941   |   Test accuracy:  68.6667%  Test Loss:  4.462598
Minibatch:  570000  Train accuracy:  99.9605%  Train Loss:  0.002313   |   Test accuracy:  68.9778%  Test Loss:  4.455539
Minibatch:  571000  Train accuracy:  99.9482%  Train Loss:  0.003180   |   Test accuracy:  68.7333%  Test Loss:  4.530355
Minibatch:  572000  Train accuracy:  99.8617%  Train Loss:  0.006821   |   Test accuracy:  68.8444%  Test Loss:  4.553383
Minibatch:  573000  Train accuracy:  99.9432%  Train Loss:  0.003650   |   Test accuracy:  68.8000%  Test Loss:  4.526868
Minibatch:  574000  Train accuracy:  99.9556%  Train Loss:  0.002907   |   Test accuracy:  69.1111%  Test Loss:  4.454072
Minibatch:  575000  Train accuracy:  99.9457%  Train Loss:  0.002691   |   Test accuracy:  68.7778%  Test Loss:  4.643807
Minibatch:  576000  Train accuracy:  99.9457%  Train Loss:  0.002865   |   Test accuracy:  68.6000%  Test Loss:  4.510383
Minibatch:  577000  Train accuracy:  99.9654%  Train Loss:  0.002279   |   Test accuracy:  68.6889%  Test Loss:  4.497849
Minibatch:  578000  Train accuracy:  99.9383%  Train Loss:  0.003784   |   Test accuracy:  68.2222%  Test Loss:  4.531621
Minibatch:  579000  Train accuracy:  99.9185%  Train Loss:  0.003903   |   Test accuracy:  68.8444%  Test Loss:  4.506310
Minibatch:  580000  Train accuracy:  99.9531%  Train Loss:  0.002641   |   Test accuracy:  68.8000%  Test Loss:  4.494294
Minibatch:  581000  Train accuracy:  98.6370%  Train Loss:  0.033066   |   Test accuracy:  69.1111%  Test Loss:  4.836004
Minibatch:  582000  Train accuracy:  99.9556%  Train Loss:  0.002386   |   Test accuracy:  68.8444%  Test Loss:  4.434021
Minibatch:  583000  Train accuracy:  99.9556%  Train Loss:  0.002617   |   Test accuracy:  68.6889%  Test Loss:  4.447238
Minibatch:  584000  Train accuracy:  99.9580%  Train Loss:  0.002328   |   Test accuracy:  68.5778%  Test Loss:  4.548875
Minibatch:  585000  Train accuracy:  99.9358%  Train Loss:  0.003517   |   Test accuracy:  69.3111%  Test Loss:  4.521637
Minibatch:  586000  Train accuracy:  99.8198%  Train Loss:  0.008079   |   Test accuracy:  67.9111%  Test Loss:  4.600803
Minibatch:  587000  Train accuracy:  99.9383%  Train Loss:  0.003850   |   Test accuracy:  69.0222%  Test Loss:  4.610515
Minibatch:  588000  Train accuracy:  99.9580%  Train Loss:  0.002566   |   Test accuracy:  68.9111%  Test Loss:  4.510129
Minibatch:  589000  Train accuracy:  99.9556%  Train Loss:  0.002269   |   Test accuracy:  68.5778%  Test Loss:  4.477748
Minibatch:  590000  Train accuracy:  99.9284%  Train Loss:  0.003691   |   Test accuracy:  69.1556%  Test Loss:  4.552590
Minibatch:  591000  Train accuracy:  99.8815%  Train Loss:  0.005787   |   Test accuracy:  68.6889%  Test Loss:  4.567511
Minibatch:  592000  Train accuracy:  99.9654%  Train Loss:  0.002182   |   Test accuracy:  69.2000%  Test Loss:  4.600843
Minibatch:  593000  Train accuracy:  99.9284%  Train Loss:  0.002786   |   Test accuracy:  69.1556%  Test Loss:  4.527818
Minibatch:  594000  Train accuracy:  99.9185%  Train Loss:  0.006151   |   Test accuracy:  69.1111%  Test Loss:  4.552687
Minibatch:  595000  Train accuracy:  99.2914%  Train Loss:  0.020499   |   Test accuracy:  68.7333%  Test Loss:  4.659387
Minibatch:  596000  Train accuracy:  99.9333%  Train Loss:  0.002396   |   Test accuracy:  68.6889%  Test Loss:  4.557721
Minibatch:  597000  Train accuracy:  99.9654%  Train Loss:  0.002383   |   Test accuracy:  68.9778%  Test Loss:  4.568022
Minibatch:  598000  Train accuracy:  99.9333%  Train Loss:  0.003822   |   Test accuracy:  69.0889%  Test Loss:  4.620257
Minibatch:  599000  Train accuracy:  99.9111%  Train Loss:  0.006019   |   Test accuracy:  68.7778%  Test Loss:  4.577125
