... read data
Train      shapes: x:  (54000, 96, 96, 1)  y:  (54000, 5)
Validation shapes: x:  (6000, 96, 96, 1)  y:  (6000, 5)
Original   Training Action Distribution:  [(26503, 0), (10503, 1), (5658, 2), (11057, 3), (279, 4)]
Original Validation Action Distribution:  [(2808, 0), (1338, 1), (603, 2), (1241, 3), (10, 4)]
Data resampled to  90.0 %
New      Train shapes: x:  (48600, 96, 96, 1)  y:  (48600, 5)
New Validation shapes: x:  (5400, 96, 96, 1)  y:  (5400, 5)
Original   Training Action Distribution:  [(21469, 0), (10353, 1), (5650, 2), (10849, 3), (279, 4)]
Original Validation Action Distribution:  [(2282, 0), (1292, 1), (603, 2), (1213, 3), (10, 4)]
... train model
Minibatch:  0  Train accuracy:  12.1646%  Train Loss:  29.278061   |   Test accuracy:  12.7407%  Test Loss:  28.809911
Minibatch:  1000  Train accuracy:  44.3066%  Train Loss:  6.101344   |   Test accuracy:  43.2222%  Test Loss:  6.445263
Minibatch:  2000  Train accuracy:  46.7325%  Train Loss:  4.391021   |   Test accuracy:  44.6296%  Test Loss:  4.760120
Minibatch:  3000  Train accuracy:  49.1852%  Train Loss:  3.537403   |   Test accuracy:  46.9259%  Test Loss:  3.835205
Minibatch:  4000  Train accuracy:  50.1152%  Train Loss:  2.993398   |   Test accuracy:  47.6852%  Test Loss:  3.220187
Minibatch:  5000  Train accuracy:  50.8292%  Train Loss:  2.614596   |   Test accuracy:  47.9630%  Test Loss:  2.815864
Minibatch:  6000  Train accuracy:  50.8786%  Train Loss:  2.285658   |   Test accuracy:  48.1852%  Test Loss:  2.433476
Minibatch:  7000  Train accuracy:  50.8169%  Train Loss:  2.016103   |   Test accuracy:  49.1481%  Test Loss:  2.121064
Minibatch:  8000  Train accuracy:  49.8745%  Train Loss:  1.743531   |   Test accuracy:  47.6481%  Test Loss:  1.856100
Minibatch:  9000  Train accuracy:  50.8663%  Train Loss:  1.553278   |   Test accuracy:  47.8519%  Test Loss:  1.671915
Minibatch:  10000  Train accuracy:  52.2778%  Train Loss:  1.437539   |   Test accuracy:  49.4444%  Test Loss:  1.547383
Minibatch:  11000  Train accuracy:  52.9815%  Train Loss:  1.340237   |   Test accuracy:  50.6111%  Test Loss:  1.440557
Minibatch:  12000  Train accuracy:  52.9753%  Train Loss:  1.271554   |   Test accuracy:  50.0741%  Test Loss:  1.367814
Minibatch:  13000  Train accuracy:  53.4424%  Train Loss:  1.214925   |   Test accuracy:  50.6481%  Test Loss:  1.310663
Minibatch:  14000  Train accuracy:  54.6132%  Train Loss:  1.168561   |   Test accuracy:  51.2037%  Test Loss:  1.270080
Minibatch:  15000  Train accuracy:  56.2222%  Train Loss:  1.135024   |   Test accuracy:  52.5741%  Test Loss:  1.237134
Minibatch:  16000  Train accuracy:  55.7572%  Train Loss:  1.109666   |   Test accuracy:  53.0000%  Test Loss:  1.197970
Minibatch:  17000  Train accuracy:  56.9547%  Train Loss:  1.080854   |   Test accuracy:  53.5741%  Test Loss:  1.174970
Minibatch:  18000  Train accuracy:  57.7243%  Train Loss:  1.070252   |   Test accuracy:  53.9074%  Test Loss:  1.178767
Minibatch:  19000  Train accuracy:  57.4712%  Train Loss:  1.045440   |   Test accuracy:  53.7778%  Test Loss:  1.131234
Minibatch:  20000  Train accuracy:  58.4486%  Train Loss:  1.030051   |   Test accuracy:  54.9815%  Test Loss:  1.130416
Minibatch:  21000  Train accuracy:  57.9506%  Train Loss:  1.017734   |   Test accuracy:  54.5741%  Test Loss:  1.105994
Minibatch:  22000  Train accuracy:  58.9383%  Train Loss:  1.006284   |   Test accuracy:  55.4815%  Test Loss:  1.097409
Minibatch:  23000  Train accuracy:  58.9650%  Train Loss:  0.994352   |   Test accuracy:  55.7407%  Test Loss:  1.078150
Minibatch:  24000  Train accuracy:  59.4239%  Train Loss:  0.985593   |   Test accuracy:  56.0926%  Test Loss:  1.073189
Minibatch:  25000  Train accuracy:  59.7881%  Train Loss:  0.976911   |   Test accuracy:  56.5926%  Test Loss:  1.060821
Minibatch:  26000  Train accuracy:  60.2449%  Train Loss:  0.970628   |   Test accuracy:  56.5926%  Test Loss:  1.057502
Minibatch:  27000  Train accuracy:  60.3909%  Train Loss:  0.969390   |   Test accuracy:  57.0741%  Test Loss:  1.058220
Minibatch:  28000  Train accuracy:  60.5905%  Train Loss:  0.956793   |   Test accuracy:  56.6852%  Test Loss:  1.044295
Minibatch:  29000  Train accuracy:  60.5638%  Train Loss:  0.952289   |   Test accuracy:  56.3889%  Test Loss:  1.036167
Minibatch:  30000  Train accuracy:  60.9259%  Train Loss:  0.946942   |   Test accuracy:  56.9074%  Test Loss:  1.030664
Minibatch:  31000  Train accuracy:  60.6852%  Train Loss:  0.947944   |   Test accuracy:  56.0556%  Test Loss:  1.024430
Minibatch:  32000  Train accuracy:  61.1461%  Train Loss:  0.939115   |   Test accuracy:  57.6481%  Test Loss:  1.021847
Minibatch:  33000  Train accuracy:  61.1235%  Train Loss:  0.940814   |   Test accuracy:  56.6111%  Test Loss:  1.022370
Minibatch:  34000  Train accuracy:  61.5576%  Train Loss:  0.930287   |   Test accuracy:  57.9815%  Test Loss:  1.018252
Minibatch:  35000  Train accuracy:  61.7572%  Train Loss:  0.926241   |   Test accuracy:  57.7778%  Test Loss:  1.009602
Minibatch:  36000  Train accuracy:  61.8354%  Train Loss:  0.926835   |   Test accuracy:  57.5741%  Test Loss:  1.002808
Minibatch:  37000  Train accuracy:  61.8477%  Train Loss:  0.922031   |   Test accuracy:  57.6667%  Test Loss:  1.005118
Minibatch:  38000  Train accuracy:  61.9609%  Train Loss:  0.917761   |   Test accuracy:  57.4444%  Test Loss:  0.998744
Minibatch:  39000  Train accuracy:  62.1173%  Train Loss:  0.921105   |   Test accuracy:  57.8519%  Test Loss:  1.001176
Minibatch:  40000  Train accuracy:  62.3889%  Train Loss:  0.911190   |   Test accuracy:  58.5185%  Test Loss:  0.998418
Minibatch:  41000  Train accuracy:  62.6399%  Train Loss:  0.909029   |   Test accuracy:  58.9630%  Test Loss:  0.991606
Minibatch:  42000  Train accuracy:  62.4815%  Train Loss:  0.906007   |   Test accuracy:  58.3889%  Test Loss:  0.990259
Minibatch:  43000  Train accuracy:  62.5391%  Train Loss:  0.904773   |   Test accuracy:  58.3704%  Test Loss:  0.988861
Minibatch:  44000  Train accuracy:  62.9198%  Train Loss:  0.901233   |   Test accuracy:  59.2593%  Test Loss:  0.982950
Minibatch:  45000  Train accuracy:  62.8642%  Train Loss:  0.899299   |   Test accuracy:  58.6667%  Test Loss:  0.983050
Minibatch:  46000  Train accuracy:  62.6790%  Train Loss:  0.897706   |   Test accuracy:  58.5556%  Test Loss:  0.979516
Minibatch:  47000  Train accuracy:  62.9362%  Train Loss:  0.895664   |   Test accuracy:  58.9815%  Test Loss:  0.976389
Minibatch:  48000  Train accuracy:  63.1235%  Train Loss:  0.894585   |   Test accuracy:  59.2037%  Test Loss:  0.979671
Minibatch:  49000  Train accuracy:  63.1914%  Train Loss:  0.891586   |   Test accuracy:  59.2037%  Test Loss:  0.975425
Minibatch:  50000  Train accuracy:  63.0926%  Train Loss:  0.893676   |   Test accuracy:  58.4259%  Test Loss:  0.975336
Minibatch:  51000  Train accuracy:  63.4794%  Train Loss:  0.889588   |   Test accuracy:  59.5185%  Test Loss:  0.973016
Minibatch:  52000  Train accuracy:  63.3436%  Train Loss:  0.886640   |   Test accuracy:  59.2037%  Test Loss:  0.969404
Minibatch:  53000  Train accuracy:  63.5309%  Train Loss:  0.885998   |   Test accuracy:  59.5556%  Test Loss:  0.968677
Minibatch:  54000  Train accuracy:  63.6687%  Train Loss:  0.883911   |   Test accuracy:  59.5000%  Test Loss:  0.966777
Minibatch:  55000  Train accuracy:  63.6255%  Train Loss:  0.882581   |   Test accuracy:  59.4074%  Test Loss:  0.968365
Minibatch:  56000  Train accuracy:  63.6214%  Train Loss:  0.881251   |   Test accuracy:  59.7037%  Test Loss:  0.962801
Minibatch:  57000  Train accuracy:  63.6502%  Train Loss:  0.882447   |   Test accuracy:  59.6111%  Test Loss:  0.966040
Minibatch:  58000  Train accuracy:  63.7263%  Train Loss:  0.878403   |   Test accuracy:  59.3704%  Test Loss:  0.966431
Minibatch:  59000  Train accuracy:  63.7490%  Train Loss:  0.877026   |   Test accuracy:  59.8519%  Test Loss:  0.963626
Minibatch:  60000  Train accuracy:  63.1235%  Train Loss:  0.880133   |   Test accuracy:  59.1852%  Test Loss:  0.964285
Minibatch:  61000  Train accuracy:  63.9403%  Train Loss:  0.875423   |   Test accuracy:  59.6111%  Test Loss:  0.963629
Minibatch:  62000  Train accuracy:  63.9403%  Train Loss:  0.874991   |   Test accuracy:  59.5556%  Test Loss:  0.960064
Minibatch:  63000  Train accuracy:  63.8066%  Train Loss:  0.873050   |   Test accuracy:  59.8889%  Test Loss:  0.958989
Minibatch:  64000  Train accuracy:  63.9300%  Train Loss:  0.871551   |   Test accuracy:  59.6667%  Test Loss:  0.956978
Minibatch:  65000  Train accuracy:  64.0700%  Train Loss:  0.870891   |   Test accuracy:  59.9444%  Test Loss:  0.958810
Minibatch:  66000  Train accuracy:  64.0782%  Train Loss:  0.870562   |   Test accuracy:  60.0926%  Test Loss:  0.957410
Minibatch:  67000  Train accuracy:  64.0782%  Train Loss:  0.868412   |   Test accuracy:  60.0000%  Test Loss:  0.955943
Minibatch:  68000  Train accuracy:  64.0679%  Train Loss:  0.867531   |   Test accuracy:  59.8704%  Test Loss:  0.956279
Minibatch:  69000  Train accuracy:  64.0432%  Train Loss:  0.874176   |   Test accuracy:  59.6667%  Test Loss:  0.962568
Minibatch:  70000  Train accuracy:  63.9527%  Train Loss:  0.868760   |   Test accuracy:  59.7593%  Test Loss:  0.953825
Minibatch:  71000  Train accuracy:  64.1996%  Train Loss:  0.864590   |   Test accuracy:  60.1667%  Test Loss:  0.949725
Minibatch:  72000  Train accuracy:  64.2757%  Train Loss:  0.864116   |   Test accuracy:  59.9815%  Test Loss:  0.948992
Minibatch:  73000  Train accuracy:  64.1420%  Train Loss:  0.865224   |   Test accuracy:  60.0926%  Test Loss:  0.951785
Minibatch:  74000  Train accuracy:  64.2551%  Train Loss:  0.862908   |   Test accuracy:  60.1111%  Test Loss:  0.948391
Minibatch:  75000  Train accuracy:  64.4547%  Train Loss:  0.861769   |   Test accuracy:  60.2963%  Test Loss:  0.951795
Minibatch:  76000  Train accuracy:  64.3354%  Train Loss:  0.860578   |   Test accuracy:  60.1852%  Test Loss:  0.948721
Minibatch:  77000  Train accuracy:  64.4156%  Train Loss:  0.859665   |   Test accuracy:  60.2778%  Test Loss:  0.945305
Minibatch:  78000  Train accuracy:  64.4650%  Train Loss:  0.858964   |   Test accuracy:  60.4074%  Test Loss:  0.946177
Minibatch:  79000  Train accuracy:  64.5103%  Train Loss:  0.858116   |   Test accuracy:  60.3519%  Test Loss:  0.945841
Minibatch:  80000  Train accuracy:  64.4753%  Train Loss:  0.858119   |   Test accuracy:  60.3333%  Test Loss:  0.944130
Minibatch:  81000  Train accuracy:  64.6235%  Train Loss:  0.858034   |   Test accuracy:  60.2222%  Test Loss:  0.943750
Minibatch:  82000  Train accuracy:  64.4115%  Train Loss:  0.856741   |   Test accuracy:  60.3148%  Test Loss:  0.944601
Minibatch:  83000  Train accuracy:  64.5391%  Train Loss:  0.854948   |   Test accuracy:  60.5185%  Test Loss:  0.941010
Minibatch:  84000  Train accuracy:  64.5761%  Train Loss:  0.856833   |   Test accuracy:  60.2222%  Test Loss:  0.948417
Minibatch:  85000  Train accuracy:  64.5391%  Train Loss:  0.853612   |   Test accuracy:  60.5926%  Test Loss:  0.940767
Minibatch:  86000  Train accuracy:  64.2078%  Train Loss:  0.855529   |   Test accuracy:  59.9444%  Test Loss:  0.944703
Minibatch:  87000  Train accuracy:  64.6975%  Train Loss:  0.851922   |   Test accuracy:  60.5556%  Test Loss:  0.937447
Minibatch:  88000  Train accuracy:  64.8086%  Train Loss:  0.851321   |   Test accuracy:  60.5000%  Test Loss:  0.941008
Minibatch:  89000  Train accuracy:  64.9856%  Train Loss:  0.849932   |   Test accuracy:  60.5370%  Test Loss:  0.937468
Minibatch:  90000  Train accuracy:  64.8477%  Train Loss:  0.850168   |   Test accuracy:  60.5556%  Test Loss:  0.938823
Minibatch:  91000  Train accuracy:  65.0041%  Train Loss:  0.850410   |   Test accuracy:  60.4815%  Test Loss:  0.941057
Minibatch:  92000  Train accuracy:  64.8745%  Train Loss:  0.850525   |   Test accuracy:  60.6111%  Test Loss:  0.940160
Minibatch:  93000  Train accuracy:  65.0062%  Train Loss:  0.848469   |   Test accuracy:  60.7222%  Test Loss:  0.938286
Minibatch:  94000  Train accuracy:  65.1502%  Train Loss:  0.848497   |   Test accuracy:  60.6852%  Test Loss:  0.938754
Minibatch:  95000  Train accuracy:  64.9609%  Train Loss:  0.847274   |   Test accuracy:  60.7778%  Test Loss:  0.936226
Minibatch:  96000  Train accuracy:  65.0823%  Train Loss:  0.847397   |   Test accuracy:  60.5926%  Test Loss:  0.942595
Minibatch:  97000  Train accuracy:  65.0864%  Train Loss:  0.845251   |   Test accuracy:  60.6667%  Test Loss:  0.935857
Minibatch:  98000  Train accuracy:  65.1029%  Train Loss:  0.843749   |   Test accuracy:  60.6852%  Test Loss:  0.936485
Minibatch:  99000  Train accuracy:  65.1687%  Train Loss:  0.845410   |   Test accuracy:  60.6481%  Test Loss:  0.941154
Minibatch:  100000  Train accuracy:  64.9753%  Train Loss:  0.844474   |   Test accuracy:  60.7407%  Test Loss:  0.937835
Minibatch:  101000  Train accuracy:  65.2449%  Train Loss:  0.843442   |   Test accuracy:  60.9630%  Test Loss:  0.936980
Minibatch:  102000  Train accuracy:  64.5823%  Train Loss:  0.848962   |   Test accuracy:  60.3148%  Test Loss:  0.945966
Minibatch:  103000  Train accuracy:  65.4300%  Train Loss:  0.840664   |   Test accuracy:  60.5926%  Test Loss:  0.932501
Minibatch:  104000  Train accuracy:  65.3765%  Train Loss:  0.840615   |   Test accuracy:  60.9259%  Test Loss:  0.932864
Minibatch:  105000  Train accuracy:  65.3848%  Train Loss:  0.841916   |   Test accuracy:  60.4815%  Test Loss:  0.939650
Minibatch:  106000  Train accuracy:  65.3621%  Train Loss:  0.838408   |   Test accuracy:  60.8148%  Test Loss:  0.933174
Minibatch:  107000  Train accuracy:  65.3971%  Train Loss:  0.838573   |   Test accuracy:  60.6852%  Test Loss:  0.933191
Minibatch:  108000  Train accuracy:  65.2634%  Train Loss:  0.838926   |   Test accuracy:  61.0185%  Test Loss:  0.930969
Minibatch:  109000  Train accuracy:  65.5329%  Train Loss:  0.836788   |   Test accuracy:  61.0185%  Test Loss:  0.931632
Minibatch:  110000  Train accuracy:  65.4198%  Train Loss:  0.838489   |   Test accuracy:  60.9074%  Test Loss:  0.932803
Minibatch:  111000  Train accuracy:  65.5535%  Train Loss:  0.835626   |   Test accuracy:  60.6296%  Test Loss:  0.930284
Minibatch:  112000  Train accuracy:  65.4856%  Train Loss:  0.834860   |   Test accuracy:  61.0370%  Test Loss:  0.929293
Minibatch:  113000  Train accuracy:  65.6399%  Train Loss:  0.834101   |   Test accuracy:  60.9259%  Test Loss:  0.930338
Minibatch:  114000  Train accuracy:  65.4342%  Train Loss:  0.838204   |   Test accuracy:  61.0926%  Test Loss:  0.931213
Minibatch:  115000  Train accuracy:  65.2366%  Train Loss:  0.835089   |   Test accuracy:  61.0556%  Test Loss:  0.929808
Minibatch:  116000  Train accuracy:  65.5535%  Train Loss:  0.833994   |   Test accuracy:  61.0000%  Test Loss:  0.930236
Minibatch:  117000  Train accuracy:  65.4383%  Train Loss:  0.833722   |   Test accuracy:  60.9074%  Test Loss:  0.927012
Minibatch:  118000  Train accuracy:  65.1687%  Train Loss:  0.835052   |   Test accuracy:  60.9444%  Test Loss:  0.930917
Minibatch:  119000  Train accuracy:  65.4424%  Train Loss:  0.831821   |   Test accuracy:  60.6111%  Test Loss:  0.930045
Minibatch:  120000  Train accuracy:  65.6626%  Train Loss:  0.832427   |   Test accuracy:  61.1296%  Test Loss:  0.927178
Minibatch:  121000  Train accuracy:  65.7613%  Train Loss:  0.829839   |   Test accuracy:  60.7778%  Test Loss:  0.928883
Minibatch:  122000  Train accuracy:  65.5123%  Train Loss:  0.830618   |   Test accuracy:  60.9444%  Test Loss:  0.925164
Minibatch:  123000  Train accuracy:  65.8724%  Train Loss:  0.829148   |   Test accuracy:  60.7963%  Test Loss:  0.929295
Minibatch:  124000  Train accuracy:  65.7798%  Train Loss:  0.828010   |   Test accuracy:  61.0741%  Test Loss:  0.927058
Minibatch:  125000  Train accuracy:  65.4671%  Train Loss:  0.829801   |   Test accuracy:  60.7778%  Test Loss:  0.929788
Minibatch:  126000  Train accuracy:  65.6502%  Train Loss:  0.828833   |   Test accuracy:  60.9259%  Test Loss:  0.924364
Minibatch:  127000  Train accuracy:  65.7778%  Train Loss:  0.827622   |   Test accuracy:  60.8333%  Test Loss:  0.931954
Minibatch:  128000  Train accuracy:  65.9938%  Train Loss:  0.825661   |   Test accuracy:  61.2407%  Test Loss:  0.926048
Minibatch:  129000  Train accuracy:  65.7407%  Train Loss:  0.826832   |   Test accuracy:  61.0185%  Test Loss:  0.924137
Minibatch:  130000  Train accuracy:  66.0226%  Train Loss:  0.825039   |   Test accuracy:  61.1667%  Test Loss:  0.925886
Minibatch:  131000  Train accuracy:  65.8395%  Train Loss:  0.824054   |   Test accuracy:  60.9815%  Test Loss:  0.925369
Minibatch:  132000  Train accuracy:  65.4691%  Train Loss:  0.826932   |   Test accuracy:  60.3519%  Test Loss:  0.930655
Minibatch:  133000  Train accuracy:  65.9095%  Train Loss:  0.822858   |   Test accuracy:  60.8704%  Test Loss:  0.925684
Minibatch:  134000  Train accuracy:  65.6132%  Train Loss:  0.823176   |   Test accuracy:  60.9815%  Test Loss:  0.925674
Minibatch:  135000  Train accuracy:  65.7860%  Train Loss:  0.830985   |   Test accuracy:  60.8333%  Test Loss:  0.938849
Minibatch:  136000  Train accuracy:  65.8827%  Train Loss:  0.822453   |   Test accuracy:  60.7222%  Test Loss:  0.929055
Minibatch:  137000  Train accuracy:  65.9568%  Train Loss:  0.820676   |   Test accuracy:  61.3148%  Test Loss:  0.923938
Minibatch:  138000  Train accuracy:  65.9280%  Train Loss:  0.828346   |   Test accuracy:  60.8889%  Test Loss:  0.936915
Minibatch:  139000  Train accuracy:  66.0473%  Train Loss:  0.820396   |   Test accuracy:  60.9444%  Test Loss:  0.922476
Minibatch:  140000  Train accuracy:  65.9383%  Train Loss:  0.820009   |   Test accuracy:  61.2222%  Test Loss:  0.926143
Minibatch:  141000  Train accuracy:  65.4095%  Train Loss:  0.823721   |   Test accuracy:  61.0556%  Test Loss:  0.934723
Minibatch:  142000  Train accuracy:  66.0350%  Train Loss:  0.819443   |   Test accuracy:  61.2593%  Test Loss:  0.925442
Minibatch:  143000  Train accuracy:  65.7346%  Train Loss:  0.825263   |   Test accuracy:  60.7222%  Test Loss:  0.928444
Minibatch:  144000  Train accuracy:  66.1667%  Train Loss:  0.820588   |   Test accuracy:  61.2037%  Test Loss:  0.928730
Minibatch:  145000  Train accuracy:  66.1317%  Train Loss:  0.819241   |   Test accuracy:  60.8889%  Test Loss:  0.931385
Minibatch:  146000  Train accuracy:  65.9156%  Train Loss:  0.816782   |   Test accuracy:  61.4815%  Test Loss:  0.922655
Minibatch:  147000  Train accuracy:  66.0720%  Train Loss:  0.816215   |   Test accuracy:  61.1111%  Test Loss:  0.926320
Minibatch:  148000  Train accuracy:  66.0988%  Train Loss:  0.817873   |   Test accuracy:  61.1852%  Test Loss:  0.924153
Minibatch:  149000  Train accuracy:  65.8786%  Train Loss:  0.824805   |   Test accuracy:  60.9259%  Test Loss:  0.929255
Minibatch:  150000  Train accuracy:  66.1646%  Train Loss:  0.814643   |   Test accuracy:  61.0556%  Test Loss:  0.921641
Minibatch:  151000  Train accuracy:  65.9979%  Train Loss:  0.818355   |   Test accuracy:  60.9074%  Test Loss:  0.930076
Minibatch:  152000  Train accuracy:  66.0021%  Train Loss:  0.814236   |   Test accuracy:  61.0000%  Test Loss:  0.924779
Minibatch:  153000  Train accuracy:  66.1914%  Train Loss:  0.814186   |   Test accuracy:  60.9815%  Test Loss:  0.929104
Minibatch:  154000  Train accuracy:  66.1893%  Train Loss:  0.818186   |   Test accuracy:  61.2037%  Test Loss:  0.933941
Minibatch:  155000  Train accuracy:  66.0082%  Train Loss:  0.814261   |   Test accuracy:  61.1852%  Test Loss:  0.927378
Minibatch:  156000  Train accuracy:  66.1461%  Train Loss:  0.814664   |   Test accuracy:  61.2037%  Test Loss:  0.931909
Minibatch:  157000  Train accuracy:  66.2407%  Train Loss:  0.810161   |   Test accuracy:  60.9630%  Test Loss:  0.924903
Minibatch:  158000  Train accuracy:  66.2593%  Train Loss:  0.810862   |   Test accuracy:  60.9259%  Test Loss:  0.925545
Minibatch:  159000  Train accuracy:  66.3004%  Train Loss:  0.810607   |   Test accuracy:  60.8889%  Test Loss:  0.926696
Minibatch:  160000  Train accuracy:  66.2016%  Train Loss:  0.809451   |   Test accuracy:  61.3889%  Test Loss:  0.918360
Minibatch:  161000  Train accuracy:  66.0576%  Train Loss:  0.810796   |   Test accuracy:  61.1481%  Test Loss:  0.917334
Minibatch:  162000  Train accuracy:  66.2654%  Train Loss:  0.810104   |   Test accuracy:  61.3889%  Test Loss:  0.922726
Minibatch:  163000  Train accuracy:  66.1049%  Train Loss:  0.809718   |   Test accuracy:  61.0185%  Test Loss:  0.922853
Minibatch:  164000  Train accuracy:  66.2387%  Train Loss:  0.807331   |   Test accuracy:  61.2963%  Test Loss:  0.919620
Minibatch:  165000  Train accuracy:  66.4547%  Train Loss:  0.808156   |   Test accuracy:  61.0370%  Test Loss:  0.921312
Minibatch:  166000  Train accuracy:  66.4342%  Train Loss:  0.807421   |   Test accuracy:  61.4074%  Test Loss:  0.921083
Minibatch:  167000  Train accuracy:  66.2860%  Train Loss:  0.806213   |   Test accuracy:  61.4630%  Test Loss:  0.921223
Minibatch:  168000  Train accuracy:  66.4033%  Train Loss:  0.805686   |   Test accuracy:  61.1667%  Test Loss:  0.920079
Minibatch:  169000  Train accuracy:  66.0700%  Train Loss:  0.809273   |   Test accuracy:  61.1667%  Test Loss:  0.920992
Minibatch:  170000  Train accuracy:  66.2510%  Train Loss:  0.805847   |   Test accuracy:  61.1481%  Test Loss:  0.922953
Minibatch:  171000  Train accuracy:  66.4959%  Train Loss:  0.804455   |   Test accuracy:  61.3148%  Test Loss:  0.922437
Minibatch:  172000  Train accuracy:  66.5391%  Train Loss:  0.803608   |   Test accuracy:  61.4259%  Test Loss:  0.920937
Minibatch:  173000  Train accuracy:  66.2840%  Train Loss:  0.808370   |   Test accuracy:  60.9630%  Test Loss:  0.927972
Minibatch:  174000  Train accuracy:  66.5329%  Train Loss:  0.808477   |   Test accuracy:  61.1481%  Test Loss:  0.922664
Minibatch:  175000  Train accuracy:  66.5905%  Train Loss:  0.804604   |   Test accuracy:  61.4630%  Test Loss:  0.922818
Minibatch:  176000  Train accuracy:  66.4918%  Train Loss:  0.804441   |   Test accuracy:  61.2963%  Test Loss:  0.924122
Minibatch:  177000  Train accuracy:  66.5617%  Train Loss:  0.803530   |   Test accuracy:  61.5556%  Test Loss:  0.922313
Minibatch:  178000  Train accuracy:  66.2387%  Train Loss:  0.802874   |   Test accuracy:  61.2963%  Test Loss:  0.916720
Minibatch:  179000  Train accuracy:  66.4259%  Train Loss:  0.802050   |   Test accuracy:  61.6852%  Test Loss:  0.918230
Minibatch:  180000  Train accuracy:  66.4691%  Train Loss:  0.801108   |   Test accuracy:  61.3519%  Test Loss:  0.918735
Minibatch:  181000  Train accuracy:  66.3807%  Train Loss:  0.803601   |   Test accuracy:  61.4630%  Test Loss:  0.916589
Minibatch:  182000  Train accuracy:  66.4177%  Train Loss:  0.800476   |   Test accuracy:  61.5185%  Test Loss:  0.918216
Minibatch:  183000  Train accuracy:  66.3189%  Train Loss:  0.800329   |   Test accuracy:  61.5185%  Test Loss:  0.915649
Minibatch:  184000  Train accuracy:  66.4506%  Train Loss:  0.800307   |   Test accuracy:  61.5185%  Test Loss:  0.917693
Minibatch:  185000  Train accuracy:  66.3971%  Train Loss:  0.801984   |   Test accuracy:  61.4630%  Test Loss:  0.918436
Minibatch:  186000  Train accuracy:  66.5679%  Train Loss:  0.798614   |   Test accuracy:  61.4259%  Test Loss:  0.917014
Minibatch:  187000  Train accuracy:  66.3333%  Train Loss:  0.801260   |   Test accuracy:  61.1481%  Test Loss:  0.916327
Minibatch:  188000  Train accuracy:  66.6564%  Train Loss:  0.798494   |   Test accuracy:  61.5556%  Test Loss:  0.919488
Minibatch:  189000  Train accuracy:  66.5185%  Train Loss:  0.799248   |   Test accuracy:  61.1296%  Test Loss:  0.922118
Minibatch:  190000  Train accuracy:  66.5350%  Train Loss:  0.797781   |   Test accuracy:  61.1481%  Test Loss:  0.918374
Minibatch:  191000  Train accuracy:  66.5535%  Train Loss:  0.801541   |   Test accuracy:  60.9815%  Test Loss:  0.928057
Minibatch:  192000  Train accuracy:  66.6173%  Train Loss:  0.797226   |   Test accuracy:  61.3889%  Test Loss:  0.916311
Minibatch:  193000  Train accuracy:  66.6934%  Train Loss:  0.802778   |   Test accuracy:  61.3889%  Test Loss:  0.927374
Minibatch:  194000  Train accuracy:  66.7078%  Train Loss:  0.795629   |   Test accuracy:  61.3889%  Test Loss:  0.919011
Minibatch:  195000  Train accuracy:  66.7551%  Train Loss:  0.795524   |   Test accuracy:  61.3148%  Test Loss:  0.917819
Minibatch:  196000  Train accuracy:  66.6584%  Train Loss:  0.794605   |   Test accuracy:  61.3519%  Test Loss:  0.916649
Minibatch:  197000  Train accuracy:  66.5144%  Train Loss:  0.795969   |   Test accuracy:  61.4815%  Test Loss:  0.917401
Minibatch:  198000  Train accuracy:  66.5350%  Train Loss:  0.795491   |   Test accuracy:  61.5556%  Test Loss:  0.916974
Minibatch:  199000  Train accuracy:  66.6523%  Train Loss:  0.794828   |   Test accuracy:  61.8148%  Test Loss:  0.912767
Minibatch:  200000  Train accuracy:  66.8601%  Train Loss:  0.794238   |   Test accuracy:  61.7037%  Test Loss:  0.918263
Minibatch:  201000  Train accuracy:  66.5432%  Train Loss:  0.797758   |   Test accuracy:  61.5926%  Test Loss:  0.915184
Minibatch:  202000  Train accuracy:  66.7654%  Train Loss:  0.793392   |   Test accuracy:  61.4444%  Test Loss:  0.916452
Minibatch:  203000  Train accuracy:  66.4033%  Train Loss:  0.795908   |   Test accuracy:  60.9630%  Test Loss:  0.919151
Minibatch:  204000  Train accuracy:  66.5741%  Train Loss:  0.795113   |   Test accuracy:  61.3889%  Test Loss:  0.914519
Minibatch:  205000  Train accuracy:  66.5329%  Train Loss:  0.793160   |   Test accuracy:  60.9074%  Test Loss:  0.915986
Minibatch:  206000  Train accuracy:  66.7716%  Train Loss:  0.792046   |   Test accuracy:  61.5741%  Test Loss:  0.914403
Minibatch:  207000  Train accuracy:  66.8395%  Train Loss:  0.791226   |   Test accuracy:  61.4444%  Test Loss:  0.915417
Minibatch:  208000  Train accuracy:  66.7366%  Train Loss:  0.790888   |   Test accuracy:  61.2593%  Test Loss:  0.916375
Minibatch:  209000  Train accuracy:  66.8642%  Train Loss:  0.793717   |   Test accuracy:  61.5741%  Test Loss:  0.922890
Minibatch:  210000  Train accuracy:  66.6893%  Train Loss:  0.794035   |   Test accuracy:  61.4630%  Test Loss:  0.920161
Minibatch:  211000  Train accuracy:  66.6358%  Train Loss:  0.792682   |   Test accuracy:  61.5926%  Test Loss:  0.917151
Minibatch:  212000  Train accuracy:  66.9506%  Train Loss:  0.789783   |   Test accuracy:  61.4074%  Test Loss:  0.917360
Minibatch:  213000  Train accuracy:  66.9115%  Train Loss:  0.789648   |   Test accuracy:  61.7407%  Test Loss:  0.918176
Minibatch:  214000  Train accuracy:  66.8765%  Train Loss:  0.791300   |   Test accuracy:  61.5185%  Test Loss:  0.915927
Minibatch:  215000  Train accuracy:  66.7222%  Train Loss:  0.788677   |   Test accuracy:  61.4630%  Test Loss:  0.912717
Minibatch:  216000  Train accuracy:  66.6214%  Train Loss:  0.789529   |   Test accuracy:  61.3148%  Test Loss:  0.915870
Minibatch:  217000  Train accuracy:  66.9403%  Train Loss:  0.792218   |   Test accuracy:  61.4259%  Test Loss:  0.922692
Minibatch:  218000  Train accuracy:  66.5823%  Train Loss:  0.789785   |   Test accuracy:  61.0556%  Test Loss:  0.915855
Minibatch:  219000  Train accuracy:  66.9774%  Train Loss:  0.788723   |   Test accuracy:  61.8333%  Test Loss:  0.915497
Minibatch:  220000  Train accuracy:  66.9259%  Train Loss:  0.790943   |   Test accuracy:  61.8333%  Test Loss:  0.916590
Minibatch:  221000  Train accuracy:  67.0082%  Train Loss:  0.787382   |   Test accuracy:  61.8148%  Test Loss:  0.914830
Minibatch:  222000  Train accuracy:  66.5432%  Train Loss:  0.792160   |   Test accuracy:  61.2778%  Test Loss:  0.913509
Minibatch:  223000  Train accuracy:  66.8148%  Train Loss:  0.796001   |   Test accuracy:  61.6667%  Test Loss:  0.930138
Minibatch:  224000  Train accuracy:  66.8395%  Train Loss:  0.795175   |   Test accuracy:  61.5556%  Test Loss:  0.930496
Minibatch:  225000  Train accuracy:  66.6049%  Train Loss:  0.797127   |   Test accuracy:  60.8519%  Test Loss:  0.933146
Minibatch:  226000  Train accuracy:  66.9753%  Train Loss:  0.785164   |   Test accuracy:  61.5185%  Test Loss:  0.913594
Minibatch:  227000  Train accuracy:  66.8107%  Train Loss:  0.787907   |   Test accuracy:  61.2778%  Test Loss:  0.910787
Minibatch:  228000  Train accuracy:  66.7572%  Train Loss:  0.788066   |   Test accuracy:  61.2593%  Test Loss:  0.912164
Minibatch:  229000  Train accuracy:  67.0926%  Train Loss:  0.785478   |   Test accuracy:  61.6852%  Test Loss:  0.920103
Minibatch:  230000  Train accuracy:  66.7366%  Train Loss:  0.787055   |   Test accuracy:  61.1667%  Test Loss:  0.920151
Minibatch:  231000  Train accuracy:  67.0453%  Train Loss:  0.786848   |   Test accuracy:  61.4815%  Test Loss:  0.918244
Minibatch:  232000  Train accuracy:  66.9630%  Train Loss:  0.785275   |   Test accuracy:  61.4444%  Test Loss:  0.917049
Minibatch:  233000  Train accuracy:  67.0597%  Train Loss:  0.782961   |   Test accuracy:  61.7593%  Test Loss:  0.912259
Minibatch:  234000  Train accuracy:  66.4979%  Train Loss:  0.792209   |   Test accuracy:  60.8519%  Test Loss:  0.919651
Minibatch:  235000  Train accuracy:  67.1111%  Train Loss:  0.783395   |   Test accuracy:  61.5926%  Test Loss:  0.912792
Minibatch:  236000  Train accuracy:  67.0514%  Train Loss:  0.784565   |   Test accuracy:  61.3704%  Test Loss:  0.919011
Minibatch:  237000  Train accuracy:  67.1420%  Train Loss:  0.782313   |   Test accuracy:  61.2407%  Test Loss:  0.916446
Minibatch:  238000  Train accuracy:  66.8086%  Train Loss:  0.784316   |   Test accuracy:  61.2407%  Test Loss:  0.913713
Minibatch:  239000  Train accuracy:  67.0123%  Train Loss:  0.782755   |   Test accuracy:  61.2407%  Test Loss:  0.915184
Minibatch:  240000  Train accuracy:  66.7922%  Train Loss:  0.784142   |   Test accuracy:  61.0000%  Test Loss:  0.917040
Minibatch:  241000  Train accuracy:  67.0679%  Train Loss:  0.786842   |   Test accuracy:  61.5926%  Test Loss:  0.922487
Minibatch:  242000  Train accuracy:  66.9671%  Train Loss:  0.783606   |   Test accuracy:  61.3704%  Test Loss:  0.910684
Minibatch:  243000  Train accuracy:  67.1564%  Train Loss:  0.782907   |   Test accuracy:  61.7778%  Test Loss:  0.917469
Minibatch:  244000  Train accuracy:  67.1996%  Train Loss:  0.781642   |   Test accuracy:  61.6111%  Test Loss:  0.918275
Minibatch:  245000  Train accuracy:  67.0165%  Train Loss:  0.781648   |   Test accuracy:  61.4630%  Test Loss:  0.910168
Minibatch:  246000  Train accuracy:  67.1420%  Train Loss:  0.780071   |   Test accuracy:  61.4259%  Test Loss:  0.914202
Minibatch:  247000  Train accuracy:  67.0700%  Train Loss:  0.780338   |   Test accuracy:  61.7222%  Test Loss:  0.910310
Minibatch:  248000  Train accuracy:  67.0329%  Train Loss:  0.781945   |   Test accuracy:  61.6296%  Test Loss:  0.916387
Minibatch:  249000  Train accuracy:  67.1091%  Train Loss:  0.780317   |   Test accuracy:  61.7407%  Test Loss:  0.912045
Minibatch:  250000  Train accuracy:  66.7737%  Train Loss:  0.781606   |   Test accuracy:  60.8519%  Test Loss:  0.916364
Minibatch:  251000  Train accuracy:  67.0535%  Train Loss:  0.779801   |   Test accuracy:  61.6111%  Test Loss:  0.910763
Minibatch:  252000  Train accuracy:  67.0041%  Train Loss:  0.780108   |   Test accuracy:  61.5000%  Test Loss:  0.909820
Minibatch:  253000  Train accuracy:  66.9033%  Train Loss:  0.780528   |   Test accuracy:  61.1852%  Test Loss:  0.911604
Minibatch:  254000  Train accuracy:  67.1708%  Train Loss:  0.778541   |   Test accuracy:  61.7222%  Test Loss:  0.910508
Minibatch:  255000  Train accuracy:  66.9609%  Train Loss:  0.780896   |   Test accuracy:  60.8889%  Test Loss:  0.915217
Minibatch:  256000  Train accuracy:  67.1893%  Train Loss:  0.777428   |   Test accuracy:  61.4630%  Test Loss:  0.910352
Minibatch:  257000  Train accuracy:  66.7428%  Train Loss:  0.784404   |   Test accuracy:  60.9815%  Test Loss:  0.919784
Minibatch:  258000  Train accuracy:  67.3086%  Train Loss:  0.776552   |   Test accuracy:  61.5556%  Test Loss:  0.912639
Minibatch:  259000  Train accuracy:  67.0144%  Train Loss:  0.777394   |   Test accuracy:  61.1296%  Test Loss:  0.910338
Minibatch:  260000  Train accuracy:  67.2284%  Train Loss:  0.778299   |   Test accuracy:  61.9630%  Test Loss:  0.912535
Minibatch:  261000  Train accuracy:  67.2737%  Train Loss:  0.776044   |   Test accuracy:  61.5926%  Test Loss:  0.913078
Minibatch:  262000  Train accuracy:  67.1667%  Train Loss:  0.776943   |   Test accuracy:  61.2963%  Test Loss:  0.914817
Minibatch:  263000  Train accuracy:  67.0947%  Train Loss:  0.779714   |   Test accuracy:  61.5741%  Test Loss:  0.910621
Minibatch:  264000  Train accuracy:  67.3025%  Train Loss:  0.775037   |   Test accuracy:  61.5556%  Test Loss:  0.908968
Minibatch:  265000  Train accuracy:  67.2140%  Train Loss:  0.775158   |   Test accuracy:  61.6111%  Test Loss:  0.909266
Minibatch:  266000  Train accuracy:  66.9753%  Train Loss:  0.778058   |   Test accuracy:  61.2593%  Test Loss:  0.909205
Minibatch:  267000  Train accuracy:  67.2510%  Train Loss:  0.774989   |   Test accuracy:  61.4444%  Test Loss:  0.914106
Minibatch:  268000  Train accuracy:  67.1358%  Train Loss:  0.781041   |   Test accuracy:  61.2593%  Test Loss:  0.920740
Minibatch:  269000  Train accuracy:  67.4177%  Train Loss:  0.775939   |   Test accuracy:  61.9444%  Test Loss:  0.914296
Minibatch:  270000  Train accuracy:  67.0823%  Train Loss:  0.777670   |   Test accuracy:  61.4630%  Test Loss:  0.908387
Minibatch:  271000  Train accuracy:  67.3272%  Train Loss:  0.773404   |   Test accuracy:  61.8333%  Test Loss:  0.906497
Minibatch:  272000  Train accuracy:  67.3745%  Train Loss:  0.774065   |   Test accuracy:  61.6852%  Test Loss:  0.915451
Minibatch:  273000  Train accuracy:  67.2613%  Train Loss:  0.773750   |   Test accuracy:  61.1481%  Test Loss:  0.912484
Minibatch:  274000  Train accuracy:  67.2695%  Train Loss:  0.775035   |   Test accuracy:  61.7963%  Test Loss:  0.910196
Minibatch:  275000  Train accuracy:  67.3210%  Train Loss:  0.773482   |   Test accuracy:  61.3889%  Test Loss:  0.909905
Minibatch:  276000  Train accuracy:  67.2387%  Train Loss:  0.775686   |   Test accuracy:  61.1296%  Test Loss:  0.914399
Minibatch:  277000  Train accuracy:  67.3251%  Train Loss:  0.774679   |   Test accuracy:  61.5000%  Test Loss:  0.915029
Minibatch:  278000  Train accuracy:  67.1214%  Train Loss:  0.774044   |   Test accuracy:  61.1481%  Test Loss:  0.912553
Minibatch:  279000  Train accuracy:  67.3374%  Train Loss:  0.771640   |   Test accuracy:  61.5926%  Test Loss:  0.910371
Minibatch:  280000  Train accuracy:  67.3827%  Train Loss:  0.773362   |   Test accuracy:  61.9815%  Test Loss:  0.908922
Minibatch:  281000  Train accuracy:  67.2654%  Train Loss:  0.772127   |   Test accuracy:  61.3333%  Test Loss:  0.909014
Minibatch:  282000  Train accuracy:  67.4115%  Train Loss:  0.773797   |   Test accuracy:  61.7593%  Test Loss:  0.916971
Minibatch:  283000  Train accuracy:  67.3971%  Train Loss:  0.771485   |   Test accuracy:  61.6852%  Test Loss:  0.911783
Minibatch:  284000  Train accuracy:  67.3745%  Train Loss:  0.771189   |   Test accuracy:  61.3889%  Test Loss:  0.911265
Minibatch:  285000  Train accuracy:  67.3642%  Train Loss:  0.772174   |   Test accuracy:  61.4815%  Test Loss:  0.910372
Minibatch:  286000  Train accuracy:  67.3889%  Train Loss:  0.770364   |   Test accuracy:  61.3889%  Test Loss:  0.907836
Minibatch:  287000  Train accuracy:  67.4794%  Train Loss:  0.772230   |   Test accuracy:  61.9815%  Test Loss:  0.908783
Minibatch:  288000  Train accuracy:  66.9424%  Train Loss:  0.774223   |   Test accuracy:  61.1296%  Test Loss:  0.916089
Minibatch:  289000  Train accuracy:  67.5494%  Train Loss:  0.770311   |   Test accuracy:  61.5926%  Test Loss:  0.911521
Minibatch:  290000  Train accuracy:  67.4815%  Train Loss:  0.769024   |   Test accuracy:  61.3704%  Test Loss:  0.911981
Minibatch:  291000  Train accuracy:  67.3086%  Train Loss:  0.773567   |   Test accuracy:  61.8704%  Test Loss:  0.911053
Minibatch:  292000  Train accuracy:  67.4136%  Train Loss:  0.772944   |   Test accuracy:  62.0370%  Test Loss:  0.910347
Minibatch:  293000  Train accuracy:  67.3313%  Train Loss:  0.770371   |   Test accuracy:  61.2407%  Test Loss:  0.914206
Minibatch:  294000  Train accuracy:  67.2181%  Train Loss:  0.771893   |   Test accuracy:  61.2037%  Test Loss:  0.914529
Minibatch:  295000  Train accuracy:  67.4547%  Train Loss:  0.769980   |   Test accuracy:  61.8333%  Test Loss:  0.907267
Minibatch:  296000  Train accuracy:  67.5947%  Train Loss:  0.768309   |   Test accuracy:  61.4815%  Test Loss:  0.911480
Minibatch:  297000  Train accuracy:  67.5494%  Train Loss:  0.769422   |   Test accuracy:  61.9074%  Test Loss:  0.912267
Minibatch:  298000  Train accuracy:  67.4835%  Train Loss:  0.771072   |   Test accuracy:  61.8704%  Test Loss:  0.910465
Minibatch:  299000  Train accuracy:  67.5206%  Train Loss:  0.766965   |   Test accuracy:  61.5926%  Test Loss:  0.908681
