... read data
Train      shapes: x:  (54000, 96, 96, 1)  y:  (54000, 5)
Validation shapes: x:  (6000, 96, 96, 1)  y:  (6000, 5)
Original   Training Action Distribution:  [(26503, 0), (10503, 1), (5658, 2), (11057, 3), (279, 4)]
Original Validation Action Distribution:  [(2808, 0), (1338, 1), (603, 2), (1241, 3), (10, 4)]
Data resampled to  80.0 %
New      Train shapes: x:  (43200, 96, 96, 1)  y:  (43200, 5)
New Validation shapes: x:  (4800, 96, 96, 1)  y:  (4800, 5)
Original   Training Action Distribution:  [(17302, 0), (9789, 1), (5624, 2), (10206, 3), (279, 4)]
Original Validation Action Distribution:  [(1850, 0), (1190, 1), (600, 2), (1150, 3), (10, 4)]
... train model
Minibatch:  0  Train accuracy:  20.2963%  Train Loss:  418.892511   |   Test accuracy:  21.8958%  Test Loss:  418.036780
Minibatch:  1000  Train accuracy:  28.4190%  Train Loss:  35.592913   |   Test accuracy:  27.3750%  Test Loss:  35.662742
Minibatch:  2000  Train accuracy:  24.5394%  Train Loss:  7.315641   |   Test accuracy:  24.8958%  Test Loss:  7.345787
Minibatch:  3000  Train accuracy:  38.0347%  Train Loss:  4.163372   |   Test accuracy:  37.0000%  Test Loss:  4.148166
Minibatch:  4000  Train accuracy:  39.2292%  Train Loss:  3.345809   |   Test accuracy:  37.5417%  Test Loss:  3.279458
Minibatch:  5000  Train accuracy:  39.6250%  Train Loss:  2.927011   |   Test accuracy:  38.0417%  Test Loss:  2.947512
Minibatch:  6000  Train accuracy:  39.7454%  Train Loss:  2.702749   |   Test accuracy:  38.5417%  Test Loss:  2.706183
Minibatch:  7000  Train accuracy:  39.7894%  Train Loss:  2.585342   |   Test accuracy:  38.5417%  Test Loss:  2.636427
Minibatch:  8000  Train accuracy:  39.8380%  Train Loss:  2.517655   |   Test accuracy:  38.3542%  Test Loss:  2.547059
Minibatch:  9000  Train accuracy:  39.9236%  Train Loss:  2.450841   |   Test accuracy:  38.3333%  Test Loss:  2.456180
Minibatch:  10000  Train accuracy:  40.0208%  Train Loss:  2.403650   |   Test accuracy:  38.5000%  Test Loss:  2.467630
Minibatch:  11000  Train accuracy:  39.9722%  Train Loss:  2.366194   |   Test accuracy:  38.4583%  Test Loss:  2.397014
Minibatch:  12000  Train accuracy:  40.0162%  Train Loss:  2.344198   |   Test accuracy:  38.5625%  Test Loss:  2.339985
Minibatch:  13000  Train accuracy:  40.0185%  Train Loss:  2.310585   |   Test accuracy:  38.5000%  Test Loss:  2.292393
Minibatch:  14000  Train accuracy:  40.0486%  Train Loss:  2.285337   |   Test accuracy:  38.5833%  Test Loss:  2.300467
Minibatch:  15000  Train accuracy:  40.0185%  Train Loss:  2.254919   |   Test accuracy:  38.6042%  Test Loss:  2.271749
Minibatch:  16000  Train accuracy:  40.0764%  Train Loss:  2.229726   |   Test accuracy:  38.5000%  Test Loss:  2.225552
Minibatch:  17000  Train accuracy:  40.0579%  Train Loss:  2.197885   |   Test accuracy:  38.4583%  Test Loss:  2.192706
Minibatch:  18000  Train accuracy:  40.0694%  Train Loss:  2.174778   |   Test accuracy:  38.4792%  Test Loss:  2.201480
Minibatch:  19000  Train accuracy:  40.0208%  Train Loss:  2.143885   |   Test accuracy:  38.5417%  Test Loss:  2.142320
Minibatch:  20000  Train accuracy:  40.0833%  Train Loss:  2.120288   |   Test accuracy:  38.6250%  Test Loss:  2.127091
Minibatch:  21000  Train accuracy:  40.0532%  Train Loss:  2.095694   |   Test accuracy:  38.5417%  Test Loss:  2.098513
Minibatch:  22000  Train accuracy:  40.0532%  Train Loss:  2.073655   |   Test accuracy:  38.5625%  Test Loss:  2.071505
Minibatch:  23000  Train accuracy:  40.0509%  Train Loss:  2.050114   |   Test accuracy:  38.6458%  Test Loss:  2.043395
Minibatch:  24000  Train accuracy:  40.0463%  Train Loss:  2.024925   |   Test accuracy:  38.5208%  Test Loss:  2.028758
Minibatch:  25000  Train accuracy:  40.0671%  Train Loss:  2.007449   |   Test accuracy:  38.5833%  Test Loss:  2.001466
Minibatch:  26000  Train accuracy:  40.0556%  Train Loss:  1.984588   |   Test accuracy:  38.4792%  Test Loss:  1.982126
Minibatch:  27000  Train accuracy:  40.0787%  Train Loss:  1.969205   |   Test accuracy:  38.5625%  Test Loss:  1.977134
Minibatch:  28000  Train accuracy:  40.0787%  Train Loss:  1.949617   |   Test accuracy:  38.5833%  Test Loss:  1.946820
Minibatch:  29000  Train accuracy:  40.0417%  Train Loss:  1.930042   |   Test accuracy:  38.5000%  Test Loss:  1.928117
Minibatch:  30000  Train accuracy:  40.0741%  Train Loss:  1.916863   |   Test accuracy:  38.5417%  Test Loss:  1.916386
Minibatch:  31000  Train accuracy:  40.0810%  Train Loss:  1.899984   |   Test accuracy:  38.5417%  Test Loss:  1.898289
Minibatch:  32000  Train accuracy:  40.0949%  Train Loss:  1.884002   |   Test accuracy:  38.5208%  Test Loss:  1.883346
Minibatch:  33000  Train accuracy:  40.0602%  Train Loss:  1.867799   |   Test accuracy:  38.4583%  Test Loss:  1.868080
Minibatch:  34000  Train accuracy:  40.0764%  Train Loss:  1.853089   |   Test accuracy:  38.5417%  Test Loss:  1.851754
Minibatch:  35000  Train accuracy:  40.0787%  Train Loss:  1.840411   |   Test accuracy:  38.5208%  Test Loss:  1.843289
Minibatch:  36000  Train accuracy:  40.0463%  Train Loss:  1.827429   |   Test accuracy:  38.5208%  Test Loss:  1.824504
Minibatch:  37000  Train accuracy:  40.0694%  Train Loss:  1.813427   |   Test accuracy:  38.5833%  Test Loss:  1.813937
Minibatch:  38000  Train accuracy:  40.0370%  Train Loss:  1.801886   |   Test accuracy:  38.5208%  Test Loss:  1.801011
Minibatch:  39000  Train accuracy:  40.0880%  Train Loss:  1.788918   |   Test accuracy:  38.5417%  Test Loss:  1.788250
Minibatch:  40000  Train accuracy:  40.0532%  Train Loss:  1.777272   |   Test accuracy:  38.5208%  Test Loss:  1.778769
Minibatch:  41000  Train accuracy:  40.0671%  Train Loss:  1.765849   |   Test accuracy:  38.6042%  Test Loss:  1.764828
Minibatch:  42000  Train accuracy:  40.0556%  Train Loss:  1.754509   |   Test accuracy:  38.5625%  Test Loss:  1.753131
Minibatch:  43000  Train accuracy:  40.0880%  Train Loss:  1.744090   |   Test accuracy:  38.5417%  Test Loss:  1.744268
Minibatch:  44000  Train accuracy:  40.0718%  Train Loss:  1.733057   |   Test accuracy:  38.5625%  Test Loss:  1.732545
Minibatch:  45000  Train accuracy:  40.1481%  Train Loss:  1.722629   |   Test accuracy:  38.5625%  Test Loss:  1.722363
Minibatch:  46000  Train accuracy:  40.1343%  Train Loss:  1.713660   |   Test accuracy:  38.5625%  Test Loss:  1.714126
Minibatch:  47000  Train accuracy:  40.2662%  Train Loss:  1.706126   |   Test accuracy:  38.6875%  Test Loss:  1.706943
Minibatch:  48000  Train accuracy:  40.5301%  Train Loss:  1.693968   |   Test accuracy:  38.8750%  Test Loss:  1.693307
Minibatch:  49000  Train accuracy:  41.7523%  Train Loss:  1.678060   |   Test accuracy:  40.1458%  Test Loss:  1.681652
Minibatch:  50000  Train accuracy:  47.1134%  Train Loss:  1.613624   |   Test accuracy:  45.1875%  Test Loss:  1.611635
Minibatch:  51000  Train accuracy:  49.7037%  Train Loss:  1.565987   |   Test accuracy:  47.7292%  Test Loss:  1.579654
Minibatch:  52000  Train accuracy:  51.4583%  Train Loss:  1.533982   |   Test accuracy:  50.1667%  Test Loss:  1.558097
Minibatch:  53000  Train accuracy:  52.5810%  Train Loss:  1.480540   |   Test accuracy:  49.6667%  Test Loss:  1.509751
Minibatch:  54000  Train accuracy:  53.7500%  Train Loss:  1.418616   |   Test accuracy:  51.0000%  Test Loss:  1.459834
Minibatch:  55000  Train accuracy:  54.6319%  Train Loss:  1.355495   |   Test accuracy:  51.2917%  Test Loss:  1.399836
Minibatch:  56000  Train accuracy:  55.7199%  Train Loss:  1.305426   |   Test accuracy:  52.6875%  Test Loss:  1.352707
Minibatch:  57000  Train accuracy:  56.3704%  Train Loss:  1.274593   |   Test accuracy:  53.3333%  Test Loss:  1.323902
Minibatch:  58000  Train accuracy:  56.4722%  Train Loss:  1.257310   |   Test accuracy:  53.3125%  Test Loss:  1.296501
Minibatch:  59000  Train accuracy:  56.7963%  Train Loss:  1.229765   |   Test accuracy:  52.8125%  Test Loss:  1.281599
Minibatch:  60000  Train accuracy:  57.0532%  Train Loss:  1.212721   |   Test accuracy:  53.6042%  Test Loss:  1.265616
Minibatch:  61000  Train accuracy:  57.4259%  Train Loss:  1.198911   |   Test accuracy:  54.1042%  Test Loss:  1.242850
Minibatch:  62000  Train accuracy:  57.6690%  Train Loss:  1.187355   |   Test accuracy:  53.8750%  Test Loss:  1.243003
Minibatch:  63000  Train accuracy:  57.8125%  Train Loss:  1.175735   |   Test accuracy:  54.7917%  Test Loss:  1.231472
Minibatch:  64000  Train accuracy:  58.4560%  Train Loss:  1.168999   |   Test accuracy:  55.6667%  Test Loss:  1.219001
Minibatch:  65000  Train accuracy:  58.6505%  Train Loss:  1.158760   |   Test accuracy:  55.8542%  Test Loss:  1.211144
Minibatch:  66000  Train accuracy:  59.1782%  Train Loss:  1.149603   |   Test accuracy:  55.7708%  Test Loss:  1.209320
Minibatch:  67000  Train accuracy:  59.0810%  Train Loss:  1.144386   |   Test accuracy:  56.0417%  Test Loss:  1.203025
Minibatch:  68000  Train accuracy:  59.3819%  Train Loss:  1.137417   |   Test accuracy:  56.1458%  Test Loss:  1.195695
Minibatch:  69000  Train accuracy:  59.8750%  Train Loss:  1.129648   |   Test accuracy:  56.5833%  Test Loss:  1.188420
Minibatch:  70000  Train accuracy:  59.9931%  Train Loss:  1.124672   |   Test accuracy:  56.5417%  Test Loss:  1.189321
Minibatch:  71000  Train accuracy:  60.2593%  Train Loss:  1.120393   |   Test accuracy:  56.3125%  Test Loss:  1.187335
Minibatch:  72000  Train accuracy:  60.5880%  Train Loss:  1.114502   |   Test accuracy:  57.2292%  Test Loss:  1.180213
Minibatch:  73000  Train accuracy:  60.5417%  Train Loss:  1.109083   |   Test accuracy:  57.2292%  Test Loss:  1.172374
Minibatch:  74000  Train accuracy:  60.7778%  Train Loss:  1.105537   |   Test accuracy:  56.9792%  Test Loss:  1.166171
Minibatch:  75000  Train accuracy:  60.9375%  Train Loss:  1.098341   |   Test accuracy:  57.1875%  Test Loss:  1.164914
Minibatch:  76000  Train accuracy:  60.9676%  Train Loss:  1.096633   |   Test accuracy:  57.0625%  Test Loss:  1.161362
Minibatch:  77000  Train accuracy:  61.1343%  Train Loss:  1.089576   |   Test accuracy:  57.6667%  Test Loss:  1.150002
Minibatch:  78000  Train accuracy:  61.4884%  Train Loss:  1.090195   |   Test accuracy:  57.8333%  Test Loss:  1.153807
Minibatch:  79000  Train accuracy:  61.2176%  Train Loss:  1.084473   |   Test accuracy:  58.2292%  Test Loss:  1.154653
Minibatch:  80000  Train accuracy:  61.7894%  Train Loss:  1.078789   |   Test accuracy:  57.4167%  Test Loss:  1.150433
Minibatch:  81000  Train accuracy:  61.8241%  Train Loss:  1.077263   |   Test accuracy:  58.6458%  Test Loss:  1.145407
Minibatch:  82000  Train accuracy:  61.9861%  Train Loss:  1.073756   |   Test accuracy:  57.6458%  Test Loss:  1.133999
Minibatch:  83000  Train accuracy:  62.3333%  Train Loss:  1.070281   |   Test accuracy:  58.0000%  Test Loss:  1.148747
Minibatch:  84000  Train accuracy:  62.2176%  Train Loss:  1.066670   |   Test accuracy:  57.8750%  Test Loss:  1.138520
Minibatch:  85000  Train accuracy:  62.2708%  Train Loss:  1.061100   |   Test accuracy:  57.6875%  Test Loss:  1.134400
Minibatch:  86000  Train accuracy:  62.4190%  Train Loss:  1.060489   |   Test accuracy:  58.6250%  Test Loss:  1.136156
Minibatch:  87000  Train accuracy:  62.4769%  Train Loss:  1.057391   |   Test accuracy:  57.8333%  Test Loss:  1.129279
Minibatch:  88000  Train accuracy:  62.6759%  Train Loss:  1.053888   |   Test accuracy:  59.2292%  Test Loss:  1.129676
Minibatch:  89000  Train accuracy:  62.5949%  Train Loss:  1.052024   |   Test accuracy:  59.0000%  Test Loss:  1.124752
Minibatch:  90000  Train accuracy:  62.7454%  Train Loss:  1.046226   |   Test accuracy:  58.7500%  Test Loss:  1.129517
Minibatch:  91000  Train accuracy:  62.7731%  Train Loss:  1.047411   |   Test accuracy:  58.2292%  Test Loss:  1.118060
Minibatch:  92000  Train accuracy:  62.7917%  Train Loss:  1.044837   |   Test accuracy:  59.0833%  Test Loss:  1.125759
Minibatch:  93000  Train accuracy:  63.0810%  Train Loss:  1.043066   |   Test accuracy:  59.4167%  Test Loss:  1.122339
Minibatch:  94000  Train accuracy:  62.9606%  Train Loss:  1.040360   |   Test accuracy:  59.1042%  Test Loss:  1.122653
Minibatch:  95000  Train accuracy:  63.1227%  Train Loss:  1.037946   |   Test accuracy:  59.0625%  Test Loss:  1.113931
Minibatch:  96000  Train accuracy:  63.1944%  Train Loss:  1.036280   |   Test accuracy:  59.5208%  Test Loss:  1.110041
Minibatch:  97000  Train accuracy:  62.8843%  Train Loss:  1.032810   |   Test accuracy:  58.4167%  Test Loss:  1.111676
Minibatch:  98000  Train accuracy:  63.1690%  Train Loss:  1.030316   |   Test accuracy:  59.1875%  Test Loss:  1.108808
Minibatch:  99000  Train accuracy:  63.1898%  Train Loss:  1.031146   |   Test accuracy:  59.5208%  Test Loss:  1.107990
Minibatch:  100000  Train accuracy:  63.4352%  Train Loss:  1.026730   |   Test accuracy:  59.4583%  Test Loss:  1.100983
Minibatch:  101000  Train accuracy:  63.3681%  Train Loss:  1.024633   |   Test accuracy:  59.0833%  Test Loss:  1.103097
Minibatch:  102000  Train accuracy:  63.5648%  Train Loss:  1.024599   |   Test accuracy:  59.2083%  Test Loss:  1.102142
Minibatch:  103000  Train accuracy:  63.2338%  Train Loss:  1.024550   |   Test accuracy:  59.4167%  Test Loss:  1.101562
Minibatch:  104000  Train accuracy:  63.5903%  Train Loss:  1.024251   |   Test accuracy:  59.0625%  Test Loss:  1.102224
Minibatch:  105000  Train accuracy:  63.5347%  Train Loss:  1.019877   |   Test accuracy:  59.4792%  Test Loss:  1.097615
Minibatch:  106000  Train accuracy:  63.6019%  Train Loss:  1.017440   |   Test accuracy:  58.8750%  Test Loss:  1.095196
Minibatch:  107000  Train accuracy:  63.4028%  Train Loss:  1.016007   |   Test accuracy:  59.0625%  Test Loss:  1.104244
Minibatch:  108000  Train accuracy:  63.6528%  Train Loss:  1.014650   |   Test accuracy:  59.2292%  Test Loss:  1.105822
Minibatch:  109000  Train accuracy:  63.5394%  Train Loss:  1.013131   |   Test accuracy:  60.1667%  Test Loss:  1.098391
Minibatch:  110000  Train accuracy:  63.8356%  Train Loss:  1.011042   |   Test accuracy:  59.7500%  Test Loss:  1.100410
Minibatch:  111000  Train accuracy:  63.6852%  Train Loss:  1.008251   |   Test accuracy:  58.8542%  Test Loss:  1.095638
Minibatch:  112000  Train accuracy:  63.7616%  Train Loss:  1.006708   |   Test accuracy:  59.8542%  Test Loss:  1.095710
Minibatch:  113000  Train accuracy:  63.8495%  Train Loss:  1.006665   |   Test accuracy:  59.8750%  Test Loss:  1.092382
Minibatch:  114000  Train accuracy:  63.8125%  Train Loss:  1.006740   |   Test accuracy:  59.9375%  Test Loss:  1.090292
Minibatch:  115000  Train accuracy:  63.6944%  Train Loss:  1.005003   |   Test accuracy:  59.6875%  Test Loss:  1.091413
Minibatch:  116000  Train accuracy:  64.0532%  Train Loss:  1.001040   |   Test accuracy:  59.3542%  Test Loss:  1.092775
Minibatch:  117000  Train accuracy:  63.8866%  Train Loss:  0.999271   |   Test accuracy:  59.3125%  Test Loss:  1.087318
Minibatch:  118000  Train accuracy:  64.0463%  Train Loss:  1.000125   |   Test accuracy:  59.6250%  Test Loss:  1.085740
Minibatch:  119000  Train accuracy:  64.1019%  Train Loss:  0.999105   |   Test accuracy:  59.6667%  Test Loss:  1.090266
Minibatch:  120000  Train accuracy:  63.8750%  Train Loss:  0.995800   |   Test accuracy:  59.5208%  Test Loss:  1.093666
Minibatch:  121000  Train accuracy:  63.9236%  Train Loss:  0.997466   |   Test accuracy:  59.5833%  Test Loss:  1.093593
Minibatch:  122000  Train accuracy:  63.8681%  Train Loss:  0.994870   |   Test accuracy:  59.5417%  Test Loss:  1.082305
Minibatch:  123000  Train accuracy:  64.1181%  Train Loss:  0.993082   |   Test accuracy:  59.4375%  Test Loss:  1.087510
Minibatch:  124000  Train accuracy:  64.1157%  Train Loss:  0.988399   |   Test accuracy:  59.9583%  Test Loss:  1.085684
Minibatch:  125000  Train accuracy:  64.0324%  Train Loss:  0.990585   |   Test accuracy:  59.4583%  Test Loss:  1.081608
Minibatch:  126000  Train accuracy:  64.1829%  Train Loss:  0.989677   |   Test accuracy:  59.3542%  Test Loss:  1.087095
Minibatch:  127000  Train accuracy:  64.0764%  Train Loss:  0.989317   |   Test accuracy:  59.7917%  Test Loss:  1.082623
Minibatch:  128000  Train accuracy:  64.1019%  Train Loss:  0.986451   |   Test accuracy:  59.6458%  Test Loss:  1.078348
Minibatch:  129000  Train accuracy:  64.2847%  Train Loss:  0.987115   |   Test accuracy:  60.1250%  Test Loss:  1.082119
Minibatch:  130000  Train accuracy:  64.1065%  Train Loss:  0.984248   |   Test accuracy:  59.1042%  Test Loss:  1.068769
Minibatch:  131000  Train accuracy:  64.1366%  Train Loss:  0.984802   |   Test accuracy:  59.6250%  Test Loss:  1.078764
Minibatch:  132000  Train accuracy:  64.2384%  Train Loss:  0.983215   |   Test accuracy:  59.8750%  Test Loss:  1.082492
Minibatch:  133000  Train accuracy:  64.3843%  Train Loss:  0.979760   |   Test accuracy:  59.5000%  Test Loss:  1.081588
Minibatch:  134000  Train accuracy:  64.2731%  Train Loss:  0.979544   |   Test accuracy:  59.8958%  Test Loss:  1.077438
Minibatch:  135000  Train accuracy:  64.2662%  Train Loss:  0.978574   |   Test accuracy:  59.2292%  Test Loss:  1.076275
Minibatch:  136000  Train accuracy:  64.2153%  Train Loss:  0.977693   |   Test accuracy:  59.9792%  Test Loss:  1.072832
Minibatch:  137000  Train accuracy:  64.1481%  Train Loss:  0.977445   |   Test accuracy:  59.2292%  Test Loss:  1.076786
Minibatch:  138000  Train accuracy:  64.1574%  Train Loss:  0.976779   |   Test accuracy:  59.5625%  Test Loss:  1.072200
Minibatch:  139000  Train accuracy:  64.0347%  Train Loss:  0.976208   |   Test accuracy:  60.7083%  Test Loss:  1.079164
Minibatch:  140000  Train accuracy:  64.0995%  Train Loss:  0.974525   |   Test accuracy:  59.8125%  Test Loss:  1.073955
Minibatch:  141000  Train accuracy:  64.2870%  Train Loss:  0.974714   |   Test accuracy:  59.5208%  Test Loss:  1.070354
Minibatch:  142000  Train accuracy:  64.3125%  Train Loss:  0.973158   |   Test accuracy:  59.6458%  Test Loss:  1.077225
Minibatch:  143000  Train accuracy:  64.1991%  Train Loss:  0.972267   |   Test accuracy:  59.9792%  Test Loss:  1.075146
Minibatch:  144000  Train accuracy:  64.4352%  Train Loss:  0.972800   |   Test accuracy:  59.5000%  Test Loss:  1.071706
Minibatch:  145000  Train accuracy:  64.3681%  Train Loss:  0.970492   |   Test accuracy:  59.5000%  Test Loss:  1.076014
Minibatch:  146000  Train accuracy:  64.5694%  Train Loss:  0.972734   |   Test accuracy:  59.4375%  Test Loss:  1.078007
Minibatch:  147000  Train accuracy:  64.2963%  Train Loss:  0.970172   |   Test accuracy:  59.2083%  Test Loss:  1.072840
Minibatch:  148000  Train accuracy:  64.5671%  Train Loss:  0.969114   |   Test accuracy:  59.9583%  Test Loss:  1.065819
Minibatch:  149000  Train accuracy:  64.4074%  Train Loss:  0.964778   |   Test accuracy:  60.0833%  Test Loss:  1.066781
Minibatch:  150000  Train accuracy:  64.4537%  Train Loss:  0.965501   |   Test accuracy:  59.5208%  Test Loss:  1.070729
Minibatch:  151000  Train accuracy:  64.3287%  Train Loss:  0.965043   |   Test accuracy:  59.3125%  Test Loss:  1.066974
Minibatch:  152000  Train accuracy:  64.4745%  Train Loss:  0.965090   |   Test accuracy:  59.4167%  Test Loss:  1.068552
Minibatch:  153000  Train accuracy:  64.4259%  Train Loss:  0.964827   |   Test accuracy:  60.2083%  Test Loss:  1.071471
Minibatch:  154000  Train accuracy:  64.5000%  Train Loss:  0.961063   |   Test accuracy:  59.8958%  Test Loss:  1.069439
Minibatch:  155000  Train accuracy:  64.5139%  Train Loss:  0.963794   |   Test accuracy:  59.2708%  Test Loss:  1.057272
Minibatch:  156000  Train accuracy:  64.3889%  Train Loss:  0.961315   |   Test accuracy:  59.4167%  Test Loss:  1.069862
Minibatch:  157000  Train accuracy:  64.6088%  Train Loss:  0.961545   |   Test accuracy:  60.1250%  Test Loss:  1.067661
Minibatch:  158000  Train accuracy:  64.5995%  Train Loss:  0.962413   |   Test accuracy:  59.8125%  Test Loss:  1.064553
Minibatch:  159000  Train accuracy:  64.6019%  Train Loss:  0.959875   |   Test accuracy:  59.7917%  Test Loss:  1.068708
Minibatch:  160000  Train accuracy:  64.5046%  Train Loss:  0.960492   |   Test accuracy:  59.8125%  Test Loss:  1.064033
Minibatch:  161000  Train accuracy:  64.5069%  Train Loss:  0.958620   |   Test accuracy:  59.8750%  Test Loss:  1.063673
Minibatch:  162000  Train accuracy:  64.5116%  Train Loss:  0.959477   |   Test accuracy:  60.3750%  Test Loss:  1.073574
Minibatch:  163000  Train accuracy:  64.4907%  Train Loss:  0.956125   |   Test accuracy:  59.5833%  Test Loss:  1.058778
Minibatch:  164000  Train accuracy:  64.4444%  Train Loss:  0.957589   |   Test accuracy:  60.0000%  Test Loss:  1.064517
Minibatch:  165000  Train accuracy:  64.7130%  Train Loss:  0.955797   |   Test accuracy:  59.6250%  Test Loss:  1.059462
Minibatch:  166000  Train accuracy:  64.6412%  Train Loss:  0.955124   |   Test accuracy:  59.3125%  Test Loss:  1.057948
Minibatch:  167000  Train accuracy:  64.7639%  Train Loss:  0.953276   |   Test accuracy:  59.5625%  Test Loss:  1.059144
Minibatch:  168000  Train accuracy:  64.5556%  Train Loss:  0.955156   |   Test accuracy:  59.7708%  Test Loss:  1.060458
Minibatch:  169000  Train accuracy:  64.6644%  Train Loss:  0.952832   |   Test accuracy:  60.3750%  Test Loss:  1.070202
Minibatch:  170000  Train accuracy:  64.6389%  Train Loss:  0.952911   |   Test accuracy:  60.3750%  Test Loss:  1.064391
Minibatch:  171000  Train accuracy:  64.7060%  Train Loss:  0.952705   |   Test accuracy:  60.0000%  Test Loss:  1.065379
Minibatch:  172000  Train accuracy:  64.5463%  Train Loss:  0.951515   |   Test accuracy:  60.0625%  Test Loss:  1.060318
Minibatch:  173000  Train accuracy:  64.5671%  Train Loss:  0.950641   |   Test accuracy:  60.0000%  Test Loss:  1.052485
Minibatch:  174000  Train accuracy:  64.6019%  Train Loss:  0.951524   |   Test accuracy:  59.7292%  Test Loss:  1.063681
Minibatch:  175000  Train accuracy:  64.8125%  Train Loss:  0.951993   |   Test accuracy:  60.0833%  Test Loss:  1.064381
Minibatch:  176000  Train accuracy:  64.6852%  Train Loss:  0.947938   |   Test accuracy:  60.4375%  Test Loss:  1.060095
Minibatch:  177000  Train accuracy:  64.7500%  Train Loss:  0.946911   |   Test accuracy:  60.2083%  Test Loss:  1.063111
Minibatch:  178000  Train accuracy:  64.7894%  Train Loss:  0.947550   |   Test accuracy:  60.0208%  Test Loss:  1.059239
Minibatch:  179000  Train accuracy:  64.7222%  Train Loss:  0.946606   |   Test accuracy:  59.7500%  Test Loss:  1.055112
Minibatch:  180000  Train accuracy:  64.7569%  Train Loss:  0.947195   |   Test accuracy:  59.8750%  Test Loss:  1.065481
Minibatch:  181000  Train accuracy:  64.5833%  Train Loss:  0.943818   |   Test accuracy:  59.3333%  Test Loss:  1.059863
Minibatch:  182000  Train accuracy:  64.6713%  Train Loss:  0.944024   |   Test accuracy:  60.0000%  Test Loss:  1.059598
Minibatch:  183000  Train accuracy:  64.6597%  Train Loss:  0.945809   |   Test accuracy:  60.3125%  Test Loss:  1.061195
Minibatch:  184000  Train accuracy:  64.5833%  Train Loss:  0.944440   |   Test accuracy:  59.8958%  Test Loss:  1.059882
Minibatch:  185000  Train accuracy:  64.6944%  Train Loss:  0.944801   |   Test accuracy:  60.0208%  Test Loss:  1.059479
Minibatch:  186000  Train accuracy:  64.7222%  Train Loss:  0.943662   |   Test accuracy:  60.2083%  Test Loss:  1.064391
Minibatch:  187000  Train accuracy:  64.7338%  Train Loss:  0.943244   |   Test accuracy:  59.8958%  Test Loss:  1.059373
Minibatch:  188000  Train accuracy:  64.7037%  Train Loss:  0.941607   |   Test accuracy:  59.7083%  Test Loss:  1.054221
Minibatch:  189000  Train accuracy:  64.8843%  Train Loss:  0.942721   |   Test accuracy:  59.4167%  Test Loss:  1.056963
Minibatch:  190000  Train accuracy:  64.9444%  Train Loss:  0.939247   |   Test accuracy:  59.3750%  Test Loss:  1.060843
