... read data
Train      shapes: x:  (54000, 96, 96, 1)  y:  (54000, 5)
Validation shapes: x:  (6000, 96, 96, 1)  y:  (6000, 5)
Original   Training Action Distribution:  [(26503, 0), (10503, 1), (5658, 2), (11057, 3), (279, 4)]
Original Validation Action Distribution:  [(2808, 0), (1338, 1), (603, 2), (1241, 3), (10, 4)]
Data resampled to  75.0 %
New      Train shapes: x:  (40500, 96, 96, 1)  y:  (40500, 5)
New Validation shapes: x:  (4500, 96, 96, 1)  y:  (4500, 5)
Original   Training Action Distribution:  [(15691, 0), (9293, 1), (5562, 2), (9675, 3), (279, 4)]
Original Validation Action Distribution:  [(1682, 0), (1125, 1), (595, 2), (1088, 3), (10, 4)]
... train model
Minibatch:  0  Train accuracy:  26.1160%  Train Loss:  154.779395   |   Test accuracy:  27.5333%  Test Loss:  145.287296
Minibatch:  1000  Train accuracy:  44.9309%  Train Loss:  7.397171   |   Test accuracy:  44.7556%  Test Loss:  7.105130
Minibatch:  2000  Train accuracy:  48.7605%  Train Loss:  5.266079   |   Test accuracy:  47.9556%  Test Loss:  5.294832
Minibatch:  3000  Train accuracy:  49.3012%  Train Loss:  4.084451   |   Test accuracy:  49.2000%  Test Loss:  4.204500
Minibatch:  4000  Train accuracy:  49.1309%  Train Loss:  3.278640   |   Test accuracy:  49.3778%  Test Loss:  3.463211
Minibatch:  5000  Train accuracy:  49.8963%  Train Loss:  2.789533   |   Test accuracy:  49.8000%  Test Loss:  2.973992
Minibatch:  6000  Train accuracy:  49.9259%  Train Loss:  2.456576   |   Test accuracy:  49.1111%  Test Loss:  2.611883
Minibatch:  7000  Train accuracy:  50.7827%  Train Loss:  2.185109   |   Test accuracy:  49.3111%  Test Loss:  2.331227
Minibatch:  8000  Train accuracy:  51.1037%  Train Loss:  1.973839   |   Test accuracy:  49.6889%  Test Loss:  2.108759
Minibatch:  9000  Train accuracy:  51.2173%  Train Loss:  1.804017   |   Test accuracy:  49.7778%  Test Loss:  1.923399
Minibatch:  10000  Train accuracy:  52.0296%  Train Loss:  1.675468   |   Test accuracy:  50.1111%  Test Loss:  1.801651
Minibatch:  11000  Train accuracy:  52.2025%  Train Loss:  1.552334   |   Test accuracy:  50.2667%  Test Loss:  1.672077
Minibatch:  12000  Train accuracy:  51.9580%  Train Loss:  1.458543   |   Test accuracy:  49.7333%  Test Loss:  1.556917
Minibatch:  13000  Train accuracy:  52.5407%  Train Loss:  1.378798   |   Test accuracy:  50.2444%  Test Loss:  1.495530
Minibatch:  14000  Train accuracy:  53.5926%  Train Loss:  1.311066   |   Test accuracy:  51.8889%  Test Loss:  1.406811
Minibatch:  15000  Train accuracy:  53.8691%  Train Loss:  1.267317   |   Test accuracy:  52.2000%  Test Loss:  1.368827
Minibatch:  16000  Train accuracy:  53.9951%  Train Loss:  1.213203   |   Test accuracy:  51.8667%  Test Loss:  1.301154
Minibatch:  17000  Train accuracy:  54.0617%  Train Loss:  1.177784   |   Test accuracy:  52.0000%  Test Loss:  1.267828
Minibatch:  18000  Train accuracy:  55.3136%  Train Loss:  1.139889   |   Test accuracy:  53.3556%  Test Loss:  1.231220
Minibatch:  19000  Train accuracy:  56.1062%  Train Loss:  1.115344   |   Test accuracy:  53.6667%  Test Loss:  1.207850
Minibatch:  20000  Train accuracy:  56.3062%  Train Loss:  1.089183   |   Test accuracy:  53.9333%  Test Loss:  1.164666
Minibatch:  21000  Train accuracy:  56.8395%  Train Loss:  1.071572   |   Test accuracy:  54.3556%  Test Loss:  1.148817
Minibatch:  22000  Train accuracy:  56.4420%  Train Loss:  1.051145   |   Test accuracy:  53.8444%  Test Loss:  1.130521
Minibatch:  23000  Train accuracy:  57.6000%  Train Loss:  1.035980   |   Test accuracy:  54.7111%  Test Loss:  1.115399
Minibatch:  24000  Train accuracy:  57.5358%  Train Loss:  1.023267   |   Test accuracy:  54.5556%  Test Loss:  1.100505
Minibatch:  25000  Train accuracy:  57.9531%  Train Loss:  1.009484   |   Test accuracy:  54.9111%  Test Loss:  1.090241
Minibatch:  26000  Train accuracy:  58.5630%  Train Loss:  1.001727   |   Test accuracy:  54.8444%  Test Loss:  1.085998
Minibatch:  27000  Train accuracy:  58.0395%  Train Loss:  0.992382   |   Test accuracy:  55.1333%  Test Loss:  1.074597
Minibatch:  28000  Train accuracy:  58.8074%  Train Loss:  0.981794   |   Test accuracy:  55.2667%  Test Loss:  1.064653
Minibatch:  29000  Train accuracy:  58.8691%  Train Loss:  0.974220   |   Test accuracy:  55.4889%  Test Loss:  1.056585
Minibatch:  30000  Train accuracy:  59.7728%  Train Loss:  0.967278   |   Test accuracy:  55.8667%  Test Loss:  1.048455
Minibatch:  31000  Train accuracy:  59.1630%  Train Loss:  0.963952   |   Test accuracy:  55.7556%  Test Loss:  1.048332
Minibatch:  32000  Train accuracy:  58.8000%  Train Loss:  0.959697   |   Test accuracy:  56.0444%  Test Loss:  1.040886
Minibatch:  33000  Train accuracy:  60.4741%  Train Loss:  0.951340   |   Test accuracy:  56.8222%  Test Loss:  1.034279
Minibatch:  34000  Train accuracy:  60.8074%  Train Loss:  0.946806   |   Test accuracy:  56.7333%  Test Loss:  1.037935
Minibatch:  35000  Train accuracy:  60.5704%  Train Loss:  0.941389   |   Test accuracy:  56.6222%  Test Loss:  1.032657
Minibatch:  36000  Train accuracy:  60.4691%  Train Loss:  0.939310   |   Test accuracy:  56.8000%  Test Loss:  1.032729
Minibatch:  37000  Train accuracy:  61.0123%  Train Loss:  0.933203   |   Test accuracy:  57.3778%  Test Loss:  1.028196
Minibatch:  38000  Train accuracy:  61.3877%  Train Loss:  0.931121   |   Test accuracy:  57.3333%  Test Loss:  1.022502
Minibatch:  39000  Train accuracy:  61.5160%  Train Loss:  0.925824   |   Test accuracy:  57.4667%  Test Loss:  1.018998
Minibatch:  40000  Train accuracy:  61.1679%  Train Loss:  0.921569   |   Test accuracy:  57.4444%  Test Loss:  1.017346
Minibatch:  41000  Train accuracy:  61.3556%  Train Loss:  0.920804   |   Test accuracy:  57.4667%  Test Loss:  1.011693
Minibatch:  42000  Train accuracy:  61.3951%  Train Loss:  0.915468   |   Test accuracy:  57.6667%  Test Loss:  1.008103
Minibatch:  43000  Train accuracy:  61.5901%  Train Loss:  0.915701   |   Test accuracy:  57.5778%  Test Loss:  1.008105
Minibatch:  44000  Train accuracy:  62.0914%  Train Loss:  0.912307   |   Test accuracy:  57.6889%  Test Loss:  1.010557
Minibatch:  45000  Train accuracy:  61.4469%  Train Loss:  0.909073   |   Test accuracy:  57.5111%  Test Loss:  1.002381
Minibatch:  46000  Train accuracy:  62.1037%  Train Loss:  0.906617   |   Test accuracy:  57.7778%  Test Loss:  1.003110
Minibatch:  47000  Train accuracy:  61.9802%  Train Loss:  0.903093   |   Test accuracy:  57.7778%  Test Loss:  1.001170
Minibatch:  48000  Train accuracy:  60.9210%  Train Loss:  0.902696   |   Test accuracy:  57.5111%  Test Loss:  0.996541
Minibatch:  49000  Train accuracy:  62.0593%  Train Loss:  0.898939   |   Test accuracy:  57.9556%  Test Loss:  0.998119
Minibatch:  50000  Train accuracy:  62.4198%  Train Loss:  0.898458   |   Test accuracy:  58.2222%  Test Loss:  1.002824
Minibatch:  51000  Train accuracy:  62.1926%  Train Loss:  0.895541   |   Test accuracy:  57.8667%  Test Loss:  0.994978
Minibatch:  52000  Train accuracy:  62.2025%  Train Loss:  0.892472   |   Test accuracy:  58.0222%  Test Loss:  0.991565
Minibatch:  53000  Train accuracy:  62.0765%  Train Loss:  0.891591   |   Test accuracy:  57.7556%  Test Loss:  0.995666
Minibatch:  54000  Train accuracy:  62.6691%  Train Loss:  0.889944   |   Test accuracy:  58.4222%  Test Loss:  0.993639
Minibatch:  55000  Train accuracy:  62.7901%  Train Loss:  0.888010   |   Test accuracy:  58.4889%  Test Loss:  0.994980
Minibatch:  56000  Train accuracy:  62.8469%  Train Loss:  0.889032   |   Test accuracy:  58.4667%  Test Loss:  0.993903
Minibatch:  57000  Train accuracy:  62.2074%  Train Loss:  0.885419   |   Test accuracy:  57.8000%  Test Loss:  0.990681
Minibatch:  58000  Train accuracy:  62.4444%  Train Loss:  0.882290   |   Test accuracy:  58.0444%  Test Loss:  0.985815
Minibatch:  59000  Train accuracy:  62.5728%  Train Loss:  0.881174   |   Test accuracy:  57.9333%  Test Loss:  0.987987
Minibatch:  60000  Train accuracy:  62.4469%  Train Loss:  0.880902   |   Test accuracy:  57.8444%  Test Loss:  0.984651
Minibatch:  61000  Train accuracy:  63.0148%  Train Loss:  0.878688   |   Test accuracy:  58.5333%  Test Loss:  0.988539
Minibatch:  62000  Train accuracy:  63.0667%  Train Loss:  0.876291   |   Test accuracy:  58.4667%  Test Loss:  0.983288
Minibatch:  63000  Train accuracy:  62.7136%  Train Loss:  0.875204   |   Test accuracy:  58.0222%  Test Loss:  0.980135
Minibatch:  64000  Train accuracy:  62.4173%  Train Loss:  0.875533   |   Test accuracy:  57.9111%  Test Loss:  0.980525
Minibatch:  65000  Train accuracy:  63.0049%  Train Loss:  0.873158   |   Test accuracy:  58.4222%  Test Loss:  0.982296
Minibatch:  66000  Train accuracy:  62.8370%  Train Loss:  0.874341   |   Test accuracy:  58.1778%  Test Loss:  0.984693
Minibatch:  67000  Train accuracy:  63.3556%  Train Loss:  0.870172   |   Test accuracy:  58.4889%  Test Loss:  0.985803
Minibatch:  68000  Train accuracy:  62.9111%  Train Loss:  0.868988   |   Test accuracy:  58.4000%  Test Loss:  0.980030
Minibatch:  69000  Train accuracy:  63.2667%  Train Loss:  0.873129   |   Test accuracy:  58.6000%  Test Loss:  0.991181
Minibatch:  70000  Train accuracy:  63.1605%  Train Loss:  0.865947   |   Test accuracy:  58.3556%  Test Loss:  0.981826
Minibatch:  71000  Train accuracy:  63.2519%  Train Loss:  0.865463   |   Test accuracy:  58.3333%  Test Loss:  0.980814
Minibatch:  72000  Train accuracy:  62.9753%  Train Loss:  0.865111   |   Test accuracy:  58.3556%  Test Loss:  0.975111
Minibatch:  73000  Train accuracy:  63.1235%  Train Loss:  0.863456   |   Test accuracy:  58.2000%  Test Loss:  0.975762
Minibatch:  74000  Train accuracy:  63.2988%  Train Loss:  0.861611   |   Test accuracy:  58.2889%  Test Loss:  0.974589
Minibatch:  75000  Train accuracy:  63.6173%  Train Loss:  0.861274   |   Test accuracy:  58.5778%  Test Loss:  0.978596
Minibatch:  76000  Train accuracy:  63.2864%  Train Loss:  0.862266   |   Test accuracy:  58.5556%  Test Loss:  0.975993
Minibatch:  77000  Train accuracy:  63.4025%  Train Loss:  0.858999   |   Test accuracy:  58.6889%  Test Loss:  0.971981
Minibatch:  78000  Train accuracy:  63.3605%  Train Loss:  0.861556   |   Test accuracy:  58.8000%  Test Loss:  0.968857
Minibatch:  79000  Train accuracy:  63.6049%  Train Loss:  0.858329   |   Test accuracy:  58.6000%  Test Loss:  0.973211
Minibatch:  80000  Train accuracy:  63.6222%  Train Loss:  0.855628   |   Test accuracy:  58.5111%  Test Loss:  0.972872
Minibatch:  81000  Train accuracy:  63.6790%  Train Loss:  0.854958   |   Test accuracy:  58.5556%  Test Loss:  0.975207
Minibatch:  82000  Train accuracy:  63.4444%  Train Loss:  0.855697   |   Test accuracy:  58.3333%  Test Loss:  0.978721
Minibatch:  83000  Train accuracy:  63.5506%  Train Loss:  0.853648   |   Test accuracy:  58.4000%  Test Loss:  0.969020
Minibatch:  84000  Train accuracy:  63.4494%  Train Loss:  0.852525   |   Test accuracy:  58.2444%  Test Loss:  0.971524
Minibatch:  85000  Train accuracy:  63.3136%  Train Loss:  0.854426   |   Test accuracy:  58.3333%  Test Loss:  0.973223
Minibatch:  86000  Train accuracy:  63.5432%  Train Loss:  0.851033   |   Test accuracy:  58.3778%  Test Loss:  0.967411
Minibatch:  87000  Train accuracy:  63.6469%  Train Loss:  0.851265   |   Test accuracy:  58.6222%  Test Loss:  0.965786
Minibatch:  88000  Train accuracy:  63.5901%  Train Loss:  0.854554   |   Test accuracy:  58.6222%  Test Loss:  0.968237
Minibatch:  89000  Train accuracy:  63.9506%  Train Loss:  0.851558   |   Test accuracy:  58.5111%  Test Loss:  0.970406
Minibatch:  90000  Train accuracy:  63.6494%  Train Loss:  0.855591   |   Test accuracy:  58.4889%  Test Loss:  0.971761
Minibatch:  91000  Train accuracy:  63.6346%  Train Loss:  0.847274   |   Test accuracy:  58.2889%  Test Loss:  0.968134
Minibatch:  92000  Train accuracy:  63.6198%  Train Loss:  0.849483   |   Test accuracy:  58.4889%  Test Loss:  0.966815
Minibatch:  93000  Train accuracy:  64.0049%  Train Loss:  0.847636   |   Test accuracy:  58.4889%  Test Loss:  0.968799
Minibatch:  94000  Train accuracy:  63.8444%  Train Loss:  0.848935   |   Test accuracy:  58.8222%  Test Loss:  0.970541
Minibatch:  95000  Train accuracy:  63.7630%  Train Loss:  0.847031   |   Test accuracy:  58.9778%  Test Loss:  0.965431
Minibatch:  96000  Train accuracy:  63.8691%  Train Loss:  0.843949   |   Test accuracy:  58.4000%  Test Loss:  0.961515
Minibatch:  97000  Train accuracy:  63.7136%  Train Loss:  0.842758   |   Test accuracy:  58.1333%  Test Loss:  0.968165
Minibatch:  98000  Train accuracy:  64.1012%  Train Loss:  0.843919   |   Test accuracy:  58.5111%  Test Loss:  0.966199
Minibatch:  99000  Train accuracy:  63.0593%  Train Loss:  0.846686   |   Test accuracy:  57.8222%  Test Loss:  0.970522
Minibatch:  100000  Train accuracy:  63.9037%  Train Loss:  0.840796   |   Test accuracy:  58.4667%  Test Loss:  0.969658
Minibatch:  101000  Train accuracy:  63.9704%  Train Loss:  0.845726   |   Test accuracy:  58.4444%  Test Loss:  0.968029
Minibatch:  102000  Train accuracy:  63.6074%  Train Loss:  0.841245   |   Test accuracy:  58.1333%  Test Loss:  0.962347
Minibatch:  103000  Train accuracy:  63.7358%  Train Loss:  0.842985   |   Test accuracy:  58.2222%  Test Loss:  0.972618
Minibatch:  104000  Train accuracy:  64.2198%  Train Loss:  0.837790   |   Test accuracy:  58.3111%  Test Loss:  0.962741
Minibatch:  105000  Train accuracy:  64.2938%  Train Loss:  0.837902   |   Test accuracy:  58.2889%  Test Loss:  0.969729
Minibatch:  106000  Train accuracy:  64.2049%  Train Loss:  0.837074   |   Test accuracy:  58.2444%  Test Loss:  0.961777
Minibatch:  107000  Train accuracy:  64.2272%  Train Loss:  0.835968   |   Test accuracy:  58.3111%  Test Loss:  0.965126
Minibatch:  108000  Train accuracy:  64.2889%  Train Loss:  0.840406   |   Test accuracy:  58.3778%  Test Loss:  0.973800
Minibatch:  109000  Train accuracy:  64.1630%  Train Loss:  0.839623   |   Test accuracy:  58.0667%  Test Loss:  0.977055
Minibatch:  110000  Train accuracy:  64.1037%  Train Loss:  0.834817   |   Test accuracy:  57.8889%  Test Loss:  0.964875
Minibatch:  111000  Train accuracy:  64.3901%  Train Loss:  0.835711   |   Test accuracy:  58.8889%  Test Loss:  0.963981
Minibatch:  112000  Train accuracy:  63.9259%  Train Loss:  0.834139   |   Test accuracy:  58.1333%  Test Loss:  0.964329
Minibatch:  113000  Train accuracy:  64.5802%  Train Loss:  0.833900   |   Test accuracy:  58.4667%  Test Loss:  0.969100
Minibatch:  114000  Train accuracy:  64.3358%  Train Loss:  0.834867   |   Test accuracy:  58.3111%  Test Loss:  0.968189
Minibatch:  115000  Train accuracy:  64.3778%  Train Loss:  0.833818   |   Test accuracy:  58.4667%  Test Loss:  0.964750
Minibatch:  116000  Train accuracy:  64.0741%  Train Loss:  0.832268   |   Test accuracy:  57.9778%  Test Loss:  0.965523
Minibatch:  117000  Train accuracy:  64.0025%  Train Loss:  0.831941   |   Test accuracy:  57.9333%  Test Loss:  0.959654
Minibatch:  118000  Train accuracy:  64.4840%  Train Loss:  0.829726   |   Test accuracy:  58.6444%  Test Loss:  0.960385
Minibatch:  119000  Train accuracy:  63.9506%  Train Loss:  0.831304   |   Test accuracy:  58.0667%  Test Loss:  0.958500
Minibatch:  120000  Train accuracy:  64.0716%  Train Loss:  0.831665   |   Test accuracy:  57.9111%  Test Loss:  0.963373
Minibatch:  121000  Train accuracy:  64.6519%  Train Loss:  0.829695   |   Test accuracy:  58.5778%  Test Loss:  0.962542
Minibatch:  122000  Train accuracy:  64.4099%  Train Loss:  0.834519   |   Test accuracy:  58.7778%  Test Loss:  0.959655
Minibatch:  123000  Train accuracy:  64.5160%  Train Loss:  0.828729   |   Test accuracy:  58.4000%  Test Loss:  0.963016
Minibatch:  124000  Train accuracy:  64.4173%  Train Loss:  0.827200   |   Test accuracy:  58.2000%  Test Loss:  0.959385
Minibatch:  125000  Train accuracy:  64.3827%  Train Loss:  0.828134   |   Test accuracy:  58.3333%  Test Loss:  0.959754
Minibatch:  126000  Train accuracy:  64.5728%  Train Loss:  0.829399   |   Test accuracy:  58.6444%  Test Loss:  0.960274
Minibatch:  127000  Train accuracy:  64.2395%  Train Loss:  0.827247   |   Test accuracy:  58.1333%  Test Loss:  0.959201
Minibatch:  128000  Train accuracy:  64.5679%  Train Loss:  0.826267   |   Test accuracy:  58.6889%  Test Loss:  0.957192
Minibatch:  129000  Train accuracy:  64.4148%  Train Loss:  0.825754   |   Test accuracy:  58.1778%  Test Loss:  0.957865
Minibatch:  130000  Train accuracy:  64.4988%  Train Loss:  0.824867   |   Test accuracy:  58.6444%  Test Loss:  0.960084
Minibatch:  131000  Train accuracy:  64.2123%  Train Loss:  0.825139   |   Test accuracy:  57.6889%  Test Loss:  0.961761
Minibatch:  132000  Train accuracy:  64.5309%  Train Loss:  0.824858   |   Test accuracy:  57.9778%  Test Loss:  0.961926
Minibatch:  133000  Train accuracy:  64.5333%  Train Loss:  0.831342   |   Test accuracy:  58.7111%  Test Loss:  0.968499
Minibatch:  134000  Train accuracy:  64.6543%  Train Loss:  0.825206   |   Test accuracy:  58.6000%  Test Loss:  0.959734
Minibatch:  135000  Train accuracy:  64.6222%  Train Loss:  0.822377   |   Test accuracy:  58.5111%  Test Loss:  0.958430
Minibatch:  136000  Train accuracy:  64.5383%  Train Loss:  0.822019   |   Test accuracy:  58.6667%  Test Loss:  0.956635
Minibatch:  137000  Train accuracy:  64.5136%  Train Loss:  0.823328   |   Test accuracy:  58.3111%  Test Loss:  0.967859
Minibatch:  138000  Train accuracy:  64.8049%  Train Loss:  0.825848   |   Test accuracy:  58.8000%  Test Loss:  0.962044
Minibatch:  139000  Train accuracy:  64.7111%  Train Loss:  0.821925   |   Test accuracy:  58.5556%  Test Loss:  0.959719
Minibatch:  140000  Train accuracy:  64.7037%  Train Loss:  0.827876   |   Test accuracy:  58.6000%  Test Loss:  0.976039
Minibatch:  141000  Train accuracy:  64.8469%  Train Loss:  0.822576   |   Test accuracy:  58.2222%  Test Loss:  0.965803
Minibatch:  142000  Train accuracy:  64.9284%  Train Loss:  0.824379   |   Test accuracy:  58.8222%  Test Loss:  0.963894
Minibatch:  143000  Train accuracy:  64.4395%  Train Loss:  0.823594   |   Test accuracy:  58.4000%  Test Loss:  0.969137
Minibatch:  144000  Train accuracy:  64.6840%  Train Loss:  0.820676   |   Test accuracy:  58.2000%  Test Loss:  0.956883
Minibatch:  145000  Train accuracy:  64.8198%  Train Loss:  0.821050   |   Test accuracy:  58.6889%  Test Loss:  0.955141
Minibatch:  146000  Train accuracy:  64.4568%  Train Loss:  0.819728   |   Test accuracy:  58.2667%  Test Loss:  0.955114
Minibatch:  147000  Train accuracy:  64.4074%  Train Loss:  0.819433   |   Test accuracy:  58.0000%  Test Loss:  0.959539
Minibatch:  148000  Train accuracy:  64.8691%  Train Loss:  0.817559   |   Test accuracy:  59.2000%  Test Loss:  0.953509
Minibatch:  149000  Train accuracy:  64.7111%  Train Loss:  0.819143   |   Test accuracy:  58.4667%  Test Loss:  0.955958
Minibatch:  150000  Train accuracy:  64.6049%  Train Loss:  0.816865   |   Test accuracy:  58.2000%  Test Loss:  0.956309
Minibatch:  151000  Train accuracy:  65.1259%  Train Loss:  0.819681   |   Test accuracy:  58.7778%  Test Loss:  0.963209
Minibatch:  152000  Train accuracy:  64.7407%  Train Loss:  0.816245   |   Test accuracy:  58.3778%  Test Loss:  0.958057
Minibatch:  153000  Train accuracy:  64.7407%  Train Loss:  0.815875   |   Test accuracy:  58.3111%  Test Loss:  0.954359
Minibatch:  154000  Train accuracy:  64.5630%  Train Loss:  0.816894   |   Test accuracy:  58.0444%  Test Loss:  0.960715
Minibatch:  155000  Train accuracy:  64.5630%  Train Loss:  0.815981   |   Test accuracy:  58.1111%  Test Loss:  0.955027
Minibatch:  156000  Train accuracy:  65.0519%  Train Loss:  0.815806   |   Test accuracy:  58.8222%  Test Loss:  0.959794
Minibatch:  157000  Train accuracy:  64.6568%  Train Loss:  0.815610   |   Test accuracy:  57.8889%  Test Loss:  0.958729
Minibatch:  158000  Train accuracy:  64.7284%  Train Loss:  0.818679   |   Test accuracy:  58.4000%  Test Loss:  0.964043
Minibatch:  159000  Train accuracy:  64.9605%  Train Loss:  0.815032   |   Test accuracy:  58.6889%  Test Loss:  0.959019
Minibatch:  160000  Train accuracy:  64.9753%  Train Loss:  0.814563   |   Test accuracy:  58.8889%  Test Loss:  0.953154
Minibatch:  161000  Train accuracy:  64.7877%  Train Loss:  0.814953   |   Test accuracy:  58.3333%  Test Loss:  0.959918
Minibatch:  162000  Train accuracy:  64.8593%  Train Loss:  0.815962   |   Test accuracy:  58.5111%  Test Loss:  0.953581
Minibatch:  163000  Train accuracy:  64.7284%  Train Loss:  0.813089   |   Test accuracy:  58.2889%  Test Loss:  0.954825
Minibatch:  164000  Train accuracy:  64.7383%  Train Loss:  0.814515   |   Test accuracy:  58.4222%  Test Loss:  0.961298
Minibatch:  165000  Train accuracy:  64.9185%  Train Loss:  0.814817   |   Test accuracy:  58.4667%  Test Loss:  0.953492
Minibatch:  166000  Train accuracy:  64.0173%  Train Loss:  0.815799   |   Test accuracy:  57.6000%  Test Loss:  0.953450
Minibatch:  167000  Train accuracy:  64.4198%  Train Loss:  0.813743   |   Test accuracy:  57.9778%  Test Loss:  0.956821
Minibatch:  168000  Train accuracy:  64.9333%  Train Loss:  0.813390   |   Test accuracy:  59.0444%  Test Loss:  0.953278
Minibatch:  169000  Train accuracy:  64.6815%  Train Loss:  0.812123   |   Test accuracy:  58.4667%  Test Loss:  0.952611
Minibatch:  170000  Train accuracy:  64.8543%  Train Loss:  0.810611   |   Test accuracy:  58.5111%  Test Loss:  0.951643
Minibatch:  171000  Train accuracy:  64.9506%  Train Loss:  0.810805   |   Test accuracy:  58.7556%  Test Loss:  0.953924
Minibatch:  172000  Train accuracy:  65.0765%  Train Loss:  0.811494   |   Test accuracy:  58.8889%  Test Loss:  0.957958
Minibatch:  173000  Train accuracy:  64.8000%  Train Loss:  0.810204   |   Test accuracy:  58.2889%  Test Loss:  0.953594
Minibatch:  174000  Train accuracy:  64.5481%  Train Loss:  0.815794   |   Test accuracy:  58.5111%  Test Loss:  0.970445
Minibatch:  175000  Train accuracy:  65.0938%  Train Loss:  0.809698   |   Test accuracy:  58.7556%  Test Loss:  0.954286
Minibatch:  176000  Train accuracy:  65.1136%  Train Loss:  0.814227   |   Test accuracy:  58.7778%  Test Loss:  0.960927
Minibatch:  177000  Train accuracy:  65.0000%  Train Loss:  0.814235   |   Test accuracy:  58.5111%  Test Loss:  0.958034
Minibatch:  178000  Train accuracy:  65.2963%  Train Loss:  0.811784   |   Test accuracy:  59.0000%  Test Loss:  0.960334
Minibatch:  179000  Train accuracy:  65.3704%  Train Loss:  0.810473   |   Test accuracy:  58.7111%  Test Loss:  0.961652
Minibatch:  180000  Train accuracy:  65.2519%  Train Loss:  0.811465   |   Test accuracy:  58.8889%  Test Loss:  0.958519
Minibatch:  181000  Train accuracy:  64.7284%  Train Loss:  0.809142   |   Test accuracy:  58.8444%  Test Loss:  0.954516
Minibatch:  182000  Train accuracy:  64.4790%  Train Loss:  0.809849   |   Test accuracy:  58.0667%  Test Loss:  0.958567
Minibatch:  183000  Train accuracy:  64.8469%  Train Loss:  0.808674   |   Test accuracy:  58.7778%  Test Loss:  0.956811
Minibatch:  184000  Train accuracy:  65.0741%  Train Loss:  0.806930   |   Test accuracy:  58.1333%  Test Loss:  0.957998
Minibatch:  185000  Train accuracy:  64.9926%  Train Loss:  0.807067   |   Test accuracy:  58.4889%  Test Loss:  0.952702
Minibatch:  186000  Train accuracy:  65.3877%  Train Loss:  0.808072   |   Test accuracy:  58.7333%  Test Loss:  0.962583
Minibatch:  187000  Train accuracy:  65.0864%  Train Loss:  0.807358   |   Test accuracy:  59.0222%  Test Loss:  0.955586
Minibatch:  188000  Train accuracy:  65.0716%  Train Loss:  0.807209   |   Test accuracy:  58.5778%  Test Loss:  0.955182
Minibatch:  189000  Train accuracy:  65.1506%  Train Loss:  0.806020   |   Test accuracy:  58.9111%  Test Loss:  0.954063
Minibatch:  190000  Train accuracy:  64.9802%  Train Loss:  0.811187   |   Test accuracy:  58.7556%  Test Loss:  0.954506
Minibatch:  191000  Train accuracy:  65.3877%  Train Loss:  0.805747   |   Test accuracy:  58.7778%  Test Loss:  0.959975
Minibatch:  192000  Train accuracy:  65.2691%  Train Loss:  0.805834   |   Test accuracy:  58.8444%  Test Loss:  0.954767
Minibatch:  193000  Train accuracy:  65.3926%  Train Loss:  0.805527   |   Test accuracy:  58.6667%  Test Loss:  0.961280
Minibatch:  194000  Train accuracy:  65.2543%  Train Loss:  0.803912   |   Test accuracy:  58.4000%  Test Loss:  0.957522
Minibatch:  195000  Train accuracy:  65.1160%  Train Loss:  0.804885   |   Test accuracy:  57.9333%  Test Loss:  0.959881
Minibatch:  196000  Train accuracy:  65.2494%  Train Loss:  0.804715   |   Test accuracy:  58.8667%  Test Loss:  0.961482
Minibatch:  197000  Train accuracy:  65.1235%  Train Loss:  0.803863   |   Test accuracy:  58.2222%  Test Loss:  0.961225
Minibatch:  198000  Train accuracy:  64.8593%  Train Loss:  0.805225   |   Test accuracy:  58.1556%  Test Loss:  0.958516
Minibatch:  199000  Train accuracy:  65.1556%  Train Loss:  0.804473   |   Test accuracy:  58.3556%  Test Loss:  0.957995
Minibatch:  200000  Train accuracy:  65.3136%  Train Loss:  0.802542   |   Test accuracy:  58.3778%  Test Loss:  0.959581
Minibatch:  201000  Train accuracy:  65.4741%  Train Loss:  0.803978   |   Test accuracy:  58.2889%  Test Loss:  0.963018
Minibatch:  202000  Train accuracy:  65.3160%  Train Loss:  0.801958   |   Test accuracy:  58.5111%  Test Loss:  0.954814
Minibatch:  203000  Train accuracy:  65.1185%  Train Loss:  0.802832   |   Test accuracy:  58.1778%  Test Loss:  0.958343
Minibatch:  204000  Train accuracy:  65.4420%  Train Loss:  0.802754   |   Test accuracy:  58.8667%  Test Loss:  0.957226
Minibatch:  205000  Train accuracy:  65.4543%  Train Loss:  0.801810   |   Test accuracy:  58.8222%  Test Loss:  0.959569
Minibatch:  206000  Train accuracy:  65.5333%  Train Loss:  0.803473   |   Test accuracy:  58.8667%  Test Loss:  0.960854
Minibatch:  207000  Train accuracy:  65.3827%  Train Loss:  0.801332   |   Test accuracy:  58.8889%  Test Loss:  0.954715
Minibatch:  208000  Train accuracy:  65.2716%  Train Loss:  0.800289   |   Test accuracy:  58.3333%  Test Loss:  0.958351
Minibatch:  209000  Train accuracy:  65.0148%  Train Loss:  0.802203   |   Test accuracy:  58.0222%  Test Loss:  0.957161
Minibatch:  210000  Train accuracy:  64.4716%  Train Loss:  0.804286   |   Test accuracy:  58.0000%  Test Loss:  0.954622
Minibatch:  211000  Train accuracy:  65.3654%  Train Loss:  0.805545   |   Test accuracy:  58.5333%  Test Loss:  0.962495
Minibatch:  212000  Train accuracy:  65.3926%  Train Loss:  0.800862   |   Test accuracy:  58.9333%  Test Loss:  0.953682
Minibatch:  213000  Train accuracy:  65.5185%  Train Loss:  0.799624   |   Test accuracy:  58.8889%  Test Loss:  0.959930
Minibatch:  214000  Train accuracy:  65.4568%  Train Loss:  0.801379   |   Test accuracy:  58.4889%  Test Loss:  0.961858
Minibatch:  215000  Train accuracy:  65.5481%  Train Loss:  0.800963   |   Test accuracy:  58.4889%  Test Loss:  0.964462
Minibatch:  216000  Train accuracy:  65.5605%  Train Loss:  0.801416   |   Test accuracy:  58.9333%  Test Loss:  0.960038
Minibatch:  217000  Train accuracy:  65.3975%  Train Loss:  0.800149   |   Test accuracy:  58.6000%  Test Loss:  0.957524
Minibatch:  218000  Train accuracy:  65.3605%  Train Loss:  0.799354   |   Test accuracy:  58.2444%  Test Loss:  0.962927
Minibatch:  219000  Train accuracy:  65.5827%  Train Loss:  0.799752   |   Test accuracy:  58.4889%  Test Loss:  0.964362
Minibatch:  220000  Train accuracy:  64.1481%  Train Loss:  0.804687   |   Test accuracy:  57.4889%  Test Loss:  0.960960
Minibatch:  221000  Train accuracy:  65.5358%  Train Loss:  0.798109   |   Test accuracy:  58.6444%  Test Loss:  0.960314
Minibatch:  222000  Train accuracy:  65.3753%  Train Loss:  0.797348   |   Test accuracy:  58.4667%  Test Loss:  0.955337
Minibatch:  223000  Train accuracy:  65.3111%  Train Loss:  0.798029   |   Test accuracy:  58.4889%  Test Loss:  0.958273
Minibatch:  224000  Train accuracy:  65.0346%  Train Loss:  0.798871   |   Test accuracy:  58.4889%  Test Loss:  0.961045
Minibatch:  225000  Train accuracy:  65.3481%  Train Loss:  0.798948   |   Test accuracy:  58.2667%  Test Loss:  0.965361
Minibatch:  226000  Train accuracy:  65.3827%  Train Loss:  0.797838   |   Test accuracy:  58.5556%  Test Loss:  0.966283
Minibatch:  227000  Train accuracy:  65.6593%  Train Loss:  0.798150   |   Test accuracy:  58.6889%  Test Loss:  0.967709
Minibatch:  228000  Train accuracy:  65.3926%  Train Loss:  0.799899   |   Test accuracy:  58.7111%  Test Loss:  0.961086
Minibatch:  229000  Train accuracy:  65.7975%  Train Loss:  0.799456   |   Test accuracy:  58.7111%  Test Loss:  0.969056
Minibatch:  230000  Train accuracy:  65.5506%  Train Loss:  0.796315   |   Test accuracy:  58.0889%  Test Loss:  0.958940
Minibatch:  231000  Train accuracy:  65.5333%  Train Loss:  0.795164   |   Test accuracy:  58.4000%  Test Loss:  0.960133
Minibatch:  232000  Train accuracy:  65.2642%  Train Loss:  0.795366   |   Test accuracy:  58.2889%  Test Loss:  0.956902
Minibatch:  233000  Train accuracy:  65.5753%  Train Loss:  0.795246   |   Test accuracy:  58.3333%  Test Loss:  0.958228
Minibatch:  234000  Train accuracy:  65.5012%  Train Loss:  0.794645   |   Test accuracy:  58.5111%  Test Loss:  0.958293
Minibatch:  235000  Train accuracy:  65.7432%  Train Loss:  0.797234   |   Test accuracy:  58.6889%  Test Loss:  0.964416
Minibatch:  236000  Train accuracy:  65.6000%  Train Loss:  0.793682   |   Test accuracy:  58.4222%  Test Loss:  0.963195
Minibatch:  237000  Train accuracy:  65.3827%  Train Loss:  0.798893   |   Test accuracy:  59.2000%  Test Loss:  0.957974
Minibatch:  238000  Train accuracy:  65.6395%  Train Loss:  0.793126   |   Test accuracy:  58.7333%  Test Loss:  0.959839
Minibatch:  239000  Train accuracy:  64.9877%  Train Loss:  0.795312   |   Test accuracy:  57.8000%  Test Loss:  0.963274
Minibatch:  240000  Train accuracy:  65.3753%  Train Loss:  0.795479   |   Test accuracy:  58.1778%  Test Loss:  0.959270
Minibatch:  241000  Train accuracy:  65.6667%  Train Loss:  0.792727   |   Test accuracy:  58.4444%  Test Loss:  0.962293
Minibatch:  242000  Train accuracy:  65.6000%  Train Loss:  0.792684   |   Test accuracy:  58.0889%  Test Loss:  0.957583
Minibatch:  243000  Train accuracy:  65.6222%  Train Loss:  0.795735   |   Test accuracy:  58.8889%  Test Loss:  0.961440
Minibatch:  244000  Train accuracy:  65.6173%  Train Loss:  0.791634   |   Test accuracy:  58.2667%  Test Loss:  0.959380
Minibatch:  245000  Train accuracy:  65.5037%  Train Loss:  0.793217   |   Test accuracy:  58.3111%  Test Loss:  0.961226
Minibatch:  246000  Train accuracy:  65.7235%  Train Loss:  0.791625   |   Test accuracy:  58.2889%  Test Loss:  0.963309
Minibatch:  247000  Train accuracy:  65.3259%  Train Loss:  0.794058   |   Test accuracy:  58.1333%  Test Loss:  0.966981
Minibatch:  248000  Train accuracy:  65.7630%  Train Loss:  0.791246   |   Test accuracy:  58.6222%  Test Loss:  0.963545
Minibatch:  249000  Train accuracy:  65.6568%  Train Loss:  0.792322   |   Test accuracy:  58.4889%  Test Loss:  0.962910
Minibatch:  250000  Train accuracy:  65.3926%  Train Loss:  0.792386   |   Test accuracy:  58.2444%  Test Loss:  0.964039
Minibatch:  251000  Train accuracy:  65.9383%  Train Loss:  0.792180   |   Test accuracy:  58.3556%  Test Loss:  0.968915
Minibatch:  252000  Train accuracy:  65.7802%  Train Loss:  0.790385   |   Test accuracy:  58.5556%  Test Loss:  0.964657
Minibatch:  253000  Train accuracy:  64.6790%  Train Loss:  0.799351   |   Test accuracy:  57.6667%  Test Loss:  0.970867
Minibatch:  254000  Train accuracy:  65.3827%  Train Loss:  0.791292   |   Test accuracy:  58.3111%  Test Loss:  0.965538
Minibatch:  255000  Train accuracy:  65.6938%  Train Loss:  0.794634   |   Test accuracy:  58.9556%  Test Loss:  0.960942
Minibatch:  256000  Train accuracy:  65.8617%  Train Loss:  0.792567   |   Test accuracy:  58.6444%  Test Loss:  0.967149
Minibatch:  257000  Train accuracy:  65.7556%  Train Loss:  0.795358   |   Test accuracy:  58.9556%  Test Loss:  0.967606
Minibatch:  258000  Train accuracy:  65.7506%  Train Loss:  0.790506   |   Test accuracy:  58.7778%  Test Loss:  0.968456
Minibatch:  259000  Train accuracy:  65.9975%  Train Loss:  0.790007   |   Test accuracy:  58.3778%  Test Loss:  0.968168
Minibatch:  260000  Train accuracy:  65.5037%  Train Loss:  0.789701   |   Test accuracy:  58.0889%  Test Loss:  0.959725
Minibatch:  261000  Train accuracy:  65.8123%  Train Loss:  0.790979   |   Test accuracy:  58.7556%  Test Loss:  0.970548
Minibatch:  262000  Train accuracy:  65.6864%  Train Loss:  0.789697   |   Test accuracy:  58.8000%  Test Loss:  0.959927
Minibatch:  263000  Train accuracy:  65.6691%  Train Loss:  0.789209   |   Test accuracy:  58.3333%  Test Loss:  0.967610
Minibatch:  264000  Train accuracy:  65.7802%  Train Loss:  0.787571   |   Test accuracy:  58.4222%  Test Loss:  0.963678
Minibatch:  265000  Train accuracy:  65.7654%  Train Loss:  0.787685   |   Test accuracy:  58.3778%  Test Loss:  0.966052
Minibatch:  266000  Train accuracy:  65.1358%  Train Loss:  0.800074   |   Test accuracy:  57.9778%  Test Loss:  0.983019
Minibatch:  267000  Train accuracy:  65.3630%  Train Loss:  0.789180   |   Test accuracy:  58.4000%  Test Loss:  0.960559
Minibatch:  268000  Train accuracy:  65.4667%  Train Loss:  0.790891   |   Test accuracy:  58.4667%  Test Loss:  0.967797
Minibatch:  269000  Train accuracy:  65.7778%  Train Loss:  0.787191   |   Test accuracy:  58.2000%  Test Loss:  0.963621
Minibatch:  270000  Train accuracy:  65.5852%  Train Loss:  0.789057   |   Test accuracy:  58.3556%  Test Loss:  0.968435
Minibatch:  271000  Train accuracy:  65.7704%  Train Loss:  0.787550   |   Test accuracy:  58.0667%  Test Loss:  0.964794
Minibatch:  272000  Train accuracy:  65.8444%  Train Loss:  0.786493   |   Test accuracy:  58.3556%  Test Loss:  0.961270
Minibatch:  273000  Train accuracy:  65.6889%  Train Loss:  0.786289   |   Test accuracy:  58.2667%  Test Loss:  0.968010
Minibatch:  274000  Train accuracy:  65.8617%  Train Loss:  0.786475   |   Test accuracy:  58.4444%  Test Loss:  0.966582
Minibatch:  275000  Train accuracy:  65.7975%  Train Loss:  0.790915   |   Test accuracy:  58.3778%  Test Loss:  0.966263
Minibatch:  276000  Train accuracy:  65.6815%  Train Loss:  0.787047   |   Test accuracy:  58.0444%  Test Loss:  0.971602
Minibatch:  277000  Train accuracy:  65.7062%  Train Loss:  0.786636   |   Test accuracy:  58.5111%  Test Loss:  0.960359
Minibatch:  278000  Train accuracy:  66.0247%  Train Loss:  0.786169   |   Test accuracy:  58.4667%  Test Loss:  0.969044
Minibatch:  279000  Train accuracy:  65.4691%  Train Loss:  0.787209   |   Test accuracy:  58.2667%  Test Loss:  0.969601
Minibatch:  280000  Train accuracy:  65.9358%  Train Loss:  0.786122   |   Test accuracy:  58.5778%  Test Loss:  0.963606
Minibatch:  281000  Train accuracy:  65.8543%  Train Loss:  0.787555   |   Test accuracy:  58.5333%  Test Loss:  0.968556
Minibatch:  282000  Train accuracy:  65.9679%  Train Loss:  0.783613   |   Test accuracy:  58.2222%  Test Loss:  0.965013
Minibatch:  283000  Train accuracy:  65.8938%  Train Loss:  0.786183   |   Test accuracy:  58.4667%  Test Loss:  0.967513
Minibatch:  284000  Train accuracy:  65.6617%  Train Loss:  0.786451   |   Test accuracy:  58.2667%  Test Loss:  0.970257
Minibatch:  285000  Train accuracy:  65.5852%  Train Loss:  0.785797   |   Test accuracy:  58.0667%  Test Loss:  0.967690
Minibatch:  286000  Train accuracy:  65.8568%  Train Loss:  0.785136   |   Test accuracy:  57.9778%  Test Loss:  0.977240
Minibatch:  287000  Train accuracy:  66.1235%  Train Loss:  0.784831   |   Test accuracy:  58.4444%  Test Loss:  0.972362
Minibatch:  288000  Train accuracy:  65.8074%  Train Loss:  0.783652   |   Test accuracy:  58.4667%  Test Loss:  0.965001
Minibatch:  289000  Train accuracy:  65.8790%  Train Loss:  0.783084   |   Test accuracy:  58.0889%  Test Loss:  0.967160
Minibatch:  290000  Train accuracy:  65.9407%  Train Loss:  0.787688   |   Test accuracy:  58.8000%  Test Loss:  0.971321
Minibatch:  291000  Train accuracy:  66.0741%  Train Loss:  0.784220   |   Test accuracy:  58.5333%  Test Loss:  0.967114
Minibatch:  292000  Train accuracy:  66.1580%  Train Loss:  0.782606   |   Test accuracy:  58.4444%  Test Loss:  0.971026
Minibatch:  293000  Train accuracy:  65.8395%  Train Loss:  0.783391   |   Test accuracy:  58.3556%  Test Loss:  0.963801
Minibatch:  294000  Train accuracy:  65.9185%  Train Loss:  0.783271   |   Test accuracy:  58.3111%  Test Loss:  0.966969
Minibatch:  295000  Train accuracy:  65.8321%  Train Loss:  0.783706   |   Test accuracy:  58.4889%  Test Loss:  0.970554
Minibatch:  296000  Train accuracy:  65.6543%  Train Loss:  0.783437   |   Test accuracy:  58.1333%  Test Loss:  0.967103
Minibatch:  297000  Train accuracy:  66.1235%  Train Loss:  0.783189   |   Test accuracy:  58.5333%  Test Loss:  0.973102
Minibatch:  298000  Train accuracy:  65.7556%  Train Loss:  0.783560   |   Test accuracy:  58.2222%  Test Loss:  0.970627
Minibatch:  299000  Train accuracy:  65.9235%  Train Loss:  0.784009   |   Test accuracy:  58.6000%  Test Loss:  0.967488
Minibatch:  300000  Train accuracy:  65.7481%  Train Loss:  0.783875   |   Test accuracy:  58.2444%  Test Loss:  0.966647
Minibatch:  301000  Train accuracy:  65.9926%  Train Loss:  0.781582   |   Test accuracy:  57.8889%  Test Loss:  0.971730
Minibatch:  302000  Train accuracy:  66.0765%  Train Loss:  0.780891   |   Test accuracy:  57.7333%  Test Loss:  0.971097
Minibatch:  303000  Train accuracy:  66.1457%  Train Loss:  0.783396   |   Test accuracy:  58.6667%  Test Loss:  0.971842
Minibatch:  304000  Train accuracy:  66.2444%  Train Loss:  0.781734   |   Test accuracy:  58.5778%  Test Loss:  0.970115
Minibatch:  305000  Train accuracy:  66.2346%  Train Loss:  0.781064   |   Test accuracy:  58.5778%  Test Loss:  0.968301
Minibatch:  306000  Train accuracy:  66.1111%  Train Loss:  0.779884   |   Test accuracy:  58.3556%  Test Loss:  0.965894
Minibatch:  307000  Train accuracy:  66.2198%  Train Loss:  0.779515   |   Test accuracy:  58.2667%  Test Loss:  0.968488
Minibatch:  308000  Train accuracy:  65.7852%  Train Loss:  0.782955   |   Test accuracy:  58.4889%  Test Loss:  0.974902
Minibatch:  309000  Train accuracy:  66.1160%  Train Loss:  0.785417   |   Test accuracy:  58.7333%  Test Loss:  0.973066
Minibatch:  310000  Train accuracy:  66.1605%  Train Loss:  0.779429   |   Test accuracy:  58.4444%  Test Loss:  0.972811
Minibatch:  311000  Train accuracy:  66.1926%  Train Loss:  0.779812   |   Test accuracy:  58.4000%  Test Loss:  0.971139
Minibatch:  312000  Train accuracy:  66.2469%  Train Loss:  0.778933   |   Test accuracy:  58.1778%  Test Loss:  0.968616
Minibatch:  313000  Train accuracy:  66.1926%  Train Loss:  0.779336   |   Test accuracy:  58.8000%  Test Loss:  0.970495
Minibatch:  314000  Train accuracy:  65.2914%  Train Loss:  0.781665   |   Test accuracy:  58.2222%  Test Loss:  0.968004
Minibatch:  315000  Train accuracy:  66.0519%  Train Loss:  0.778529   |   Test accuracy:  58.3111%  Test Loss:  0.965764
Minibatch:  316000  Train accuracy:  65.9062%  Train Loss:  0.778926   |   Test accuracy:  58.4444%  Test Loss:  0.970346
Minibatch:  317000  Train accuracy:  66.3802%  Train Loss:  0.780796   |   Test accuracy:  58.7333%  Test Loss:  0.973643
Minibatch:  318000  Train accuracy:  65.8593%  Train Loss:  0.779360   |   Test accuracy:  58.0667%  Test Loss:  0.974877
Minibatch:  319000  Train accuracy:  66.1037%  Train Loss:  0.778670   |   Test accuracy:  58.5778%  Test Loss:  0.974902
Minibatch:  320000  Train accuracy:  66.1037%  Train Loss:  0.780618   |   Test accuracy:  58.3778%  Test Loss:  0.981461
Minibatch:  321000  Train accuracy:  65.5630%  Train Loss:  0.780935   |   Test accuracy:  58.1556%  Test Loss:  0.968834
Minibatch:  322000  Train accuracy:  66.1086%  Train Loss:  0.777816   |   Test accuracy:  58.4000%  Test Loss:  0.964668
Minibatch:  323000  Train accuracy:  66.1086%  Train Loss:  0.777994   |   Test accuracy:  58.5111%  Test Loss:  0.973961
Minibatch:  324000  Train accuracy:  65.9481%  Train Loss:  0.780275   |   Test accuracy:  58.4000%  Test Loss:  0.975769
Minibatch:  325000  Train accuracy:  66.1210%  Train Loss:  0.778415   |   Test accuracy:  58.6667%  Test Loss:  0.972534
Minibatch:  326000  Train accuracy:  65.3580%  Train Loss:  0.782750   |   Test accuracy:  58.0444%  Test Loss:  0.980364
Minibatch:  327000  Train accuracy:  66.0247%  Train Loss:  0.780752   |   Test accuracy:  58.3333%  Test Loss:  0.971773
Minibatch:  328000  Train accuracy:  66.2741%  Train Loss:  0.776762   |   Test accuracy:  58.2667%  Test Loss:  0.973016
Minibatch:  329000  Train accuracy:  66.1556%  Train Loss:  0.785147   |   Test accuracy:  58.7333%  Test Loss:  0.986805
Minibatch:  330000  Train accuracy:  65.4667%  Train Loss:  0.782166   |   Test accuracy:  57.9556%  Test Loss:  0.980960
Minibatch:  331000  Train accuracy:  66.0395%  Train Loss:  0.783295   |   Test accuracy:  59.0889%  Test Loss:  0.976059
Minibatch:  332000  Train accuracy:  66.1951%  Train Loss:  0.777295   |   Test accuracy:  59.0000%  Test Loss:  0.971905
Minibatch:  333000  Train accuracy:  66.1407%  Train Loss:  0.776628   |   Test accuracy:  58.2444%  Test Loss:  0.976050
Minibatch:  334000  Train accuracy:  66.3432%  Train Loss:  0.776193   |   Test accuracy:  58.6444%  Test Loss:  0.974198
Minibatch:  335000  Train accuracy:  66.2494%  Train Loss:  0.776614   |   Test accuracy:  58.6889%  Test Loss:  0.968870
Minibatch:  336000  Train accuracy:  65.9432%  Train Loss:  0.776825   |   Test accuracy:  58.1556%  Test Loss:  0.969686
Minibatch:  337000  Train accuracy:  66.3679%  Train Loss:  0.777379   |   Test accuracy:  58.9333%  Test Loss:  0.971274
Minibatch:  338000  Train accuracy:  66.1333%  Train Loss:  0.775895   |   Test accuracy:  58.1778%  Test Loss:  0.974861
Minibatch:  339000  Train accuracy:  66.2642%  Train Loss:  0.775207   |   Test accuracy:  58.4222%  Test Loss:  0.974653
Minibatch:  340000  Train accuracy:  66.2346%  Train Loss:  0.776067   |   Test accuracy:  58.4444%  Test Loss:  0.974846
Minibatch:  341000  Train accuracy:  66.2173%  Train Loss:  0.775001   |   Test accuracy:  58.5556%  Test Loss:  0.970160
Minibatch:  342000  Train accuracy:  66.3556%  Train Loss:  0.774248   |   Test accuracy:  58.0444%  Test Loss:  0.977001
Minibatch:  343000  Train accuracy:  66.4815%  Train Loss:  0.774587   |   Test accuracy:  58.3333%  Test Loss:  0.982101
Minibatch:  344000  Train accuracy:  66.4049%  Train Loss:  0.775810   |   Test accuracy:  58.4667%  Test Loss:  0.977386
Minibatch:  345000  Train accuracy:  66.3111%  Train Loss:  0.774834   |   Test accuracy:  58.8000%  Test Loss:  0.974529
Minibatch:  346000  Train accuracy:  66.4222%  Train Loss:  0.775827   |   Test accuracy:  58.6667%  Test Loss:  0.977072
Minibatch:  347000  Train accuracy:  66.3432%  Train Loss:  0.774837   |   Test accuracy:  58.8222%  Test Loss:  0.971224
Minibatch:  348000  Train accuracy:  66.1901%  Train Loss:  0.773945   |   Test accuracy:  58.1778%  Test Loss:  0.971543
Minibatch:  349000  Train accuracy:  66.4049%  Train Loss:  0.773814   |   Test accuracy:  58.6222%  Test Loss:  0.978368
Minibatch:  350000  Train accuracy:  66.2049%  Train Loss:  0.776308   |   Test accuracy:  58.5333%  Test Loss:  0.986363
Minibatch:  351000  Train accuracy:  65.9284%  Train Loss:  0.776387   |   Test accuracy:  58.4667%  Test Loss:  0.976362
Minibatch:  352000  Train accuracy:  66.1852%  Train Loss:  0.775353   |   Test accuracy:  58.3778%  Test Loss:  0.981185
Minibatch:  353000  Train accuracy:  66.1531%  Train Loss:  0.774216   |   Test accuracy:  58.4000%  Test Loss:  0.973257
Minibatch:  354000  Train accuracy:  66.2617%  Train Loss:  0.778512   |   Test accuracy:  58.5778%  Test Loss:  0.982646
Minibatch:  355000  Train accuracy:  66.3407%  Train Loss:  0.773865   |   Test accuracy:  58.6444%  Test Loss:  0.982515
Minibatch:  356000  Train accuracy:  66.1679%  Train Loss:  0.776774   |   Test accuracy:  58.6000%  Test Loss:  0.978735
Minibatch:  357000  Train accuracy:  65.3926%  Train Loss:  0.777431   |   Test accuracy:  57.9111%  Test Loss:  0.979988
Minibatch:  358000  Train accuracy:  66.1926%  Train Loss:  0.773554   |   Test accuracy:  58.4222%  Test Loss:  0.974792
Minibatch:  359000  Train accuracy:  66.1728%  Train Loss:  0.773229   |   Test accuracy:  58.3778%  Test Loss:  0.982582
Minibatch:  360000  Train accuracy:  66.3284%  Train Loss:  0.776872   |   Test accuracy:  58.5556%  Test Loss:  0.985776
Minibatch:  361000  Train accuracy:  66.3111%  Train Loss:  0.776157   |   Test accuracy:  58.6889%  Test Loss:  0.987100
Minibatch:  362000  Train accuracy:  66.2642%  Train Loss:  0.774796   |   Test accuracy:  58.4222%  Test Loss:  0.979379
Minibatch:  363000  Train accuracy:  66.0370%  Train Loss:  0.774426   |   Test accuracy:  58.1111%  Test Loss:  0.985056
Minibatch:  364000  Train accuracy:  66.5062%  Train Loss:  0.771949   |   Test accuracy:  58.4667%  Test Loss:  0.981828
Minibatch:  365000  Train accuracy:  66.5901%  Train Loss:  0.770665   |   Test accuracy:  58.6222%  Test Loss:  0.978987
Minibatch:  366000  Train accuracy:  66.3383%  Train Loss:  0.775389   |   Test accuracy:  58.6444%  Test Loss:  0.986819
Minibatch:  367000  Train accuracy:  66.3654%  Train Loss:  0.770737   |   Test accuracy:  58.2222%  Test Loss:  0.978445
Minibatch:  368000  Train accuracy:  66.2519%  Train Loss:  0.772030   |   Test accuracy:  58.4000%  Test Loss:  0.983920
Minibatch:  369000  Train accuracy:  66.1605%  Train Loss:  0.771815   |   Test accuracy:  58.2667%  Test Loss:  0.975667
Minibatch:  370000  Train accuracy:  66.5210%  Train Loss:  0.770295   |   Test accuracy:  58.6444%  Test Loss:  0.976987
Minibatch:  371000  Train accuracy:  66.3580%  Train Loss:  0.774475   |   Test accuracy:  58.7111%  Test Loss:  0.977845
Minibatch:  372000  Train accuracy:  66.0840%  Train Loss:  0.771488   |   Test accuracy:  58.2889%  Test Loss:  0.982725
Minibatch:  373000  Train accuracy:  66.4346%  Train Loss:  0.770253   |   Test accuracy:  58.4444%  Test Loss:  0.980469
Minibatch:  374000  Train accuracy:  66.4815%  Train Loss:  0.770222   |   Test accuracy:  58.3778%  Test Loss:  0.980174
Minibatch:  375000  Train accuracy:  65.2420%  Train Loss:  0.776095   |   Test accuracy:  58.0889%  Test Loss:  0.981680
Minibatch:  376000  Train accuracy:  66.2025%  Train Loss:  0.770529   |   Test accuracy:  58.2000%  Test Loss:  0.979076
Minibatch:  377000  Train accuracy:  66.0420%  Train Loss:  0.770504   |   Test accuracy:  58.2000%  Test Loss:  0.977029
Minibatch:  378000  Train accuracy:  66.3333%  Train Loss:  0.771178   |   Test accuracy:  58.2444%  Test Loss:  0.975577
Minibatch:  379000  Train accuracy:  65.9407%  Train Loss:  0.771701   |   Test accuracy:  58.2889%  Test Loss:  0.975283
Minibatch:  380000  Train accuracy:  66.4198%  Train Loss:  0.769806   |   Test accuracy:  58.4444%  Test Loss:  0.983464
Minibatch:  381000  Train accuracy:  66.5358%  Train Loss:  0.773811   |   Test accuracy:  59.0889%  Test Loss:  0.987058
Minibatch:  382000  Train accuracy:  66.0247%  Train Loss:  0.772139   |   Test accuracy:  58.1111%  Test Loss:  0.986062
Minibatch:  383000  Train accuracy:  66.4790%  Train Loss:  0.772068   |   Test accuracy:  58.7778%  Test Loss:  0.983222
Minibatch:  384000  Train accuracy:  66.5753%  Train Loss:  0.768614   |   Test accuracy:  58.4889%  Test Loss:  0.988301
Minibatch:  385000  Train accuracy:  65.9481%  Train Loss:  0.771260   |   Test accuracy:  58.1556%  Test Loss:  0.984621
Minibatch:  386000  Train accuracy:  66.3901%  Train Loss:  0.769175   |   Test accuracy:  58.3111%  Test Loss:  0.985593
Minibatch:  387000  Train accuracy:  66.3160%  Train Loss:  0.771742   |   Test accuracy:  58.4889%  Test Loss:  0.988753
Minibatch:  388000  Train accuracy:  65.6321%  Train Loss:  0.772574   |   Test accuracy:  58.4667%  Test Loss:  0.979430
Minibatch:  389000  Train accuracy:  66.6395%  Train Loss:  0.769916   |   Test accuracy:  58.7778%  Test Loss:  0.989323
Minibatch:  390000  Train accuracy:  66.4543%  Train Loss:  0.769336   |   Test accuracy:  58.4222%  Test Loss:  0.988771
Minibatch:  391000  Train accuracy:  66.4963%  Train Loss:  0.768709   |   Test accuracy:  58.1333%  Test Loss:  0.981687
Minibatch:  392000  Train accuracy:  66.7235%  Train Loss:  0.768541   |   Test accuracy:  58.6667%  Test Loss:  0.989026
Minibatch:  393000  Train accuracy:  66.2469%  Train Loss:  0.768940   |   Test accuracy:  58.0889%  Test Loss:  0.981746
Minibatch:  394000  Train accuracy:  66.4469%  Train Loss:  0.771052   |   Test accuracy:  58.4667%  Test Loss:  0.987816
Minibatch:  395000  Train accuracy:  66.2963%  Train Loss:  0.767568   |   Test accuracy:  58.3778%  Test Loss:  0.986206
Minibatch:  396000  Train accuracy:  66.4543%  Train Loss:  0.769455   |   Test accuracy:  58.5556%  Test Loss:  0.983234
Minibatch:  397000  Train accuracy:  65.9778%  Train Loss:  0.770591   |   Test accuracy:  58.4222%  Test Loss:  0.985169
Minibatch:  398000  Train accuracy:  66.2074%  Train Loss:  0.767967   |   Test accuracy:  58.1778%  Test Loss:  0.981649
Minibatch:  399000  Train accuracy:  65.2395%  Train Loss:  0.773034   |   Test accuracy:  58.1778%  Test Loss:  0.983614
Minibatch:  400000  Train accuracy:  66.5481%  Train Loss:  0.768783   |   Test accuracy:  58.2889%  Test Loss:  0.996922
Minibatch:  401000  Train accuracy:  66.2395%  Train Loss:  0.769593   |   Test accuracy:  58.5111%  Test Loss:  0.985873
Minibatch:  402000  Train accuracy:  66.6123%  Train Loss:  0.765619   |   Test accuracy:  58.4889%  Test Loss:  0.986134
Minibatch:  403000  Train accuracy:  66.5383%  Train Loss:  0.766011   |   Test accuracy:  58.6444%  Test Loss:  0.983008
Minibatch:  404000  Train accuracy:  65.8938%  Train Loss:  0.770182   |   Test accuracy:  58.2444%  Test Loss:  0.987887
Minibatch:  405000  Train accuracy:  66.1975%  Train Loss:  0.769607   |   Test accuracy:  58.1333%  Test Loss:  0.995666
Minibatch:  406000  Train accuracy:  66.5728%  Train Loss:  0.766617   |   Test accuracy:  58.6444%  Test Loss:  0.986732
Minibatch:  407000  Train accuracy:  66.3556%  Train Loss:  0.771161   |   Test accuracy:  58.6889%  Test Loss:  0.984753
Minibatch:  408000  Train accuracy:  66.5654%  Train Loss:  0.770708   |   Test accuracy:  58.5556%  Test Loss:  0.988861
Minibatch:  409000  Train accuracy:  66.3802%  Train Loss:  0.770911   |   Test accuracy:  58.3778%  Test Loss:  0.990996
Minibatch:  410000  Train accuracy:  66.5407%  Train Loss:  0.765323   |   Test accuracy:  58.3333%  Test Loss:  0.986566
Minibatch:  411000  Train accuracy:  66.0691%  Train Loss:  0.771167   |   Test accuracy:  58.4889%  Test Loss:  0.993695
Minibatch:  412000  Train accuracy:  66.7457%  Train Loss:  0.765525   |   Test accuracy:  58.6444%  Test Loss:  0.987312
Minibatch:  413000  Train accuracy:  66.2716%  Train Loss:  0.776004   |   Test accuracy:  58.5778%  Test Loss:  0.988869
Minibatch:  414000  Train accuracy:  66.7827%  Train Loss:  0.765180   |   Test accuracy:  58.5111%  Test Loss:  0.990001
Minibatch:  415000  Train accuracy:  66.3877%  Train Loss:  0.767832   |   Test accuracy:  58.6000%  Test Loss:  0.984031
Minibatch:  416000  Train accuracy:  66.3852%  Train Loss:  0.766738   |   Test accuracy:  58.5111%  Test Loss:  0.989123
Minibatch:  417000  Train accuracy:  66.3852%  Train Loss:  0.765760   |   Test accuracy:  58.5556%  Test Loss:  0.985239
Minibatch:  418000  Train accuracy:  66.4593%  Train Loss:  0.767994   |   Test accuracy:  58.1556%  Test Loss:  1.004839
Minibatch:  419000  Train accuracy:  66.4667%  Train Loss:  0.767490   |   Test accuracy:  58.6000%  Test Loss:  0.989291
Minibatch:  420000  Train accuracy:  66.6667%  Train Loss:  0.764303   |   Test accuracy:  58.3111%  Test Loss:  0.988862
Minibatch:  421000  Train accuracy:  66.4543%  Train Loss:  0.766784   |   Test accuracy:  58.2444%  Test Loss:  0.998006
Minibatch:  422000  Train accuracy:  66.6568%  Train Loss:  0.766064   |   Test accuracy:  58.7333%  Test Loss:  0.988478
Minibatch:  423000  Train accuracy:  66.6198%  Train Loss:  0.765773   |   Test accuracy:  58.7333%  Test Loss:  0.993209
Minibatch:  424000  Train accuracy:  66.6667%  Train Loss:  0.764488   |   Test accuracy:  58.5556%  Test Loss:  0.990075
Minibatch:  425000  Train accuracy:  66.5605%  Train Loss:  0.763834   |   Test accuracy:  58.2222%  Test Loss:  0.989605
Minibatch:  426000  Train accuracy:  66.6049%  Train Loss:  0.769359   |   Test accuracy:  58.6444%  Test Loss:  0.994109
Minibatch:  427000  Train accuracy:  66.6148%  Train Loss:  0.763288   |   Test accuracy:  58.1111%  Test Loss:  0.989741
Minibatch:  428000  Train accuracy:  66.5383%  Train Loss:  0.766211   |   Test accuracy:  58.6000%  Test Loss:  0.991726
Minibatch:  429000  Train accuracy:  65.6370%  Train Loss:  0.769257   |   Test accuracy:  58.1333%  Test Loss:  0.996094
Minibatch:  430000  Train accuracy:  66.3259%  Train Loss:  0.763860   |   Test accuracy:  58.4667%  Test Loss:  0.985499
Minibatch:  431000  Train accuracy:  66.7432%  Train Loss:  0.764331   |   Test accuracy:  58.6000%  Test Loss:  0.993398
Minibatch:  432000  Train accuracy:  66.5062%  Train Loss:  0.763051   |   Test accuracy:  58.4222%  Test Loss:  0.986333
Minibatch:  433000  Train accuracy:  66.4716%  Train Loss:  0.774128   |   Test accuracy:  58.7778%  Test Loss:  0.998884
Minibatch:  434000  Train accuracy:  66.4988%  Train Loss:  0.763104   |   Test accuracy:  58.0889%  Test Loss:  0.998991
Minibatch:  435000  Train accuracy:  66.6198%  Train Loss:  0.764051   |   Test accuracy:  58.3778%  Test Loss:  0.997789
Minibatch:  436000  Train accuracy:  66.6074%  Train Loss:  0.762797   |   Test accuracy:  58.2889%  Test Loss:  0.991758
Minibatch:  437000  Train accuracy:  66.7062%  Train Loss:  0.762211   |   Test accuracy:  58.0444%  Test Loss:  0.991929
Minibatch:  438000  Train accuracy:  66.2123%  Train Loss:  0.764624   |   Test accuracy:  58.1333%  Test Loss:  0.991815
Minibatch:  439000  Train accuracy:  66.5753%  Train Loss:  0.761845   |   Test accuracy:  58.2222%  Test Loss:  0.995273
Minibatch:  440000  Train accuracy:  66.5383%  Train Loss:  0.762843   |   Test accuracy:  58.4444%  Test Loss:  0.988578
Minibatch:  441000  Train accuracy:  66.6173%  Train Loss:  0.761331   |   Test accuracy:  58.1333%  Test Loss:  0.989385
Minibatch:  442000  Train accuracy:  66.4889%  Train Loss:  0.763088   |   Test accuracy:  58.2889%  Test Loss:  0.995702
Minibatch:  443000  Train accuracy:  66.5654%  Train Loss:  0.763623   |   Test accuracy:  58.4000%  Test Loss:  0.991194
Minibatch:  444000  Train accuracy:  66.8123%  Train Loss:  0.760944   |   Test accuracy:  58.2667%  Test Loss:  0.996157
Minibatch:  445000  Train accuracy:  66.5531%  Train Loss:  0.762089   |   Test accuracy:  58.1111%  Test Loss:  0.990932
Minibatch:  446000  Train accuracy:  66.4000%  Train Loss:  0.765552   |   Test accuracy:  58.4667%  Test Loss:  0.989943
Minibatch:  447000  Train accuracy:  66.7802%  Train Loss:  0.761659   |   Test accuracy:  58.1556%  Test Loss:  0.998123
Minibatch:  448000  Train accuracy:  66.6543%  Train Loss:  0.760382   |   Test accuracy:  58.3333%  Test Loss:  0.991985
Minibatch:  449000  Train accuracy:  66.8938%  Train Loss:  0.763902   |   Test accuracy:  58.5556%  Test Loss:  0.997479
Minibatch:  450000  Train accuracy:  66.3185%  Train Loss:  0.763613   |   Test accuracy:  58.2667%  Test Loss:  0.996358
Minibatch:  451000  Train accuracy:  66.4370%  Train Loss:  0.761030   |   Test accuracy:  58.1333%  Test Loss:  0.990892
Minibatch:  452000  Train accuracy:  66.6494%  Train Loss:  0.763105   |   Test accuracy:  58.6000%  Test Loss:  0.989821
Minibatch:  453000  Train accuracy:  66.6543%  Train Loss:  0.762450   |   Test accuracy:  58.2667%  Test Loss:  0.995414
Minibatch:  454000  Train accuracy:  66.7481%  Train Loss:  0.760439   |   Test accuracy:  58.8667%  Test Loss:  0.992434
Minibatch:  455000  Train accuracy:  66.8716%  Train Loss:  0.760739   |   Test accuracy:  58.3556%  Test Loss:  0.998232
Minibatch:  456000  Train accuracy:  66.5654%  Train Loss:  0.759539   |   Test accuracy:  58.4222%  Test Loss:  0.989279
Minibatch:  457000  Train accuracy:  66.5407%  Train Loss:  0.765670   |   Test accuracy:  58.8000%  Test Loss:  0.995341
Minibatch:  458000  Train accuracy:  66.7531%  Train Loss:  0.759396   |   Test accuracy:  58.2889%  Test Loss:  0.997226
Minibatch:  459000  Train accuracy:  66.3333%  Train Loss:  0.761499   |   Test accuracy:  57.9333%  Test Loss:  0.995056
Minibatch:  460000  Train accuracy:  66.5407%  Train Loss:  0.761119   |   Test accuracy:  58.2667%  Test Loss:  0.997970
Minibatch:  461000  Train accuracy:  66.6765%  Train Loss:  0.760219   |   Test accuracy:  58.4667%  Test Loss:  0.997340
Minibatch:  462000  Train accuracy:  66.7556%  Train Loss:  0.760253   |   Test accuracy:  58.7111%  Test Loss:  0.992686
Minibatch:  463000  Train accuracy:  66.3556%  Train Loss:  0.761957   |   Test accuracy:  57.8667%  Test Loss:  0.999111
Minibatch:  464000  Train accuracy:  66.3185%  Train Loss:  0.762296   |   Test accuracy:  57.9556%  Test Loss:  1.002067
Minibatch:  465000  Train accuracy:  66.5975%  Train Loss:  0.764788   |   Test accuracy:  58.2667%  Test Loss:  0.999677
Minibatch:  466000  Train accuracy:  65.6272%  Train Loss:  0.764769   |   Test accuracy:  57.8444%  Test Loss:  0.996162
Minibatch:  467000  Train accuracy:  66.6617%  Train Loss:  0.760481   |   Test accuracy:  58.5111%  Test Loss:  0.995825
Minibatch:  468000  Train accuracy:  66.6741%  Train Loss:  0.758741   |   Test accuracy:  58.2667%  Test Loss:  0.995277
Minibatch:  469000  Train accuracy:  66.7531%  Train Loss:  0.758700   |   Test accuracy:  58.7778%  Test Loss:  0.993653
Minibatch:  470000  Train accuracy:  66.9679%  Train Loss:  0.762054   |   Test accuracy:  58.8667%  Test Loss:  0.997384
Minibatch:  471000  Train accuracy:  66.9309%  Train Loss:  0.761443   |   Test accuracy:  58.9778%  Test Loss:  0.996773
Minibatch:  472000  Train accuracy:  66.7802%  Train Loss:  0.760543   |   Test accuracy:  58.6000%  Test Loss:  1.000881
Minibatch:  473000  Train accuracy:  66.8963%  Train Loss:  0.761047   |   Test accuracy:  58.5111%  Test Loss:  1.002748
Minibatch:  474000  Train accuracy:  66.7802%  Train Loss:  0.758910   |   Test accuracy:  58.6444%  Test Loss:  0.997336
Minibatch:  475000  Train accuracy:  66.6543%  Train Loss:  0.761747   |   Test accuracy:  58.3333%  Test Loss:  1.002448
Minibatch:  476000  Train accuracy:  66.4988%  Train Loss:  0.758356   |   Test accuracy:  58.4000%  Test Loss:  0.997169
Minibatch:  477000  Train accuracy:  66.6963%  Train Loss:  0.757841   |   Test accuracy:  58.3111%  Test Loss:  1.002769
Minibatch:  478000  Train accuracy:  66.9432%  Train Loss:  0.756478   |   Test accuracy:  58.4444%  Test Loss:  1.000989
Minibatch:  479000  Train accuracy:  66.8173%  Train Loss:  0.757420   |   Test accuracy:  58.4667%  Test Loss:  1.003143
Minibatch:  480000  Train accuracy:  66.6543%  Train Loss:  0.759172   |   Test accuracy:  58.4000%  Test Loss:  0.995506
Minibatch:  481000  Train accuracy:  66.6568%  Train Loss:  0.760960   |   Test accuracy:  58.6000%  Test Loss:  1.003709
Minibatch:  482000  Train accuracy:  66.6963%  Train Loss:  0.757092   |   Test accuracy:  58.3556%  Test Loss:  1.000662
Minibatch:  483000  Train accuracy:  66.8000%  Train Loss:  0.757120   |   Test accuracy:  58.6889%  Test Loss:  1.001868
Minibatch:  484000  Train accuracy:  66.6469%  Train Loss:  0.757689   |   Test accuracy:  58.6000%  Test Loss:  1.002875
Minibatch:  485000  Train accuracy:  66.7852%  Train Loss:  0.756392   |   Test accuracy:  58.7778%  Test Loss:  1.002926
Minibatch:  486000  Train accuracy:  66.8395%  Train Loss:  0.758355   |   Test accuracy:  58.4000%  Test Loss:  1.002661
Minibatch:  487000  Train accuracy:  66.8321%  Train Loss:  0.759922   |   Test accuracy:  58.9111%  Test Loss:  1.007851
Minibatch:  488000  Train accuracy:  66.9358%  Train Loss:  0.756066   |   Test accuracy:  58.5333%  Test Loss:  1.001454
Minibatch:  489000  Train accuracy:  66.8741%  Train Loss:  0.761290   |   Test accuracy:  58.8444%  Test Loss:  1.010007
Minibatch:  490000  Train accuracy:  66.8790%  Train Loss:  0.756222   |   Test accuracy:  58.3556%  Test Loss:  1.004452
Minibatch:  491000  Train accuracy:  66.8173%  Train Loss:  0.756080   |   Test accuracy:  58.4222%  Test Loss:  1.002721
Minibatch:  492000  Train accuracy:  66.5531%  Train Loss:  0.759540   |   Test accuracy:  58.5333%  Test Loss:  1.009480
Minibatch:  493000  Train accuracy:  66.9086%  Train Loss:  0.755397   |   Test accuracy:  58.3111%  Test Loss:  1.003108
Minibatch:  494000  Train accuracy:  66.7506%  Train Loss:  0.759824   |   Test accuracy:  58.7556%  Test Loss:  0.999016
Minibatch:  495000  Train accuracy:  66.9506%  Train Loss:  0.756269   |   Test accuracy:  58.8444%  Test Loss:  1.005001
Minibatch:  496000  Train accuracy:  66.8593%  Train Loss:  0.757057   |   Test accuracy:  58.4667%  Test Loss:  1.011189
Minibatch:  497000  Train accuracy:  66.9852%  Train Loss:  0.755623   |   Test accuracy:  58.4889%  Test Loss:  1.004191
Minibatch:  498000  Train accuracy:  66.8173%  Train Loss:  0.756690   |   Test accuracy:  58.4889%  Test Loss:  1.003625
Minibatch:  499000  Train accuracy:  66.8593%  Train Loss:  0.756217   |   Test accuracy:  58.0889%  Test Loss:  1.012273
Minibatch:  500000  Train accuracy:  67.0420%  Train Loss:  0.754734   |   Test accuracy:  58.4667%  Test Loss:  1.006659
Minibatch:  501000  Train accuracy:  66.6815%  Train Loss:  0.756247   |   Test accuracy:  58.2444%  Test Loss:  1.004125
Minibatch:  502000  Train accuracy:  66.9728%  Train Loss:  0.754591   |   Test accuracy:  58.3778%  Test Loss:  1.005238
Minibatch:  503000  Train accuracy:  66.9753%  Train Loss:  0.756802   |   Test accuracy:  58.7111%  Test Loss:  1.012152
Minibatch:  504000  Train accuracy:  66.6420%  Train Loss:  0.757716   |   Test accuracy:  58.3333%  Test Loss:  1.014077
Minibatch:  505000  Train accuracy:  66.9284%  Train Loss:  0.757569   |   Test accuracy:  58.9556%  Test Loss:  1.007094
Minibatch:  506000  Train accuracy:  67.0519%  Train Loss:  0.755971   |   Test accuracy:  58.8000%  Test Loss:  1.007928
Minibatch:  507000  Train accuracy:  66.7012%  Train Loss:  0.758113   |   Test accuracy:  58.4667%  Test Loss:  1.011413
Minibatch:  508000  Train accuracy:  66.8568%  Train Loss:  0.754459   |   Test accuracy:  58.4000%  Test Loss:  1.002030
Minibatch:  509000  Train accuracy:  66.9284%  Train Loss:  0.753757   |   Test accuracy:  58.4222%  Test Loss:  1.003331
Minibatch:  510000  Train accuracy:  66.5037%  Train Loss:  0.757836   |   Test accuracy:  58.5556%  Test Loss:  1.012014
Minibatch:  511000  Train accuracy:  66.6469%  Train Loss:  0.755373   |   Test accuracy:  58.3778%  Test Loss:  0.998727
Minibatch:  512000  Train accuracy:  67.0370%  Train Loss:  0.754022   |   Test accuracy:  58.7556%  Test Loss:  1.006745
Minibatch:  513000  Train accuracy:  67.0074%  Train Loss:  0.754734   |   Test accuracy:  58.6000%  Test Loss:  1.005996
Minibatch:  514000  Train accuracy:  67.0074%  Train Loss:  0.756635   |   Test accuracy:  59.0444%  Test Loss:  1.004058
Minibatch:  515000  Train accuracy:  67.0370%  Train Loss:  0.754466   |   Test accuracy:  58.8889%  Test Loss:  1.008020
Minibatch:  516000  Train accuracy:  66.9827%  Train Loss:  0.754085   |   Test accuracy:  58.7333%  Test Loss:  1.004187
Minibatch:  517000  Train accuracy:  66.7605%  Train Loss:  0.755758   |   Test accuracy:  58.2444%  Test Loss:  1.008409
Minibatch:  518000  Train accuracy:  66.7309%  Train Loss:  0.755056   |   Test accuracy:  58.3111%  Test Loss:  1.006408
Minibatch:  519000  Train accuracy:  67.0198%  Train Loss:  0.756967   |   Test accuracy:  58.7333%  Test Loss:  1.022265
Minibatch:  520000  Train accuracy:  66.9877%  Train Loss:  0.753571   |   Test accuracy:  58.4889%  Test Loss:  1.006514
Minibatch:  521000  Train accuracy:  66.1852%  Train Loss:  0.759673   |   Test accuracy:  58.4222%  Test Loss:  1.013643
Minibatch:  522000  Train accuracy:  66.7901%  Train Loss:  0.753915   |   Test accuracy:  58.4000%  Test Loss:  1.005566
Minibatch:  523000  Train accuracy:  66.9630%  Train Loss:  0.755082   |   Test accuracy:  58.7111%  Test Loss:  1.010211
Minibatch:  524000  Train accuracy:  66.9926%  Train Loss:  0.753096   |   Test accuracy:  58.3778%  Test Loss:  1.010586
Minibatch:  525000  Train accuracy:  66.7975%  Train Loss:  0.753675   |   Test accuracy:  58.4667%  Test Loss:  1.006323
Minibatch:  526000  Train accuracy:  66.8123%  Train Loss:  0.753783   |   Test accuracy:  58.4444%  Test Loss:  1.008658
Minibatch:  527000  Train accuracy:  67.0642%  Train Loss:  0.751699   |   Test accuracy:  58.5111%  Test Loss:  1.010640
Minibatch:  528000  Train accuracy:  66.8642%  Train Loss:  0.752738   |   Test accuracy:  58.3778%  Test Loss:  1.007412
Minibatch:  529000  Train accuracy:  66.9556%  Train Loss:  0.753215   |   Test accuracy:  58.9111%  Test Loss:  1.008804
Minibatch:  530000  Train accuracy:  66.9827%  Train Loss:  0.752323   |   Test accuracy:  58.3556%  Test Loss:  1.017895
Minibatch:  531000  Train accuracy:  67.0667%  Train Loss:  0.751561   |   Test accuracy:  58.7333%  Test Loss:  1.009112
Minibatch:  532000  Train accuracy:  67.0222%  Train Loss:  0.752263   |   Test accuracy:  58.6889%  Test Loss:  1.008551
Minibatch:  533000  Train accuracy:  67.0914%  Train Loss:  0.750859   |   Test accuracy:  58.6222%  Test Loss:  1.009281
Minibatch:  534000  Train accuracy:  67.0099%  Train Loss:  0.751941   |   Test accuracy:  58.6889%  Test Loss:  1.010425
Minibatch:  535000  Train accuracy:  66.9383%  Train Loss:  0.752424   |   Test accuracy:  58.4444%  Test Loss:  1.009430
Minibatch:  536000  Train accuracy:  66.9136%  Train Loss:  0.754928   |   Test accuracy:  58.4667%  Test Loss:  1.016976
Minibatch:  537000  Train accuracy:  66.4568%  Train Loss:  0.756095   |   Test accuracy:  58.5556%  Test Loss:  1.013277
Minibatch:  538000  Train accuracy:  67.0346%  Train Loss:  0.750680   |   Test accuracy:  58.5333%  Test Loss:  1.009234
Minibatch:  539000  Train accuracy:  67.1037%  Train Loss:  0.751380   |   Test accuracy:  58.4889%  Test Loss:  1.013064
Minibatch:  540000  Train accuracy:  66.4765%  Train Loss:  0.758629   |   Test accuracy:  58.5333%  Test Loss:  1.031531
Minibatch:  541000  Train accuracy:  67.0642%  Train Loss:  0.750640   |   Test accuracy:  58.5111%  Test Loss:  1.015118
Minibatch:  542000  Train accuracy:  67.0519%  Train Loss:  0.751212   |   Test accuracy:  58.7778%  Test Loss:  1.009023
Minibatch:  543000  Train accuracy:  66.8321%  Train Loss:  0.751313   |   Test accuracy:  58.2000%  Test Loss:  1.009327
Minibatch:  544000  Train accuracy:  67.0864%  Train Loss:  0.751829   |   Test accuracy:  58.5556%  Test Loss:  1.015208
Minibatch:  545000  Train accuracy:  67.0395%  Train Loss:  0.751643   |   Test accuracy:  58.6000%  Test Loss:  1.022700
Minibatch:  546000  Train accuracy:  66.8741%  Train Loss:  0.751375   |   Test accuracy:  58.2667%  Test Loss:  1.011507
Minibatch:  547000  Train accuracy:  67.1432%  Train Loss:  0.754084   |   Test accuracy:  59.1556%  Test Loss:  1.023051
Minibatch:  548000  Train accuracy:  66.9136%  Train Loss:  0.756220   |   Test accuracy:  58.6444%  Test Loss:  1.016639
Minibatch:  549000  Train accuracy:  66.9827%  Train Loss:  0.750188   |   Test accuracy:  58.5556%  Test Loss:  1.014484
Minibatch:  550000  Train accuracy:  67.1012%  Train Loss:  0.751295   |   Test accuracy:  58.8000%  Test Loss:  1.021193
Minibatch:  551000  Train accuracy:  66.9432%  Train Loss:  0.750468   |   Test accuracy:  58.3778%  Test Loss:  1.014623
Minibatch:  552000  Train accuracy:  67.0049%  Train Loss:  0.752793   |   Test accuracy:  58.1778%  Test Loss:  1.016339
Minibatch:  553000  Train accuracy:  66.6123%  Train Loss:  0.757558   |   Test accuracy:  58.6667%  Test Loss:  1.032811
Minibatch:  554000  Train accuracy:  66.6469%  Train Loss:  0.753224   |   Test accuracy:  58.6444%  Test Loss:  1.021689
Minibatch:  555000  Train accuracy:  67.1457%  Train Loss:  0.750217   |   Test accuracy:  58.6889%  Test Loss:  1.022270
Minibatch:  556000  Train accuracy:  66.8815%  Train Loss:  0.752291   |   Test accuracy:  58.5556%  Test Loss:  1.010636
Minibatch:  557000  Train accuracy:  66.7333%  Train Loss:  0.753063   |   Test accuracy:  58.2444%  Test Loss:  1.012606
Minibatch:  558000  Train accuracy:  67.0889%  Train Loss:  0.748797   |   Test accuracy:  58.6000%  Test Loss:  1.017093
Minibatch:  559000  Train accuracy:  67.2025%  Train Loss:  0.749157   |   Test accuracy:  58.6444%  Test Loss:  1.018716
Minibatch:  560000  Train accuracy:  66.9802%  Train Loss:  0.751203   |   Test accuracy:  58.6222%  Test Loss:  1.018185
Minibatch:  561000  Train accuracy:  66.8222%  Train Loss:  0.750934   |   Test accuracy:  58.6889%  Test Loss:  1.018205
Minibatch:  562000  Train accuracy:  66.6543%  Train Loss:  0.768401   |   Test accuracy:  58.6444%  Test Loss:  1.030568
Minibatch:  563000  Train accuracy:  66.8469%  Train Loss:  0.750316   |   Test accuracy:  57.9556%  Test Loss:  1.014311
Minibatch:  564000  Train accuracy:  67.1358%  Train Loss:  0.749751   |   Test accuracy:  58.6667%  Test Loss:  1.023079
Minibatch:  565000  Train accuracy:  67.0815%  Train Loss:  0.752022   |   Test accuracy:  58.8222%  Test Loss:  1.020802
Minibatch:  566000  Train accuracy:  67.1802%  Train Loss:  0.749595   |   Test accuracy:  58.5556%  Test Loss:  1.026273
Minibatch:  567000  Train accuracy:  67.1630%  Train Loss:  0.749418   |   Test accuracy:  59.1333%  Test Loss:  1.022515
Minibatch:  568000  Train accuracy:  66.9605%  Train Loss:  0.752860   |   Test accuracy:  59.0222%  Test Loss:  1.023111
Minibatch:  569000  Train accuracy:  67.1580%  Train Loss:  0.748490   |   Test accuracy:  58.0667%  Test Loss:  1.021505
Minibatch:  570000  Train accuracy:  66.4889%  Train Loss:  0.754738   |   Test accuracy:  58.4000%  Test Loss:  1.028834
Minibatch:  571000  Train accuracy:  67.1481%  Train Loss:  0.748656   |   Test accuracy:  59.1778%  Test Loss:  1.014623
Minibatch:  572000  Train accuracy:  66.8864%  Train Loss:  0.750293   |   Test accuracy:  58.3111%  Test Loss:  1.023880
Minibatch:  573000  Train accuracy:  66.5185%  Train Loss:  0.750666   |   Test accuracy:  58.4222%  Test Loss:  1.013803
Minibatch:  574000  Train accuracy:  67.0815%  Train Loss:  0.747712   |   Test accuracy:  58.4444%  Test Loss:  1.019042
Minibatch:  575000  Train accuracy:  66.2494%  Train Loss:  0.753620   |   Test accuracy:  58.0667%  Test Loss:  1.023147
Minibatch:  576000  Train accuracy:  67.2222%  Train Loss:  0.749160   |   Test accuracy:  58.8222%  Test Loss:  1.023140
Minibatch:  577000  Train accuracy:  67.3062%  Train Loss:  0.747727   |   Test accuracy:  59.0222%  Test Loss:  1.018326
Minibatch:  578000  Train accuracy:  67.1383%  Train Loss:  0.747377   |   Test accuracy:  58.6889%  Test Loss:  1.021509
Minibatch:  579000  Train accuracy:  67.1753%  Train Loss:  0.753307   |   Test accuracy:  58.8889%  Test Loss:  1.033267
Minibatch:  580000  Train accuracy:  67.0815%  Train Loss:  0.746973   |   Test accuracy:  58.6000%  Test Loss:  1.018900
Minibatch:  581000  Train accuracy:  67.1531%  Train Loss:  0.750133   |   Test accuracy:  58.7333%  Test Loss:  1.021481
Minibatch:  582000  Train accuracy:  67.0741%  Train Loss:  0.749438   |   Test accuracy:  58.8000%  Test Loss:  1.017651
Minibatch:  583000  Train accuracy:  67.0099%  Train Loss:  0.748318   |   Test accuracy:  58.5778%  Test Loss:  1.019726
Minibatch:  584000  Train accuracy:  66.5630%  Train Loss:  0.754722   |   Test accuracy:  58.2667%  Test Loss:  1.035686
Minibatch:  585000  Train accuracy:  67.0790%  Train Loss:  0.749670   |   Test accuracy:  58.4000%  Test Loss:  1.032887
Minibatch:  586000  Train accuracy:  66.9185%  Train Loss:  0.751647   |   Test accuracy:  57.9778%  Test Loss:  1.027368
Minibatch:  587000  Train accuracy:  67.0222%  Train Loss:  0.747920   |   Test accuracy:  58.5111%  Test Loss:  1.022765
Minibatch:  588000  Train accuracy:  67.1210%  Train Loss:  0.747119   |   Test accuracy:  58.5111%  Test Loss:  1.022659
Minibatch:  589000  Train accuracy:  66.9926%  Train Loss:  0.755464   |   Test accuracy:  58.8889%  Test Loss:  1.035399
Minibatch:  590000  Train accuracy:  67.1457%  Train Loss:  0.746421   |   Test accuracy:  58.5111%  Test Loss:  1.024059
Minibatch:  591000  Train accuracy:  67.2173%  Train Loss:  0.747963   |   Test accuracy:  58.6667%  Test Loss:  1.032118
Minibatch:  592000  Train accuracy:  67.2173%  Train Loss:  0.746360   |   Test accuracy:  58.7111%  Test Loss:  1.031936
Minibatch:  593000  Train accuracy:  67.0790%  Train Loss:  0.753102   |   Test accuracy:  58.8889%  Test Loss:  1.035037
Minibatch:  594000  Train accuracy:  67.2815%  Train Loss:  0.746800   |   Test accuracy:  58.4889%  Test Loss:  1.034139
Minibatch:  595000  Train accuracy:  67.0494%  Train Loss:  0.752205   |   Test accuracy:  58.8222%  Test Loss:  1.042450
Minibatch:  596000  Train accuracy:  67.2321%  Train Loss:  0.750981   |   Test accuracy:  58.5778%  Test Loss:  1.027833
Minibatch:  597000  Train accuracy:  66.9630%  Train Loss:  0.746792   |   Test accuracy:  58.3778%  Test Loss:  1.035422
Minibatch:  598000  Train accuracy:  67.0716%  Train Loss:  0.748422   |   Test accuracy:  58.1333%  Test Loss:  1.032639
Minibatch:  599000  Train accuracy:  67.3309%  Train Loss:  0.746151   |   Test accuracy:  58.6889%  Test Loss:  1.032410
