... read data
Train      shapes: x:  (54000, 96, 96, 1)  y:  (54000, 5)
Validation shapes: x:  (6000, 96, 96, 1)  y:  (6000, 5)
Original   Training Action Distribution:  [(26503, 0), (10503, 1), (5658, 2), (11057, 3), (279, 4)]
Original Validation Action Distribution:  [(2808, 0), (1338, 1), (603, 2), (1241, 3), (10, 4)]
Data resampled to  80.0 %
New      Train shapes: x:  (43200, 96, 96, 1)  y:  (43200, 5)
New Validation shapes: x:  (4800, 96, 96, 1)  y:  (4800, 5)
Original   Training Action Distribution:  [(17305, 0), (9801, 1), (5620, 2), (10195, 3), (279, 4)]
Original Validation Action Distribution:  [(1870, 0), (1184, 1), (600, 2), (1136, 3), (10, 4)]
... train model
Minibatch:  0  Train accuracy:  18.8356%  Train Loss:  184.368261   |   Test accuracy:  19.2917%  Test Loss:  188.371799
Minibatch:  1000  Train accuracy:  32.2106%  Train Loss:  21.311448   |   Test accuracy:  31.5417%  Test Loss:  20.724428
Minibatch:  2000  Train accuracy:  33.7731%  Train Loss:  10.174340   |   Test accuracy:  33.9583%  Test Loss:  10.437066
Minibatch:  3000  Train accuracy:  35.4167%  Train Loss:  6.247153   |   Test accuracy:  35.8750%  Test Loss:  6.229480
Minibatch:  4000  Train accuracy:  35.8287%  Train Loss:  4.497962   |   Test accuracy:  35.0625%  Test Loss:  4.393640
Minibatch:  5000  Train accuracy:  37.0255%  Train Loss:  3.609672   |   Test accuracy:  35.9583%  Test Loss:  3.579036
Minibatch:  6000  Train accuracy:  39.0648%  Train Loss:  3.163494   |   Test accuracy:  37.8958%  Test Loss:  3.139998
Minibatch:  7000  Train accuracy:  40.4769%  Train Loss:  2.902429   |   Test accuracy:  40.1875%  Test Loss:  2.868819
Minibatch:  8000  Train accuracy:  43.6134%  Train Loss:  2.755102   |   Test accuracy:  42.8542%  Test Loss:  2.742068
Minibatch:  9000  Train accuracy:  45.1690%  Train Loss:  2.637266   |   Test accuracy:  44.1667%  Test Loss:  2.620621
Minibatch:  10000  Train accuracy:  47.5093%  Train Loss:  2.553710   |   Test accuracy:  46.5625%  Test Loss:  2.551941
Minibatch:  11000  Train accuracy:  49.8056%  Train Loss:  2.472575   |   Test accuracy:  49.4167%  Test Loss:  2.467156
Minibatch:  12000  Train accuracy:  51.9653%  Train Loss:  2.399518   |   Test accuracy:  49.2708%  Test Loss:  2.398786
Minibatch:  13000  Train accuracy:  52.9884%  Train Loss:  2.333473   |   Test accuracy:  51.9583%  Test Loss:  2.343217
Minibatch:  14000  Train accuracy:  54.1713%  Train Loss:  2.272454   |   Test accuracy:  52.3542%  Test Loss:  2.282830
Minibatch:  15000  Train accuracy:  55.0069%  Train Loss:  2.216238   |   Test accuracy:  54.8125%  Test Loss:  2.219666
Minibatch:  16000  Train accuracy:  55.7755%  Train Loss:  2.156996   |   Test accuracy:  54.2083%  Test Loss:  2.173297
Minibatch:  17000  Train accuracy:  56.2106%  Train Loss:  2.110306   |   Test accuracy:  53.8542%  Test Loss:  2.126200
Minibatch:  18000  Train accuracy:  57.4120%  Train Loss:  2.055986   |   Test accuracy:  55.5208%  Test Loss:  2.089465
Minibatch:  19000  Train accuracy:  57.7130%  Train Loss:  2.006333   |   Test accuracy:  56.0833%  Test Loss:  2.042069
Minibatch:  20000  Train accuracy:  58.3796%  Train Loss:  1.963366   |   Test accuracy:  55.3333%  Test Loss:  1.999529
Minibatch:  21000  Train accuracy:  58.6296%  Train Loss:  1.919128   |   Test accuracy:  56.0625%  Test Loss:  1.956898
Minibatch:  22000  Train accuracy:  58.7454%  Train Loss:  1.883340   |   Test accuracy:  56.1042%  Test Loss:  1.928043
Minibatch:  23000  Train accuracy:  59.6782%  Train Loss:  1.840860   |   Test accuracy:  56.5000%  Test Loss:  1.882940
Minibatch:  24000  Train accuracy:  59.8102%  Train Loss:  1.806161   |   Test accuracy:  56.4583%  Test Loss:  1.842071
Minibatch:  25000  Train accuracy:  60.3495%  Train Loss:  1.770564   |   Test accuracy:  57.1042%  Test Loss:  1.818996
Minibatch:  26000  Train accuracy:  60.8102%  Train Loss:  1.735477   |   Test accuracy:  58.4167%  Test Loss:  1.784376
Minibatch:  27000  Train accuracy:  61.3403%  Train Loss:  1.707091   |   Test accuracy:  58.2708%  Test Loss:  1.761606
Minibatch:  28000  Train accuracy:  60.6690%  Train Loss:  1.675236   |   Test accuracy:  57.7500%  Test Loss:  1.727296
Minibatch:  29000  Train accuracy:  61.5394%  Train Loss:  1.646932   |   Test accuracy:  57.8125%  Test Loss:  1.695849
Minibatch:  30000  Train accuracy:  61.7106%  Train Loss:  1.621048   |   Test accuracy:  57.8958%  Test Loss:  1.682870
Minibatch:  31000  Train accuracy:  61.7639%  Train Loss:  1.598657   |   Test accuracy:  58.4792%  Test Loss:  1.666757
Minibatch:  32000  Train accuracy:  62.0023%  Train Loss:  1.573733   |   Test accuracy:  58.4167%  Test Loss:  1.639578
Minibatch:  33000  Train accuracy:  62.0046%  Train Loss:  1.551446   |   Test accuracy:  58.9792%  Test Loss:  1.607716
Minibatch:  34000  Train accuracy:  62.1759%  Train Loss:  1.530033   |   Test accuracy:  58.2708%  Test Loss:  1.584735
Minibatch:  35000  Train accuracy:  62.6597%  Train Loss:  1.509621   |   Test accuracy:  59.0417%  Test Loss:  1.577134
Minibatch:  36000  Train accuracy:  62.5579%  Train Loss:  1.491944   |   Test accuracy:  58.7708%  Test Loss:  1.555856
Minibatch:  37000  Train accuracy:  62.7292%  Train Loss:  1.472094   |   Test accuracy:  58.9167%  Test Loss:  1.539004
Minibatch:  38000  Train accuracy:  62.8843%  Train Loss:  1.456451   |   Test accuracy:  59.5833%  Test Loss:  1.532485
Minibatch:  39000  Train accuracy:  62.9630%  Train Loss:  1.440561   |   Test accuracy:  59.2708%  Test Loss:  1.513806
Minibatch:  40000  Train accuracy:  62.8958%  Train Loss:  1.427917   |   Test accuracy:  59.6875%  Test Loss:  1.503312
Minibatch:  41000  Train accuracy:  63.0301%  Train Loss:  1.409651   |   Test accuracy:  59.2292%  Test Loss:  1.489473
Minibatch:  42000  Train accuracy:  63.3102%  Train Loss:  1.396693   |   Test accuracy:  59.4792%  Test Loss:  1.482760
Minibatch:  43000  Train accuracy:  63.3750%  Train Loss:  1.382689   |   Test accuracy:  59.1250%  Test Loss:  1.453042
Minibatch:  44000  Train accuracy:  63.5278%  Train Loss:  1.370564   |   Test accuracy:  59.2500%  Test Loss:  1.456111
Minibatch:  45000  Train accuracy:  63.5231%  Train Loss:  1.353983   |   Test accuracy:  59.5208%  Test Loss:  1.447210
Minibatch:  46000  Train accuracy:  63.3519%  Train Loss:  1.344705   |   Test accuracy:  59.0000%  Test Loss:  1.431835
Minibatch:  47000  Train accuracy:  63.8079%  Train Loss:  1.334610   |   Test accuracy:  59.2708%  Test Loss:  1.419336
Minibatch:  48000  Train accuracy:  63.6435%  Train Loss:  1.322334   |   Test accuracy:  59.5625%  Test Loss:  1.418392
Minibatch:  49000  Train accuracy:  63.9352%  Train Loss:  1.313503   |   Test accuracy:  59.1042%  Test Loss:  1.414401
Minibatch:  50000  Train accuracy:  64.0417%  Train Loss:  1.300578   |   Test accuracy:  59.7083%  Test Loss:  1.393273
Minibatch:  51000  Train accuracy:  63.6782%  Train Loss:  1.292814   |   Test accuracy:  60.0417%  Test Loss:  1.387280
Minibatch:  52000  Train accuracy:  63.8889%  Train Loss:  1.282309   |   Test accuracy:  60.0000%  Test Loss:  1.370903
Minibatch:  53000  Train accuracy:  63.8194%  Train Loss:  1.276874   |   Test accuracy:  59.8125%  Test Loss:  1.370133
Minibatch:  54000  Train accuracy:  63.9398%  Train Loss:  1.264872   |   Test accuracy:  60.3542%  Test Loss:  1.357977
Minibatch:  55000  Train accuracy:  64.0579%  Train Loss:  1.259474   |   Test accuracy:  59.4583%  Test Loss:  1.358477
Minibatch:  56000  Train accuracy:  64.2454%  Train Loss:  1.248328   |   Test accuracy:  60.1042%  Test Loss:  1.344062
Minibatch:  57000  Train accuracy:  64.1273%  Train Loss:  1.243270   |   Test accuracy:  60.0208%  Test Loss:  1.337173
Minibatch:  58000  Train accuracy:  64.2824%  Train Loss:  1.233238   |   Test accuracy:  59.8125%  Test Loss:  1.327858
Minibatch:  59000  Train accuracy:  64.4606%  Train Loss:  1.227967   |   Test accuracy:  59.7500%  Test Loss:  1.322913
Minibatch:  60000  Train accuracy:  64.5579%  Train Loss:  1.220779   |   Test accuracy:  59.6250%  Test Loss:  1.320024
Minibatch:  61000  Train accuracy:  64.6157%  Train Loss:  1.215739   |   Test accuracy:  59.7708%  Test Loss:  1.311788
Minibatch:  62000  Train accuracy:  64.3264%  Train Loss:  1.205818   |   Test accuracy:  59.4375%  Test Loss:  1.316845
Minibatch:  63000  Train accuracy:  64.4838%  Train Loss:  1.200226   |   Test accuracy:  60.3542%  Test Loss:  1.297381
Minibatch:  64000  Train accuracy:  64.2106%  Train Loss:  1.195447   |   Test accuracy:  60.5208%  Test Loss:  1.285707
Minibatch:  65000  Train accuracy:  64.4421%  Train Loss:  1.189362   |   Test accuracy:  59.7292%  Test Loss:  1.287898
Minibatch:  66000  Train accuracy:  64.4699%  Train Loss:  1.181970   |   Test accuracy:  59.2500%  Test Loss:  1.283679
Minibatch:  67000  Train accuracy:  64.6690%  Train Loss:  1.176377   |   Test accuracy:  60.3750%  Test Loss:  1.279760
Minibatch:  68000  Train accuracy:  64.7546%  Train Loss:  1.170587   |   Test accuracy:  59.7083%  Test Loss:  1.272417
Minibatch:  69000  Train accuracy:  64.9630%  Train Loss:  1.162740   |   Test accuracy:  59.9375%  Test Loss:  1.267840
Minibatch:  70000  Train accuracy:  64.9213%  Train Loss:  1.160179   |   Test accuracy:  59.6042%  Test Loss:  1.261933
Minibatch:  71000  Train accuracy:  64.9306%  Train Loss:  1.153835   |   Test accuracy:  59.6667%  Test Loss:  1.261797
Minibatch:  72000  Train accuracy:  64.8912%  Train Loss:  1.150906   |   Test accuracy:  60.2292%  Test Loss:  1.249444
Minibatch:  73000  Train accuracy:  64.9282%  Train Loss:  1.147549   |   Test accuracy:  60.2083%  Test Loss:  1.253946
Minibatch:  74000  Train accuracy:  64.7407%  Train Loss:  1.140049   |   Test accuracy:  59.7708%  Test Loss:  1.257720
Minibatch:  75000  Train accuracy:  64.9676%  Train Loss:  1.137244   |   Test accuracy:  59.7708%  Test Loss:  1.252430
Minibatch:  76000  Train accuracy:  65.1134%  Train Loss:  1.130899   |   Test accuracy:  59.9583%  Test Loss:  1.247210
Minibatch:  77000  Train accuracy:  65.1273%  Train Loss:  1.126411   |   Test accuracy:  60.1667%  Test Loss:  1.250627
Minibatch:  78000  Train accuracy:  65.0903%  Train Loss:  1.123417   |   Test accuracy:  59.9375%  Test Loss:  1.241248
Minibatch:  79000  Train accuracy:  65.0231%  Train Loss:  1.120587   |   Test accuracy:  60.8542%  Test Loss:  1.230037
Minibatch:  80000  Train accuracy:  65.0926%  Train Loss:  1.114734   |   Test accuracy:  60.0417%  Test Loss:  1.224863
Minibatch:  81000  Train accuracy:  65.1458%  Train Loss:  1.110459   |   Test accuracy:  60.2500%  Test Loss:  1.230335
Minibatch:  82000  Train accuracy:  65.3032%  Train Loss:  1.106581   |   Test accuracy:  59.9167%  Test Loss:  1.225198
Minibatch:  83000  Train accuracy:  65.0995%  Train Loss:  1.103268   |   Test accuracy:  60.3750%  Test Loss:  1.223258
Minibatch:  84000  Train accuracy:  65.3935%  Train Loss:  1.097229   |   Test accuracy:  59.7708%  Test Loss:  1.215243
Minibatch:  85000  Train accuracy:  65.2153%  Train Loss:  1.098518   |   Test accuracy:  60.6458%  Test Loss:  1.219224
Minibatch:  86000  Train accuracy:  65.2778%  Train Loss:  1.093474   |   Test accuracy:  60.2917%  Test Loss:  1.210724
Minibatch:  87000  Train accuracy:  65.3704%  Train Loss:  1.089344   |   Test accuracy:  60.6875%  Test Loss:  1.208359
Minibatch:  88000  Train accuracy:  65.2454%  Train Loss:  1.084373   |   Test accuracy:  60.2917%  Test Loss:  1.211572
Minibatch:  89000  Train accuracy:  65.5347%  Train Loss:  1.082487   |   Test accuracy:  60.4375%  Test Loss:  1.203703
Minibatch:  90000  Train accuracy:  65.5440%  Train Loss:  1.080480   |   Test accuracy:  60.3750%  Test Loss:  1.201261
Minibatch:  91000  Train accuracy:  65.4653%  Train Loss:  1.077746   |   Test accuracy:  60.1042%  Test Loss:  1.198020
Minibatch:  92000  Train accuracy:  65.4769%  Train Loss:  1.073409   |   Test accuracy:  60.3750%  Test Loss:  1.198735
Minibatch:  93000  Train accuracy:  65.4282%  Train Loss:  1.070326   |   Test accuracy:  60.6667%  Test Loss:  1.197368
Minibatch:  94000  Train accuracy:  65.4051%  Train Loss:  1.068979   |   Test accuracy:  59.7500%  Test Loss:  1.197811
Minibatch:  95000  Train accuracy:  65.6481%  Train Loss:  1.066909   |   Test accuracy:  60.2917%  Test Loss:  1.183518
Minibatch:  96000  Train accuracy:  65.6019%  Train Loss:  1.061805   |   Test accuracy:  60.3542%  Test Loss:  1.188826
Minibatch:  97000  Train accuracy:  65.5046%  Train Loss:  1.056850   |   Test accuracy:  60.1875%  Test Loss:  1.180252
Minibatch:  98000  Train accuracy:  65.7315%  Train Loss:  1.059688   |   Test accuracy:  60.3125%  Test Loss:  1.190070
Minibatch:  99000  Train accuracy:  65.6667%  Train Loss:  1.052560   |   Test accuracy:  60.5000%  Test Loss:  1.184064
Minibatch:  100000  Train accuracy:  65.6505%  Train Loss:  1.052168   |   Test accuracy:  59.7917%  Test Loss:  1.183211
Minibatch:  101000  Train accuracy:  65.8611%  Train Loss:  1.050560   |   Test accuracy:  60.1250%  Test Loss:  1.185277
Minibatch:  102000  Train accuracy:  65.7130%  Train Loss:  1.045602   |   Test accuracy:  60.3333%  Test Loss:  1.173343
Minibatch:  103000  Train accuracy:  65.8819%  Train Loss:  1.042626   |   Test accuracy:  60.4583%  Test Loss:  1.169687
Minibatch:  104000  Train accuracy:  65.7431%  Train Loss:  1.041941   |   Test accuracy:  60.3542%  Test Loss:  1.169454
Minibatch:  105000  Train accuracy:  65.8403%  Train Loss:  1.039639   |   Test accuracy:  60.4583%  Test Loss:  1.174839
Minibatch:  106000  Train accuracy:  65.9236%  Train Loss:  1.035146   |   Test accuracy:  61.3333%  Test Loss:  1.169222
Minibatch:  107000  Train accuracy:  65.8310%  Train Loss:  1.034879   |   Test accuracy:  60.0000%  Test Loss:  1.176154
Minibatch:  108000  Train accuracy:  65.7037%  Train Loss:  1.032222   |   Test accuracy:  60.4583%  Test Loss:  1.162469
Minibatch:  109000  Train accuracy:  65.9120%  Train Loss:  1.032059   |   Test accuracy:  60.0000%  Test Loss:  1.158356
Minibatch:  110000  Train accuracy:  65.9907%  Train Loss:  1.028972   |   Test accuracy:  60.0625%  Test Loss:  1.164578
Minibatch:  111000  Train accuracy:  66.1366%  Train Loss:  1.025938   |   Test accuracy:  60.1042%  Test Loss:  1.156598
Minibatch:  112000  Train accuracy:  65.8819%  Train Loss:  1.022753   |   Test accuracy:  60.3750%  Test Loss:  1.156222
Minibatch:  113000  Train accuracy:  65.9120%  Train Loss:  1.021461   |   Test accuracy:  60.2500%  Test Loss:  1.159901
Minibatch:  114000  Train accuracy:  66.0509%  Train Loss:  1.017164   |   Test accuracy:  60.6875%  Test Loss:  1.154161
Minibatch:  115000  Train accuracy:  66.0000%  Train Loss:  1.021828   |   Test accuracy:  60.9583%  Test Loss:  1.157035
Minibatch:  116000  Train accuracy:  66.0741%  Train Loss:  1.015561   |   Test accuracy:  60.4167%  Test Loss:  1.150554
Minibatch:  117000  Train accuracy:  66.1829%  Train Loss:  1.012990   |   Test accuracy:  61.0208%  Test Loss:  1.156841
Minibatch:  118000  Train accuracy:  66.1065%  Train Loss:  1.009504   |   Test accuracy:  60.6875%  Test Loss:  1.151090
Minibatch:  119000  Train accuracy:  66.1412%  Train Loss:  1.011276   |   Test accuracy:  60.0833%  Test Loss:  1.166826
Minibatch:  120000  Train accuracy:  66.3102%  Train Loss:  1.008040   |   Test accuracy:  60.1250%  Test Loss:  1.146276
Minibatch:  121000  Train accuracy:  66.3912%  Train Loss:  1.006465   |   Test accuracy:  60.4375%  Test Loss:  1.151642
Minibatch:  122000  Train accuracy:  66.0718%  Train Loss:  1.003115   |   Test accuracy:  59.8750%  Test Loss:  1.153438
Minibatch:  123000  Train accuracy:  66.3750%  Train Loss:  0.998497   |   Test accuracy:  60.1875%  Test Loss:  1.150195
Minibatch:  124000  Train accuracy:  66.4699%  Train Loss:  1.000981   |   Test accuracy:  60.2292%  Test Loss:  1.142902
Minibatch:  125000  Train accuracy:  66.6065%  Train Loss:  0.999407   |   Test accuracy:  60.1042%  Test Loss:  1.159583
Minibatch:  126000  Train accuracy:  66.5255%  Train Loss:  0.995789   |   Test accuracy:  60.0625%  Test Loss:  1.152990
Minibatch:  127000  Train accuracy:  66.3958%  Train Loss:  0.993173   |   Test accuracy:  60.4375%  Test Loss:  1.150175
Minibatch:  128000  Train accuracy:  66.4097%  Train Loss:  0.992146   |   Test accuracy:  60.6250%  Test Loss:  1.151114
Minibatch:  129000  Train accuracy:  66.6042%  Train Loss:  0.991535   |   Test accuracy:  59.9167%  Test Loss:  1.155913
Minibatch:  130000  Train accuracy:  66.6782%  Train Loss:  0.989864   |   Test accuracy:  60.1667%  Test Loss:  1.135266
Minibatch:  131000  Train accuracy:  66.5949%  Train Loss:  0.989025   |   Test accuracy:  60.3958%  Test Loss:  1.152102
Minibatch:  132000  Train accuracy:  66.6597%  Train Loss:  0.987548   |   Test accuracy:  60.6250%  Test Loss:  1.140622
Minibatch:  133000  Train accuracy:  66.5139%  Train Loss:  0.982464   |   Test accuracy:  60.2083%  Test Loss:  1.150712
Minibatch:  134000  Train accuracy:  66.6296%  Train Loss:  0.982645   |   Test accuracy:  60.2917%  Test Loss:  1.142558
Minibatch:  135000  Train accuracy:  66.4074%  Train Loss:  0.983638   |   Test accuracy:  60.1042%  Test Loss:  1.143876
Minibatch:  136000  Train accuracy:  66.7569%  Train Loss:  0.978850   |   Test accuracy:  60.2500%  Test Loss:  1.135880
Minibatch:  137000  Train accuracy:  66.6829%  Train Loss:  0.980139   |   Test accuracy:  60.2917%  Test Loss:  1.148536
Minibatch:  138000  Train accuracy:  66.7894%  Train Loss:  0.977017   |   Test accuracy:  59.8333%  Test Loss:  1.143496
Minibatch:  139000  Train accuracy:  66.7685%  Train Loss:  0.975219   |   Test accuracy:  60.5000%  Test Loss:  1.140199
Minibatch:  140000  Train accuracy:  66.7963%  Train Loss:  0.973850   |   Test accuracy:  60.9167%  Test Loss:  1.136747
Minibatch:  141000  Train accuracy:  66.8333%  Train Loss:  0.972797   |   Test accuracy:  59.8750%  Test Loss:  1.148572
Minibatch:  142000  Train accuracy:  66.9606%  Train Loss:  0.973916   |   Test accuracy:  60.6250%  Test Loss:  1.135200
Minibatch:  143000  Train accuracy:  66.8611%  Train Loss:  0.969623   |   Test accuracy:  60.2500%  Test Loss:  1.143820
Minibatch:  144000  Train accuracy:  66.8472%  Train Loss:  0.968611   |   Test accuracy:  60.1667%  Test Loss:  1.139212
Minibatch:  145000  Train accuracy:  67.0509%  Train Loss:  0.965420   |   Test accuracy:  60.2292%  Test Loss:  1.152137
Minibatch:  146000  Train accuracy:  66.9421%  Train Loss:  0.966515   |   Test accuracy:  59.6458%  Test Loss:  1.143929
Minibatch:  147000  Train accuracy:  67.0139%  Train Loss:  0.964944   |   Test accuracy:  60.6667%  Test Loss:  1.139820
Minibatch:  148000  Train accuracy:  66.8704%  Train Loss:  0.963227   |   Test accuracy:  60.2292%  Test Loss:  1.131964
Minibatch:  149000  Train accuracy:  67.0532%  Train Loss:  0.961865   |   Test accuracy:  60.2500%  Test Loss:  1.138467
Minibatch:  150000  Train accuracy:  67.0324%  Train Loss:  0.961194   |   Test accuracy:  60.4375%  Test Loss:  1.153829
Minibatch:  151000  Train accuracy:  67.0532%  Train Loss:  0.958960   |   Test accuracy:  60.0625%  Test Loss:  1.135744
Minibatch:  152000  Train accuracy:  67.0787%  Train Loss:  0.957034   |   Test accuracy:  60.0000%  Test Loss:  1.138488
Minibatch:  153000  Train accuracy:  67.0856%  Train Loss:  0.956685   |   Test accuracy:  60.6042%  Test Loss:  1.134435
Minibatch:  154000  Train accuracy:  67.0579%  Train Loss:  0.957484   |   Test accuracy:  60.0417%  Test Loss:  1.145679
Minibatch:  155000  Train accuracy:  66.9398%  Train Loss:  0.958947   |   Test accuracy:  60.1875%  Test Loss:  1.147953
Minibatch:  156000  Train accuracy:  67.0046%  Train Loss:  0.953745   |   Test accuracy:  60.6042%  Test Loss:  1.133686
Minibatch:  157000  Train accuracy:  67.1551%  Train Loss:  0.953298   |   Test accuracy:  60.1250%  Test Loss:  1.143191
Minibatch:  158000  Train accuracy:  67.1481%  Train Loss:  0.951758   |   Test accuracy:  60.2083%  Test Loss:  1.136608
Minibatch:  159000  Train accuracy:  67.1991%  Train Loss:  0.952569   |   Test accuracy:  60.8542%  Test Loss:  1.123046
Minibatch:  160000  Train accuracy:  67.4120%  Train Loss:  0.948620   |   Test accuracy:  59.5000%  Test Loss:  1.140022
Minibatch:  161000  Train accuracy:  67.1088%  Train Loss:  0.947820   |   Test accuracy:  59.9583%  Test Loss:  1.137753
Minibatch:  162000  Train accuracy:  67.3009%  Train Loss:  0.950128   |   Test accuracy:  60.2083%  Test Loss:  1.140818
Minibatch:  163000  Train accuracy:  67.1574%  Train Loss:  0.946470   |   Test accuracy:  60.5625%  Test Loss:  1.140912
Minibatch:  164000  Train accuracy:  67.3102%  Train Loss:  0.948291   |   Test accuracy:  59.4167%  Test Loss:  1.137939
Minibatch:  165000  Train accuracy:  67.2361%  Train Loss:  0.943624   |   Test accuracy:  60.3958%  Test Loss:  1.139113
Minibatch:  166000  Train accuracy:  67.5417%  Train Loss:  0.944394   |   Test accuracy:  60.0625%  Test Loss:  1.126680
Minibatch:  167000  Train accuracy:  67.4282%  Train Loss:  0.941948   |   Test accuracy:  60.4583%  Test Loss:  1.137154
Minibatch:  168000  Train accuracy:  67.3634%  Train Loss:  0.940411   |   Test accuracy:  60.1250%  Test Loss:  1.137186
Minibatch:  169000  Train accuracy:  67.3032%  Train Loss:  0.937393   |   Test accuracy:  60.1667%  Test Loss:  1.141523
Minibatch:  170000  Train accuracy:  67.3356%  Train Loss:  0.939504   |   Test accuracy:  60.2500%  Test Loss:  1.128647
Minibatch:  171000  Train accuracy:  67.5069%  Train Loss:  0.938091   |   Test accuracy:  60.0417%  Test Loss:  1.143193
Minibatch:  172000  Train accuracy:  67.4769%  Train Loss:  0.939192   |   Test accuracy:  59.9583%  Test Loss:  1.139103
Minibatch:  173000  Train accuracy:  67.4051%  Train Loss:  0.940706   |   Test accuracy:  60.2292%  Test Loss:  1.147544
Minibatch:  174000  Train accuracy:  67.6250%  Train Loss:  0.935371   |   Test accuracy:  60.2083%  Test Loss:  1.136021
Minibatch:  175000  Train accuracy:  67.4954%  Train Loss:  0.936892   |   Test accuracy:  60.4167%  Test Loss:  1.132149
Minibatch:  176000  Train accuracy:  67.5648%  Train Loss:  0.934346   |   Test accuracy:  60.0833%  Test Loss:  1.128904
Minibatch:  177000  Train accuracy:  67.3542%  Train Loss:  0.935655   |   Test accuracy:  59.6042%  Test Loss:  1.141609
Minibatch:  178000  Train accuracy:  67.7222%  Train Loss:  0.933787   |   Test accuracy:  59.6042%  Test Loss:  1.138944
Minibatch:  179000  Train accuracy:  67.4977%  Train Loss:  0.928983   |   Test accuracy:  60.2917%  Test Loss:  1.132245
Minibatch:  180000  Train accuracy:  67.5463%  Train Loss:  0.932351   |   Test accuracy:  59.7917%  Test Loss:  1.140984
Minibatch:  181000  Train accuracy:  67.6250%  Train Loss:  0.929941   |   Test accuracy:  59.8125%  Test Loss:  1.132902
Minibatch:  182000  Train accuracy:  67.4931%  Train Loss:  0.930609   |   Test accuracy:  59.7292%  Test Loss:  1.141241
Minibatch:  183000  Train accuracy:  67.6412%  Train Loss:  0.925568   |   Test accuracy:  60.1250%  Test Loss:  1.124830
Minibatch:  184000  Train accuracy:  67.5556%  Train Loss:  0.927533   |   Test accuracy:  60.3958%  Test Loss:  1.137841
Minibatch:  185000  Train accuracy:  67.6829%  Train Loss:  0.927053   |   Test accuracy:  59.9792%  Test Loss:  1.141321
Minibatch:  186000  Train accuracy:  67.4954%  Train Loss:  0.923271   |   Test accuracy:  59.8333%  Test Loss:  1.142234
Minibatch:  187000  Train accuracy:  67.8542%  Train Loss:  0.922581   |   Test accuracy:  59.8125%  Test Loss:  1.141606
Minibatch:  188000  Train accuracy:  67.7407%  Train Loss:  0.924594   |   Test accuracy:  59.7083%  Test Loss:  1.132319
Minibatch:  189000  Train accuracy:  67.6273%  Train Loss:  0.927951   |   Test accuracy:  59.0625%  Test Loss:  1.141007
Minibatch:  190000  Train accuracy:  67.7523%  Train Loss:  0.923372   |   Test accuracy:  59.8125%  Test Loss:  1.139589
Minibatch:  191000  Train accuracy:  67.8426%  Train Loss:  0.923451   |   Test accuracy:  60.5625%  Test Loss:  1.142172
Minibatch:  192000  Train accuracy:  67.6690%  Train Loss:  0.921379   |   Test accuracy:  59.6667%  Test Loss:  1.140859
Minibatch:  193000  Train accuracy:  67.7940%  Train Loss:  0.919031   |   Test accuracy:  60.4792%  Test Loss:  1.141056
Minibatch:  194000  Train accuracy:  67.8935%  Train Loss:  0.919674   |   Test accuracy:  59.7917%  Test Loss:  1.142674
Minibatch:  195000  Train accuracy:  67.8125%  Train Loss:  0.919055   |   Test accuracy:  60.1250%  Test Loss:  1.142505
Minibatch:  196000  Train accuracy:  67.7917%  Train Loss:  0.917558   |   Test accuracy:  60.2083%  Test Loss:  1.151310
Minibatch:  197000  Train accuracy:  67.8843%  Train Loss:  0.917400   |   Test accuracy:  59.4583%  Test Loss:  1.127986
Minibatch:  198000  Train accuracy:  67.8912%  Train Loss:  0.913356   |   Test accuracy:  59.7500%  Test Loss:  1.141269
Minibatch:  199000  Train accuracy:  67.9074%  Train Loss:  0.916471   |   Test accuracy:  59.9167%  Test Loss:  1.138625
